<?xml version="1.0" encoding="utf-8"?>
<TestRun id="a44d5ebc-111d-4e13-b305-0584b6bbb4f8" name="@runnervmymu0l 2026-01-27 18:55:19" xmlns="http://microsoft.com/schemas/VisualStudio/TeamTest/2010">
  <Times creation="2026-01-27T18:55:19.9842975+00:00" queuing="2026-01-27T18:55:19.9842976+00:00" start="2026-01-27T18:55:16.7208347+00:00" finish="2026-01-27T18:55:20.1647717+00:00" />
  <TestSettings name="default" id="04364e76-3cc0-4b56-b5c4-405785d18f08">
    <Deployment runDeploymentRoot="_runnervmymu0l_2026-01-27_18_55_19" />
  </TestSettings>
  <Results>
    <UnitTestResult executionId="448af653-1f2e-41ab-be2a-f26738e9961e" testId="1dc4e6c7-9c88-8e68-8e74-074c10ea9003" testName="SpdxExternalReference_Enhance_AddsOrUpdatesInformationCorrectly" computerName="runnervmymu0l" duration="00:00:00.0016127" startTime="2026-01-27T18:55:20.0022580+00:00" endTime="2026-01-27T18:55:20.0039389+00:00" testType="13cdc9d9-ddb5-4fa4-a97d-d965ccfc6d4b" outcome="Passed" testListId="8c84fa94-04c1-424b-9868-57a2d4851a1d" relativeResultsDirectory="448af653-1f2e-41ab-be2a-f26738e9961e" />
    <UnitTestResult executionId="6528569b-c2e5-4a41-8966-227f159951df" testId="1e30e3dc-e924-8d67-bbcf-6d7d295f3854" testName="Spdx2JsonDeserializer_DeserializeRelationship_CorrectResults" computerName="runnervmymu0l" duration="00:00:00.0003281" startTime="2026-01-27T18:55:20.0718806+00:00" endTime="2026-01-27T18:55:20.0722748+00:00" testType="13cdc9d9-ddb5-4fa4-a97d-d965ccfc6d4b" outcome="Passed" testListId="8c84fa94-04c1-424b-9868-57a2d4851a1d" relativeResultsDirectory="6528569b-c2e5-4a41-8966-227f159951df" />
    <UnitTestResult executionId="986bb93e-ee72-41ec-93d8-cf44f0e424ea" testId="114bdd66-dfab-834e-a8a8-372ccdcd76b3" testName="SpdxPackage_Validate_BadValidUntilDate" computerName="runnervmymu0l" duration="00:00:00.0001228" startTime="2026-01-27T18:55:20.0143232+00:00" endTime="2026-01-27T18:55:20.0144873+00:00" testType="13cdc9d9-ddb5-4fa4-a97d-d965ccfc6d4b" outcome="Passed" testListId="8c84fa94-04c1-424b-9868-57a2d4851a1d" relativeResultsDirectory="986bb93e-ee72-41ec-93d8-cf44f0e424ea" />
    <UnitTestResult executionId="26eac070-2af8-4418-bd7b-25fbe07db3f4" testId="11eb57ee-f89b-8268-b3f9-13469d8ec03c" testName="SpdxAnnotationTypeExtensions_ToText_Valid" computerName="runnervmymu0l" duration="00:00:00.0003185" startTime="2026-01-27T18:55:19.9324989+00:00" endTime="2026-01-27T18:55:19.9328883+00:00" testType="13cdc9d9-ddb5-4fa4-a97d-d965ccfc6d4b" outcome="Passed" testListId="8c84fa94-04c1-424b-9868-57a2d4851a1d" relativeResultsDirectory="26eac070-2af8-4418-bd7b-25fbe07db3f4" />
    <UnitTestResult executionId="8a74ea81-8948-4769-a341-df9a3e8e78f5" testId="1d0142e9-2eb9-8de1-af4e-86429e6dc7c9" testName="Spdx2JsonSerializer_SerializeFile_CorrectResults" computerName="runnervmymu0l" duration="00:00:00.0053343" startTime="2026-01-27T18:55:20.0841893+00:00" endTime="2026-01-27T18:55:20.0895829+00:00" testType="13cdc9d9-ddb5-4fa4-a97d-d965ccfc6d4b" outcome="Passed" testListId="8c84fa94-04c1-424b-9868-57a2d4851a1d" relativeResultsDirectory="8a74ea81-8948-4769-a341-df9a3e8e78f5" />
    <UnitTestResult executionId="a0e56fd2-9e22-4835-a11b-e260e4220f3e" testId="1968b6dd-4d3c-8a6d-a281-3d13d30d8e9c" testName="Spdx2JsonDeserializer_DeserializeRelationships_CorrectResults" computerName="runnervmymu0l" duration="00:00:00.0007111" startTime="2026-01-27T18:55:20.0723021+00:00" endTime="2026-01-27T18:55:20.0730473+00:00" testType="13cdc9d9-ddb5-4fa4-a97d-d965ccfc6d4b" outcome="Passed" testListId="8c84fa94-04c1-424b-9868-57a2d4851a1d" relativeResultsDirectory="a0e56fd2-9e22-4835-a11b-e260e4220f3e" />
    <UnitTestResult executionId="60b08fc2-ebb6-4e20-b97a-3141a4adccec" testId="134c8c22-c8ad-8086-b6a3-ee968aeae32e" testName="SpdxFileTypeExtensions_ToText_Invalid" computerName="runnervmymu0l" duration="00:00:00.0009558" startTime="2026-01-27T18:55:20.0104919+00:00" endTime="2026-01-27T18:55:20.0115153+00:00" testType="13cdc9d9-ddb5-4fa4-a97d-d965ccfc6d4b" outcome="Passed" testListId="8c84fa94-04c1-424b-9868-57a2d4851a1d" relativeResultsDirectory="60b08fc2-ebb6-4e20-b97a-3141a4adccec" />
    <UnitTestResult executionId="bfd04dcc-9dd5-4250-b666-b96e1b9f10a0" testId="19d99d11-5355-891d-9209-36a6cf9e0ef1" testName="SpdxRelationships_AddMultiple_Replace" computerName="runnervmymu0l" duration="00:00:00.0015930" startTime="2026-01-27T18:55:20.0236477+00:00" endTime="2026-01-27T18:55:20.0252914+00:00" testType="13cdc9d9-ddb5-4fa4-a97d-d965ccfc6d4b" outcome="Passed" testListId="8c84fa94-04c1-424b-9868-57a2d4851a1d" relativeResultsDirectory="bfd04dcc-9dd5-4250-b666-b96e1b9f10a0" />
    <UnitTestResult executionId="c6e46098-6120-4f24-8926-09a6fdf6eb6e" testId="18386e70-22e1-848b-a0aa-e7425cbd321e" testName="SpdxAnnotation_SameComparer_ComparesCorrectly" computerName="runnervmymu0l" duration="00:00:00.0087000" startTime="2026-01-27T18:55:19.8214033+00:00" endTime="2026-01-27T18:55:19.8489980+00:00" testType="13cdc9d9-ddb5-4fa4-a97d-d965ccfc6d4b" outcome="Passed" testListId="8c84fa94-04c1-424b-9868-57a2d4851a1d" relativeResultsDirectory="c6e46098-6120-4f24-8926-09a6fdf6eb6e" />
    <UnitTestResult executionId="5ba9f39f-94b6-4df0-aa97-764f7343b178" testId="14ce9e75-e911-864d-b51d-eeccda8e77b4" testName="SpdxPackage_Validate_MissingDownload" computerName="runnervmymu0l" duration="00:00:00.0002218" startTime="2026-01-27T18:55:20.0129941+00:00" endTime="2026-01-27T18:55:20.0132538+00:00" testType="13cdc9d9-ddb5-4fa4-a97d-d965ccfc6d4b" outcome="Passed" testListId="8c84fa94-04c1-424b-9868-57a2d4851a1d" relativeResultsDirectory="5ba9f39f-94b6-4df0-aa97-764f7343b178" />
    <UnitTestResult executionId="2694c8eb-5459-470e-91c9-46b7642fa771" testId="173cc7a4-f96d-8319-a9ef-fa83b947a03f" testName="SpdxRelationships_AddSingle_BadRelatedElement" computerName="runnervmymu0l" duration="00:00:00.0013342" startTime="2026-01-27T18:55:20.0216577+00:00" endTime="2026-01-27T18:55:20.0230350+00:00" testType="13cdc9d9-ddb5-4fa4-a97d-d965ccfc6d4b" outcome="Passed" testListId="8c84fa94-04c1-424b-9868-57a2d4851a1d" relativeResultsDirectory="2694c8eb-5459-470e-91c9-46b7642fa771" />
    <UnitTestResult executionId="7ed57cf0-32e5-41ab-bc78-8e11535da0ec" testId="1c168fe9-08d0-8ef7-8845-bd0b07ce4b82" testName="SpdxDocument_Validate_DuplicatePackageIds" computerName="runnervmymu0l" duration="00:00:00.0003265" startTime="2026-01-27T18:55:19.9962395+00:00" endTime="2026-01-27T18:55:19.9966117+00:00" testType="13cdc9d9-ddb5-4fa4-a97d-d965ccfc6d4b" outcome="Passed" testListId="8c84fa94-04c1-424b-9868-57a2d4851a1d" relativeResultsDirectory="7ed57cf0-32e5-41ab-bc78-8e11535da0ec" />
    <UnitTestResult executionId="607e9202-1445-46f0-9e24-11bc95daa91a" testId="184356fa-a833-80bc-ba1d-97aff43d7efc" testName="Spdx2JsonDeserializer_DeserializeExternalDocumentReferences_CorrectResults" computerName="runnervmymu0l" duration="00:00:00.0004653" startTime="2026-01-27T18:55:20.0336123+00:00" endTime="2026-01-27T18:55:20.0341285+00:00" testType="13cdc9d9-ddb5-4fa4-a97d-d965ccfc6d4b" outcome="Passed" testListId="8c84fa94-04c1-424b-9868-57a2d4851a1d" relativeResultsDirectory="607e9202-1445-46f0-9e24-11bc95daa91a" />
    <UnitTestResult executionId="8943f920-f50f-4aae-8add-8655bf4e247a" testId="1eef42e5-5d10-8bdf-832f-158b57cf79ec" testName="SpdxExternalReference_SameComparer_ComparesCorrectly" computerName="runnervmymu0l" duration="00:00:00.0023574" startTime="2026-01-27T18:55:20.0008062+00:00" endTime="2026-01-27T18:55:20.0032456+00:00" testType="13cdc9d9-ddb5-4fa4-a97d-d965ccfc6d4b" outcome="Passed" testListId="8c84fa94-04c1-424b-9868-57a2d4851a1d" relativeResultsDirectory="8943f920-f50f-4aae-8add-8655bf4e247a" />
    <UnitTestResult executionId="163e20b5-24d8-4ac7-a7f7-bfd6b410cbf4" testId="14010347-b5e6-897e-b63d-64418be183de" testName="SpdxRelationship_SameElementsComparer_ComparesCorrectly" computerName="runnervmymu0l" duration="00:00:00.0008171" startTime="2026-01-27T18:55:20.0164809+00:00" endTime="2026-01-27T18:55:20.0173530+00:00" testType="13cdc9d9-ddb5-4fa4-a97d-d965ccfc6d4b" outcome="Passed" testListId="8c84fa94-04c1-424b-9868-57a2d4851a1d" relativeResultsDirectory="163e20b5-24d8-4ac7-a7f7-bfd6b410cbf4" />
    <UnitTestResult executionId="63b0952a-d57e-4aa3-b8c2-58e5fb124cb2" testId="16e19c81-3b7e-8184-94f9-59f35f711588" testName="SpdxCreationInformation_Validate_BadCreator" computerName="runnervmymu0l" duration="00:00:00.0015894" startTime="2026-01-27T18:55:19.9402333+00:00" endTime="2026-01-27T18:55:19.9418743+00:00" testType="13cdc9d9-ddb5-4fa4-a97d-d965ccfc6d4b" outcome="Passed" testListId="8c84fa94-04c1-424b-9868-57a2d4851a1d" relativeResultsDirectory="63b0952a-d57e-4aa3-b8c2-58e5fb124cb2" />
    <UnitTestResult executionId="4ba4d105-7b8c-44b7-9380-c92e0d0e84aa" testId="152d338c-8ebb-8ffb-80b5-aff363cc98b7" testName="SpdxDocument_Validate_BadId" computerName="runnervmymu0l" duration="00:00:00.0452913" startTime="2026-01-27T18:55:19.9499624+00:00" endTime="2026-01-27T18:55:19.9953205+00:00" testType="13cdc9d9-ddb5-4fa4-a97d-d965ccfc6d4b" outcome="Passed" testListId="8c84fa94-04c1-424b-9868-57a2d4851a1d" relativeResultsDirectory="4ba4d105-7b8c-44b7-9380-c92e0d0e84aa" />
    <UnitTestResult executionId="35488e7c-fe6a-4aaa-a375-2f54f47494aa" testId="1d818753-7402-8d8e-8256-745080d4cb3b" testName="SpdxSnippet_Validate_ReportsInvalidSnippetId" computerName="runnervmymu0l" duration="00:00:00.0005907" startTime="2026-01-27T18:55:20.0210932+00:00" endTime="2026-01-27T18:55:20.0217539+00:00" testType="13cdc9d9-ddb5-4fa4-a97d-d965ccfc6d4b" outcome="Passed" testListId="8c84fa94-04c1-424b-9868-57a2d4851a1d" relativeResultsDirectory="35488e7c-fe6a-4aaa-a375-2f54f47494aa" />
    <UnitTestResult executionId="984a1935-faae-4718-b0aa-f6a7d7a33bc3" testId="1ac27a71-a3b1-8428-bcae-ec23351bc444" testName="SpdxPackage_SameComparer_ComparesCorrectly" computerName="runnervmymu0l" duration="00:00:00.0005187" startTime="2026-01-27T18:55:20.0108045+00:00" endTime="2026-01-27T18:55:20.0114182+00:00" testType="13cdc9d9-ddb5-4fa4-a97d-d965ccfc6d4b" outcome="Passed" testListId="8c84fa94-04c1-424b-9868-57a2d4851a1d" relativeResultsDirectory="984a1935-faae-4718-b0aa-f6a7d7a33bc3" />
    <UnitTestResult executionId="1f126289-a2c5-4afd-b5a3-2a79a8ce63a5" testId="1f766075-d591-83be-b941-e27367fa2241" testName="SpdxPackage_Validate_InvalidPackageId" computerName="runnervmymu0l" duration="00:00:00.0002098" startTime="2026-01-27T18:55:20.0129769+00:00" endTime="2026-01-27T18:55:20.0132351+00:00" testType="13cdc9d9-ddb5-4fa4-a97d-d965ccfc6d4b" outcome="Passed" testListId="8c84fa94-04c1-424b-9868-57a2d4851a1d" relativeResultsDirectory="1f126289-a2c5-4afd-b5a3-2a79a8ce63a5" />
    <UnitTestResult executionId="53b17a17-bf4a-48a4-b998-f9a4ec51c6ee" testId="18080d71-1168-86da-9881-aba8a5c9c1d7" testName="SpdxRelationships_AddSingle_BadId" computerName="runnervmymu0l" duration="00:00:00.0013285" startTime="2026-01-27T18:55:20.0215365+00:00" endTime="2026-01-27T18:55:20.0229502+00:00" testType="13cdc9d9-ddb5-4fa4-a97d-d965ccfc6d4b" outcome="Passed" testListId="8c84fa94-04c1-424b-9868-57a2d4851a1d" relativeResultsDirectory="53b17a17-bf4a-48a4-b998-f9a4ec51c6ee" />
    <UnitTestResult executionId="97ce09a5-a9eb-49e3-90e2-f609d489db4c" testId="104bbf62-8947-8078-a291-43ea2c662031" testName="SpdxPackage_Validate_Success" computerName="runnervmymu0l" duration="00:00:00.0001629" startTime="2026-01-27T18:55:20.0127305+00:00" endTime="2026-01-27T18:55:20.0129498+00:00" testType="13cdc9d9-ddb5-4fa4-a97d-d965ccfc6d4b" outcome="Passed" testListId="8c84fa94-04c1-424b-9868-57a2d4851a1d" relativeResultsDirectory="97ce09a5-a9eb-49e3-90e2-f609d489db4c" />
    <UnitTestResult executionId="f06e32c5-f23f-447a-b259-f1fdcf0294f7" testId="11022232-9db5-84c6-b4e3-33b5b5026714" testName="SpdxDocument_Validate_BadNameSpace" computerName="runnervmymu0l" duration="00:00:00.0038718" startTime="2026-01-27T18:55:19.9962172+00:00" endTime="2026-01-27T18:55:20.0001263+00:00" testType="13cdc9d9-ddb5-4fa4-a97d-d965ccfc6d4b" outcome="Passed" testListId="8c84fa94-04c1-424b-9868-57a2d4851a1d" relativeResultsDirectory="f06e32c5-f23f-447a-b259-f1fdcf0294f7" />
    <UnitTestResult executionId="2419435a-d105-4d94-9981-c208b816189a" testId="167f3ec2-f471-89ef-959f-06334117c4aa" testName="SpdxPackage_DeepCopy_CreatesEqualButDistinctInstance" computerName="runnervmymu0l" duration="00:00:00.0014372" startTime="2026-01-27T18:55:20.0109434+00:00" endTime="2026-01-27T18:55:20.0124325+00:00" testType="13cdc9d9-ddb5-4fa4-a97d-d965ccfc6d4b" outcome="Passed" testListId="8c84fa94-04c1-424b-9868-57a2d4851a1d" relativeResultsDirectory="2419435a-d105-4d94-9981-c208b816189a" />
    <UnitTestResult executionId="76515d6d-e6a4-49be-81dc-27581c85af54" testId="19180040-98ff-864e-8ca8-083132c6ba0d" testName="Spdx2JsonSerializer_SerializeAnnotation_CorrectResults" computerName="runnervmymu0l" duration="00:00:00.0011555" startTime="2026-01-27T18:55:20.0739355+00:00" endTime="2026-01-27T18:55:20.0751856+00:00" testType="13cdc9d9-ddb5-4fa4-a97d-d965ccfc6d4b" outcome="Passed" testListId="8c84fa94-04c1-424b-9868-57a2d4851a1d" relativeResultsDirectory="76515d6d-e6a4-49be-81dc-27581c85af54" />
    <UnitTestResult executionId="173fd071-ad64-4bfc-b495-9e2eeb6c194c" testId="12f516fb-5d1f-8a7d-acee-fc842ac80797" testName="Spdx2JsonSerializer_Serialize_CorrectResults" computerName="runnervmymu0l" duration="00:00:00.0093440" startTime="2026-01-27T18:55:20.0773340+00:00" endTime="2026-01-27T18:55:20.0867195+00:00" testType="13cdc9d9-ddb5-4fa4-a97d-d965ccfc6d4b" outcome="Passed" testListId="8c84fa94-04c1-424b-9868-57a2d4851a1d" relativeResultsDirectory="173fd071-ad64-4bfc-b495-9e2eeb6c194c" />
    <UnitTestResult executionId="37166362-ffc9-471c-a13a-07db58a9c7b8" testId="1ffb8f67-ad3d-83a3-84ff-c73781e35c45" testName="SpdxDocument_Validate_BadName" computerName="runnervmymu0l" duration="00:00:00.0428203" startTime="2026-01-27T18:55:19.9524204+00:00" endTime="2026-01-27T18:55:19.9952959+00:00" testType="13cdc9d9-ddb5-4fa4-a97d-d965ccfc6d4b" outcome="Passed" testListId="8c84fa94-04c1-424b-9868-57a2d4851a1d" relativeResultsDirectory="37166362-ffc9-471c-a13a-07db58a9c7b8" />
    <UnitTestResult executionId="c4bd8d7a-e778-43b6-b0cd-5aa53c45f199" testId="1703aa5e-2524-8197-b668-7b3225fa2c0d" testName="Spdx2JsonDeserializer_DeserializeExtractedLicensingInfo_CorrectResults" computerName="runnervmymu0l" duration="00:00:00.0347187" startTime="2026-01-27T18:55:20.0345291+00:00" endTime="2026-01-27T18:55:20.0693576+00:00" testType="13cdc9d9-ddb5-4fa4-a97d-d965ccfc6d4b" outcome="Passed" testListId="8c84fa94-04c1-424b-9868-57a2d4851a1d" relativeResultsDirectory="c4bd8d7a-e778-43b6-b0cd-5aa53c45f199" />
    <UnitTestResult executionId="bd028dca-4cd7-48d0-a238-71c23958ad1a" testId="1c712935-253e-824e-8bd6-9f33402d8f8a" testName="SpdxDocument_Validate_BadVersion" computerName="runnervmymu0l" duration="00:00:00.0276344" startTime="2026-01-27T18:55:19.9676048+00:00" endTime="2026-01-27T18:55:19.9953053+00:00" testType="13cdc9d9-ddb5-4fa4-a97d-d965ccfc6d4b" outcome="Passed" testListId="8c84fa94-04c1-424b-9868-57a2d4851a1d" relativeResultsDirectory="bd028dca-4cd7-48d0-a238-71c23958ad1a" />
    <UnitTestResult executionId="676c873c-b2b8-4fd0-ab27-17627d38d225" testId="1124bff3-a90e-826d-8121-2420315f7c25" testName="SpdxPackageVerificationCode_Validate_BadAnnotator" computerName="runnervmymu0l" duration="00:00:00.0007645" startTime="2026-01-27T18:55:20.0145917+00:00" endTime="2026-01-27T18:55:20.0154067+00:00" testType="13cdc9d9-ddb5-4fa4-a97d-d965ccfc6d4b" outcome="Passed" testListId="8c84fa94-04c1-424b-9868-57a2d4851a1d" relativeResultsDirectory="676c873c-b2b8-4fd0-ab27-17627d38d225" />
    <UnitTestResult executionId="0c09fc61-a246-45d4-8fb5-ba2a610f5108" testId="142938c5-4e2c-88ac-8ac3-d1d6379c6f0a" testName="Spdx2JsonSerializer_SerializeExtractedLicensingInfo_CorrectResults" computerName="runnervmymu0l" duration="00:00:00.0004495" startTime="2026-01-27T18:55:20.0792490+00:00" endTime="2026-01-27T18:55:20.0797738+00:00" testType="13cdc9d9-ddb5-4fa4-a97d-d965ccfc6d4b" outcome="Passed" testListId="8c84fa94-04c1-424b-9868-57a2d4851a1d" relativeResultsDirectory="0c09fc61-a246-45d4-8fb5-ba2a610f5108" />
    <UnitTestResult executionId="4fb452c6-745a-4b24-8eb0-7c752dcd2e59" testId="14b38214-f203-8950-9fa4-f1af686615ef" testName="SpdxAnnotation_DeepCopy_CreatesEqualButDistinctInstance" computerName="runnervmymu0l" duration="00:00:00.0086915" startTime="2026-01-27T18:55:19.8214163+00:00" endTime="2026-01-27T18:55:19.8489940+00:00" testType="13cdc9d9-ddb5-4fa4-a97d-d965ccfc6d4b" outcome="Passed" testListId="8c84fa94-04c1-424b-9868-57a2d4851a1d" relativeResultsDirectory="4fb452c6-745a-4b24-8eb0-7c752dcd2e59" />
    <UnitTestResult executionId="c5d314b3-13e0-4e65-bb0f-fe4a1efe4834" testId="1776d3bd-94bb-8384-b2da-6decfe60d922" testName="SpdxReferenceCategoryExtensions_ToText_Valid" computerName="runnervmymu0l" duration="00:00:00.0007717" startTime="2026-01-27T18:55:20.0047822+00:00" endTime="2026-01-27T18:55:20.0055951+00:00" testType="13cdc9d9-ddb5-4fa4-a97d-d965ccfc6d4b" outcome="Passed" testListId="8c84fa94-04c1-424b-9868-57a2d4851a1d" relativeResultsDirectory="c5d314b3-13e0-4e65-bb0f-fe4a1efe4834" />
    <UnitTestResult executionId="33849f1b-3039-4225-8f42-01b60753ab83" testId="10f36077-d20b-85f2-bb21-176d0c656993" testName="SpdxAnnotationTypeExtensions_FromText_Invalid" computerName="runnervmymu0l" duration="00:00:00.0362740" startTime="2026-01-27T18:55:19.8879342+00:00" endTime="2026-01-27T18:55:19.9242795+00:00" testType="13cdc9d9-ddb5-4fa4-a97d-d965ccfc6d4b" outcome="Passed" testListId="8c84fa94-04c1-424b-9868-57a2d4851a1d" relativeResultsDirectory="33849f1b-3039-4225-8f42-01b60753ab83" />
    <UnitTestResult executionId="cb64517f-de3d-439b-8ae0-6461685da62a" testId="17863307-f32e-8e90-8c2f-210877cb5e0b" testName="SpdxAnnotationTypeExtensions_FromText_Valid" computerName="runnervmymu0l" duration="00:00:00.0003642" startTime="2026-01-27T18:55:19.8876237+00:00" endTime="2026-01-27T18:55:19.8880448+00:00" testType="13cdc9d9-ddb5-4fa4-a97d-d965ccfc6d4b" outcome="Passed" testListId="8c84fa94-04c1-424b-9868-57a2d4851a1d" relativeResultsDirectory="cb64517f-de3d-439b-8ae0-6461685da62a" />
    <UnitTestResult executionId="b09203f2-4a6b-482c-a819-c63a64fd7cf9" testId="14fb3699-f393-87d4-b6af-f5091b9cff80" testName="SpdxAnnotation_Validate_BadType" computerName="runnervmymu0l" duration="00:00:00.0317073" startTime="2026-01-27T18:55:19.8556888+00:00" endTime="2026-01-27T18:55:19.8879153+00:00" testType="13cdc9d9-ddb5-4fa4-a97d-d965ccfc6d4b" outcome="Passed" testListId="8c84fa94-04c1-424b-9868-57a2d4851a1d" relativeResultsDirectory="b09203f2-4a6b-482c-a819-c63a64fd7cf9" />
    <UnitTestResult executionId="8aadbebd-4756-4df7-887f-94f3271271a3" testId="15d9f207-fb6b-8e8c-9a51-879a912616c9" testName="SpdxSnippet_Validate_Success" computerName="runnervmymu0l" duration="00:00:00.0003296" startTime="2026-01-27T18:55:20.0211263+00:00" endTime="2026-01-27T18:55:20.0214964+00:00" testType="13cdc9d9-ddb5-4fa4-a97d-d965ccfc6d4b" outcome="Passed" testListId="8c84fa94-04c1-424b-9868-57a2d4851a1d" relativeResultsDirectory="8aadbebd-4756-4df7-887f-94f3271271a3" />
    <UnitTestResult executionId="1536ac72-aab7-4287-bfeb-2363e62735e6" testId="183281df-c9f2-8041-9ac4-ff684bb99c55" testName="SpdxRelationship_Enhance_AddsOrUpdatesInformationCorrectly" computerName="runnervmymu0l" duration="00:00:00.0023052" startTime="2026-01-27T18:55:20.0166004+00:00" endTime="2026-01-27T18:55:20.0189612+00:00" testType="13cdc9d9-ddb5-4fa4-a97d-d965ccfc6d4b" outcome="Passed" testListId="8c84fa94-04c1-424b-9868-57a2d4851a1d" relativeResultsDirectory="1536ac72-aab7-4287-bfeb-2363e62735e6" />
    <UnitTestResult executionId="2bd65840-9910-4a9b-b56e-772ec086acf9" testId="165ae2e3-2167-83c0-925e-3a9e4850948c" testName="SpdxRelationshipTypeExtensions_FromText_Invalid" computerName="runnervmymu0l" duration="00:00:00.0006111" startTime="2026-01-27T18:55:20.0186101+00:00" endTime="2026-01-27T18:55:20.0192606+00:00" testType="13cdc9d9-ddb5-4fa4-a97d-d965ccfc6d4b" outcome="Passed" testListId="8c84fa94-04c1-424b-9868-57a2d4851a1d" relativeResultsDirectory="2bd65840-9910-4a9b-b56e-772ec086acf9" />
    <UnitTestResult executionId="9427e603-7c54-459b-994f-a16f29328433" testId="17e9314e-4603-8dad-b4ad-58fadfbcaaf4" testName="SpdxDocument_GetAllElements_Correct" computerName="runnervmymu0l" duration="00:00:00.0028054" startTime="2026-01-27T18:55:19.9966939+00:00" endTime="2026-01-27T18:55:19.9995468+00:00" testType="13cdc9d9-ddb5-4fa4-a97d-d965ccfc6d4b" outcome="Passed" testListId="8c84fa94-04c1-424b-9868-57a2d4851a1d" relativeResultsDirectory="9427e603-7c54-459b-994f-a16f29328433" />
    <UnitTestResult executionId="4cfdf95e-e6e1-4aa7-892a-afd80e8ecc94" testId="1a079fcb-8eff-86b2-a714-6b4633431050" testName="Spdx2JsonDeserializer_DeserializeChecksum_CorrectResults" computerName="runnervmymu0l" duration="00:00:00.0002422" startTime="2026-01-27T18:55:20.0313690+00:00" endTime="2026-01-27T18:55:20.0316901+00:00" testType="13cdc9d9-ddb5-4fa4-a97d-d965ccfc6d4b" outcome="Passed" testListId="8c84fa94-04c1-424b-9868-57a2d4851a1d" relativeResultsDirectory="4cfdf95e-e6e1-4aa7-892a-afd80e8ecc94" />
    <UnitTestResult executionId="1e57235c-caef-48ff-96f3-97b1f4efe13c" testId="1efcc640-8ee9-85ea-8e4f-31e58918e56a" testName="SpdxCreationInformation_Validate_BadVersion" computerName="runnervmymu0l" duration="00:00:00.0085051" startTime="2026-01-27T18:55:19.9413510+00:00" endTime="2026-01-27T18:55:19.9499241+00:00" testType="13cdc9d9-ddb5-4fa4-a97d-d965ccfc6d4b" outcome="Passed" testListId="8c84fa94-04c1-424b-9868-57a2d4851a1d" relativeResultsDirectory="1e57235c-caef-48ff-96f3-97b1f4efe13c" />
    <UnitTestResult executionId="143a2478-2e14-4268-9af9-3cb9d06b97d8" testId="1ff07024-c7b4-82bc-991e-7265fb6d730b" testName="Spdx2JsonSerializer_SerializeDocument_CorrectResults" computerName="runnervmymu0l" duration="00:00:00.0014204" startTime="2026-01-27T18:55:20.0770806+00:00" endTime="2026-01-27T18:55:20.0785906+00:00" testType="13cdc9d9-ddb5-4fa4-a97d-d965ccfc6d4b" outcome="Passed" testListId="8c84fa94-04c1-424b-9868-57a2d4851a1d" relativeResultsDirectory="143a2478-2e14-4268-9af9-3cb9d06b97d8" />
    <UnitTestResult executionId="30e50fe6-42d5-4e8b-8b18-ab1f78ac48c0" testId="1379950e-46c8-8335-a14f-e9d9b9353f67" testName="SpdxFile_Validate_ReportsInvalidFileId" computerName="runnervmymu0l" duration="00:00:00.0004380" startTime="2026-01-27T18:55:20.0081399+00:00" endTime="2026-01-27T18:55:20.0086478+00:00" testType="13cdc9d9-ddb5-4fa4-a97d-d965ccfc6d4b" outcome="Passed" testListId="8c84fa94-04c1-424b-9868-57a2d4851a1d" relativeResultsDirectory="30e50fe6-42d5-4e8b-8b18-ab1f78ac48c0" />
    <UnitTestResult executionId="f9cea858-12af-4197-8830-20393acfb4dc" testId="128d5147-8b69-8afb-a135-0f5950f3178d" testName="Spdx2JsonSerializer_SerializeExternalReference_CorrectResults" computerName="runnervmymu0l" duration="00:00:00.0003885" startTime="2026-01-27T18:55:20.0786435+00:00" endTime="2026-01-27T18:55:20.0791134+00:00" testType="13cdc9d9-ddb5-4fa4-a97d-d965ccfc6d4b" outcome="Passed" testListId="8c84fa94-04c1-424b-9868-57a2d4851a1d" relativeResultsDirectory="f9cea858-12af-4197-8830-20393acfb4dc" />
    <UnitTestResult executionId="55ec766a-3c13-479a-bdfd-2a7aeba164f9" testId="1e4f281b-50a8-843a-8848-42c0930b7c25" testName="SpdxAnnotation_Validate_BadAnnotator" computerName="runnervmymu0l" duration="00:00:00.0506464" startTime="2026-01-27T18:55:19.8214353+00:00" endTime="2026-01-27T18:55:19.8878996+00:00" testType="13cdc9d9-ddb5-4fa4-a97d-d965ccfc6d4b" outcome="Passed" testListId="8c84fa94-04c1-424b-9868-57a2d4851a1d" relativeResultsDirectory="55ec766a-3c13-479a-bdfd-2a7aeba164f9" />
    <UnitTestResult executionId="836ec108-87bb-498a-aac0-e5d599759457" testId="1f9143d0-7f41-8cce-b2da-382cb6565211" testName="Spdx2JsonSerializer_SerializePackages_CorrectResults" computerName="runnervmymu0l" duration="00:00:00.0016101" startTime="2026-01-27T18:55:20.0867472+00:00" endTime="2026-01-27T18:55:20.0884118+00:00" testType="13cdc9d9-ddb5-4fa4-a97d-d965ccfc6d4b" outcome="Passed" testListId="8c84fa94-04c1-424b-9868-57a2d4851a1d" relativeResultsDirectory="836ec108-87bb-498a-aac0-e5d599759457" />
    <UnitTestResult executionId="7c300190-dc3b-42c3-bada-6f85127f8092" testId="1b26917d-62ef-811d-9abb-40627c5a096f" testName="Spdx2JsonSerializer_SerializeExtractedLicensingInfos_CorrectResults" computerName="runnervmymu0l" duration="00:00:00.0006044" startTime="2026-01-27T18:55:20.0822863+00:00" endTime="2026-01-27T18:55:20.0829491+00:00" testType="13cdc9d9-ddb5-4fa4-a97d-d965ccfc6d4b" outcome="Passed" testListId="8c84fa94-04c1-424b-9868-57a2d4851a1d" relativeResultsDirectory="7c300190-dc3b-42c3-bada-6f85127f8092" />
    <UnitTestResult executionId="ffbf9f12-6daa-49ad-a2cf-8a501a242b69" testId="1462821d-ea3b-8da9-bd97-ee8321085e04" testName="SpdxRelationshipTypeExtensions_ToText_Invalid" computerName="runnervmymu0l" duration="00:00:00.0018766" startTime="2026-01-27T18:55:20.0189886+00:00" endTime="2026-01-27T18:55:20.0209150+00:00" testType="13cdc9d9-ddb5-4fa4-a97d-d965ccfc6d4b" outcome="Passed" testListId="8c84fa94-04c1-424b-9868-57a2d4851a1d" relativeResultsDirectory="ffbf9f12-6daa-49ad-a2cf-8a501a242b69" />
    <UnitTestResult executionId="7d1a1e0f-c558-4dbf-a7c6-35875141729d" testId="1d04dc18-53f2-84d0-ba64-26269d410ba6" testName="SpdxChecksumAlgorithmExtensions_ToText_Valid" computerName="runnervmymu0l" duration="00:00:00.0006077" startTime="2026-01-27T18:55:19.9380396+00:00" endTime="2026-01-27T18:55:19.9400107+00:00" testType="13cdc9d9-ddb5-4fa4-a97d-d965ccfc6d4b" outcome="Passed" testListId="8c84fa94-04c1-424b-9868-57a2d4851a1d" relativeResultsDirectory="7d1a1e0f-c558-4dbf-a7c6-35875141729d" />
    <UnitTestResult executionId="79d5b894-05e4-49de-aff3-89101fc0862d" testId="11b82d60-e358-87fa-92d3-a97bc45e5b03" testName="Spdx2JsonDeserializer_DeserializePackage_CorrectResults" computerName="runnervmymu0l" duration="00:00:00.0011964" startTime="2026-01-27T18:55:20.0705659+00:00" endTime="2026-01-27T18:55:20.0718359+00:00" testType="13cdc9d9-ddb5-4fa4-a97d-d965ccfc6d4b" outcome="Passed" testListId="8c84fa94-04c1-424b-9868-57a2d4851a1d" relativeResultsDirectory="79d5b894-05e4-49de-aff3-89101fc0862d" />
    <UnitTestResult executionId="01d97dd4-028c-42b4-b6a2-38c2e0248a6e" testId="16f9f850-579d-8831-a1c5-a5142f7feaa6" testName="SpdxExternalReference_Validate_BadType" computerName="runnervmymu0l" duration="00:00:00.0002507" startTime="2026-01-27T18:55:20.0028568+00:00" endTime="2026-01-27T18:55:20.0031493+00:00" testType="13cdc9d9-ddb5-4fa4-a97d-d965ccfc6d4b" outcome="Passed" testListId="8c84fa94-04c1-424b-9868-57a2d4851a1d" relativeResultsDirectory="01d97dd4-028c-42b4-b6a2-38c2e0248a6e" />
    <UnitTestResult executionId="44f03e98-6b59-4d74-b7ce-92cfd9167701" testId="132e80b6-485e-8883-8934-9f32a7b40743" testName="Spdx2JsonSerializer_SerializeExternalDocumentReference_CorrectResults" computerName="runnervmymu0l" duration="00:00:00.0004012" startTime="2026-01-27T18:55:20.0780888+00:00" endTime="2026-01-27T18:55:20.0785577+00:00" testType="13cdc9d9-ddb5-4fa4-a97d-d965ccfc6d4b" outcome="Passed" testListId="8c84fa94-04c1-424b-9868-57a2d4851a1d" relativeResultsDirectory="44f03e98-6b59-4d74-b7ce-92cfd9167701" />
    <UnitTestResult executionId="2e212c8c-0342-49d7-b2d8-48072d58765f" testId="11f92a80-54b8-82aa-80f2-783cf3e5a53e" testName="SpdxChecksumAlgorithmExtensions_FromText_InvalidAlgorithm" computerName="runnervmymu0l" duration="00:00:00.0007131" startTime="2026-01-27T18:55:19.9377658+00:00" endTime="2026-01-27T18:55:19.9388670+00:00" testType="13cdc9d9-ddb5-4fa4-a97d-d965ccfc6d4b" outcome="Passed" testListId="8c84fa94-04c1-424b-9868-57a2d4851a1d" relativeResultsDirectory="2e212c8c-0342-49d7-b2d8-48072d58765f" />
    <UnitTestResult executionId="cea86a92-df32-44a9-a244-83fcdc291212" testId="165e3a0c-7e19-855b-b7fb-196b6d49b20c" testName="SpdxExtractedLicensingInfo_SameComparer_ComparesCorrectly" computerName="runnervmymu0l" duration="00:00:00.0004767" startTime="2026-01-27T18:55:20.0049346+00:00" endTime="2026-01-27T18:55:20.0055097+00:00" testType="13cdc9d9-ddb5-4fa4-a97d-d965ccfc6d4b" outcome="Passed" testListId="8c84fa94-04c1-424b-9868-57a2d4851a1d" relativeResultsDirectory="cea86a92-df32-44a9-a244-83fcdc291212" />
    <UnitTestResult executionId="e9178545-4559-45b5-a02f-af2a4c5fb2fe" testId="131d4428-eeee-82f7-8b4d-f66fc6821052" testName="SpdxCreationInformation_Enhance_AddsOrUpdatesInformationCorrectly" computerName="runnervmymu0l" duration="00:00:00.0008674" startTime="2026-01-27T18:55:19.9401103+00:00" endTime="2026-01-27T18:55:19.9410271+00:00" testType="13cdc9d9-ddb5-4fa4-a97d-d965ccfc6d4b" outcome="Passed" testListId="8c84fa94-04c1-424b-9868-57a2d4851a1d" relativeResultsDirectory="e9178545-4559-45b5-a02f-af2a4c5fb2fe" />
    <UnitTestResult executionId="eedbbb5c-4fa8-4da0-8259-a61818a2bae3" testId="1c13f220-5dc9-8fcd-b2a8-10e37fb972b0" testName="SpdxRelationship_SameComparer_ComparesCorrectly" computerName="runnervmymu0l" duration="00:00:00.0005066" startTime="2026-01-27T18:55:20.0161310+00:00" endTime="2026-01-27T18:55:20.0167530+00:00" testType="13cdc9d9-ddb5-4fa4-a97d-d965ccfc6d4b" outcome="Passed" testListId="8c84fa94-04c1-424b-9868-57a2d4851a1d" relativeResultsDirectory="eedbbb5c-4fa8-4da0-8259-a61818a2bae3" />
    <UnitTestResult executionId="74eb46b1-9367-4fc7-a530-bbee1f94fe31" testId="129b3c8f-8676-80cc-8878-6ab8f1942a6c" testName="SpdxFile_Validate_Success" computerName="runnervmymu0l" duration="00:00:00.0001928" startTime="2026-01-27T18:55:20.0086759+00:00" endTime="2026-01-27T18:55:20.0089125+00:00" testType="13cdc9d9-ddb5-4fa4-a97d-d965ccfc6d4b" outcome="Passed" testListId="8c84fa94-04c1-424b-9868-57a2d4851a1d" relativeResultsDirectory="74eb46b1-9367-4fc7-a530-bbee1f94fe31" />
    <UnitTestResult executionId="ecb3542c-cd25-43ea-a652-26299960d9da" testId="11a711e8-9abf-810b-8b8b-9688b4a33a96" testName="SpdxExtractedLicensingInfo_DeepCopy_CreatesEqualButDistinctInstance" computerName="runnervmymu0l" duration="00:00:00.0003651" startTime="2026-01-27T18:55:20.0050899+00:00" endTime="2026-01-27T18:55:20.0055006+00:00" testType="13cdc9d9-ddb5-4fa4-a97d-d965ccfc6d4b" outcome="Passed" testListId="8c84fa94-04c1-424b-9868-57a2d4851a1d" relativeResultsDirectory="ecb3542c-cd25-43ea-a652-26299960d9da" />
    <UnitTestResult executionId="4441385a-bdfa-4857-980b-fdb7095f6001" testId="1f8cd1b7-5d6b-8e26-aa84-014b3b7d68cb" testName="Spdx2JsonSerializer_SerializeExternalDocumentReferences_CorrectResults" computerName="runnervmymu0l" duration="00:00:00.0005960" startTime="2026-01-27T18:55:20.0785842+00:00" endTime="2026-01-27T18:55:20.0792222+00:00" testType="13cdc9d9-ddb5-4fa4-a97d-d965ccfc6d4b" outcome="Passed" testListId="8c84fa94-04c1-424b-9868-57a2d4851a1d" relativeResultsDirectory="4441385a-bdfa-4857-980b-fdb7095f6001" />
    <UnitTestResult executionId="7714aa50-8e29-489f-9df2-54fcf94e7ae0" testId="1c075734-e1c8-803c-845c-96dbe005ade9" testName="SpdxPackage_Validate_BadBuiltDate" computerName="runnervmymu0l" duration="00:00:00.0001638" startTime="2026-01-27T18:55:20.0142863+00:00" endTime="2026-01-27T18:55:20.0144919+00:00" testType="13cdc9d9-ddb5-4fa4-a97d-d965ccfc6d4b" outcome="Passed" testListId="8c84fa94-04c1-424b-9868-57a2d4851a1d" relativeResultsDirectory="7714aa50-8e29-489f-9df2-54fcf94e7ae0" />
    <UnitTestResult executionId="04ab7e80-5079-4475-839d-2250b0221d63" testId="1b95d6ad-74ca-816e-b18f-f13d3537c18f" testName="SpdxPackageVerificationCode_SameComparer_ComparesCorrectly" computerName="runnervmymu0l" duration="00:00:00.0009935" startTime="2026-01-27T18:55:20.0143555+00:00" endTime="2026-01-27T18:55:20.0154408+00:00" testType="13cdc9d9-ddb5-4fa4-a97d-d965ccfc6d4b" outcome="Passed" testListId="8c84fa94-04c1-424b-9868-57a2d4851a1d" relativeResultsDirectory="04ab7e80-5079-4475-839d-2250b0221d63" />
    <UnitTestResult executionId="0f461e19-5fbf-4777-9032-b324a698a8e6" testId="10d6825b-2135-82f9-9a23-db042e398625" testName="Spdx2JsonSerializer_SerializeSnippets_CorrectResults" computerName="runnervmymu0l" duration="00:00:00.0011155" startTime="2026-01-27T18:55:20.0902666+00:00" endTime="2026-01-27T18:55:20.0923329+00:00" testType="13cdc9d9-ddb5-4fa4-a97d-d965ccfc6d4b" outcome="Passed" testListId="8c84fa94-04c1-424b-9868-57a2d4851a1d" relativeResultsDirectory="0f461e19-5fbf-4777-9032-b324a698a8e6" />
    <UnitTestResult executionId="d4788e02-113c-466f-a42a-26ed9a29d4e2" testId="1b902f72-c7f7-83f4-b77d-f61f1b0b2e1a" testName="SpdxExternalReference_DeepCopy_CreatesEqualButDistinctInstance" computerName="runnervmymu0l" duration="00:00:00.0014594" startTime="2026-01-27T18:55:20.0020513+00:00" endTime="2026-01-27T18:55:20.0036106+00:00" testType="13cdc9d9-ddb5-4fa4-a97d-d965ccfc6d4b" outcome="Passed" testListId="8c84fa94-04c1-424b-9868-57a2d4851a1d" relativeResultsDirectory="d4788e02-113c-466f-a42a-26ed9a29d4e2" />
    <UnitTestResult executionId="daa07dd1-863a-47e7-8878-80643590d19c" testId="136d1cd8-a48b-85df-b64f-a4f2c5d98e96" testName="SpdxReferenceCategoryExtensions_ToText_Invalid" computerName="runnervmymu0l" duration="00:00:00.0010473" startTime="2026-01-27T18:55:20.0048104+00:00" endTime="2026-01-27T18:55:20.0059012+00:00" testType="13cdc9d9-ddb5-4fa4-a97d-d965ccfc6d4b" outcome="Passed" testListId="8c84fa94-04c1-424b-9868-57a2d4851a1d" relativeResultsDirectory="daa07dd1-863a-47e7-8878-80643590d19c" />
    <UnitTestResult executionId="362d9f57-55a3-4915-ad78-4676fae32f38" testId="1d4b1996-8cfb-8327-a246-c54252e4e8cf" testName="SpdxRelationships_AddMultiple_Duplicate" computerName="runnervmymu0l" duration="00:00:00.0014857" startTime="2026-01-27T18:55:20.0232649+00:00" endTime="2026-01-27T18:55:20.0247882+00:00" testType="13cdc9d9-ddb5-4fa4-a97d-d965ccfc6d4b" outcome="Passed" testListId="8c84fa94-04c1-424b-9868-57a2d4851a1d" relativeResultsDirectory="362d9f57-55a3-4915-ad78-4676fae32f38" />
    <UnitTestResult executionId="f6b5ce9d-f76d-42d2-bf4b-b5e1ad7bfb11" testId="12569999-5b31-8698-b880-8d9dff69fe76" testName="Spdx2JsonSerializer_SerializeFiles_CorrectResults" computerName="runnervmymu0l" duration="00:00:00.0064519" startTime="2026-01-27T18:55:20.0829740+00:00" endTime="2026-01-27T18:55:20.0895087+00:00" testType="13cdc9d9-ddb5-4fa4-a97d-d965ccfc6d4b" outcome="Passed" testListId="8c84fa94-04c1-424b-9868-57a2d4851a1d" relativeResultsDirectory="f6b5ce9d-f76d-42d2-bf4b-b5e1ad7bfb11" />
    <UnitTestResult executionId="bcb30d8a-134e-4748-8cb8-dbac4e0241e4" testId="1acf5af5-30c5-887b-8f1c-6a1fc26e2608" testName="SpdxExternalDocumentReference_Validate_MissingDocument" computerName="runnervmymu0l" duration="00:00:00.0003438" startTime="2026-01-27T18:55:20.0020230+00:00" endTime="2026-01-27T18:55:20.0024159+00:00" testType="13cdc9d9-ddb5-4fa4-a97d-d965ccfc6d4b" outcome="Passed" testListId="8c84fa94-04c1-424b-9868-57a2d4851a1d" relativeResultsDirectory="bcb30d8a-134e-4748-8cb8-dbac4e0241e4" />
    <UnitTestResult executionId="46107778-00d2-458f-987a-eb10259989a9" testId="12da8660-25b4-886c-955a-db691e3cb91d" testName="SpdxChecksum_Validate_BadValue" computerName="runnervmymu0l" duration="00:00:00.0002696" startTime="2026-01-27T18:55:19.9374043+00:00" endTime="2026-01-27T18:55:19.9377328+00:00" testType="13cdc9d9-ddb5-4fa4-a97d-d965ccfc6d4b" outcome="Passed" testListId="8c84fa94-04c1-424b-9868-57a2d4851a1d" relativeResultsDirectory="46107778-00d2-458f-987a-eb10259989a9" />
    <UnitTestResult executionId="a4e5a66b-08b4-4d04-a4dc-e18812468962" testId="1fd3c3da-3e96-8e78-8a28-048e923622c5" testName="Spdx2JsonDeserializer_DeserializeAnnotation_CorrectResults" computerName="runnervmymu0l" duration="00:00:00.0054270" startTime="2026-01-27T18:55:20.0258032+00:00" endTime="2026-01-27T18:55:20.0313325+00:00" testType="13cdc9d9-ddb5-4fa4-a97d-d965ccfc6d4b" outcome="Passed" testListId="8c84fa94-04c1-424b-9868-57a2d4851a1d" relativeResultsDirectory="a4e5a66b-08b4-4d04-a4dc-e18812468962" />
    <UnitTestResult executionId="bf8b1891-8691-4d8b-abc1-66dbd6559809" testId="19ac30b5-ca40-83d7-bbe4-cf6cfc4b33fd" testName="SpdxDocument_SameComparer_ComparesCorrectly" computerName="runnervmymu0l" duration="00:00:00.0095977" startTime="2026-01-27T18:55:19.9427464+00:00" endTime="2026-01-27T18:55:19.9523931+00:00" testType="13cdc9d9-ddb5-4fa4-a97d-d965ccfc6d4b" outcome="Passed" testListId="8c84fa94-04c1-424b-9868-57a2d4851a1d" relativeResultsDirectory="bf8b1891-8691-4d8b-abc1-66dbd6559809" />
    <UnitTestResult executionId="ba6f3e6f-f970-45e3-91da-3d2925aa85dc" testId="1cadfd1a-91cc-87b0-91e5-b37f99689944" testName="Spdx2JsonDeserializer_DeserializeFile_CorrectResults" computerName="runnervmymu0l" duration="00:00:00.0021920" startTime="2026-01-27T18:55:20.0704246+00:00" endTime="2026-01-27T18:55:20.0727306+00:00" testType="13cdc9d9-ddb5-4fa4-a97d-d965ccfc6d4b" outcome="Passed" testListId="8c84fa94-04c1-424b-9868-57a2d4851a1d" relativeResultsDirectory="ba6f3e6f-f970-45e3-91da-3d2925aa85dc" />
    <UnitTestResult executionId="593c4adf-58c5-4601-97fb-319421ca90da" testId="1a8b76bf-709b-8ea8-9fa4-d6facbb5e028" testName="Spdx2JsonDeserializer_DeserializeAnnotations_CorrectResults" computerName="runnervmymu0l" duration="00:00:00.0044628" startTime="2026-01-27T18:55:20.0281950+00:00" endTime="2026-01-27T18:55:20.0327297+00:00" testType="13cdc9d9-ddb5-4fa4-a97d-d965ccfc6d4b" outcome="Passed" testListId="8c84fa94-04c1-424b-9868-57a2d4851a1d" relativeResultsDirectory="593c4adf-58c5-4601-97fb-319421ca90da" />
    <UnitTestResult executionId="71e03299-e485-47b6-b1ec-51fe82bf9985" testId="199d3421-a4d0-84ce-9ef0-e785118d15e3" testName="Spdx2JsonSerializer_SerializeChecksum_CorrectResults" computerName="runnervmymu0l" duration="00:00:00.0002824" startTime="2026-01-27T18:55:20.0752137+00:00" endTime="2026-01-27T18:55:20.0755763+00:00" testType="13cdc9d9-ddb5-4fa4-a97d-d965ccfc6d4b" outcome="Passed" testListId="8c84fa94-04c1-424b-9868-57a2d4851a1d" relativeResultsDirectory="71e03299-e485-47b6-b1ec-51fe82bf9985" />
    <UnitTestResult executionId="a910e514-8fe8-4128-8509-3767e908bdbd" testId="146f9c9a-33d3-826a-ae0b-8ac7bc137e35" testName="SpdxExternalDocumentReference_DeepCopy_CreatesEqualButDistinctInstance" computerName="runnervmymu0l" duration="00:00:00.0016949" startTime="2026-01-27T18:55:20.0001237+00:00" endTime="2026-01-27T18:55:20.0019023+00:00" testType="13cdc9d9-ddb5-4fa4-a97d-d965ccfc6d4b" outcome="Passed" testListId="8c84fa94-04c1-424b-9868-57a2d4851a1d" relativeResultsDirectory="a910e514-8fe8-4128-8509-3767e908bdbd" />
    <UnitTestResult executionId="24db6f0a-37ff-403e-818c-916356647451" testId="1343d463-2ef5-84b7-9c50-c03edf7a4764" testName="SpdxPackage_Enhance_AddsOrUpdatesPackagesCorrectly" computerName="runnervmymu0l" duration="00:00:00.0021433" startTime="2026-01-27T18:55:20.0114447+00:00" endTime="2026-01-27T18:55:20.0136400+00:00" testType="13cdc9d9-ddb5-4fa4-a97d-d965ccfc6d4b" outcome="Passed" testListId="8c84fa94-04c1-424b-9868-57a2d4851a1d" relativeResultsDirectory="24db6f0a-37ff-403e-818c-916356647451" />
    <UnitTestResult executionId="a499935c-716d-4969-8947-46892389dc84" testId="1cfaf624-e048-8c37-866a-157762dcdb21" testName="Spdx2JsonDeserializer_DeserializeSnippets_CorrectResults" computerName="runnervmymu0l" duration="00:00:00.0040841" startTime="2026-01-27T18:55:20.0739283+00:00" endTime="2026-01-27T18:55:20.0780569+00:00" testType="13cdc9d9-ddb5-4fa4-a97d-d965ccfc6d4b" outcome="Passed" testListId="8c84fa94-04c1-424b-9868-57a2d4851a1d" relativeResultsDirectory="a499935c-716d-4969-8947-46892389dc84" />
    <UnitTestResult executionId="b230057b-379c-4477-aafa-7ba0a1ea6c21" testId="1af4906f-0ca8-865d-a78f-7dac7e88edff" testName="SpdxAnnotation_Validate_BadComment" computerName="runnervmymu0l" duration="00:00:00.0319612" startTime="2026-01-27T18:55:19.8557158+00:00" endTime="2026-01-27T18:55:19.8881899+00:00" testType="13cdc9d9-ddb5-4fa4-a97d-d965ccfc6d4b" outcome="Passed" testListId="8c84fa94-04c1-424b-9868-57a2d4851a1d" relativeResultsDirectory="b230057b-379c-4477-aafa-7ba0a1ea6c21" />
    <UnitTestResult executionId="d162f2b3-09c1-448d-9060-269bcba349de" testId="1f9919f3-0533-8f9f-b837-3ac09121288f" testName="SpdxSnippet_SameComparer_ComparesCorrectly" computerName="runnervmymu0l" duration="00:00:00.0005492" startTime="2026-01-27T18:55:20.0210269+00:00" endTime="2026-01-27T18:55:20.0216218+00:00" testType="13cdc9d9-ddb5-4fa4-a97d-d965ccfc6d4b" outcome="Passed" testListId="8c84fa94-04c1-424b-9868-57a2d4851a1d" relativeResultsDirectory="d162f2b3-09c1-448d-9060-269bcba349de" />
    <UnitTestResult executionId="663da527-2b9a-4d85-8357-3537608a2674" testId="18c99063-6ecf-86f7-9d39-0e6ae8387ca1" testName="SpdxDocument_Validate_BadDataLicense" computerName="runnervmymu0l" duration="00:00:00.0016416" startTime="2026-01-27T18:55:19.9961817+00:00" endTime="2026-01-27T18:55:19.9978793+00:00" testType="13cdc9d9-ddb5-4fa4-a97d-d965ccfc6d4b" outcome="Passed" testListId="8c84fa94-04c1-424b-9868-57a2d4851a1d" relativeResultsDirectory="663da527-2b9a-4d85-8357-3537608a2674" />
    <UnitTestResult executionId="d877a89f-6994-4ee8-b40f-1a927a75de89" testId="1be102f3-39f6-8104-9f64-5ae269af140e" testName="Spdx2JsonDeserializer_DeserializeCreationInformation_CorrectResults" computerName="runnervmymu0l" duration="00:00:00.0375327" startTime="2026-01-27T18:55:20.0317178+00:00" endTime="2026-01-27T18:55:20.0693482+00:00" testType="13cdc9d9-ddb5-4fa4-a97d-d965ccfc6d4b" outcome="Passed" testListId="8c84fa94-04c1-424b-9868-57a2d4851a1d" relativeResultsDirectory="d877a89f-6994-4ee8-b40f-1a927a75de89" />
    <UnitTestResult executionId="c8f3986b-43b6-40f4-b8b0-8101470150f5" testId="1198ddae-c928-8697-9cf9-15de0aa98451" testName="SpdxAnnotationTypeExtensions_ToText_Invalid" computerName="runnervmymu0l" duration="00:00:00.0054285" startTime="2026-01-27T18:55:19.9326283+00:00" endTime="2026-01-27T18:55:19.9388311+00:00" testType="13cdc9d9-ddb5-4fa4-a97d-d965ccfc6d4b" outcome="Passed" testListId="8c84fa94-04c1-424b-9868-57a2d4851a1d" relativeResultsDirectory="c8f3986b-43b6-40f4-b8b0-8101470150f5" />
    <UnitTestResult executionId="4cdecc41-664f-4f5a-8c35-1cd44fb8c0db" testId="197c61b3-530b-815f-90fe-b1c6c007a400" testName="SpdxChecksumAlgorithmExtensions_FromText_Valid" computerName="runnervmymu0l" duration="00:00:00.0009591" startTime="2026-01-27T18:55:19.9374424+00:00" endTime="2026-01-27T18:55:19.9388516+00:00" testType="13cdc9d9-ddb5-4fa4-a97d-d965ccfc6d4b" outcome="Passed" testListId="8c84fa94-04c1-424b-9868-57a2d4851a1d" relativeResultsDirectory="4cdecc41-664f-4f5a-8c35-1cd44fb8c0db" />
    <UnitTestResult executionId="dde004b9-e141-4b44-9daa-d2fda83fc21b" testId="1689123e-4c8f-8750-b4b4-4cb665695820" testName="SpdxPackageVerificationCode_Enhance_AddsOrUpdatesInformationCorrectly" computerName="runnervmymu0l" duration="00:00:00.0005324" startTime="2026-01-27T18:55:20.0145135+00:00" endTime="2026-01-27T18:55:20.0150842+00:00" testType="13cdc9d9-ddb5-4fa4-a97d-d965ccfc6d4b" outcome="Passed" testListId="8c84fa94-04c1-424b-9868-57a2d4851a1d" relativeResultsDirectory="dde004b9-e141-4b44-9daa-d2fda83fc21b" />
    <UnitTestResult executionId="62d8d5d2-4ac7-4b75-9cc2-d30622dbb8fd" testId="1b230945-6314-8152-a041-8d853c6a2db5" testName="Spdx2JsonSerializer_SerializeRelationship_CorrectResults" computerName="runnervmymu0l" duration="00:00:00.0004156" startTime="2026-01-27T18:55:20.0884402+00:00" endTime="2026-01-27T18:55:20.0889420+00:00" testType="13cdc9d9-ddb5-4fa4-a97d-d965ccfc6d4b" outcome="Passed" testListId="8c84fa94-04c1-424b-9868-57a2d4851a1d" relativeResultsDirectory="62d8d5d2-4ac7-4b75-9cc2-d30622dbb8fd" />
    <UnitTestResult executionId="be209a46-fbd8-437c-8cae-f496c1325568" testId="1824c194-cf7d-89a7-955e-65b2867a434c" testName="Spdx2JsonSerializer_SerializeExternalReferences_CorrectResults" computerName="runnervmymu0l" duration="00:00:00.0005899" startTime="2026-01-27T18:55:20.0791401+00:00" endTime="2026-01-27T18:55:20.0797907+00:00" testType="13cdc9d9-ddb5-4fa4-a97d-d965ccfc6d4b" outcome="Passed" testListId="8c84fa94-04c1-424b-9868-57a2d4851a1d" relativeResultsDirectory="be209a46-fbd8-437c-8cae-f496c1325568" />
    <UnitTestResult executionId="6c36a7e0-0a6c-409d-beff-adced2a24aef" testId="14311369-2b95-81e7-95cb-1f05f664e3db" testName="Spdx2JsonSerializer_SerializeRelationships_CorrectResults" computerName="runnervmymu0l" duration="00:00:00.0004526" startTime="2026-01-27T18:55:20.0899330+00:00" endTime="2026-01-27T18:55:20.0904283+00:00" testType="13cdc9d9-ddb5-4fa4-a97d-d965ccfc6d4b" outcome="Passed" testListId="8c84fa94-04c1-424b-9868-57a2d4851a1d" relativeResultsDirectory="6c36a7e0-0a6c-409d-beff-adced2a24aef" />
    <UnitTestResult executionId="0ceace8b-9728-40aa-89c7-3d6a045461cd" testId="183c87c3-a93c-8294-af2e-8a9ff9a83e94" testName="Spdx2JsonDeserializer_DeserializeExternalDocumentReference_CorrectResults" computerName="runnervmymu0l" duration="00:00:00.0003211" startTime="2026-01-27T18:55:20.0335918+00:00" endTime="2026-01-27T18:55:20.0339753+00:00" testType="13cdc9d9-ddb5-4fa4-a97d-d965ccfc6d4b" outcome="Passed" testListId="8c84fa94-04c1-424b-9868-57a2d4851a1d" relativeResultsDirectory="0ceace8b-9728-40aa-89c7-3d6a045461cd" />
    <UnitTestResult executionId="9fd4b32a-b6f3-40c8-a458-795704635d95" testId="16d23f2c-69a5-8885-9982-a02534626838" testName="SpdxFileTypeExtensions_FromText_Valid" computerName="runnervmymu0l" duration="00:00:00.0009432" startTime="2026-01-27T18:55:20.0099248+00:00" endTime="2026-01-27T18:55:20.0109142+00:00" testType="13cdc9d9-ddb5-4fa4-a97d-d965ccfc6d4b" outcome="Passed" testListId="8c84fa94-04c1-424b-9868-57a2d4851a1d" relativeResultsDirectory="9fd4b32a-b6f3-40c8-a458-795704635d95" />
    <UnitTestResult executionId="374af9cd-8432-4a30-8001-e61006e37f0e" testId="1c01ee1c-8c0f-8a79-aff8-67e928567f85" testName="SpdxExtractedLicensingInfo_Validate_BadLicenseId" computerName="runnervmymu0l" duration="00:00:00.0002527" startTime="2026-01-27T18:55:20.0068401+00:00" endTime="2026-01-27T18:55:20.0071345+00:00" testType="13cdc9d9-ddb5-4fa4-a97d-d965ccfc6d4b" outcome="Passed" testListId="8c84fa94-04c1-424b-9868-57a2d4851a1d" relativeResultsDirectory="374af9cd-8432-4a30-8001-e61006e37f0e" />
    <UnitTestResult executionId="bc9bab28-28a2-4248-a3e6-bc8b70d8a120" testId="11ad0f09-8619-8967-8733-daf78290820f" testName="SpdxPackage_Validate_BadReleaseDate" computerName="runnervmymu0l" duration="00:00:00.0001828" startTime="2026-01-27T18:55:20.0132792+00:00" endTime="2026-01-27T18:55:20.0135004+00:00" testType="13cdc9d9-ddb5-4fa4-a97d-d965ccfc6d4b" outcome="Passed" testListId="8c84fa94-04c1-424b-9868-57a2d4851a1d" relativeResultsDirectory="bc9bab28-28a2-4248-a3e6-bc8b70d8a120" />
    <UnitTestResult executionId="5a0db4ad-e9b7-479e-a219-95583517669b" testId="1a179bbd-79ba-8632-b789-b713dd933cfa" testName="SpdxExtractedLicensingInfo_Validate_BadExtractedText" computerName="runnervmymu0l" duration="00:00:00.0002097" startTime="2026-01-27T18:55:20.0071826+00:00" endTime="2026-01-27T18:55:20.0074280+00:00" testType="13cdc9d9-ddb5-4fa4-a97d-d965ccfc6d4b" outcome="Passed" testListId="8c84fa94-04c1-424b-9868-57a2d4851a1d" relativeResultsDirectory="5a0db4ad-e9b7-479e-a219-95583517669b" />
    <UnitTestResult executionId="33c5f2b4-8553-42f2-91ef-8773ea8266dd" testId="1e3b4449-ad6c-8b63-84ef-f9f91b381d64" testName="SpdxCreationInformation_Validate_MissingCreators" computerName="runnervmymu0l" duration="00:00:00.0010984" startTime="2026-01-27T18:55:19.9401502+00:00" endTime="2026-01-27T18:55:19.9413235+00:00" testType="13cdc9d9-ddb5-4fa4-a97d-d965ccfc6d4b" outcome="Passed" testListId="8c84fa94-04c1-424b-9868-57a2d4851a1d" relativeResultsDirectory="33c5f2b4-8553-42f2-91ef-8773ea8266dd" />
    <UnitTestResult executionId="a01fdf8b-8f0c-48b3-844f-1fda9ac11ef5" testId="16453c30-7dfb-8ee9-b91a-c3cc6eb3fe83" testName="SpdxSnippet_Enhance_AddsOrUpdatesInformationCorrectly" computerName="runnervmymu0l" duration="00:00:00.0021272" startTime="2026-01-27T18:55:20.0210628+00:00" endTime="2026-01-27T18:55:20.0232380+00:00" testType="13cdc9d9-ddb5-4fa4-a97d-d965ccfc6d4b" outcome="Passed" testListId="8c84fa94-04c1-424b-9868-57a2d4851a1d" relativeResultsDirectory="a01fdf8b-8f0c-48b3-844f-1fda9ac11ef5" />
    <UnitTestResult executionId="0e725406-b757-49f8-8b6b-56dcc26c0712" testId="1c979084-4dd0-85e5-a360-d3f90ed6c723" testName="Spdx2JsonDeserializer_DeserializePackageVerificationCode_CorrectResults" computerName="runnervmymu0l" duration="00:00:00.0010512" startTime="2026-01-27T18:55:20.0718428+00:00" endTime="2026-01-27T18:55:20.0729666+00:00" testType="13cdc9d9-ddb5-4fa4-a97d-d965ccfc6d4b" outcome="Passed" testListId="8c84fa94-04c1-424b-9868-57a2d4851a1d" relativeResultsDirectory="0e725406-b757-49f8-8b6b-56dcc26c0712" />
    <UnitTestResult executionId="5a2892cb-a709-4209-b75a-d716506cfb02" testId="158b3777-917f-8124-93fe-439c1a663041" testName="SpdxRelationships_AddMultiple_Success" computerName="runnervmymu0l" duration="00:00:00.0012475" startTime="2026-01-27T18:55:20.0232588+00:00" endTime="2026-01-27T18:55:20.0245722+00:00" testType="13cdc9d9-ddb5-4fa4-a97d-d965ccfc6d4b" outcome="Passed" testListId="8c84fa94-04c1-424b-9868-57a2d4851a1d" relativeResultsDirectory="5a2892cb-a709-4209-b75a-d716506cfb02" />
    <UnitTestResult executionId="27557d59-48b1-4670-9a7f-6a5e2b5c6792" testId="13e5031a-98be-800e-b554-59274f4dc4c4" testName="Spdx2JsonDeserializer_DeserializeChecksums_CorrectResults" computerName="runnervmymu0l" duration="00:00:00.0017557" startTime="2026-01-27T18:55:20.0314482+00:00" endTime="2026-01-27T18:55:20.0332471+00:00" testType="13cdc9d9-ddb5-4fa4-a97d-d965ccfc6d4b" outcome="Passed" testListId="8c84fa94-04c1-424b-9868-57a2d4851a1d" relativeResultsDirectory="27557d59-48b1-4670-9a7f-6a5e2b5c6792" />
    <UnitTestResult executionId="5194f15b-edab-44a2-a544-f99514918c2a" testId="1092f54f-4a0a-8f53-8950-bb51869ec5e4" testName="SpdxRelationship_Validate_MissingRelatedId" computerName="runnervmymu0l" duration="00:00:00.0002326" startTime="2026-01-27T18:55:20.0172177+00:00" endTime="2026-01-27T18:55:20.0174993+00:00" testType="13cdc9d9-ddb5-4fa4-a97d-d965ccfc6d4b" outcome="Passed" testListId="8c84fa94-04c1-424b-9868-57a2d4851a1d" relativeResultsDirectory="5194f15b-edab-44a2-a544-f99514918c2a" />
    <UnitTestResult executionId="c911377c-953b-4072-acd5-d43ce480b88a" testId="12cad19f-867c-81b8-8d3a-e40f6452fc78" testName="Spdx2JsonDeserializer_DeserializeFiles_CorrectResults" computerName="runnervmymu0l" duration="00:00:00.0008561" startTime="2026-01-27T18:55:20.0704555+00:00" endTime="2026-01-27T18:55:20.0713952+00:00" testType="13cdc9d9-ddb5-4fa4-a97d-d965ccfc6d4b" outcome="Passed" testListId="8c84fa94-04c1-424b-9868-57a2d4851a1d" relativeResultsDirectory="c911377c-953b-4072-acd5-d43ce480b88a" />
    <UnitTestResult executionId="c308f775-c6f8-420e-969d-f95f25a0cc27" testId="11387f1c-8ff5-8b12-bfef-86ccabcb7ca8" testName="Spdx2JsonDeserializer_DeserializeExternalReferences_CorrectResults" computerName="runnervmymu0l" duration="00:00:00.0005853" startTime="2026-01-27T18:55:20.0341559+00:00" endTime="2026-01-27T18:55:20.0348187+00:00" testType="13cdc9d9-ddb5-4fa4-a97d-d965ccfc6d4b" outcome="Passed" testListId="8c84fa94-04c1-424b-9868-57a2d4851a1d" relativeResultsDirectory="c308f775-c6f8-420e-969d-f95f25a0cc27" />
    <UnitTestResult executionId="a47bbd3b-8651-4ea3-b526-420cc6aaedde" testId="1ab23d14-a536-8ffb-af2c-3cd293921b8d" testName="Spdx2JsonSerializer_SerializePackage_CorrectResults" computerName="runnervmymu0l" duration="00:00:00.0029024" startTime="2026-01-27T18:55:20.0850815+00:00" endTime="2026-01-27T18:55:20.0880983+00:00" testType="13cdc9d9-ddb5-4fa4-a97d-d965ccfc6d4b" outcome="Passed" testListId="8c84fa94-04c1-424b-9868-57a2d4851a1d" relativeResultsDirectory="a47bbd3b-8651-4ea3-b526-420cc6aaedde" />
    <UnitTestResult executionId="a12b4205-7d00-42d2-ab34-9f37f2824a0e" testId="1044c061-5a31-89ed-9d9c-75dba938948a" testName="SpdxRelationship_DeepCopy_CreatesEqualButDistinctInstance" computerName="runnervmymu0l" duration="00:00:00.0023268" startTime="2026-01-27T18:55:20.0165076+00:00" endTime="2026-01-27T18:55:20.0189058+00:00" testType="13cdc9d9-ddb5-4fa4-a97d-d965ccfc6d4b" outcome="Passed" testListId="8c84fa94-04c1-424b-9868-57a2d4851a1d" relativeResultsDirectory="a12b4205-7d00-42d2-ab34-9f37f2824a0e" />
    <UnitTestResult executionId="7fb507b4-1f9e-4eff-974e-cf249b434f53" testId="1c57075d-8c43-8a20-8e4f-9d126b0a9d40" testName="SpdxCreationInformation_Validate_BadCreated" computerName="runnervmymu0l" duration="00:00:00.0004268" startTime="2026-01-27T18:55:19.9410555+00:00" endTime="2026-01-27T18:55:19.9415348+00:00" testType="13cdc9d9-ddb5-4fa4-a97d-d965ccfc6d4b" outcome="Passed" testListId="8c84fa94-04c1-424b-9868-57a2d4851a1d" relativeResultsDirectory="7fb507b4-1f9e-4eff-974e-cf249b434f53" />
    <UnitTestResult executionId="b161437b-5a43-46fb-b4ca-4cee0e8dfc31" testId="15919b4f-c207-8e24-82e6-87b3afc475dc" testName="Spdx2JsonDeserializer_DeserializeExtractedLicensingInfos_CorrectResults" computerName="runnervmymu0l" duration="00:00:00.0344396" startTime="2026-01-27T18:55:20.0348463+00:00" endTime="2026-01-27T18:55:20.0693596+00:00" testType="13cdc9d9-ddb5-4fa4-a97d-d965ccfc6d4b" outcome="Passed" testListId="8c84fa94-04c1-424b-9868-57a2d4851a1d" relativeResultsDirectory="b161437b-5a43-46fb-b4ca-4cee0e8dfc31" />
    <UnitTestResult executionId="0fc14c16-9b6e-4d53-b998-8e93ea513959" testId="19745b8c-8d97-88e2-981f-09ce3dec13d4" testName="SpdxChecksum_SameComparer_ComparesCorrectly" computerName="runnervmymu0l" duration="00:00:00.0024393" startTime="2026-01-27T18:55:19.9329271+00:00" endTime="2026-01-27T18:55:19.9354615+00:00" testType="13cdc9d9-ddb5-4fa4-a97d-d965ccfc6d4b" outcome="Passed" testListId="8c84fa94-04c1-424b-9868-57a2d4851a1d" relativeResultsDirectory="0fc14c16-9b6e-4d53-b998-8e93ea513959" />
    <UnitTestResult executionId="08f6f415-114d-4771-9de6-fac7fe518acb" testId="1b6785f4-34ac-88e3-a1cf-29a269f4adfa" testName="Spdx2JsonDeserializer_Deserialize_ValidSpdx23JsonReturnsExpectedDocument" computerName="runnervmymu0l" duration="00:00:00.0064414" startTime="2026-01-27T18:55:20.0257589+00:00" endTime="2026-01-27T18:55:20.0322747+00:00" testType="13cdc9d9-ddb5-4fa4-a97d-d965ccfc6d4b" outcome="Passed" testListId="8c84fa94-04c1-424b-9868-57a2d4851a1d" relativeResultsDirectory="08f6f415-114d-4771-9de6-fac7fe518acb" />
    <UnitTestResult executionId="7f4ac63a-693c-4add-98f4-a22f6e5a9691" testId="10c023d1-6bed-822b-943e-93e894952a93" testName="SpdxAnnotation_Validate_BadDate" computerName="runnervmymu0l" duration="00:00:00.0313323" startTime="2026-01-27T18:55:19.8557274+00:00" endTime="2026-01-27T18:55:19.8875660+00:00" testType="13cdc9d9-ddb5-4fa4-a97d-d965ccfc6d4b" outcome="Passed" testListId="8c84fa94-04c1-424b-9868-57a2d4851a1d" relativeResultsDirectory="7f4ac63a-693c-4add-98f4-a22f6e5a9691" />
    <UnitTestResult executionId="a37c4667-561b-4c01-8d9a-0177eb00d7d7" testId="1b032ccb-1707-8c31-9d12-5a50295502c4" testName="SpdxFile_SameComparer_ComparesCorrectly" computerName="runnervmymu0l" duration="00:00:00.0005732" startTime="2026-01-27T18:55:20.0074571+00:00" endTime="2026-01-27T18:55:20.0081086+00:00" testType="13cdc9d9-ddb5-4fa4-a97d-d965ccfc6d4b" outcome="Passed" testListId="8c84fa94-04c1-424b-9868-57a2d4851a1d" relativeResultsDirectory="a37c4667-561b-4c01-8d9a-0177eb00d7d7" />
    <UnitTestResult executionId="e586733b-eadb-4183-b86e-ddfe8a33d891" testId="14e5cbd7-1d1f-8e99-bc0a-ae139f367708" testName="SpdxChecksum_Validate_BadAlgorithm" computerName="runnervmymu0l" duration="00:00:00.0005169" startTime="2026-01-27T18:55:19.9352745+00:00" endTime="2026-01-27T18:55:19.9358484+00:00" testType="13cdc9d9-ddb5-4fa4-a97d-d965ccfc6d4b" outcome="Passed" testListId="8c84fa94-04c1-424b-9868-57a2d4851a1d" relativeResultsDirectory="e586733b-eadb-4183-b86e-ddfe8a33d891" />
    <UnitTestResult executionId="93dd51ef-1863-4227-b6da-180a1bc0f3c6" testId="1c6e12ea-0341-884e-a42f-1720cf296529" testName="Spdx2JsonDeserializer_DeserializePackages_CorrectResults" computerName="runnervmymu0l" duration="00:00:00.0015055" startTime="2026-01-27T18:55:20.0714238+00:00" endTime="2026-01-27T18:55:20.0729729+00:00" testType="13cdc9d9-ddb5-4fa4-a97d-d965ccfc6d4b" outcome="Passed" testListId="8c84fa94-04c1-424b-9868-57a2d4851a1d" relativeResultsDirectory="93dd51ef-1863-4227-b6da-180a1bc0f3c6" />
    <UnitTestResult executionId="4593505c-f304-425a-9513-9f0060662786" testId="1a2c9657-6bc7-8761-a615-3709c798a9ad" testName="SpdxChecksumAlgorithmExtensions_ToText_InvalidAlgorithm" computerName="runnervmymu0l" duration="00:00:00.0010486" startTime="2026-01-27T18:55:19.9388600+00:00" endTime="2026-01-27T18:55:19.9399624+00:00" testType="13cdc9d9-ddb5-4fa4-a97d-d965ccfc6d4b" outcome="Passed" testListId="8c84fa94-04c1-424b-9868-57a2d4851a1d" relativeResultsDirectory="4593505c-f304-425a-9513-9f0060662786" />
    <UnitTestResult executionId="78080435-bd43-4210-bee9-ffc8e3563af1" testId="1a7fa8a4-4b28-8492-8fc6-08be9f1d2bc2" testName="SpdxRelationshipTypeExtensions_ToText_Valid" computerName="runnervmymu0l" duration="00:00:00.0011735" startTime="2026-01-27T18:55:20.0189390+00:00" endTime="2026-01-27T18:55:20.0201833+00:00" testType="13cdc9d9-ddb5-4fa4-a97d-d965ccfc6d4b" outcome="Passed" testListId="8c84fa94-04c1-424b-9868-57a2d4851a1d" relativeResultsDirectory="78080435-bd43-4210-bee9-ffc8e3563af1" />
    <UnitTestResult executionId="efe6a7ea-2434-4c0b-a9e6-d180dfefc3a1" testId="148ac0a4-c049-8e3e-a0f4-61ebfefb241c" testName="SpdxRelationships_AddSingle_Success" computerName="runnervmymu0l" duration="00:00:00.0005273" startTime="2026-01-27T18:55:20.0230445+00:00" endTime="2026-01-27T18:55:20.0236203+00:00" testType="13cdc9d9-ddb5-4fa4-a97d-d965ccfc6d4b" outcome="Passed" testListId="8c84fa94-04c1-424b-9868-57a2d4851a1d" relativeResultsDirectory="efe6a7ea-2434-4c0b-a9e6-d180dfefc3a1" />
    <UnitTestResult executionId="e472a9d8-6c54-45fa-884b-708672ba37dc" testId="1ebe5ff4-64b7-8c59-904c-85d4dc402fce" testName="SpdxExternalReference_Validate_BadCategory" computerName="runnervmymu0l" duration="00:00:00.0003247" startTime="2026-01-27T18:55:20.0024548+00:00" endTime="2026-01-27T18:55:20.0028214+00:00" testType="13cdc9d9-ddb5-4fa4-a97d-d965ccfc6d4b" outcome="Passed" testListId="8c84fa94-04c1-424b-9868-57a2d4851a1d" relativeResultsDirectory="e472a9d8-6c54-45fa-884b-708672ba37dc" />
    <UnitTestResult executionId="fd0528b3-fae1-400a-a950-82efee35cb46" testId="113328b8-f455-83d1-bbe9-79db595e4815" testName="SpdxDocument_GetRootPackages_CorrectPackages" computerName="runnervmymu0l" duration="00:00:00.0039722" startTime="2026-01-27T18:55:19.9414291+00:00" endTime="2026-01-27T18:55:19.9454847+00:00" testType="13cdc9d9-ddb5-4fa4-a97d-d965ccfc6d4b" outcome="Passed" testListId="8c84fa94-04c1-424b-9868-57a2d4851a1d" relativeResultsDirectory="fd0528b3-fae1-400a-a950-82efee35cb46" />
    <UnitTestResult executionId="dbf60fde-2826-4add-9e80-12c49351bb6b" testId="1c7f160f-36a7-87b9-9229-7458c9daf1f9" testName="SpdxDocument_Validate_NtiaIssues" computerName="runnervmymu0l" duration="00:00:00.0017869" startTime="2026-01-27T18:55:19.9966389+00:00" endTime="2026-01-27T18:55:19.9984686+00:00" testType="13cdc9d9-ddb5-4fa4-a97d-d965ccfc6d4b" outcome="Passed" testListId="8c84fa94-04c1-424b-9868-57a2d4851a1d" relativeResultsDirectory="dbf60fde-2826-4add-9e80-12c49351bb6b" />
    <UnitTestResult executionId="9de40085-f126-434c-b6e9-51b7f0ca1ece" testId="132ca9bd-f6db-8f4a-96d4-3473efcd1ba1" testName="Spdx2JsonDeserializer_DeserializeSnippet_CorrectResults" computerName="runnervmymu0l" duration="00:00:00.0033277" startTime="2026-01-27T18:55:20.0738933+00:00" endTime="2026-01-27T18:55:20.0773108+00:00" testType="13cdc9d9-ddb5-4fa4-a97d-d965ccfc6d4b" outcome="Passed" testListId="8c84fa94-04c1-424b-9868-57a2d4851a1d" relativeResultsDirectory="9de40085-f126-434c-b6e9-51b7f0ca1ece" />
    <UnitTestResult executionId="521e988c-ef18-4459-86f5-77cf48f0b538" testId="19d4dd52-ce83-89e9-b0d7-9e9b2d60311b" testName="SpdxDocument_DeepCopy_CreatesEqualButDistinctInstance" computerName="runnervmymu0l" duration="00:00:00.0247029" startTime="2026-01-27T18:55:19.9427752+00:00" endTime="2026-01-27T18:55:19.9675484+00:00" testType="13cdc9d9-ddb5-4fa4-a97d-d965ccfc6d4b" outcome="Passed" testListId="8c84fa94-04c1-424b-9868-57a2d4851a1d" relativeResultsDirectory="521e988c-ef18-4459-86f5-77cf48f0b538" />
    <UnitTestResult executionId="79da024e-c99f-4233-b70d-2434a4697d63" testId="19c537a8-d2a8-8c8f-b311-c9898ecf62f2" testName="SpdxChecksum_DeepCopy_CreatesEqualButDistinctInstance" computerName="runnervmymu0l" duration="00:00:00.0019718" startTime="2026-01-27T18:55:19.9332171+00:00" endTime="2026-01-27T18:55:19.9352465+00:00" testType="13cdc9d9-ddb5-4fa4-a97d-d965ccfc6d4b" outcome="Passed" testListId="8c84fa94-04c1-424b-9868-57a2d4851a1d" relativeResultsDirectory="79da024e-c99f-4233-b70d-2434a4697d63" />
    <UnitTestResult executionId="0f8b4a7e-6478-4834-9f6a-4cf8f451f388" testId="1aa0f992-74a8-841e-9f19-aa78077b968e" testName="SpdxDocument_Validate_BadRelationship" computerName="runnervmymu0l" duration="00:00:00.0002345" startTime="2026-01-27T18:55:19.9963937+00:00" endTime="2026-01-27T18:55:19.9966701+00:00" testType="13cdc9d9-ddb5-4fa4-a97d-d965ccfc6d4b" outcome="Passed" testListId="8c84fa94-04c1-424b-9868-57a2d4851a1d" relativeResultsDirectory="0f8b4a7e-6478-4834-9f6a-4cf8f451f388" />
    <UnitTestResult executionId="fde750f3-0f71-490d-83a0-a0343ef07e1c" testId="129d5f29-a381-80a2-8770-ce6042156e6f" testName="SpdxExternalDocumentReference_Enhance_AddsOrUpdatesInformationCorrectly" computerName="runnervmymu0l" duration="00:00:00.0017241" startTime="2026-01-27T18:55:20.0001510+00:00" endTime="2026-01-27T18:55:20.0020060+00:00" testType="13cdc9d9-ddb5-4fa4-a97d-d965ccfc6d4b" outcome="Passed" testListId="8c84fa94-04c1-424b-9868-57a2d4851a1d" relativeResultsDirectory="fde750f3-0f71-490d-83a0-a0343ef07e1c" />
    <UnitTestResult executionId="b1a41394-e8b5-416d-88d5-c3cf066aaf38" testId="11be6d26-bc93-8f30-a578-ad49d077553a" testName="SpdxFile_DeepCopy_CreatesEqualButDistinctInstance" computerName="runnervmymu0l" duration="00:00:00.0013870" startTime="2026-01-27T18:55:20.0076414+00:00" endTime="2026-01-27T18:55:20.0090728+00:00" testType="13cdc9d9-ddb5-4fa4-a97d-d965ccfc6d4b" outcome="Passed" testListId="8c84fa94-04c1-424b-9868-57a2d4851a1d" relativeResultsDirectory="b1a41394-e8b5-416d-88d5-c3cf066aaf38" />
    <UnitTestResult executionId="eeeedebe-e63b-4d36-8e0d-43777e663eb2" testId="1c8a9305-f557-8c98-bcc7-f6700023cb01" testName="SpdxFileTypeExtensions_FromText_Invalid" computerName="runnervmymu0l" duration="00:00:00.0002800" startTime="2026-01-27T18:55:20.0099616+00:00" endTime="2026-01-27T18:55:20.0102840+00:00" testType="13cdc9d9-ddb5-4fa4-a97d-d965ccfc6d4b" outcome="Passed" testListId="8c84fa94-04c1-424b-9868-57a2d4851a1d" relativeResultsDirectory="eeeedebe-e63b-4d36-8e0d-43777e663eb2" />
    <UnitTestResult executionId="eb44b657-5113-4783-bfae-dec564fe7e86" testId="12660957-3942-8b4e-bb83-ee3584906dc0" testName="SpdxChecksum_Enhance_AddsOrUpdatesInformationCorrectly" computerName="runnervmymu0l" duration="00:00:00.0020306" startTime="2026-01-27T18:55:19.9344990+00:00" endTime="2026-01-27T18:55:19.9365826+00:00" testType="13cdc9d9-ddb5-4fa4-a97d-d965ccfc6d4b" outcome="Passed" testListId="8c84fa94-04c1-424b-9868-57a2d4851a1d" relativeResultsDirectory="eb44b657-5113-4783-bfae-dec564fe7e86" />
    <UnitTestResult executionId="aadb058a-d7e3-4872-ac88-db9d70f1a253" testId="10dbdd06-c349-8797-a1d8-45159b85eb5b" testName="SpdxReferenceCategoryExtensions_FromText_Invalid" computerName="runnervmymu0l" duration="00:00:00.0002452" startTime="2026-01-27T18:55:20.0044903+00:00" endTime="2026-01-27T18:55:20.0047828+00:00" testType="13cdc9d9-ddb5-4fa4-a97d-d965ccfc6d4b" outcome="Passed" testListId="8c84fa94-04c1-424b-9868-57a2d4851a1d" relativeResultsDirectory="aadb058a-d7e3-4872-ac88-db9d70f1a253" />
    <UnitTestResult executionId="8d5e51e9-0407-490a-bd49-a20a7fbbfadd" testId="18b3d504-8341-85cd-a595-8541188dd6ae" testName="SpdxExternalDocumentReference_Validate_MissingId" computerName="runnervmymu0l" duration="00:00:00.0005213" startTime="2026-01-27T18:55:20.0002014+00:00" endTime="2026-01-27T18:55:20.0007787+00:00" testType="13cdc9d9-ddb5-4fa4-a97d-d965ccfc6d4b" outcome="Passed" testListId="8c84fa94-04c1-424b-9868-57a2d4851a1d" relativeResultsDirectory="8d5e51e9-0407-490a-bd49-a20a7fbbfadd" />
    <UnitTestResult executionId="e7441d7f-a3a2-4d9a-8638-e06b684a2c07" testId="11938712-a070-8718-b31d-d0a1cfec33fb" testName="SpdxRelationshipTypeExtensions_FromText_Valid" computerName="runnervmymu0l" duration="00:00:00.0009812" startTime="2026-01-27T18:55:20.0182308+00:00" endTime="2026-01-27T18:55:20.0192596+00:00" testType="13cdc9d9-ddb5-4fa4-a97d-d965ccfc6d4b" outcome="Passed" testListId="8c84fa94-04c1-424b-9868-57a2d4851a1d" relativeResultsDirectory="e7441d7f-a3a2-4d9a-8638-e06b684a2c07" />
    <UnitTestResult executionId="ed1e6444-0f41-44f3-be63-17600912d37a" testId="18720c26-19cf-84ec-ab7a-cb987d343755" testName="SpdxPackageVerificationCode_DeepCopy_CreatesEqualButDistinctInstance" computerName="runnervmymu0l" duration="00:00:00.0009333" startTime="2026-01-27T18:55:20.0145132+00:00" endTime="2026-01-27T18:55:20.0154808+00:00" testType="13cdc9d9-ddb5-4fa4-a97d-d965ccfc6d4b" outcome="Passed" testListId="8c84fa94-04c1-424b-9868-57a2d4851a1d" relativeResultsDirectory="ed1e6444-0f41-44f3-be63-17600912d37a" />
    <UnitTestResult executionId="9b1aa512-902a-45f8-be76-15b097b8250c" testId="1ba70e39-44ec-8c14-841c-97e4fa1e6c51" testName="SpdxExternalReference_Validate_BadLocator" computerName="runnervmymu0l" duration="00:00:00.0002718" startTime="2026-01-27T18:55:20.0032063+00:00" endTime="2026-01-27T18:55:20.0035199+00:00" testType="13cdc9d9-ddb5-4fa4-a97d-d965ccfc6d4b" outcome="Passed" testListId="8c84fa94-04c1-424b-9868-57a2d4851a1d" relativeResultsDirectory="9b1aa512-902a-45f8-be76-15b097b8250c" />
    <UnitTestResult executionId="e54c6e6f-43a3-4962-8783-c3ffd13ef99c" testId="130d876f-b201-857e-9743-819023253e74" testName="SpdxAnnotation_Enhance_AddsOrUpdatesInformationCorrectly" computerName="runnervmymu0l" duration="00:00:00.0092784" startTime="2026-01-27T18:55:19.8213929+00:00" endTime="2026-01-27T18:55:19.8489864+00:00" testType="13cdc9d9-ddb5-4fa4-a97d-d965ccfc6d4b" outcome="Passed" testListId="8c84fa94-04c1-424b-9868-57a2d4851a1d" relativeResultsDirectory="e54c6e6f-43a3-4962-8783-c3ffd13ef99c" />
    <UnitTestResult executionId="ef853268-a8a1-4866-a87e-a4c2ca7de9b2" testId="1e3a72d7-b077-8f04-a3f6-c8554ffb57e8" testName="SpdxRelationships_AddSingle_Duplicate" computerName="runnervmymu0l" duration="00:00:00.0011722" startTime="2026-01-27T18:55:20.0230656+00:00" endTime="2026-01-27T18:55:20.0242892+00:00" testType="13cdc9d9-ddb5-4fa4-a97d-d965ccfc6d4b" outcome="Passed" testListId="8c84fa94-04c1-424b-9868-57a2d4851a1d" relativeResultsDirectory="ef853268-a8a1-4866-a87e-a4c2ca7de9b2" />
    <UnitTestResult executionId="616abe92-ee1d-48a7-8c60-d3559abd04ea" testId="175d244e-1a65-847e-bc73-1f0d71fa5508" testName="SpdxDocument_Validate_NoIssues" computerName="runnervmymu0l" duration="00:00:00.0496808" startTime="2026-01-27T18:55:19.9455084+00:00" endTime="2026-01-27T18:55:19.9952397+00:00" testType="13cdc9d9-ddb5-4fa4-a97d-d965ccfc6d4b" outcome="Passed" testListId="8c84fa94-04c1-424b-9868-57a2d4851a1d" relativeResultsDirectory="616abe92-ee1d-48a7-8c60-d3559abd04ea" />
    <UnitTestResult executionId="c308e3bc-a890-4ff3-8790-ce2ed992d8c4" testId="1c4cb692-8a0b-8749-b059-5dcbfddb32e0" testName="SpdxFileTypeExtensions_ToText_Valid" computerName="runnervmymu0l" duration="00:00:00.0004241" startTime="2026-01-27T18:55:20.0103088+00:00" endTime="2026-01-27T18:55:20.0107767+00:00" testType="13cdc9d9-ddb5-4fa4-a97d-d965ccfc6d4b" outcome="Passed" testListId="8c84fa94-04c1-424b-9868-57a2d4851a1d" relativeResultsDirectory="c308e3bc-a890-4ff3-8790-ce2ed992d8c4" />
    <UnitTestResult executionId="d7f4f2a9-70e5-4adc-b873-3159011a973e" testId="18eebb03-ae87-8312-b232-c85b37ad1cb6" testName="Spdx2JsonSerializer_SerializeAnnotations_CorrectResults" computerName="runnervmymu0l" duration="00:00:00.0011988" startTime="2026-01-27T18:55:20.0740044+00:00" endTime="2026-01-27T18:55:20.0752470+00:00" testType="13cdc9d9-ddb5-4fa4-a97d-d965ccfc6d4b" outcome="Passed" testListId="8c84fa94-04c1-424b-9868-57a2d4851a1d" relativeResultsDirectory="d7f4f2a9-70e5-4adc-b873-3159011a973e" />
    <UnitTestResult executionId="5a7af416-8445-4b83-927c-9c3693debf1d" testId="10b21616-fc30-8a4c-ad2d-7d82986a9c52" testName="SpdxReferenceCategoryExtensions_FromText_Valid" computerName="runnervmymu0l" duration="00:00:00.0002480" startTime="2026-01-27T18:55:20.0044530+00:00" endTime="2026-01-27T18:55:20.0047564+00:00" testType="13cdc9d9-ddb5-4fa4-a97d-d965ccfc6d4b" outcome="Passed" testListId="8c84fa94-04c1-424b-9868-57a2d4851a1d" relativeResultsDirectory="5a7af416-8445-4b83-927c-9c3693debf1d" />
    <UnitTestResult executionId="85b32c1e-23ec-4208-b4ae-a9cfba1278f3" testId="157d6db4-795f-80f6-989a-1c777c1e48b7" testName="Spdx2JsonDeserializer_Deserialize_ValidSpdx22JsonReturnsExpectedDocument" computerName="runnervmymu0l" duration="00:00:00.0070106" startTime="2026-01-27T18:55:20.0243295+00:00" endTime="2026-01-27T18:55:20.0314220+00:00" testType="13cdc9d9-ddb5-4fa4-a97d-d965ccfc6d4b" outcome="Passed" testListId="8c84fa94-04c1-424b-9868-57a2d4851a1d" relativeResultsDirectory="85b32c1e-23ec-4208-b4ae-a9cfba1278f3" />
    <UnitTestResult executionId="08ae14cc-0d57-4b63-b1c1-f41f3235f8a4" testId="166a80aa-0d79-8793-be12-5f2a1c364dbd" testName="Spdx2JsonDeserializer_DeserializeDocument_CorrectResults" computerName="runnervmymu0l" duration="00:00:00.0358399" startTime="2026-01-27T18:55:20.0335611+00:00" endTime="2026-01-27T18:55:20.0694776+00:00" testType="13cdc9d9-ddb5-4fa4-a97d-d965ccfc6d4b" outcome="Passed" testListId="8c84fa94-04c1-424b-9868-57a2d4851a1d" relativeResultsDirectory="08ae14cc-0d57-4b63-b1c1-f41f3235f8a4" />
    <UnitTestResult executionId="10a1f4bd-731e-4a07-82e1-54ffab484872" testId="1da7f0a8-12d3-8eb5-84b5-e79abbdd6cbe" testName="SpdxSnippet_DeepCopy_CreatesEqualButDistinctInstance" computerName="runnervmymu0l" duration="00:00:00.0003823" startTime="2026-01-27T18:55:20.0192916+00:00" endTime="2026-01-27T18:55:20.0197462+00:00" testType="13cdc9d9-ddb5-4fa4-a97d-d965ccfc6d4b" outcome="Passed" testListId="8c84fa94-04c1-424b-9868-57a2d4851a1d" relativeResultsDirectory="10a1f4bd-731e-4a07-82e1-54ffab484872" />
    <UnitTestResult executionId="bbcac794-18b8-4b4f-96a7-7f9a23aefb2e" testId="1614b4dc-bfaf-8f38-936d-1e9cd4d5c140" testName="SpdxExtractedLicensingInfo_Enhance_AddsOrUpdatesInformationCorrectly" computerName="runnervmymu0l" duration="00:00:00.0025511" startTime="2026-01-27T18:55:20.0068229+00:00" endTime="2026-01-27T18:55:20.0094228+00:00" testType="13cdc9d9-ddb5-4fa4-a97d-d965ccfc6d4b" outcome="Passed" testListId="8c84fa94-04c1-424b-9868-57a2d4851a1d" relativeResultsDirectory="bbcac794-18b8-4b4f-96a7-7f9a23aefb2e" />
    <UnitTestResult executionId="5287d4e5-3423-4186-ac8f-0e789b44eb7b" testId="1f336b57-870e-8b34-abe6-1b823b17fddd" testName="Spdx2JsonSerializer_SerializePackageVerificationCode_CorrectResults" computerName="runnervmymu0l" duration="00:00:00.0005187" startTime="2026-01-27T18:55:20.0881254+00:00" endTime="2026-01-27T18:55:20.0887681+00:00" testType="13cdc9d9-ddb5-4fa4-a97d-d965ccfc6d4b" outcome="Passed" testListId="8c84fa94-04c1-424b-9868-57a2d4851a1d" relativeResultsDirectory="5287d4e5-3423-4186-ac8f-0e789b44eb7b" />
    <UnitTestResult executionId="48006b68-d2bc-4634-b5c5-5ed906d6e560" testId="1f24778d-9f77-82a3-8f08-a86c630259fa" testName="SpdxPackage_Validate_BadOriginator" computerName="runnervmymu0l" duration="00:00:00.0001949" startTime="2026-01-27T18:55:20.0132625+00:00" endTime="2026-01-27T18:55:20.0135137+00:00" testType="13cdc9d9-ddb5-4fa4-a97d-d965ccfc6d4b" outcome="Passed" testListId="8c84fa94-04c1-424b-9868-57a2d4851a1d" relativeResultsDirectory="48006b68-d2bc-4634-b5c5-5ed906d6e560" />
    <UnitTestResult executionId="2a0d0397-bdaf-4c7d-b238-44676a2a1b71" testId="11fe3cf3-294b-8558-9fe0-695924a63994" testName="Spdx2JsonDeserializer_DeserializeExternalReference_CorrectResults" computerName="runnervmymu0l" duration="00:00:00.0004215" startTime="2026-01-27T18:55:20.0340020+00:00" endTime="2026-01-27T18:55:20.0345007+00:00" testType="13cdc9d9-ddb5-4fa4-a97d-d965ccfc6d4b" outcome="Passed" testListId="8c84fa94-04c1-424b-9868-57a2d4851a1d" relativeResultsDirectory="2a0d0397-bdaf-4c7d-b238-44676a2a1b71" />
    <UnitTestResult executionId="4c1624e9-fd2b-4f30-b2b0-8c875b959647" testId="124b87a1-28b3-8615-bf7c-0594b97dfce3" testName="SpdxRelationship_Validate_MissingRelationship" computerName="runnervmymu0l" duration="00:00:00.0003230" startTime="2026-01-27T18:55:20.0182059+00:00" endTime="2026-01-27T18:55:20.0185843+00:00" testType="13cdc9d9-ddb5-4fa4-a97d-d965ccfc6d4b" outcome="Passed" testListId="8c84fa94-04c1-424b-9868-57a2d4851a1d" relativeResultsDirectory="4c1624e9-fd2b-4f30-b2b0-8c875b959647" />
    <UnitTestResult executionId="44ebb3f3-c140-4f68-a214-85247963f74c" testId="12b14a86-c6d7-83be-85e0-0902a78c92ef" testName="SpdxDocument_GetElement_Correct" computerName="runnervmymu0l" duration="00:00:00.0017163" startTime="2026-01-27T18:55:19.9990142+00:00" endTime="2026-01-27T18:55:20.0007787+00:00" testType="13cdc9d9-ddb5-4fa4-a97d-d965ccfc6d4b" outcome="Passed" testListId="8c84fa94-04c1-424b-9868-57a2d4851a1d" relativeResultsDirectory="44ebb3f3-c140-4f68-a214-85247963f74c" />
    <UnitTestResult executionId="db316302-d42b-4b8a-b400-171dd6d15816" testId="1084df62-de08-830d-be33-1d22265e272a" testName="SpdxCreationInformation_DeepCopy_CreatesEqualButDistinctInstance" computerName="runnervmymu0l" duration="00:00:00.0024101" startTime="2026-01-27T18:55:19.9388817+00:00" endTime="2026-01-27T18:55:19.9413968+00:00" testType="13cdc9d9-ddb5-4fa4-a97d-d965ccfc6d4b" outcome="Passed" testListId="8c84fa94-04c1-424b-9868-57a2d4851a1d" relativeResultsDirectory="db316302-d42b-4b8a-b400-171dd6d15816" />
    <UnitTestResult executionId="7d65d802-60bd-4406-a02c-f01962cb6405" testId="1d5d6d66-8718-885a-b2d1-b5d6f7f000f9" testName="SpdxPackage_Validate_BadSupplier" computerName="runnervmymu0l" duration="00:00:00.0001507" startTime="2026-01-27T18:55:20.0131960+00:00" endTime="2026-01-27T18:55:20.0133946+00:00" testType="13cdc9d9-ddb5-4fa4-a97d-d965ccfc6d4b" outcome="Passed" testListId="8c84fa94-04c1-424b-9868-57a2d4851a1d" relativeResultsDirectory="7d65d802-60bd-4406-a02c-f01962cb6405" />
    <UnitTestResult executionId="bcd24543-755d-4a09-93ec-5008c880af88" testId="12cadb8c-33df-8551-9b4b-f31ee316a365" testName="Spdx2JsonSerializer_SerializeChecksums_CorrectResults" computerName="runnervmymu0l" duration="00:00:00.0004733" startTime="2026-01-27T18:55:20.0752709+00:00" endTime="2026-01-27T18:55:20.0757893+00:00" testType="13cdc9d9-ddb5-4fa4-a97d-d965ccfc6d4b" outcome="Passed" testListId="8c84fa94-04c1-424b-9868-57a2d4851a1d" relativeResultsDirectory="bcd24543-755d-4a09-93ec-5008c880af88" />
    <UnitTestResult executionId="77920f0b-c2a3-487d-a0b1-ecb5929f888a" testId="1d2d2296-6491-8bf9-81fb-dba1267ab84f" testName="Spdx2JsonSerializer_SerializeCreationInformation_CorrectResults" computerName="runnervmymu0l" duration="00:00:00.0005550" startTime="2026-01-27T18:55:20.0756037+00:00" endTime="2026-01-27T18:55:20.0762487+00:00" testType="13cdc9d9-ddb5-4fa4-a97d-d965ccfc6d4b" outcome="Passed" testListId="8c84fa94-04c1-424b-9868-57a2d4851a1d" relativeResultsDirectory="77920f0b-c2a3-487d-a0b1-ecb5929f888a" />
    <UnitTestResult executionId="ca5c5f2e-0491-497e-87b9-3b57494ef1c6" testId="1aff29c2-b17a-84ab-94a4-5c4a165c06cf" testName="SpdxRelationship_Validate_MissingId" computerName="runnervmymu0l" duration="00:00:00.0003486" startTime="2026-01-27T18:55:20.0167802+00:00" endTime="2026-01-27T18:55:20.0171871+00:00" testType="13cdc9d9-ddb5-4fa4-a97d-d965ccfc6d4b" outcome="Passed" testListId="8c84fa94-04c1-424b-9868-57a2d4851a1d" relativeResultsDirectory="ca5c5f2e-0491-497e-87b9-3b57494ef1c6" />
    <UnitTestResult executionId="017346ab-b636-448e-8fab-1469a06e6386" testId="166385d2-933d-8dbd-bc86-756a09420b4c" testName="SpdxPackage_Validate_MissingPackageName" computerName="runnervmymu0l" duration="00:00:00.0001433" startTime="2026-01-27T18:55:20.0127726+00:00" endTime="2026-01-27T18:55:20.0129688+00:00" testType="13cdc9d9-ddb5-4fa4-a97d-d965ccfc6d4b" outcome="Passed" testListId="8c84fa94-04c1-424b-9868-57a2d4851a1d" relativeResultsDirectory="017346ab-b636-448e-8fab-1469a06e6386" />
    <UnitTestResult executionId="458be6be-4c40-4da5-bb67-7bea948cd11b" testId="197cdd9e-2788-8884-b24b-7fa61dc45300" testName="SpdxExternalDocumentReference_SameComparer_ComparesCorrectly" computerName="runnervmymu0l" duration="00:00:00.0004274" startTime="2026-01-27T18:55:19.9995709+00:00" endTime="2026-01-27T18:55:20.0000996+00:00" testType="13cdc9d9-ddb5-4fa4-a97d-d965ccfc6d4b" outcome="Passed" testListId="8c84fa94-04c1-424b-9868-57a2d4851a1d" relativeResultsDirectory="458be6be-4c40-4da5-bb67-7bea948cd11b" />
    <UnitTestResult executionId="ab342e3d-a88f-4f86-8776-4e6a11ad1e5e" testId="1d8b23b6-cf8d-885f-acce-39004b5a4305" testName="SpdxFile_Enhance_AddsOrUpdatesInformationCorrectly" computerName="runnervmymu0l" duration="00:00:00.0025850" startTime="2026-01-27T18:55:20.0078261+00:00" endTime="2026-01-27T18:55:20.0104583+00:00" testType="13cdc9d9-ddb5-4fa4-a97d-d965ccfc6d4b" outcome="Passed" testListId="8c84fa94-04c1-424b-9868-57a2d4851a1d" relativeResultsDirectory="ab342e3d-a88f-4f86-8776-4e6a11ad1e5e" />
    <UnitTestResult executionId="1ab0ca1f-3b82-43ee-8904-61260f82d17f" testId="15e34a12-7d13-83db-8ad2-22801449695f" testName="Spdx2JsonSerializer_SerializeSnippet_CorrectResults" computerName="runnervmymu0l" duration="00:00:00.0011025" startTime="2026-01-27T18:55:20.0902193+00:00" endTime="2026-01-27T18:55:20.0914189+00:00" testType="13cdc9d9-ddb5-4fa4-a97d-d965ccfc6d4b" outcome="Passed" testListId="8c84fa94-04c1-424b-9868-57a2d4851a1d" relativeResultsDirectory="1ab0ca1f-3b82-43ee-8904-61260f82d17f" />
  </Results>
  <TestDefinitions>
    <UnitTest name="SpdxAnnotation_Validate_BadDate" storage="/home/runner/work/spdxmodel/spdxmodel/test/demaconsulting.spdxmodel.tests/bin/debug/net9.0/demaconsulting.spdxmodel.tests.dll" id="10c023d1-6bed-822b-943e-93e894952a93">
      <Execution id="7f4ac63a-693c-4add-98f4-a22f6e5a9691" />
      <TestMethod codeBase="/home/runner/work/SpdxModel/SpdxModel/test/DemaConsulting.SpdxModel.Tests/bin/Debug/net9.0/DemaConsulting.SpdxModel.Tests.dll" adapterTypeName="executor://mstestadapter/v4" className="DemaConsulting.SpdxModel.Tests.SpdxAnnotationTests" name="SpdxAnnotation_Validate_BadDate" />
    </UnitTest>
    <UnitTest name="Spdx2JsonSerializer_SerializeFile_CorrectResults" storage="/home/runner/work/spdxmodel/spdxmodel/test/demaconsulting.spdxmodel.tests/bin/debug/net9.0/demaconsulting.spdxmodel.tests.dll" id="1d0142e9-2eb9-8de1-af4e-86429e6dc7c9">
      <Execution id="8a74ea81-8948-4769-a341-df9a3e8e78f5" />
      <TestMethod codeBase="/home/runner/work/SpdxModel/SpdxModel/test/DemaConsulting.SpdxModel.Tests/bin/Debug/net9.0/DemaConsulting.SpdxModel.Tests.dll" adapterTypeName="executor://mstestadapter/v4" className="DemaConsulting.SpdxModel.Tests.IO.Spdx2JsonSerializeFile" name="Spdx2JsonSerializer_SerializeFile_CorrectResults" />
    </UnitTest>
    <UnitTest name="SpdxRelationships_AddMultiple_Success" storage="/home/runner/work/spdxmodel/spdxmodel/test/demaconsulting.spdxmodel.tests/bin/debug/net9.0/demaconsulting.spdxmodel.tests.dll" id="158b3777-917f-8124-93fe-439c1a663041">
      <Execution id="5a2892cb-a709-4209-b75a-d716506cfb02" />
[...]
    <TestEntry testId="183281df-c9f2-8041-9ac4-ff684bb99c55" executionId="1536ac72-aab7-4287-bfeb-2363e62735e6" testListId="8c84fa94-04c1-424b-9868-57a2d4851a1d" />
    <TestEntry testId="165ae2e3-2167-83c0-925e-3a9e4850948c" executionId="2bd65840-9910-4a9b-b56e-772ec086acf9" testListId="8c84fa94-04c1-424b-9868-57a2d4851a1d" />
    <TestEntry testId="17e9314e-4603-8dad-b4ad-58fadfbcaaf4" executionId="9427e603-7c54-459b-994f-a16f29328433" testListId="8c84fa94-04c1-424b-9868-57a2d4851a1d" />
    <TestEntry testId="1a079fcb-8eff-86b2-a714-6b4633431050" executionId="4cfdf95e-e6e1-4aa7-892a-afd80e8ecc94" testListId="8c84fa94-04c1-424b-9868-57a2d4851a1d" />
    <TestEntry testId="1efcc640-8ee9-85ea-8e4f-31e58918e56a" executionId="1e57235c-caef-48ff-96f3-97b1f4efe13c" testListId="8c84fa94-04c1-424b-9868-57a2d4851a1d" />
    <TestEntry testId="1ff07024-c7b4-82bc-991e-7265fb6d730b" executionId="143a2478-2e14-4268-9af9-3cb9d06b97d8" testListId="8c84fa94-04c1-424b-9868-57a2d4851a1d" />
    <TestEntry testId="1379950e-46c8-8335-a14f-e9d9b9353f67" executionId="30e50fe6-42d5-4e8b-8b18-ab1f78ac48c0" testListId="8c84fa94-04c1-424b-9868-57a2d4851a1d" />
    <TestEntry testId="128d5147-8b69-8afb-a135-0f5950f3178d" executionId="f9cea858-12af-4197-8830-20393acfb4dc" testListId="8c84fa94-04c1-424b-9868-57a2d4851a1d" />
    <TestEntry testId="1e4f281b-50a8-843a-8848-42c0930b7c25" executionId="55ec766a-3c13-479a-bdfd-2a7aeba164f9" testListId="8c84fa94-04c1-424b-9868-57a2d4851a1d" />
    <TestEntry testId="1f9143d0-7f41-8cce-b2da-382cb6565211" executionId="836ec108-87bb-498a-aac0-e5d599759457" testListId="8c84fa94-04c1-424b-9868-57a2d4851a1d" />
    <TestEntry testId="1b26917d-62ef-811d-9abb-40627c5a096f" executionId="7c300190-dc3b-42c3-bada-6f85127f8092" testListId="8c84fa94-04c1-424b-9868-57a2d4851a1d" />
    <TestEntry testId="1462821d-ea3b-8da9-bd97-ee8321085e04" executionId="ffbf9f12-6daa-49ad-a2cf-8a501a242b69" testListId="8c84fa94-04c1-424b-9868-57a2d4851a1d" />
    <TestEntry testId="1d04dc18-53f2-84d0-ba64-26269d410ba6" executionId="7d1a1e0f-c558-4dbf-a7c6-35875141729d" testListId="8c84fa94-04c1-424b-9868-57a2d4851a1d" />
    <TestEntry testId="11b82d60-e358-87fa-92d3-a97bc45e5b03" executionId="79d5b894-05e4-49de-aff3-89101fc0862d" testListId="8c84fa94-04c1-424b-9868-57a2d4851a1d" />
    <TestEntry testId="16f9f850-579d-8831-a1c5-a5142f7feaa6" executionId="01d97dd4-028c-42b4-b6a2-38c2e0248a6e" testListId="8c84fa94-04c1-424b-9868-57a2d4851a1d" />
    <TestEntry testId="132e80b6-485e-8883-8934-9f32a7b40743" executionId="44f03e98-6b59-4d74-b7ce-92cfd9167701" testListId="8c84fa94-04c1-424b-9868-57a2d4851a1d" />
    <TestEntry testId="11f92a80-54b8-82aa-80f2-783cf3e5a53e" executionId="2e212c8c-0342-49d7-b2d8-48072d58765f" testListId="8c84fa94-04c1-424b-9868-57a2d4851a1d" />
    <TestEntry testId="165e3a0c-7e19-855b-b7fb-196b6d49b20c" executionId="cea86a92-df32-44a9-a244-83fcdc291212" testListId="8c84fa94-04c1-424b-9868-57a2d4851a1d" />
    <TestEntry testId="131d4428-eeee-82f7-8b4d-f66fc6821052" executionId="e9178545-4559-45b5-a02f-af2a4c5fb2fe" testListId="8c84fa94-04c1-424b-9868-57a2d4851a1d" />
    <TestEntry testId="1c13f220-5dc9-8fcd-b2a8-10e37fb972b0" executionId="eedbbb5c-4fa8-4da0-8259-a61818a2bae3" testListId="8c84fa94-04c1-424b-9868-57a2d4851a1d" />
    <TestEntry testId="129b3c8f-8676-80cc-8878-6ab8f1942a6c" executionId="74eb46b1-9367-4fc7-a530-bbee1f94fe31" testListId="8c84fa94-04c1-424b-9868-57a2d4851a1d" />
    <TestEntry testId="11a711e8-9abf-810b-8b8b-9688b4a33a96" executionId="ecb3542c-cd25-43ea-a652-26299960d9da" testListId="8c84fa94-04c1-424b-9868-57a2d4851a1d" />
    <TestEntry testId="1f8cd1b7-5d6b-8e26-aa84-014b3b7d68cb" executionId="4441385a-bdfa-4857-980b-fdb7095f6001" testListId="8c84fa94-04c1-424b-9868-57a2d4851a1d" />
    <TestEntry testId="1c075734-e1c8-803c-845c-96dbe005ade9" executionId="7714aa50-8e29-489f-9df2-54fcf94e7ae0" testListId="8c84fa94-04c1-424b-9868-57a2d4851a1d" />
    <TestEntry testId="1b95d6ad-74ca-816e-b18f-f13d3537c18f" executionId="04ab7e80-5079-4475-839d-2250b0221d63" testListId="8c84fa94-04c1-424b-9868-57a2d4851a1d" />
    <TestEntry testId="10d6825b-2135-82f9-9a23-db042e398625" executionId="0f461e19-5fbf-4777-9032-b324a698a8e6" testListId="8c84fa94-04c1-424b-9868-57a2d4851a1d" />
    <TestEntry testId="1b902f72-c7f7-83f4-b77d-f61f1b0b2e1a" executionId="d4788e02-113c-466f-a42a-26ed9a29d4e2" testListId="8c84fa94-04c1-424b-9868-57a2d4851a1d" />
    <TestEntry testId="136d1cd8-a48b-85df-b64f-a4f2c5d98e96" executionId="daa07dd1-863a-47e7-8878-80643590d19c" testListId="8c84fa94-04c1-424b-9868-57a2d4851a1d" />
    <TestEntry testId="1d4b1996-8cfb-8327-a246-c54252e4e8cf" executionId="362d9f57-55a3-4915-ad78-4676fae32f38" testListId="8c84fa94-04c1-424b-9868-57a2d4851a1d" />
    <TestEntry testId="12569999-5b31-8698-b880-8d9dff69fe76" executionId="f6b5ce9d-f76d-42d2-bf4b-b5e1ad7bfb11" testListId="8c84fa94-04c1-424b-9868-57a2d4851a1d" />
    <TestEntry testId="1acf5af5-30c5-887b-8f1c-6a1fc26e2608" executionId="bcb30d8a-134e-4748-8cb8-dbac4e0241e4" testListId="8c84fa94-04c1-424b-9868-57a2d4851a1d" />
    <TestEntry testId="12da8660-25b4-886c-955a-db691e3cb91d" executionId="46107778-00d2-458f-987a-eb10259989a9" testListId="8c84fa94-04c1-424b-9868-57a2d4851a1d" />
    <TestEntry testId="1fd3c3da-3e96-8e78-8a28-048e923622c5" executionId="a4e5a66b-08b4-4d04-a4dc-e18812468962" testListId="8c84fa94-04c1-424b-9868-57a2d4851a1d" />
    <TestEntry testId="19ac30b5-ca40-83d7-bbe4-cf6cfc4b33fd" executionId="bf8b1891-8691-4d8b-abc1-66dbd6559809" testListId="8c84fa94-04c1-424b-9868-57a2d4851a1d" />
    <TestEntry testId="1cadfd1a-91cc-87b0-91e5-b37f99689944" executionId="ba6f3e6f-f970-45e3-91da-3d2925aa85dc" testListId="8c84fa94-04c1-424b-9868-57a2d4851a1d" />
    <TestEntry testId="1a8b76bf-709b-8ea8-9fa4-d6facbb5e028" executionId="593c4adf-58c5-4601-97fb-319421ca90da" testListId="8c84fa94-04c1-424b-9868-57a2d4851a1d" />
    <TestEntry testId="199d3421-a4d0-84ce-9ef0-e785118d15e3" executionId="71e03299-e485-47b6-b1ec-51fe82bf9985" testListId="8c84fa94-04c1-424b-9868-57a2d4851a1d" />
    <TestEntry testId="146f9c9a-33d3-826a-ae0b-8ac7bc137e35" executionId="a910e514-8fe8-4128-8509-3767e908bdbd" testListId="8c84fa94-04c1-424b-9868-57a2d4851a1d" />
    <TestEntry testId="1343d463-2ef5-84b7-9c50-c03edf7a4764" executionId="24db6f0a-37ff-403e-818c-916356647451" testListId="8c84fa94-04c1-424b-9868-57a2d4851a1d" />
    <TestEntry testId="1cfaf624-e048-8c37-866a-157762dcdb21" executionId="a499935c-716d-4969-8947-46892389dc84" testListId="8c84fa94-04c1-424b-9868-57a2d4851a1d" />
    <TestEntry testId="1af4906f-0ca8-865d-a78f-7dac7e88edff" executionId="b230057b-379c-4477-aafa-7ba0a1ea6c21" testListId="8c84fa94-04c1-424b-9868-57a2d4851a1d" />
    <TestEntry testId="1f9919f3-0533-8f9f-b837-3ac09121288f" executionId="d162f2b3-09c1-448d-9060-269bcba349de" testListId="8c84fa94-04c1-424b-9868-57a2d4851a1d" />
    <TestEntry testId="18c99063-6ecf-86f7-9d39-0e6ae8387ca1" executionId="663da527-2b9a-4d85-8357-3537608a2674" testListId="8c84fa94-04c1-424b-9868-57a2d4851a1d" />
    <TestEntry testId="1be102f3-39f6-8104-9f64-5ae269af140e" executionId="d877a89f-6994-4ee8-b40f-1a927a75de89" testListId="8c84fa94-04c1-424b-9868-57a2d4851a1d" />
    <TestEntry testId="1198ddae-c928-8697-9cf9-15de0aa98451" executionId="c8f3986b-43b6-40f4-b8b0-8101470150f5" testListId="8c84fa94-04c1-424b-9868-57a2d4851a1d" />
    <TestEntry testId="197c61b3-530b-815f-90fe-b1c6c007a400" executionId="4cdecc41-664f-4f5a-8c35-1cd44fb8c0db" testListId="8c84fa94-04c1-424b-9868-57a2d4851a1d" />
    <TestEntry testId="1689123e-4c8f-8750-b4b4-4cb665695820" executionId="dde004b9-e141-4b44-9daa-d2fda83fc21b" testListId="8c84fa94-04c1-424b-9868-57a2d4851a1d" />
    <TestEntry testId="1b230945-6314-8152-a041-8d853c6a2db5" executionId="62d8d5d2-4ac7-4b75-9cc2-d30622dbb8fd" testListId="8c84fa94-04c1-424b-9868-57a2d4851a1d" />
    <TestEntry testId="1824c194-cf7d-89a7-955e-65b2867a434c" executionId="be209a46-fbd8-437c-8cae-f496c1325568" testListId="8c84fa94-04c1-424b-9868-57a2d4851a1d" />
    <TestEntry testId="14311369-2b95-81e7-95cb-1f05f664e3db" executionId="6c36a7e0-0a6c-409d-beff-adced2a24aef" testListId="8c84fa94-04c1-424b-9868-57a2d4851a1d" />
    <TestEntry testId="183c87c3-a93c-8294-af2e-8a9ff9a83e94" executionId="0ceace8b-9728-40aa-89c7-3d6a045461cd" testListId="8c84fa94-04c1-424b-9868-57a2d4851a1d" />
    <TestEntry testId="16d23f2c-69a5-8885-9982-a02534626838" executionId="9fd4b32a-b6f3-40c8-a458-795704635d95" testListId="8c84fa94-04c1-424b-9868-57a2d4851a1d" />
    <TestEntry testId="1c01ee1c-8c0f-8a79-aff8-67e928567f85" executionId="374af9cd-8432-4a30-8001-e61006e37f0e" testListId="8c84fa94-04c1-424b-9868-57a2d4851a1d" />
    <TestEntry testId="11ad0f09-8619-8967-8733-daf78290820f" executionId="bc9bab28-28a2-4248-a3e6-bc8b70d8a120" testListId="8c84fa94-04c1-424b-9868-57a2d4851a1d" />
    <TestEntry testId="1a179bbd-79ba-8632-b789-b713dd933cfa" executionId="5a0db4ad-e9b7-479e-a219-95583517669b" testListId="8c84fa94-04c1-424b-9868-57a2d4851a1d" />
    <TestEntry testId="1e3b4449-ad6c-8b63-84ef-f9f91b381d64" executionId="33c5f2b4-8553-42f2-91ef-8773ea8266dd" testListId="8c84fa94-04c1-424b-9868-57a2d4851a1d" />
    <TestEntry testId="16453c30-7dfb-8ee9-b91a-c3cc6eb3fe83" executionId="a01fdf8b-8f0c-48b3-844f-1fda9ac11ef5" testListId="8c84fa94-04c1-424b-9868-57a2d4851a1d" />
    <TestEntry testId="1c979084-4dd0-85e5-a360-d3f90ed6c723" executionId="0e725406-b757-49f8-8b6b-56dcc26c0712" testListId="8c84fa94-04c1-424b-9868-57a2d4851a1d" />
    <TestEntry testId="158b3777-917f-8124-93fe-439c1a663041" executionId="5a2892cb-a709-4209-b75a-d716506cfb02" testListId="8c84fa94-04c1-424b-9868-57a2d4851a1d" />
    <TestEntry testId="13e5031a-98be-800e-b554-59274f4dc4c4" executionId="27557d59-48b1-4670-9a7f-6a5e2b5c6792" testListId="8c84fa94-04c1-424b-9868-57a2d4851a1d" />
    <TestEntry testId="1092f54f-4a0a-8f53-8950-bb51869ec5e4" executionId="5194f15b-edab-44a2-a544-f99514918c2a" testListId="8c84fa94-04c1-424b-9868-57a2d4851a1d" />
    <TestEntry testId="12cad19f-867c-81b8-8d3a-e40f6452fc78" executionId="c911377c-953b-4072-acd5-d43ce480b88a" testListId="8c84fa94-04c1-424b-9868-57a2d4851a1d" />
    <TestEntry testId="11387f1c-8ff5-8b12-bfef-86ccabcb7ca8" executionId="c308f775-c6f8-420e-969d-f95f25a0cc27" testListId="8c84fa94-04c1-424b-9868-57a2d4851a1d" />
    <TestEntry testId="1ab23d14-a536-8ffb-af2c-3cd293921b8d" executionId="a47bbd3b-8651-4ea3-b526-420cc6aaedde" testListId="8c84fa94-04c1-424b-9868-57a2d4851a1d" />
    <TestEntry testId="1044c061-5a31-89ed-9d9c-75dba938948a" executionId="a12b4205-7d00-42d2-ab34-9f37f2824a0e" testListId="8c84fa94-04c1-424b-9868-57a2d4851a1d" />
    <TestEntry testId="1c57075d-8c43-8a20-8e4f-9d126b0a9d40" executionId="7fb507b4-1f9e-4eff-974e-cf249b434f53" testListId="8c84fa94-04c1-424b-9868-57a2d4851a1d" />
    <TestEntry testId="15919b4f-c207-8e24-82e6-87b3afc475dc" executionId="b161437b-5a43-46fb-b4ca-4cee0e8dfc31" testListId="8c84fa94-04c1-424b-9868-57a2d4851a1d" />
    <TestEntry testId="19745b8c-8d97-88e2-981f-09ce3dec13d4" executionId="0fc14c16-9b6e-4d53-b998-8e93ea513959" testListId="8c84fa94-04c1-424b-9868-57a2d4851a1d" />
    <TestEntry testId="1b6785f4-34ac-88e3-a1cf-29a269f4adfa" executionId="08f6f415-114d-4771-9de6-fac7fe518acb" testListId="8c84fa94-04c1-424b-9868-57a2d4851a1d" />
    <TestEntry testId="10c023d1-6bed-822b-943e-93e894952a93" executionId="7f4ac63a-693c-4add-98f4-a22f6e5a9691" testListId="8c84fa94-04c1-424b-9868-57a2d4851a1d" />
    <TestEntry testId="1b032ccb-1707-8c31-9d12-5a50295502c4" executionId="a37c4667-561b-4c01-8d9a-0177eb00d7d7" testListId="8c84fa94-04c1-424b-9868-57a2d4851a1d" />
    <TestEntry testId="14e5cbd7-1d1f-8e99-bc0a-ae139f367708" executionId="e586733b-eadb-4183-b86e-ddfe8a33d891" testListId="8c84fa94-04c1-424b-9868-57a2d4851a1d" />
    <TestEntry testId="1c6e12ea-0341-884e-a42f-1720cf296529" executionId="93dd51ef-1863-4227-b6da-180a1bc0f3c6" testListId="8c84fa94-04c1-424b-9868-57a2d4851a1d" />
    <TestEntry testId="1a2c9657-6bc7-8761-a615-3709c798a9ad" executionId="4593505c-f304-425a-9513-9f0060662786" testListId="8c84fa94-04c1-424b-9868-57a2d4851a1d" />
    <TestEntry testId="1a7fa8a4-4b28-8492-8fc6-08be9f1d2bc2" executionId="78080435-bd43-4210-bee9-ffc8e3563af1" testListId="8c84fa94-04c1-424b-9868-57a2d4851a1d" />
    <TestEntry testId="148ac0a4-c049-8e3e-a0f4-61ebfefb241c" executionId="efe6a7ea-2434-4c0b-a9e6-d180dfefc3a1" testListId="8c84fa94-04c1-424b-9868-57a2d4851a1d" />
    <TestEntry testId="1ebe5ff4-64b7-8c59-904c-85d4dc402fce" executionId="e472a9d8-6c54-45fa-884b-708672ba37dc" testListId="8c84fa94-04c1-424b-9868-57a2d4851a1d" />
    <TestEntry testId="113328b8-f455-83d1-bbe9-79db595e4815" executionId="fd0528b3-fae1-400a-a950-82efee35cb46" testListId="8c84fa94-04c1-424b-9868-57a2d4851a1d" />
    <TestEntry testId="1c7f160f-36a7-87b9-9229-7458c9daf1f9" executionId="dbf60fde-2826-4add-9e80-12c49351bb6b" testListId="8c84fa94-04c1-424b-9868-57a2d4851a1d" />
    <TestEntry testId="132ca9bd-f6db-8f4a-96d4-3473efcd1ba1" executionId="9de40085-f126-434c-b6e9-51b7f0ca1ece" testListId="8c84fa94-04c1-424b-9868-57a2d4851a1d" />
    <TestEntry testId="19d4dd52-ce83-89e9-b0d7-9e9b2d60311b" executionId="521e988c-ef18-4459-86f5-77cf48f0b538" testListId="8c84fa94-04c1-424b-9868-57a2d4851a1d" />
    <TestEntry testId="19c537a8-d2a8-8c8f-b311-c9898ecf62f2" executionId="79da024e-c99f-4233-b70d-2434a4697d63" testListId="8c84fa94-04c1-424b-9868-57a2d4851a1d" />
    <TestEntry testId="1aa0f992-74a8-841e-9f19-aa78077b968e" executionId="0f8b4a7e-6478-4834-9f6a-4cf8f451f388" testListId="8c84fa94-04c1-424b-9868-57a2d4851a1d" />
    <TestEntry testId="129d5f29-a381-80a2-8770-ce6042156e6f" executionId="fde750f3-0f71-490d-83a0-a0343ef07e1c" testListId="8c84fa94-04c1-424b-9868-57a2d4851a1d" />
    <TestEntry testId="11be6d26-bc93-8f30-a578-ad49d077553a" executionId="b1a41394-e8b5-416d-88d5-c3cf066aaf38" testListId="8c84fa94-04c1-424b-9868-57a2d4851a1d" />
    <TestEntry testId="1c8a9305-f557-8c98-bcc7-f6700023cb01" executionId="eeeedebe-e63b-4d36-8e0d-43777e663eb2" testListId="8c84fa94-04c1-424b-9868-57a2d4851a1d" />
    <TestEntry testId="12660957-3942-8b4e-bb83-ee3584906dc0" executionId="eb44b657-5113-4783-bfae-dec564fe7e86" testListId="8c84fa94-04c1-424b-9868-57a2d4851a1d" />
    <TestEntry testId="10dbdd06-c349-8797-a1d8-45159b85eb5b" executionId="aadb058a-d7e3-4872-ac88-db9d70f1a253" testListId="8c84fa94-04c1-424b-9868-57a2d4851a1d" />
    <TestEntry testId="18b3d504-8341-85cd-a595-8541188dd6ae" executionId="8d5e51e9-0407-490a-bd49-a20a7fbbfadd" testListId="8c84fa94-04c1-424b-9868-57a2d4851a1d" />
    <TestEntry testId="11938712-a070-8718-b31d-d0a1cfec33fb" executionId="e7441d7f-a3a2-4d9a-8638-e06b684a2c07" testListId="8c84fa94-04c1-424b-9868-57a2d4851a1d" />
    <TestEntry testId="18720c26-19cf-84ec-ab7a-cb987d343755" executionId="ed1e6444-0f41-44f3-be63-17600912d37a" testListId="8c84fa94-04c1-424b-9868-57a2d4851a1d" />
    <TestEntry testId="1ba70e39-44ec-8c14-841c-97e4fa1e6c51" executionId="9b1aa512-902a-45f8-be76-15b097b8250c" testListId="8c84fa94-04c1-424b-9868-57a2d4851a1d" />
    <TestEntry testId="130d876f-b201-857e-9743-819023253e74" executionId="e54c6e6f-43a3-4962-8783-c3ffd13ef99c" testListId="8c84fa94-04c1-424b-9868-57a2d4851a1d" />
    <TestEntry testId="1e3a72d7-b077-8f04-a3f6-c8554ffb57e8" executionId="ef853268-a8a1-4866-a87e-a4c2ca7de9b2" testListId="8c84fa94-04c1-424b-9868-57a2d4851a1d" />
    <TestEntry testId="175d244e-1a65-847e-bc73-1f0d71fa5508" executionId="616abe92-ee1d-48a7-8c60-d3559abd04ea" testListId="8c84fa94-04c1-424b-9868-57a2d4851a1d" />
    <TestEntry testId="1c4cb692-8a0b-8749-b059-5dcbfddb32e0" executionId="c308e3bc-a890-4ff3-8790-ce2ed992d8c4" testListId="8c84fa94-04c1-424b-9868-57a2d4851a1d" />
    <TestEntry testId="18eebb03-ae87-8312-b232-c85b37ad1cb6" executionId="d7f4f2a9-70e5-4adc-b873-3159011a973e" testListId="8c84fa94-04c1-424b-9868-57a2d4851a1d" />
    <TestEntry testId="10b21616-fc30-8a4c-ad2d-7d82986a9c52" executionId="5a7af416-8445-4b83-927c-9c3693debf1d" testListId="8c84fa94-04c1-424b-9868-57a2d4851a1d" />
    <TestEntry testId="157d6db4-795f-80f6-989a-1c777c1e48b7" executionId="85b32c1e-23ec-4208-b4ae-a9cfba1278f3" testListId="8c84fa94-04c1-424b-9868-57a2d4851a1d" />
    <TestEntry testId="166a80aa-0d79-8793-be12-5f2a1c364dbd" executionId="08ae14cc-0d57-4b63-b1c1-f41f3235f8a4" testListId="8c84fa94-04c1-424b-9868-57a2d4851a1d" />
    <TestEntry testId="1da7f0a8-12d3-8eb5-84b5-e79abbdd6cbe" executionId="10a1f4bd-731e-4a07-82e1-54ffab484872" testListId="8c84fa94-04c1-424b-9868-57a2d4851a1d" />
    <TestEntry testId="1614b4dc-bfaf-8f38-936d-1e9cd4d5c140" executionId="bbcac794-18b8-4b4f-96a7-7f9a23aefb2e" testListId="8c84fa94-04c1-424b-9868-57a2d4851a1d" />
    <TestEntry testId="1f336b57-870e-8b34-abe6-1b823b17fddd" executionId="5287d4e5-3423-4186-ac8f-0e789b44eb7b" testListId="8c84fa94-04c1-424b-9868-57a2d4851a1d" />
    <TestEntry testId="1f24778d-9f77-82a3-8f08-a86c630259fa" executionId="48006b68-d2bc-4634-b5c5-5ed906d6e560" testListId="8c84fa94-04c1-424b-9868-57a2d4851a1d" />
    <TestEntry testId="11fe3cf3-294b-8558-9fe0-695924a63994" executionId="2a0d0397-bdaf-4c7d-b238-44676a2a1b71" testListId="8c84fa94-04c1-424b-9868-57a2d4851a1d" />
    <TestEntry testId="124b87a1-28b3-8615-bf7c-0594b97dfce3" executionId="4c1624e9-fd2b-4f30-b2b0-8c875b959647" testListId="8c84fa94-04c1-424b-9868-57a2d4851a1d" />
    <TestEntry testId="12b14a86-c6d7-83be-85e0-0902a78c92ef" executionId="44ebb3f3-c140-4f68-a214-85247963f74c" testListId="8c84fa94-04c1-424b-9868-57a2d4851a1d" />
    <TestEntry testId="1084df62-de08-830d-be33-1d22265e272a" executionId="db316302-d42b-4b8a-b400-171dd6d15816" testListId="8c84fa94-04c1-424b-9868-57a2d4851a1d" />
    <TestEntry testId="1d5d6d66-8718-885a-b2d1-b5d6f7f000f9" executionId="7d65d802-60bd-4406-a02c-f01962cb6405" testListId="8c84fa94-04c1-424b-9868-57a2d4851a1d" />
    <TestEntry testId="12cadb8c-33df-8551-9b4b-f31ee316a365" executionId="bcd24543-755d-4a09-93ec-5008c880af88" testListId="8c84fa94-04c1-424b-9868-57a2d4851a1d" />
    <TestEntry testId="1d2d2296-6491-8bf9-81fb-dba1267ab84f" executionId="77920f0b-c2a3-487d-a0b1-ecb5929f888a" testListId="8c84fa94-04c1-424b-9868-57a2d4851a1d" />
    <TestEntry testId="1aff29c2-b17a-84ab-94a4-5c4a165c06cf" executionId="ca5c5f2e-0491-497e-87b9-3b57494ef1c6" testListId="8c84fa94-04c1-424b-9868-57a2d4851a1d" />
    <TestEntry testId="166385d2-933d-8dbd-bc86-756a09420b4c" executionId="017346ab-b636-448e-8fab-1469a06e6386" testListId="8c84fa94-04c1-424b-9868-57a2d4851a1d" />
    <TestEntry testId="197cdd9e-2788-8884-b24b-7fa61dc45300" executionId="458be6be-4c40-4da5-bb67-7bea948cd11b" testListId="8c84fa94-04c1-424b-9868-57a2d4851a1d" />
    <TestEntry testId="1d8b23b6-cf8d-885f-acce-39004b5a4305" executionId="ab342e3d-a88f-4f86-8776-4e6a11ad1e5e" testListId="8c84fa94-04c1-424b-9868-57a2d4851a1d" />
    <TestEntry testId="15e34a12-7d13-83db-8ad2-22801449695f" executionId="1ab0ca1f-3b82-43ee-8904-61260f82d17f" testListId="8c84fa94-04c1-424b-9868-57a2d4851a1d" />
  </TestEntries>
  <TestLists>
    <TestList name="Results Not in a List" id="8c84fa94-04c1-424b-9868-57a2d4851a1d" />
    <TestList name="All Loaded Results" id="19431567-8539-422a-85d7-44ee4e166bda" />
  </TestLists>
  <ResultSummary outcome="Completed">
    <Counters total="153" executed="153" passed="153" failed="0" error="0" timeout="0" aborted="0" inconclusive="0" passedButRunAborted="0" notRunnable="0" notExecuted="0" disconnected="0" warning="0" completed="0" inProgress="0" pending="0" />
    <Output>
      <StdOut>Test Parallelization enabled for /home/runner/work/SpdxModel/SpdxModel/test/DemaConsulting.SpdxModel.Tests/bin/Debug/net9.0/DemaConsulting.SpdxModel.Tests.dll (Workers: 4, Scope: MethodLevel)
</StdOut>
    </Output>
  </ResultSummary>
</TestRun>