<?xml version="1.0" encoding="utf-8"?>
<TestRun id="635e5066-721d-47d4-94e7-7894f989b799" name="@runnervmymu0l 2026-01-27 18:55:20" xmlns="http://microsoft.com/schemas/VisualStudio/TeamTest/2010">
  <Times creation="2026-01-27T18:55:20.6281117+00:00" queuing="2026-01-27T18:55:20.6281118+00:00" start="2026-01-27T18:55:16.7181520+00:00" finish="2026-01-27T18:55:20.7921545+00:00" />
  <TestSettings name="default" id="91090b69-14c0-42de-bcb6-170f6e1bd1b4">
    <Deployment runDeploymentRoot="_runnervmymu0l_2026-01-27_18_55_20" />
  </TestSettings>
  <Results>
    <UnitTestResult executionId="36d1244e-2236-48a4-9616-fcf34bb1efb1" testId="16d23f2c-69a5-8885-9982-a02534626838" testName="SpdxFileTypeExtensions_FromText_Valid" computerName="runnervmymu0l" duration="00:00:00.0010368" startTime="2026-01-27T18:55:20.6606281+00:00" endTime="2026-01-27T18:55:20.6617442+00:00" testType="13cdc9d9-ddb5-4fa4-a97d-d965ccfc6d4b" outcome="Passed" testListId="8c84fa94-04c1-424b-9868-57a2d4851a1d" relativeResultsDirectory="36d1244e-2236-48a4-9616-fcf34bb1efb1" />
    <UnitTestResult executionId="2f000539-61df-463d-b0a2-f1f7cd62de10" testId="1d4b1996-8cfb-8327-a246-c54252e4e8cf" testName="SpdxRelationships_AddMultiple_Duplicate" computerName="runnervmymu0l" duration="00:00:00.0012472" startTime="2026-01-27T18:55:20.6765133+00:00" endTime="2026-01-27T18:55:20.6778151+00:00" testType="13cdc9d9-ddb5-4fa4-a97d-d965ccfc6d4b" outcome="Passed" testListId="8c84fa94-04c1-424b-9868-57a2d4851a1d" relativeResultsDirectory="2f000539-61df-463d-b0a2-f1f7cd62de10" />
    <UnitTestResult executionId="ae5736c5-ede7-462a-96be-7af46698c30d" testId="1b902f72-c7f7-83f4-b77d-f61f1b0b2e1a" testName="SpdxExternalReference_DeepCopy_CreatesEqualButDistinctInstance" computerName="runnervmymu0l" duration="00:00:00.0011533" startTime="2026-01-27T18:55:20.6527477+00:00" endTime="2026-01-27T18:55:20.6539523+00:00" testType="13cdc9d9-ddb5-4fa4-a97d-d965ccfc6d4b" outcome="Passed" testListId="8c84fa94-04c1-424b-9868-57a2d4851a1d" relativeResultsDirectory="ae5736c5-ede7-462a-96be-7af46698c30d" />
    <UnitTestResult executionId="c4f2703b-9507-4d80-87b0-f510ffe11838" testId="1cadfd1a-91cc-87b0-91e5-b37f99689944" testName="Spdx2JsonDeserializer_DeserializeFile_CorrectResults" computerName="runnervmymu0l" duration="00:00:00.0007920" startTime="2026-01-27T18:55:20.7220143+00:00" endTime="2026-01-27T18:55:20.7229161+00:00" testType="13cdc9d9-ddb5-4fa4-a97d-d965ccfc6d4b" outcome="Passed" testListId="8c84fa94-04c1-424b-9868-57a2d4851a1d" relativeResultsDirectory="c4f2703b-9507-4d80-87b0-f510ffe11838" />
    <UnitTestResult executionId="c4f0d50f-88f8-43a6-b44b-164c3107b9a2" testId="134c8c22-c8ad-8086-b6a3-ee968aeae32e" testName="SpdxFileTypeExtensions_ToText_Invalid" computerName="runnervmymu0l" duration="00:00:00.0015259" startTime="2026-01-27T18:55:20.6610919+00:00" endTime="2026-01-27T18:55:20.6626786+00:00" testType="13cdc9d9-ddb5-4fa4-a97d-d965ccfc6d4b" outcome="Passed" testListId="8c84fa94-04c1-424b-9868-57a2d4851a1d" relativeResultsDirectory="c4f0d50f-88f8-43a6-b44b-164c3107b9a2" />
    <UnitTestResult executionId="74461039-eae8-4d32-953d-c18f37fc1dcd" testId="1c13f220-5dc9-8fcd-b2a8-10e37fb972b0" testName="SpdxRelationship_SameComparer_ComparesCorrectly" computerName="runnervmymu0l" duration="00:00:00.0004886" startTime="2026-01-27T18:55:20.6675336+00:00" endTime="2026-01-27T18:55:20.6681314+00:00" testType="13cdc9d9-ddb5-4fa4-a97d-d965ccfc6d4b" outcome="Passed" testListId="8c84fa94-04c1-424b-9868-57a2d4851a1d" relativeResultsDirectory="74461039-eae8-4d32-953d-c18f37fc1dcd" />
    <UnitTestResult executionId="9b3e76f3-6129-4d2f-b423-c56bc80e940e" testId="1614b4dc-bfaf-8f38-936d-1e9cd4d5c140" testName="SpdxExtractedLicensingInfo_Enhance_AddsOrUpdatesInformationCorrectly" computerName="runnervmymu0l" duration="00:00:00.0013000" startTime="2026-01-27T18:55:20.6558174+00:00" endTime="2026-01-27T18:55:20.6572018+00:00" testType="13cdc9d9-ddb5-4fa4-a97d-d965ccfc6d4b" outcome="Passed" testListId="8c84fa94-04c1-424b-9868-57a2d4851a1d" relativeResultsDirectory="9b3e76f3-6129-4d2f-b423-c56bc80e940e" />
    <UnitTestResult executionId="e93de0f7-881e-448b-b0fb-c17cd57d6a27" testId="1e30e3dc-e924-8d67-bbcf-6d7d295f3854" testName="Spdx2JsonDeserializer_DeserializeRelationship_CorrectResults" computerName="runnervmymu0l" duration="00:00:00.0003258" startTime="2026-01-27T18:55:20.7235075+00:00" endTime="2026-01-27T18:55:20.7239237+00:00" testType="13cdc9d9-ddb5-4fa4-a97d-d965ccfc6d4b" outcome="Passed" testListId="8c84fa94-04c1-424b-9868-57a2d4851a1d" relativeResultsDirectory="e93de0f7-881e-448b-b0fb-c17cd57d6a27" />
    <UnitTestResult executionId="657e43f8-9591-497f-8d21-f188f7578dce" testId="18c99063-6ecf-86f7-9d39-0e6ae8387ca1" testName="SpdxDocument_Validate_BadDataLicense" computerName="runnervmymu0l" duration="00:00:00.0023000" startTime="2026-01-27T18:55:20.6455322+00:00" endTime="2026-01-27T18:55:20.6479018+00:00" testType="13cdc9d9-ddb5-4fa4-a97d-d965ccfc6d4b" outcome="Passed" testListId="8c84fa94-04c1-424b-9868-57a2d4851a1d" relativeResultsDirectory="657e43f8-9591-497f-8d21-f188f7578dce" />
    <UnitTestResult executionId="e0cecc64-5f82-472f-ace6-492990ce1b84" testId="1af4906f-0ca8-865d-a78f-7dac7e88edff" testName="SpdxAnnotation_Validate_BadComment" computerName="runnervmymu0l" duration="00:00:00.0780423" startTime="2026-01-27T18:55:20.4647772+00:00" endTime="2026-01-27T18:55:20.5432966+00:00" testType="13cdc9d9-ddb5-4fa4-a97d-d965ccfc6d4b" outcome="Passed" testListId="8c84fa94-04c1-424b-9868-57a2d4851a1d" relativeResultsDirectory="e0cecc64-5f82-472f-ace6-492990ce1b84" />
    <UnitTestResult executionId="e53a5b6e-0c73-4adf-abf0-59215ca7dc66" testId="1da7f0a8-12d3-8eb5-84b5-e79abbdd6cbe" testName="SpdxSnippet_DeepCopy_CreatesEqualButDistinctInstance" computerName="runnervmymu0l" duration="00:00:00.0009152" startTime="2026-01-27T18:55:20.6722720+00:00" endTime="2026-01-27T18:55:20.6732526+00:00" testType="13cdc9d9-ddb5-4fa4-a97d-d965ccfc6d4b" outcome="Passed" testListId="8c84fa94-04c1-424b-9868-57a2d4851a1d" relativeResultsDirectory="e53a5b6e-0c73-4adf-abf0-59215ca7dc66" />
    <UnitTestResult executionId="500e230f-b6e7-4eac-95f7-e84e6ddee9ce" testId="18b3d504-8341-85cd-a595-8541188dd6ae" testName="SpdxExternalDocumentReference_Validate_MissingId" computerName="runnervmymu0l" duration="00:00:00.0004635" startTime="2026-01-27T18:55:20.6507930+00:00" endTime="2026-01-27T18:55:20.6513131+00:00" testType="13cdc9d9-ddb5-4fa4-a97d-d965ccfc6d4b" outcome="Passed" testListId="8c84fa94-04c1-424b-9868-57a2d4851a1d" relativeResultsDirectory="500e230f-b6e7-4eac-95f7-e84e6ddee9ce" />
    <UnitTestResult executionId="7715aab9-2784-4093-b1d7-b4957fdc1779" testId="11be6d26-bc93-8f30-a578-ad49d077553a" testName="SpdxFile_DeepCopy_CreatesEqualButDistinctInstance" computerName="runnervmymu0l" duration="00:00:00.0009553" startTime="2026-01-27T18:55:20.6579895+00:00" endTime="2026-01-27T18:55:20.6589970+00:00" testType="13cdc9d9-ddb5-4fa4-a97d-d965ccfc6d4b" outcome="Passed" testListId="8c84fa94-04c1-424b-9868-57a2d4851a1d" relativeResultsDirectory="7715aab9-2784-4093-b1d7-b4957fdc1779" />
    <UnitTestResult executionId="04f62406-a1f1-498d-962a-28b509cc8b61" testId="124b87a1-28b3-8615-bf7c-0594b97dfce3" testName="SpdxRelationship_Validate_MissingRelationship" computerName="runnervmymu0l" duration="00:00:00.0003104" startTime="2026-01-27T18:55:20.6696502+00:00" endTime="2026-01-27T18:55:20.6700128+00:00" testType="13cdc9d9-ddb5-4fa4-a97d-d965ccfc6d4b" outcome="Passed" testListId="8c84fa94-04c1-424b-9868-57a2d4851a1d" relativeResultsDirectory="04f62406-a1f1-498d-962a-28b509cc8b61" />
    <UnitTestResult executionId="c6b24a67-b96f-48b4-9df3-2be1202e55d4" testId="11938712-a070-8718-b31d-d0a1cfec33fb" testName="SpdxRelationshipTypeExtensions_FromText_Valid" computerName="runnervmymu0l" duration="00:00:00.0010273" startTime="2026-01-27T18:55:20.6706681+00:00" endTime="2026-01-27T18:55:20.6717576+00:00" testType="13cdc9d9-ddb5-4fa4-a97d-d965ccfc6d4b" outcome="Passed" testListId="8c84fa94-04c1-424b-9868-57a2d4851a1d" relativeResultsDirectory="c6b24a67-b96f-48b4-9df3-2be1202e55d4" />
    <UnitTestResult executionId="3c04a91c-9962-4587-b339-393637af5019" testId="19d99d11-5355-891d-9209-36a6cf9e0ef1" testName="SpdxRelationships_AddMultiple_Replace" computerName="runnervmymu0l" duration="00:00:00.0027320" startTime="2026-01-27T18:55:20.6766830+00:00" endTime="2026-01-27T18:55:20.6794687+00:00" testType="13cdc9d9-ddb5-4fa4-a97d-d965ccfc6d4b" outcome="Passed" testListId="8c84fa94-04c1-424b-9868-57a2d4851a1d" relativeResultsDirectory="3c04a91c-9962-4587-b339-393637af5019" />
    <UnitTestResult executionId="182e4720-ba6f-4e86-92fd-45c02ae38d38" testId="12b14a86-c6d7-83be-85e0-0902a78c92ef" testName="SpdxDocument_GetElement_Correct" computerName="runnervmymu0l" duration="00:00:00.0019698" startTime="2026-01-27T18:55:20.6493358+00:00" endTime="2026-01-27T18:55:20.6513568+00:00" testType="13cdc9d9-ddb5-4fa4-a97d-d965ccfc6d4b" outcome="Passed" testListId="8c84fa94-04c1-424b-9868-57a2d4851a1d" relativeResultsDirectory="182e4720-ba6f-4e86-92fd-45c02ae38d38" />
    <UnitTestResult executionId="7f1da83b-3ec2-4ae3-a57d-f1649aab086d" testId="1824c194-cf7d-89a7-955e-65b2867a434c" testName="Spdx2JsonSerializer_SerializeExternalReferences_CorrectResults" computerName="runnervmymu0l" duration="00:00:00.0007110" startTime="2026-01-27T18:55:20.7300082+00:00" endTime="2026-01-27T18:55:20.7307698+00:00" testType="13cdc9d9-ddb5-4fa4-a97d-d965ccfc6d4b" outcome="Passed" testListId="8c84fa94-04c1-424b-9868-57a2d4851a1d" relativeResultsDirectory="7f1da83b-3ec2-4ae3-a57d-f1649aab086d" />
    <UnitTestResult executionId="4f3b57db-7fd7-4349-aead-61b42f28140f" testId="158b3777-917f-8124-93fe-439c1a663041" testName="SpdxRelationships_AddMultiple_Success" computerName="runnervmymu0l" duration="00:00:00.0015346" startTime="2026-01-27T18:55:20.6764682+00:00" endTime="2026-01-27T18:55:20.6780761+00:00" testType="13cdc9d9-ddb5-4fa4-a97d-d965ccfc6d4b" outcome="Passed" testListId="8c84fa94-04c1-424b-9868-57a2d4851a1d" relativeResultsDirectory="4f3b57db-7fd7-4349-aead-61b42f28140f" />
    <UnitTestResult executionId="66c13259-cbe6-41cb-ad62-1611a3d0e6ac" testId="1c6e12ea-0341-884e-a42f-1720cf296529" testName="Spdx2JsonDeserializer_DeserializePackages_CorrectResults" computerName="runnervmymu0l" duration="00:00:00.0030468" startTime="2026-01-27T18:55:20.7229981+00:00" endTime="2026-01-27T18:55:20.7261333+00:00" testType="13cdc9d9-ddb5-4fa4-a97d-d965ccfc6d4b" outcome="Passed" testListId="8c84fa94-04c1-424b-9868-57a2d4851a1d" relativeResultsDirectory="66c13259-cbe6-41cb-ad62-1611a3d0e6ac" />
    <UnitTestResult executionId="434ca0d6-fc97-48b1-a298-3795519d8872" testId="130d876f-b201-857e-9743-819023253e74" testName="SpdxAnnotation_Enhance_AddsOrUpdatesInformationCorrectly" computerName="runnervmymu0l" duration="00:00:00.0109447" startTime="2026-01-27T18:55:20.4318185+00:00" endTime="2026-01-27T18:55:20.4590802+00:00" testType="13cdc9d9-ddb5-4fa4-a97d-d965ccfc6d4b" outcome="Passed" testListId="8c84fa94-04c1-424b-9868-57a2d4851a1d" relativeResultsDirectory="434ca0d6-fc97-48b1-a298-3795519d8872" />
    <UnitTestResult executionId="918aa73c-89ee-401e-986d-b59e08080f6c" testId="157d6db4-795f-80f6-989a-1c777c1e48b7" testName="Spdx2JsonDeserializer_Deserialize_ValidSpdx22JsonReturnsExpectedDocument" computerName="runnervmymu0l" duration="00:00:00.0088188" startTime="2026-01-27T18:55:20.6768735+00:00" endTime="2026-01-27T18:55:20.6857864+00:00" testType="13cdc9d9-ddb5-4fa4-a97d-d965ccfc6d4b" outcome="Passed" testListId="8c84fa94-04c1-424b-9868-57a2d4851a1d" relativeResultsDirectory="918aa73c-89ee-401e-986d-b59e08080f6c" />
    <UnitTestResult executionId="fb093307-3f97-4210-88a4-e1b5e395d935" testId="12569999-5b31-8698-b880-8d9dff69fe76" testName="Spdx2JsonSerializer_SerializeFiles_CorrectResults" computerName="runnervmymu0l" duration="00:00:00.0031229" startTime="2026-01-27T18:55:20.7327092+00:00" endTime="2026-01-27T18:55:20.7358959+00:00" testType="13cdc9d9-ddb5-4fa4-a97d-d965ccfc6d4b" outcome="Passed" testListId="8c84fa94-04c1-424b-9868-57a2d4851a1d" relativeResultsDirectory="fb093307-3f97-4210-88a4-e1b5e395d935" />
    <UnitTestResult executionId="7a28322a-156d-4ef1-bc90-529b0485701b" testId="1b230945-6314-8152-a041-8d853c6a2db5" testName="Spdx2JsonSerializer_SerializeRelationship_CorrectResults" computerName="runnervmymu0l" duration="00:00:00.0004403" startTime="2026-01-27T18:55:20.7363316+00:00" endTime="2026-01-27T18:55:20.7368661+00:00" testType="13cdc9d9-ddb5-4fa4-a97d-d965ccfc6d4b" outcome="Passed" testListId="8c84fa94-04c1-424b-9868-57a2d4851a1d" relativeResultsDirectory="7a28322a-156d-4ef1-bc90-529b0485701b" />
    <UnitTestResult executionId="539e8105-1779-4bfc-8095-015f9962bf93" testId="1f9919f3-0533-8f9f-b837-3ac09121288f" testName="SpdxSnippet_SameComparer_ComparesCorrectly" computerName="runnervmymu0l" duration="00:00:00.0005268" startTime="2026-01-27T18:55:20.6717943+00:00" endTime="2026-01-27T18:55:20.6724051+00:00" testType="13cdc9d9-ddb5-4fa4-a97d-d965ccfc6d4b" outcome="Passed" testListId="8c84fa94-04c1-424b-9868-57a2d4851a1d" relativeResultsDirectory="539e8105-1779-4bfc-8095-015f9962bf93" />
    <UnitTestResult executionId="f3a2e355-d834-49a2-90f5-00023adcda67" testId="1f9143d0-7f41-8cce-b2da-382cb6565211" testName="Spdx2JsonSerializer_SerializePackages_CorrectResults" computerName="runnervmymu0l" duration="00:00:00.0022585" startTime="2026-01-27T18:55:20.7347090+00:00" endTime="2026-01-27T18:55:20.7370195+00:00" testType="13cdc9d9-ddb5-4fa4-a97d-d965ccfc6d4b" outcome="Passed" testListId="8c84fa94-04c1-424b-9868-57a2d4851a1d" relativeResultsDirectory="f3a2e355-d834-49a2-90f5-00023adcda67" />
    <UnitTestResult executionId="7ee3c075-e4be-4984-b9be-f97afc75aa2b" testId="1f766075-d591-83be-b941-e27367fa2241" testName="SpdxPackage_Validate_InvalidPackageId" computerName="runnervmymu0l" duration="00:00:00.0001950" startTime="2026-01-27T18:55:20.6643139+00:00" endTime="2026-01-27T18:55:20.6645597+00:00" testType="13cdc9d9-ddb5-4fa4-a97d-d965ccfc6d4b" outcome="Passed" testListId="8c84fa94-04c1-424b-9868-57a2d4851a1d" relativeResultsDirectory="7ee3c075-e4be-4984-b9be-f97afc75aa2b" />
    <UnitTestResult executionId="baf3c821-d6e1-4f80-915b-3f3869f75c77" testId="12cad19f-867c-81b8-8d3a-e40f6452fc78" testName="Spdx2JsonDeserializer_DeserializeFiles_CorrectResults" computerName="runnervmymu0l" duration="00:00:00.0008632" startTime="2026-01-27T18:55:20.7220238+00:00" endTime="2026-01-27T18:55:20.7229708+00:00" testType="13cdc9d9-ddb5-4fa4-a97d-d965ccfc6d4b" outcome="Passed" testListId="8c84fa94-04c1-424b-9868-57a2d4851a1d" relativeResultsDirectory="baf3c821-d6e1-4f80-915b-3f3869f75c77" />
    <UnitTestResult executionId="3a8a3f9c-02a4-4d21-ba80-1d53c8f27510" testId="14311369-2b95-81e7-95cb-1f05f664e3db" testName="Spdx2JsonSerializer_SerializeRelationships_CorrectResults" computerName="runnervmymu0l" duration="00:00:00.0019796" startTime="2026-01-27T18:55:20.7365030+00:00" endTime="2026-01-27T18:55:20.7385330+00:00" testType="13cdc9d9-ddb5-4fa4-a97d-d965ccfc6d4b" outcome="Passed" testListId="8c84fa94-04c1-424b-9868-57a2d4851a1d" relativeResultsDirectory="3a8a3f9c-02a4-4d21-ba80-1d53c8f27510" />
    <UnitTestResult executionId="5f504d77-aadc-45cf-835a-7b93ce8298fe" testId="1776d3bd-94bb-8384-b2da-6decfe60d922" testName="SpdxReferenceCategoryExtensions_ToText_Valid" computerName="runnervmymu0l" duration="00:00:00.0003573" startTime="2026-01-27T18:55:20.6553694+00:00" endTime="2026-01-27T18:55:20.6557852+00:00" testType="13cdc9d9-ddb5-4fa4-a97d-d965ccfc6d4b" outcome="Passed" testListId="8c84fa94-04c1-424b-9868-57a2d4851a1d" relativeResultsDirectory="5f504d77-aadc-45cf-835a-7b93ce8298fe" />
    <UnitTestResult executionId="8fe7b435-1d2d-47e4-8399-02f232d3aa0b" testId="15919b4f-c207-8e24-82e6-87b3afc475dc" testName="Spdx2JsonDeserializer_DeserializeExtractedLicensingInfos_CorrectResults" computerName="runnervmymu0l" duration="00:00:00.0334526" startTime="2026-01-27T18:55:20.6884686+00:00" endTime="2026-01-27T18:55:20.7219789+00:00" testType="13cdc9d9-ddb5-4fa4-a97d-d965ccfc6d4b" outcome="Passed" testListId="8c84fa94-04c1-424b-9868-57a2d4851a1d" relativeResultsDirectory="8fe7b435-1d2d-47e4-8399-02f232d3aa0b" />
    <UnitTestResult executionId="addade0e-54cf-4bc7-832a-5b7fb6a3150f" testId="1084df62-de08-830d-be33-1d22265e272a" testName="SpdxCreationInformation_DeepCopy_CreatesEqualButDistinctInstance" computerName="runnervmymu0l" duration="00:00:00.0027170" startTime="2026-01-27T18:55:20.5850033+00:00" endTime="2026-01-27T18:55:20.5878211+00:00" testType="13cdc9d9-ddb5-4fa4-a97d-d965ccfc6d4b" outcome="Passed" testListId="8c84fa94-04c1-424b-9868-57a2d4851a1d" relativeResultsDirectory="addade0e-54cf-4bc7-832a-5b7fb6a3150f" />
    <UnitTestResult executionId="70859db8-ea66-44ce-9b56-3ef459048dbf" testId="19745b8c-8d97-88e2-981f-09ce3dec13d4" testName="SpdxChecksum_SameComparer_ComparesCorrectly" computerName="runnervmymu0l" duration="00:00:00.0018562" startTime="2026-01-27T18:55:20.5795771+00:00" endTime="2026-01-27T18:55:20.5815547+00:00" testType="13cdc9d9-ddb5-4fa4-a97d-d965ccfc6d4b" outcome="Passed" testListId="8c84fa94-04c1-424b-9868-57a2d4851a1d" relativeResultsDirectory="70859db8-ea66-44ce-9b56-3ef459048dbf" />
    <UnitTestResult executionId="2b3a5227-fb6a-4a94-a9c1-7795b1234d31" testId="18720c26-19cf-84ec-ab7a-cb987d343755" testName="SpdxPackageVerificationCode_DeepCopy_CreatesEqualButDistinctInstance" computerName="runnervmymu0l" duration="00:00:00.0015936" startTime="2026-01-27T18:55:20.6667192+00:00" endTime="2026-01-27T18:55:20.6684091+00:00" testType="13cdc9d9-ddb5-4fa4-a97d-d965ccfc6d4b" outcome="Passed" testListId="8c84fa94-04c1-424b-9868-57a2d4851a1d" relativeResultsDirectory="2b3a5227-fb6a-4a94-a9c1-7795b1234d31" />
    <UnitTestResult executionId="9bbf009c-4a3e-4722-991f-aec3bd233763" testId="12f516fb-5d1f-8a7d-acee-fc842ac80797" testName="Spdx2JsonSerializer_Serialize_CorrectResults" computerName="runnervmymu0l" duration="00:00:00.0100726" startTime="2026-01-27T18:55:20.7278667+00:00" endTime="2026-01-27T18:55:20.7379860+00:00" testType="13cdc9d9-ddb5-4fa4-a97d-d965ccfc6d4b" outcome="Passed" testListId="8c84fa94-04c1-424b-9868-57a2d4851a1d" relativeResultsDirectory="9bbf009c-4a3e-4722-991f-aec3bd233763" />
    <UnitTestResult executionId="7199b0c8-c002-4ca6-8502-f1c649c2ad13" testId="1c979084-4dd0-85e5-a360-d3f90ed6c723" testName="Spdx2JsonDeserializer_DeserializePackageVerificationCode_CorrectResults" computerName="runnervmymu0l" duration="00:00:00.0003932" startTime="2026-01-27T18:55:20.7230149+00:00" endTime="2026-01-27T18:55:20.7234783+00:00" testType="13cdc9d9-ddb5-4fa4-a97d-d965ccfc6d4b" outcome="Passed" testListId="8c84fa94-04c1-424b-9868-57a2d4851a1d" relativeResultsDirectory="7199b0c8-c002-4ca6-8502-f1c649c2ad13" />
    <UnitTestResult executionId="cdcd6ef7-7d67-4c72-ad85-4328b1d338c3" testId="14e5cbd7-1d1f-8e99-bc0a-ae139f367708" testName="SpdxChecksum_Validate_BadAlgorithm" computerName="runnervmymu0l" duration="00:00:00.0005195" startTime="2026-01-27T18:55:20.5815866+00:00" endTime="2026-01-27T18:55:20.5821869+00:00" testType="13cdc9d9-ddb5-4fa4-a97d-d965ccfc6d4b" outcome="Passed" testListId="8c84fa94-04c1-424b-9868-57a2d4851a1d" relativeResultsDirectory="cdcd6ef7-7d67-4c72-ad85-4328b1d338c3" />
    <UnitTestResult executionId="f18f85db-36c9-472a-bbe3-ad16d3ef45a5" testId="1ba70e39-44ec-8c14-841c-97e4fa1e6c51" testName="SpdxExternalReference_Validate_BadLocator" computerName="runnervmymu0l" duration="00:00:00.0003753" startTime="2026-01-27T18:55:20.6533648+00:00" endTime="2026-01-27T18:55:20.6537915+00:00" testType="13cdc9d9-ddb5-4fa4-a97d-d965ccfc6d4b" outcome="Passed" testListId="8c84fa94-04c1-424b-9868-57a2d4851a1d" relativeResultsDirectory="f18f85db-36c9-472a-bbe3-ad16d3ef45a5" />
    <UnitTestResult executionId="fc16a279-6bf7-427a-8c87-d17f3fbd653b" testId="1d04dc18-53f2-84d0-ba64-26269d410ba6" testName="SpdxChecksumAlgorithmExtensions_ToText_Valid" computerName="runnervmymu0l" duration="00:00:00.0006193" startTime="2026-01-27T18:55:20.5842912+00:00" endTime="2026-01-27T18:55:20.5849715+00:00" testType="13cdc9d9-ddb5-4fa4-a97d-d965ccfc6d4b" outcome="Passed" testListId="8c84fa94-04c1-424b-9868-57a2d4851a1d" relativeResultsDirectory="fc16a279-6bf7-427a-8c87-d17f3fbd653b" />
    <UnitTestResult executionId="49eceabd-54d3-4729-a044-037b8ece0045" testId="1d2d2296-6491-8bf9-81fb-dba1267ab84f" testName="Spdx2JsonSerializer_SerializeCreationInformation_CorrectResults" computerName="runnervmymu0l" duration="00:00:00.0006004" startTime="2026-01-27T18:55:20.7271045+00:00" endTime="2026-01-27T18:55:20.7278373+00:00" testType="13cdc9d9-ddb5-4fa4-a97d-d965ccfc6d4b" outcome="Passed" testListId="8c84fa94-04c1-424b-9868-57a2d4851a1d" relativeResultsDirectory="49eceabd-54d3-4729-a044-037b8ece0045" />
    <UnitTestResult executionId="14965273-e0b8-48c0-b64e-48ff68af9f95" testId="11a711e8-9abf-810b-8b8b-9688b4a33a96" testName="SpdxExtractedLicensingInfo_DeepCopy_CreatesEqualButDistinctInstance" computerName="runnervmymu0l" duration="00:00:00.0004342" startTime="2026-01-27T18:55:20.6558068+00:00" endTime="2026-01-27T18:55:20.6562927+00:00" testType="13cdc9d9-ddb5-4fa4-a97d-d965ccfc6d4b" outcome="Passed" testListId="8c84fa94-04c1-424b-9868-57a2d4851a1d" relativeResultsDirectory="14965273-e0b8-48c0-b64e-48ff68af9f95" />
    <UnitTestResult executionId="0db4f7ec-adb1-46b5-ae26-04bdc93134dc" testId="132e80b6-485e-8883-8934-9f32a7b40743" testName="Spdx2JsonSerializer_SerializeExternalDocumentReference_CorrectResults" computerName="runnervmymu0l" duration="00:00:00.0005215" startTime="2026-01-27T18:55:20.7293575+00:00" endTime="2026-01-27T18:55:20.7299786+00:00" testType="13cdc9d9-ddb5-4fa4-a97d-d965ccfc6d4b" outcome="Passed" testListId="8c84fa94-04c1-424b-9868-57a2d4851a1d" relativeResultsDirectory="0db4f7ec-adb1-46b5-ae26-04bdc93134dc" />
    <UnitTestResult executionId="30547fb6-624e-44ba-9175-fae52c672e62" testId="10dbdd06-c349-8797-a1d8-45159b85eb5b" testName="SpdxReferenceCategoryExtensions_FromText_Invalid" computerName="runnervmymu0l" duration="00:00:00.0003731" startTime="2026-01-27T18:55:20.6553316+00:00" endTime="2026-01-27T18:55:20.6557616+00:00" testType="13cdc9d9-ddb5-4fa4-a97d-d965ccfc6d4b" outcome="Passed" testListId="8c84fa94-04c1-424b-9868-57a2d4851a1d" relativeResultsDirectory="30547fb6-624e-44ba-9175-fae52c672e62" />
    <UnitTestResult executionId="e8c53b9c-8ede-4df7-a57b-a31c83216f34" testId="1b6785f4-34ac-88e3-a1cf-29a269f4adfa" testName="Spdx2JsonDeserializer_Deserialize_ValidSpdx23JsonReturnsExpectedDocument" computerName="runnervmymu0l" duration="00:00:00.0075524" startTime="2026-01-27T18:55:20.6778469+00:00" endTime="2026-01-27T18:55:20.6854919+00:00" testType="13cdc9d9-ddb5-4fa4-a97d-d965ccfc6d4b" outcome="Passed" testListId="8c84fa94-04c1-424b-9868-57a2d4851a1d" relativeResultsDirectory="e8c53b9c-8ede-4df7-a57b-a31c83216f34" />
    <UnitTestResult executionId="76e0aec4-681d-448c-a9ff-8da7dc883595" testId="1379950e-46c8-8335-a14f-e9d9b9353f67" testName="SpdxFile_Validate_ReportsInvalidFileId" computerName="runnervmymu0l" duration="00:00:00.0005104" startTime="2026-01-27T18:55:20.6587717+00:00" endTime="2026-01-27T18:55:20.6593345+00:00" testType="13cdc9d9-ddb5-4fa4-a97d-d965ccfc6d4b" outcome="Passed" testListId="8c84fa94-04c1-424b-9868-57a2d4851a1d" relativeResultsDirectory="76e0aec4-681d-448c-a9ff-8da7dc883595" />
    <UnitTestResult executionId="095fe393-e9dc-4247-9280-51660ede41dc" testId="14ce9e75-e911-864d-b51d-eeccda8e77b4" testName="SpdxPackage_Validate_MissingDownload" computerName="runnervmymu0l" duration="00:00:00.0001525" startTime="2026-01-27T18:55:20.6644974+00:00" endTime="2026-01-27T18:55:20.6647103+00:00" testType="13cdc9d9-ddb5-4fa4-a97d-d965ccfc6d4b" outcome="Passed" testListId="8c84fa94-04c1-424b-9868-57a2d4851a1d" relativeResultsDirectory="095fe393-e9dc-4247-9280-51660ede41dc" />
    <UnitTestResult executionId="185aff03-d5ee-4c97-a526-14e29178f068" testId="1e4f281b-50a8-843a-8848-42c0930b7c25" testName="SpdxAnnotation_Validate_BadAnnotator" computerName="runnervmymu0l" duration="00:00:00.0953698" startTime="2026-01-27T18:55:20.4317844+00:00" endTime="2026-01-27T18:55:20.5432683+00:00" testType="13cdc9d9-ddb5-4fa4-a97d-d965ccfc6d4b" outcome="Passed" testListId="8c84fa94-04c1-424b-9868-57a2d4851a1d" relativeResultsDirectory="185aff03-d5ee-4c97-a526-14e29178f068" />
    <UnitTestResult executionId="f08303c7-bd38-4cf4-8f3b-0107c1ea87fa" testId="173cc7a4-f96d-8319-a9ef-fa83b947a03f" testName="SpdxRelationships_AddSingle_BadRelatedElement" computerName="runnervmymu0l" duration="00:00:00.0012368" startTime="2026-01-27T18:55:20.6745420+00:00" endTime="2026-01-27T18:55:20.6758410+00:00" testType="13cdc9d9-ddb5-4fa4-a97d-d965ccfc6d4b" outcome="Passed" testListId="8c84fa94-04c1-424b-9868-57a2d4851a1d" relativeResultsDirectory="f08303c7-bd38-4cf4-8f3b-0107c1ea87fa" />
    <UnitTestResult executionId="eee31047-0f9e-4e46-823b-1cd2b100b28c" testId="1c8a9305-f557-8c98-bcc7-f6700023cb01" testName="SpdxFileTypeExtensions_FromText_Invalid" computerName="runnervmymu0l" duration="00:00:00.0002902" startTime="2026-01-27T18:55:20.6607114+00:00" endTime="2026-01-27T18:55:20.6610604+00:00" testType="13cdc9d9-ddb5-4fa4-a97d-d965ccfc6d4b" outcome="Passed" testListId="8c84fa94-04c1-424b-9868-57a2d4851a1d" relativeResultsDirectory="eee31047-0f9e-4e46-823b-1cd2b100b28c" />
    <UnitTestResult executionId="848e0cda-a898-4655-902f-e782ef2f21c6" testId="114bdd66-dfab-834e-a8a8-372ccdcd76b3" testName="SpdxPackage_Validate_BadValidUntilDate" computerName="runnervmymu0l" duration="00:00:00.0001737" startTime="2026-01-27T18:55:20.6666402+00:00" endTime="2026-01-27T18:55:20.6668657+00:00" testType="13cdc9d9-ddb5-4fa4-a97d-d965ccfc6d4b" outcome="Passed" testListId="8c84fa94-04c1-424b-9868-57a2d4851a1d" relativeResultsDirectory="848e0cda-a898-4655-902f-e782ef2f21c6" />
    <UnitTestResult executionId="6a7aa14f-29c1-4053-8c84-b23691407c89" testId="1198ddae-c928-8697-9cf9-15de0aa98451" testName="SpdxAnnotationTypeExtensions_ToText_Invalid" computerName="runnervmymu0l" duration="00:00:00.0053674" startTime="2026-01-27T18:55:20.5795609+00:00" endTime="2026-01-27T18:55:20.5858404+00:00" testType="13cdc9d9-ddb5-4fa4-a97d-d965ccfc6d4b" outcome="Passed" testListId="8c84fa94-04c1-424b-9868-57a2d4851a1d" relativeResultsDirectory="6a7aa14f-29c1-4053-8c84-b23691407c89" />
    <UnitTestResult executionId="2ed94f2b-6b13-45b0-8f44-4e899f706201" testId="1ebe5ff4-64b7-8c59-904c-85d4dc402fce" testName="SpdxExternalReference_Validate_BadCategory" computerName="runnervmymu0l" duration="00:00:00.0010204" startTime="2026-01-27T18:55:20.6528369+00:00" endTime="2026-01-27T18:55:20.6539024+00:00" testType="13cdc9d9-ddb5-4fa4-a97d-d965ccfc6d4b" outcome="Passed" testListId="8c84fa94-04c1-424b-9868-57a2d4851a1d" relativeResultsDirectory="2ed94f2b-6b13-45b0-8f44-4e899f706201" />
    <UnitTestResult executionId="5bc32cd1-f8b1-4af7-a65e-08c8b74d1de6" testId="142938c5-4e2c-88ac-8ac3-d1d6379c6f0a" testName="Spdx2JsonSerializer_SerializeExtractedLicensingInfo_CorrectResults" computerName="runnervmymu0l" duration="00:00:00.0005324" startTime="2026-01-27T18:55:20.7300086+00:00" endTime="2026-01-27T18:55:20.7306329+00:00" testType="13cdc9d9-ddb5-4fa4-a97d-d965ccfc6d4b" outcome="Passed" testListId="8c84fa94-04c1-424b-9868-57a2d4851a1d" relativeResultsDirectory="5bc32cd1-f8b1-4af7-a65e-08c8b74d1de6" />
    <UnitTestResult executionId="1c4add53-61a5-4289-a5ff-565c2b182804" testId="18386e70-22e1-848b-a0aa-e7425cbd321e" testName="SpdxAnnotation_SameComparer_ComparesCorrectly" computerName="runnervmymu0l" duration="00:00:00.0084311" startTime="2026-01-27T18:55:20.4318278+00:00" endTime="2026-01-27T18:55:20.4590803+00:00" testType="13cdc9d9-ddb5-4fa4-a97d-d965ccfc6d4b" outcome="Passed" testListId="8c84fa94-04c1-424b-9868-57a2d4851a1d" relativeResultsDirectory="1c4add53-61a5-4289-a5ff-565c2b182804" />
    <UnitTestResult executionId="a140b2ab-30a1-44fe-8bda-df7888ea4139" testId="1d8b23b6-cf8d-885f-acce-39004b5a4305" testName="SpdxFile_Enhance_AddsOrUpdatesInformationCorrectly" computerName="runnervmymu0l" duration="00:00:00.0083014" startTime="2026-01-27T18:55:20.6582296+00:00" endTime="2026-01-27T18:55:20.6665799+00:00" testType="13cdc9d9-ddb5-4fa4-a97d-d965ccfc6d4b" outcome="Passed" testListId="8c84fa94-04c1-424b-9868-57a2d4851a1d" relativeResultsDirectory="a140b2ab-30a1-44fe-8bda-df7888ea4139" />
    <UnitTestResult executionId="11697923-c250-4cb6-978a-83a4f47c6653" testId="19d4dd52-ce83-89e9-b0d7-9e9b2d60311b" testName="SpdxDocument_DeepCopy_CreatesEqualButDistinctInstance" computerName="runnervmymu0l" duration="00:00:00.0183711" startTime="2026-01-27T18:55:20.5902732+00:00" endTime="2026-01-27T18:55:20.6087114+00:00" testType="13cdc9d9-ddb5-4fa4-a97d-d965ccfc6d4b" outcome="Passed" testListId="8c84fa94-04c1-424b-9868-57a2d4851a1d" relativeResultsDirectory="11697923-c250-4cb6-978a-83a4f47c6653" />
    <UnitTestResult executionId="64da7d8c-6af4-4f27-a053-6fd8cc76aa06" testId="17863307-f32e-8e90-8c2f-210877cb5e0b" testName="SpdxAnnotationTypeExtensions_FromText_Valid" computerName="runnervmymu0l" duration="00:00:00.0003943" startTime="2026-01-27T18:55:20.5430991+00:00" endTime="2026-01-27T18:55:20.5435490+00:00" testType="13cdc9d9-ddb5-4fa4-a97d-d965ccfc6d4b" outcome="Passed" testListId="8c84fa94-04c1-424b-9868-57a2d4851a1d" relativeResultsDirectory="64da7d8c-6af4-4f27-a053-6fd8cc76aa06" />
    <UnitTestResult executionId="8806d4bb-5cba-4783-b7da-5771e7d5721b" testId="1689123e-4c8f-8750-b4b4-4cb665695820" testName="SpdxPackageVerificationCode_Enhance_AddsOrUpdatesInformationCorrectly" computerName="runnervmymu0l" duration="00:00:00.0005094" startTime="2026-01-27T18:55:20.6669160+00:00" endTime="2026-01-27T18:55:20.6674800+00:00" testType="13cdc9d9-ddb5-4fa4-a97d-d965ccfc6d4b" outcome="Passed" testListId="8c84fa94-04c1-424b-9868-57a2d4851a1d" relativeResultsDirectory="8806d4bb-5cba-4783-b7da-5771e7d5721b" />
    <UnitTestResult executionId="20ef18d8-6d8a-440a-86f2-14425f04d003" testId="1d0142e9-2eb9-8de1-af4e-86429e6dc7c9" testName="Spdx2JsonSerializer_SerializeFile_CorrectResults" computerName="runnervmymu0l" duration="00:00:00.0037708" startTime="2026-01-27T18:55:20.7308051+00:00" endTime="2026-01-27T18:55:20.7346787+00:00" testType="13cdc9d9-ddb5-4fa4-a97d-d965ccfc6d4b" outcome="Passed" testListId="8c84fa94-04c1-424b-9868-57a2d4851a1d" relativeResultsDirectory="20ef18d8-6d8a-440a-86f2-14425f04d003" />
    <UnitTestResult executionId="9d21a816-a7af-440e-8f79-df6b70056eae" testId="1ac27a71-a3b1-8428-bcae-ec23351bc444" testName="SpdxPackage_SameComparer_ComparesCorrectly" computerName="runnervmymu0l" duration="00:00:00.0005488" startTime="2026-01-27T18:55:20.6616124+00:00" endTime="2026-01-27T18:55:20.6622746+00:00" testType="13cdc9d9-ddb5-4fa4-a97d-d965ccfc6d4b" outcome="Passed" testListId="8c84fa94-04c1-424b-9868-57a2d4851a1d" relativeResultsDirectory="9d21a816-a7af-440e-8f79-df6b70056eae" />
    <UnitTestResult executionId="7881c35f-0c07-4c00-9b8c-97f4d4c88516" testId="19ac30b5-ca40-83d7-bbe4-cf6cfc4b33fd" testName="SpdxDocument_SameComparer_ComparesCorrectly" computerName="runnervmymu0l" duration="00:00:00.0043832" startTime="2026-01-27T18:55:20.5900293+00:00" endTime="2026-01-27T18:55:20.5944661+00:00" testType="13cdc9d9-ddb5-4fa4-a97d-d965ccfc6d4b" outcome="Passed" testListId="8c84fa94-04c1-424b-9868-57a2d4851a1d" relativeResultsDirectory="7881c35f-0c07-4c00-9b8c-97f4d4c88516" />
    <UnitTestResult executionId="9a5722d9-1510-470c-9119-d8d2b006fb2a" testId="1eef42e5-5d10-8bdf-832f-158b57cf79ec" testName="SpdxExternalReference_SameComparer_ComparesCorrectly" computerName="runnervmymu0l" duration="00:00:00.0012586" startTime="2026-01-27T18:55:20.6513441+00:00" endTime="2026-01-27T18:55:20.6527001+00:00" testType="13cdc9d9-ddb5-4fa4-a97d-d965ccfc6d4b" outcome="Passed" testListId="8c84fa94-04c1-424b-9868-57a2d4851a1d" relativeResultsDirectory="9a5722d9-1510-470c-9119-d8d2b006fb2a" />
    <UnitTestResult executionId="66d32db6-51a9-40e6-a671-01724f618cee" testId="131d4428-eeee-82f7-8b4d-f66fc6821052" testName="SpdxCreationInformation_Enhance_AddsOrUpdatesInformationCorrectly" computerName="runnervmymu0l" duration="00:00:00.0008955" startTime="2026-01-27T18:55:20.5872554+00:00" endTime="2026-01-27T18:55:20.5882222+00:00" testType="13cdc9d9-ddb5-4fa4-a97d-d965ccfc6d4b" outcome="Passed" testListId="8c84fa94-04c1-424b-9868-57a2d4851a1d" relativeResultsDirectory="66d32db6-51a9-40e6-a671-01724f618cee" />
    <UnitTestResult executionId="2889ade8-599a-4ee5-b962-9b8438bc29df" testId="132ca9bd-f6db-8f4a-96d4-3473efcd1ba1" testName="Spdx2JsonDeserializer_DeserializeSnippet_CorrectResults" computerName="runnervmymu0l" duration="00:00:00.0039016" startTime="2026-01-27T18:55:20.7239543+00:00" endTime="2026-01-27T18:55:20.7279542+00:00" testType="13cdc9d9-ddb5-4fa4-a97d-d965ccfc6d4b" outcome="Passed" testListId="8c84fa94-04c1-424b-9868-57a2d4851a1d" relativeResultsDirectory="2889ade8-599a-4ee5-b962-9b8438bc29df" />
    <UnitTestResult executionId="456dd1f7-6e01-40de-88f6-a4a99e6eb045" testId="1092f54f-4a0a-8f53-8950-bb51869ec5e4" testName="SpdxRelationship_Validate_MissingRelatedId" computerName="runnervmymu0l" duration="00:00:00.0002557" startTime="2026-01-27T18:55:20.6693834+00:00" endTime="2026-01-27T18:55:20.6696912+00:00" testType="13cdc9d9-ddb5-4fa4-a97d-d965ccfc6d4b" outcome="Passed" testListId="8c84fa94-04c1-424b-9868-57a2d4851a1d" relativeResultsDirectory="456dd1f7-6e01-40de-88f6-a4a99e6eb045" />
    <UnitTestResult executionId="aff6e6db-9a40-4b23-8af8-8c3a76f8765b" testId="13e5031a-98be-800e-b554-59274f4dc4c4" testName="Spdx2JsonDeserializer_DeserializeChecksums_CorrectResults" computerName="runnervmymu0l" duration="00:00:00.0012258" startTime="2026-01-27T18:55:20.6826698+00:00" endTime="2026-01-27T18:55:20.6839479+00:00" testType="13cdc9d9-ddb5-4fa4-a97d-d965ccfc6d4b" outcome="Passed" testListId="8c84fa94-04c1-424b-9868-57a2d4851a1d" relativeResultsDirectory="aff6e6db-9a40-4b23-8af8-8c3a76f8765b" />
    <UnitTestResult executionId="fac7d37f-dd56-47c3-a68f-0a45b886e079" testId="11b82d60-e358-87fa-92d3-a97bc45e5b03" testName="Spdx2JsonDeserializer_DeserializePackage_CorrectResults" computerName="runnervmymu0l" duration="00:00:00.0013271" startTime="2026-01-27T18:55:20.7229753+00:00" endTime="2026-01-27T18:55:20.7244162+00:00" testType="13cdc9d9-ddb5-4fa4-a97d-d965ccfc6d4b" outcome="Passed" testListId="8c84fa94-04c1-424b-9868-57a2d4851a1d" relativeResultsDirectory="fac7d37f-dd56-47c3-a68f-0a45b886e079" />
    <UnitTestResult executionId="2adb9907-b520-483a-8a48-2ac2861d42e6" testId="18eebb03-ae87-8312-b232-c85b37ad1cb6" testName="Spdx2JsonSerializer_SerializeAnnotations_CorrectResults" computerName="runnervmymu0l" duration="00:00:00.0007877" startTime="2026-01-27T18:55:20.7261834+00:00" endTime="2026-01-27T18:55:20.7270378+00:00" testType="13cdc9d9-ddb5-4fa4-a97d-d965ccfc6d4b" outcome="Passed" testListId="8c84fa94-04c1-424b-9868-57a2d4851a1d" relativeResultsDirectory="2adb9907-b520-483a-8a48-2ac2861d42e6" />
    <UnitTestResult executionId="28c3f1c8-8cbd-4e42-ae44-dfc654370ee8" testId="1703aa5e-2524-8197-b668-7b3225fa2c0d" testName="Spdx2JsonDeserializer_DeserializeExtractedLicensingInfo_CorrectResults" computerName="runnervmymu0l" duration="00:00:00.0340988" startTime="2026-01-27T18:55:20.6877675+00:00" endTime="2026-01-27T18:55:20.7219761+00:00" testType="13cdc9d9-ddb5-4fa4-a97d-d965ccfc6d4b" outcome="Passed" testListId="8c84fa94-04c1-424b-9868-57a2d4851a1d" relativeResultsDirectory="28c3f1c8-8cbd-4e42-ae44-dfc654370ee8" />
    <UnitTestResult executionId="5da804c1-3d58-4cf6-a0de-b9ad98a690ab" testId="1a179bbd-79ba-8632-b789-b713dd933cfa" testName="SpdxExtractedLicensingInfo_Validate_BadExtractedText" computerName="runnervmymu0l" duration="00:00:00.0005446" startTime="2026-01-27T18:55:20.6575666+00:00" endTime="2026-01-27T18:55:20.6581854+00:00" testType="13cdc9d9-ddb5-4fa4-a97d-d965ccfc6d4b" outcome="Passed" testListId="8c84fa94-04c1-424b-9868-57a2d4851a1d" relativeResultsDirectory="5da804c1-3d58-4cf6-a0de-b9ad98a690ab" />
    <UnitTestResult executionId="a70de1b9-6863-427a-99ae-12c7b9c34edd" testId="1a079fcb-8eff-86b2-a714-6b4633431050" testName="Spdx2JsonDeserializer_DeserializeChecksum_CorrectResults" computerName="runnervmymu0l" duration="00:00:00.0002490" startTime="2026-01-27T18:55:20.6823055+00:00" endTime="2026-01-27T18:55:20.6826429+00:00" testType="13cdc9d9-ddb5-4fa4-a97d-d965ccfc6d4b" outcome="Passed" testListId="8c84fa94-04c1-424b-9868-57a2d4851a1d" relativeResultsDirectory="a70de1b9-6863-427a-99ae-12c7b9c34edd" />
    <UnitTestResult executionId="c79e2d0c-ca41-492d-bb00-af4b78b1cd46" testId="1b95d6ad-74ca-816e-b18f-f13d3537c18f" testName="SpdxPackageVerificationCode_SameComparer_ComparesCorrectly" computerName="runnervmymu0l" duration="00:00:00.0010885" startTime="2026-01-27T18:55:20.6666879+00:00" endTime="2026-01-27T18:55:20.6678804+00:00" testType="13cdc9d9-ddb5-4fa4-a97d-d965ccfc6d4b" outcome="Passed" testListId="8c84fa94-04c1-424b-9868-57a2d4851a1d" relativeResultsDirectory="c79e2d0c-ca41-492d-bb00-af4b78b1cd46" />
    <UnitTestResult executionId="7ef32007-1286-48b0-a998-9667c5389a3c" testId="10f36077-d20b-85f2-bb21-176d0c656993" testName="SpdxAnnotationTypeExtensions_FromText_Invalid" computerName="runnervmymu0l" duration="00:00:00.0292359" startTime="2026-01-27T18:55:20.5432995+00:00" endTime="2026-01-27T18:55:20.5725936+00:00" testType="13cdc9d9-ddb5-4fa4-a97d-d965ccfc6d4b" outcome="Passed" testListId="8c84fa94-04c1-424b-9868-57a2d4851a1d" relativeResultsDirectory="7ef32007-1286-48b0-a998-9667c5389a3c" />
    <UnitTestResult executionId="76deae0f-88e0-4db7-a189-5aedd46b82a3" testId="1343d463-2ef5-84b7-9c50-c03edf7a4764" testName="SpdxPackage_Enhance_AddsOrUpdatesPackagesCorrectly" computerName="runnervmymu0l" duration="00:00:00.0018595" startTime="2026-01-27T18:55:20.6623069+00:00" endTime="2026-01-27T18:55:20.6642161+00:00" testType="13cdc9d9-ddb5-4fa4-a97d-d965ccfc6d4b" outcome="Passed" testListId="8c84fa94-04c1-424b-9868-57a2d4851a1d" relativeResultsDirectory="76deae0f-88e0-4db7-a189-5aedd46b82a3" />
    <UnitTestResult executionId="0c611cd9-e2e4-48ec-b6db-538e908ea6e2" testId="1c168fe9-08d0-8ef7-8845-bd0b07ce4b82" testName="SpdxDocument_Validate_DuplicatePackageIds" computerName="runnervmymu0l" duration="00:00:00.0002735" startTime="2026-01-27T18:55:20.6455952+00:00" endTime="2026-01-27T18:55:20.6459142+00:00" testType="13cdc9d9-ddb5-4fa4-a97d-d965ccfc6d4b" outcome="Passed" testListId="8c84fa94-04c1-424b-9868-57a2d4851a1d" relativeResultsDirectory="0c611cd9-e2e4-48ec-b6db-538e908ea6e2" />
    <UnitTestResult executionId="abd6711e-3e1a-499f-b05e-f26f93cc0146" testId="1a8b76bf-709b-8ea8-9fa4-d6facbb5e028" testName="Spdx2JsonDeserializer_DeserializeAnnotations_CorrectResults" computerName="runnervmymu0l" duration="00:00:00.0031523" startTime="2026-01-27T18:55:20.6808370+00:00" endTime="2026-01-27T18:55:20.6840513+00:00" testType="13cdc9d9-ddb5-4fa4-a97d-d965ccfc6d4b" outcome="Passed" testListId="8c84fa94-04c1-424b-9868-57a2d4851a1d" relativeResultsDirectory="abd6711e-3e1a-499f-b05e-f26f93cc0146" />
    <UnitTestResult executionId="ddcbfa1d-bf39-416c-ba59-d7e44cd99623" testId="1aff29c2-b17a-84ab-94a4-5c4a165c06cf" testName="SpdxRelationship_Validate_MissingId" computerName="runnervmymu0l" duration="00:00:00.0004052" startTime="2026-01-27T18:55:20.6688921+00:00" endTime="2026-01-27T18:55:20.6693533+00:00" testType="13cdc9d9-ddb5-4fa4-a97d-d965ccfc6d4b" outcome="Passed" testListId="8c84fa94-04c1-424b-9868-57a2d4851a1d" relativeResultsDirectory="ddcbfa1d-bf39-416c-ba59-d7e44cd99623" />
    <UnitTestResult executionId="48d87094-6f9f-4438-8c64-b63d781dbf28" testId="16e19c81-3b7e-8184-94f9-59f35f711588" testName="SpdxCreationInformation_Validate_BadCreator" computerName="runnervmymu0l" duration="00:00:00.0011767" startTime="2026-01-27T18:55:20.5874312+00:00" endTime="2026-01-27T18:55:20.5886632+00:00" testType="13cdc9d9-ddb5-4fa4-a97d-d965ccfc6d4b" outcome="Passed" testListId="8c84fa94-04c1-424b-9868-57a2d4851a1d" relativeResultsDirectory="48d87094-6f9f-4438-8c64-b63d781dbf28" />
    <UnitTestResult executionId="85c18919-5516-43b5-bc54-a3a7f08bd95f" testId="14b38214-f203-8950-9fa4-f1af686615ef" testName="SpdxAnnotation_DeepCopy_CreatesEqualButDistinctInstance" computerName="runnervmymu0l" duration="00:00:00.0084108" startTime="2026-01-27T18:55:20.4318053+00:00" endTime="2026-01-27T18:55:20.4590814+00:00" testType="13cdc9d9-ddb5-4fa4-a97d-d965ccfc6d4b" outcome="Passed" testListId="8c84fa94-04c1-424b-9868-57a2d4851a1d" relativeResultsDirectory="85c18919-5516-43b5-bc54-a3a7f08bd95f" />
    <UnitTestResult executionId="64312510-4dd6-457a-bb8e-d3e430bcdfe2" testId="1c075734-e1c8-803c-845c-96dbe005ade9" testName="SpdxPackage_Validate_BadBuiltDate" computerName="runnervmymu0l" duration="00:00:00.0002084" startTime="2026-01-27T18:55:20.6649899+00:00" endTime="2026-01-27T18:55:20.6652550+00:00" testType="13cdc9d9-ddb5-4fa4-a97d-d965ccfc6d4b" outcome="Passed" testListId="8c84fa94-04c1-424b-9868-57a2d4851a1d" relativeResultsDirectory="64312510-4dd6-457a-bb8e-d3e430bcdfe2" />
    <UnitTestResult executionId="33ebd4c5-ce36-4916-a5d2-3e48ffcc6d40" testId="14fb3699-f393-87d4-b6af-f5091b9cff80" testName="SpdxAnnotation_Validate_BadType" computerName="runnervmymu0l" duration="00:00:00.0780348" startTime="2026-01-27T18:55:20.4647477+00:00" endTime="2026-01-27T18:55:20.5432729+00:00" testType="13cdc9d9-ddb5-4fa4-a97d-d965ccfc6d4b" outcome="Passed" testListId="8c84fa94-04c1-424b-9868-57a2d4851a1d" relativeResultsDirectory="33ebd4c5-ce36-4916-a5d2-3e48ffcc6d40" />
    <UnitTestResult executionId="ce1fe02f-7b17-4ab7-adc9-a49dab49b7a1" testId="10b21616-fc30-8a4c-ad2d-7d82986a9c52" testName="SpdxReferenceCategoryExtensions_FromText_Valid" computerName="runnervmymu0l" duration="00:00:00.0002880" startTime="2026-01-27T18:55:20.6538230+00:00" endTime="2026-01-27T18:55:20.6541811+00:00" testType="13cdc9d9-ddb5-4fa4-a97d-d965ccfc6d4b" outcome="Passed" testListId="8c84fa94-04c1-424b-9868-57a2d4851a1d" relativeResultsDirectory="ce1fe02f-7b17-4ab7-adc9-a49dab49b7a1" />
    <UnitTestResult executionId="0ad69c50-77d8-450e-ace4-1cc9183bad35" testId="12660957-3942-8b4e-bb83-ee3584906dc0" testName="SpdxChecksum_Enhance_AddsOrUpdatesInformationCorrectly" computerName="runnervmymu0l" duration="00:00:00.0022923" startTime="2026-01-27T18:55:20.5799226+00:00" endTime="2026-01-27T18:55:20.5822672+00:00" testType="13cdc9d9-ddb5-4fa4-a97d-d965ccfc6d4b" outcome="Passed" testListId="8c84fa94-04c1-424b-9868-57a2d4851a1d" relativeResultsDirectory="0ad69c50-77d8-450e-ace4-1cc9183bad35" />
    <UnitTestResult executionId="dfebbbf1-21fc-4a8b-b767-aaae1de4e1d8" testId="1d818753-7402-8d8e-8256-745080d4cb3b" testName="SpdxSnippet_Validate_ReportsInvalidSnippetId" computerName="runnervmymu0l" duration="00:00:00.0004193" startTime="2026-01-27T18:55:20.6742657+00:00" endTime="2026-01-27T18:55:20.6747415+00:00" testType="13cdc9d9-ddb5-4fa4-a97d-d965ccfc6d4b" outcome="Passed" testListId="8c84fa94-04c1-424b-9868-57a2d4851a1d" relativeResultsDirectory="dfebbbf1-21fc-4a8b-b767-aaae1de4e1d8" />
    <UnitTestResult executionId="487a2bae-11cb-4adb-bbd8-8dcd25a100ae" testId="1efcc640-8ee9-85ea-8e4f-31e58918e56a" testName="SpdxCreationInformation_Validate_BadVersion" computerName="runnervmymu0l" duration="00:00:00.0024766" startTime="2026-01-27T18:55:20.5882550+00:00" endTime="2026-01-27T18:55:20.5907867+00:00" testType="13cdc9d9-ddb5-4fa4-a97d-d965ccfc6d4b" outcome="Passed" testListId="8c84fa94-04c1-424b-9868-57a2d4851a1d" relativeResultsDirectory="487a2bae-11cb-4adb-bbd8-8dcd25a100ae" />
    <UnitTestResult executionId="165ef865-e383-46c4-a8ef-e3c16c3b7c94" testId="1c4cb692-8a0b-8749-b059-5dcbfddb32e0" testName="SpdxFileTypeExtensions_ToText_Valid" computerName="runnervmymu0l" duration="00:00:00.0005681" startTime="2026-01-27T18:55:20.6609519+00:00" endTime="2026-01-27T18:55:20.6615737+00:00" testType="13cdc9d9-ddb5-4fa4-a97d-d965ccfc6d4b" outcome="Passed" testListId="8c84fa94-04c1-424b-9868-57a2d4851a1d" relativeResultsDirectory="165ef865-e383-46c4-a8ef-e3c16c3b7c94" />
    <UnitTestResult executionId="da83265c-12f6-4d69-a1ac-f45481f2af75" testId="1f24778d-9f77-82a3-8f08-a86c630259fa" testName="SpdxPackage_Validate_BadOriginator" computerName="runnervmymu0l" duration="00:00:00.0001655" startTime="2026-01-27T18:55:20.6647401+00:00" endTime="2026-01-27T18:55:20.6649587+00:00" testType="13cdc9d9-ddb5-4fa4-a97d-d965ccfc6d4b" outcome="Passed" testListId="8c84fa94-04c1-424b-9868-57a2d4851a1d" relativeResultsDirectory="da83265c-12f6-4d69-a1ac-f45481f2af75" />
    <UnitTestResult executionId="0de7e22e-37cc-4bf9-af57-f701dcd13f70" testId="197c61b3-530b-815f-90fe-b1c6c007a400" testName="SpdxChecksumAlgorithmExtensions_FromText_Valid" computerName="runnervmymu0l" duration="00:00:00.0010280" startTime="2026-01-27T18:55:20.5837140+00:00" endTime="2026-01-27T18:55:20.5848003+00:00" testType="13cdc9d9-ddb5-4fa4-a97d-d965ccfc6d4b" outcome="Passed" testListId="8c84fa94-04c1-424b-9868-57a2d4851a1d" relativeResultsDirectory="0de7e22e-37cc-4bf9-af57-f701dcd13f70" />
    <UnitTestResult executionId="53f0c23c-366d-4508-814a-a233e5dd4b0f" testId="11fe3cf3-294b-8558-9fe0-695924a63994" testName="Spdx2JsonDeserializer_DeserializeExternalReference_CorrectResults" computerName="runnervmymu0l" duration="00:00:00.0004022" startTime="2026-01-27T18:55:20.6872109+00:00" endTime="2026-01-27T18:55:20.6877332+00:00" testType="13cdc9d9-ddb5-4fa4-a97d-d965ccfc6d4b" outcome="Passed" testListId="8c84fa94-04c1-424b-9868-57a2d4851a1d" relativeResultsDirectory="53f0c23c-366d-4508-814a-a233e5dd4b0f" />
    <UnitTestResult executionId="ea40c2fe-1e67-4ba3-8161-0e40912abeca" testId="11387f1c-8ff5-8b12-bfef-86ccabcb7ca8" testName="Spdx2JsonDeserializer_DeserializeExternalReferences_CorrectResults" computerName="runnervmymu0l" duration="00:00:00.0006071" startTime="2026-01-27T18:55:20.6877607+00:00" endTime="2026-01-27T18:55:20.6884267+00:00" testType="13cdc9d9-ddb5-4fa4-a97d-d965ccfc6d4b" outcome="Passed" testListId="8c84fa94-04c1-424b-9868-57a2d4851a1d" relativeResultsDirectory="ea40c2fe-1e67-4ba3-8161-0e40912abeca" />
    <UnitTestResult executionId="df48c933-3093-4344-b9a9-d8f89e926407" testId="129d5f29-a381-80a2-8770-ce6042156e6f" testName="SpdxExternalDocumentReference_Enhance_AddsOrUpdatesInformationCorrectly" computerName="runnervmymu0l" duration="00:00:00.0024923" startTime="2026-01-27T18:55:20.6502963+00:00" endTime="2026-01-27T18:55:20.6528443+00:00" testType="13cdc9d9-ddb5-4fa4-a97d-d965ccfc6d4b" outcome="Passed" testListId="8c84fa94-04c1-424b-9868-57a2d4851a1d" relativeResultsDirectory="df48c933-3093-4344-b9a9-d8f89e926407" />
    <UnitTestResult executionId="f5383824-9f1d-4e80-a7d4-af03d9c63118" testId="1462821d-ea3b-8da9-bd97-ee8321085e04" testName="SpdxRelationshipTypeExtensions_ToText_Invalid" computerName="runnervmymu0l" duration="00:00:00.0022600" startTime="2026-01-27T18:55:20.6712248+00:00" endTime="2026-01-27T18:55:20.6735424+00:00" testType="13cdc9d9-ddb5-4fa4-a97d-d965ccfc6d4b" outcome="Passed" testListId="8c84fa94-04c1-424b-9868-57a2d4851a1d" relativeResultsDirectory="f5383824-9f1d-4e80-a7d4-af03d9c63118" />
    <UnitTestResult executionId="db29c8f4-6aeb-42b5-b77f-101b53311a15" testId="1e3a72d7-b077-8f04-a3f6-c8554ffb57e8" testName="SpdxRelationships_AddSingle_Duplicate" computerName="runnervmymu0l" duration="00:00:00.0010502" startTime="2026-01-27T18:55:20.6747766+00:00" endTime="2026-01-27T18:55:20.6758765+00:00" testType="13cdc9d9-ddb5-4fa4-a97d-d965ccfc6d4b" outcome="Passed" testListId="8c84fa94-04c1-424b-9868-57a2d4851a1d" relativeResultsDirectory="db29c8f4-6aeb-42b5-b77f-101b53311a15" />
    <UnitTestResult executionId="feec55b3-ba95-48ed-8ca4-f5baa1956ee8" testId="175d244e-1a65-847e-bc73-1f0d71fa5508" testName="SpdxDocument_Validate_NoIssues" computerName="runnervmymu0l" duration="00:00:00.0535935" startTime="2026-01-27T18:55:20.5908163+00:00" endTime="2026-01-27T18:55:20.6445092+00:00" testType="13cdc9d9-ddb5-4fa4-a97d-d965ccfc6d4b" outcome="Passed" testListId="8c84fa94-04c1-424b-9868-57a2d4851a1d" relativeResultsDirectory="feec55b3-ba95-48ed-8ca4-f5baa1956ee8" />
    <UnitTestResult executionId="d4a7ae01-0477-4ff3-ad3d-222cc5a44cbb" testId="129b3c8f-8676-80cc-8878-6ab8f1942a6c" testName="SpdxFile_Validate_Success" computerName="runnervmymu0l" duration="00:00:00.0002560" startTime="2026-01-27T18:55:20.6603722+00:00" endTime="2026-01-27T18:55:20.6606809+00:00" testType="13cdc9d9-ddb5-4fa4-a97d-d965ccfc6d4b" outcome="Passed" testListId="8c84fa94-04c1-424b-9868-57a2d4851a1d" relativeResultsDirectory="d4a7ae01-0477-4ff3-ad3d-222cc5a44cbb" />
    <UnitTestResult executionId="19ad790a-7f7f-49cf-84fc-bc168ebe8abe" testId="19c537a8-d2a8-8c8f-b311-c9898ecf62f2" testName="SpdxChecksum_DeepCopy_CreatesEqualButDistinctInstance" computerName="runnervmymu0l" duration="00:00:00.0020071" startTime="2026-01-27T18:55:20.5797573+00:00" endTime="2026-01-27T18:55:20.5818152+00:00" testType="13cdc9d9-ddb5-4fa4-a97d-d965ccfc6d4b" outcome="Passed" testListId="8c84fa94-04c1-424b-9868-57a2d4851a1d" relativeResultsDirectory="19ad790a-7f7f-49cf-84fc-bc168ebe8abe" />
    <UnitTestResult executionId="31bac43e-2054-46d6-a40c-529842331910" testId="1fd3c3da-3e96-8e78-8a28-048e923622c5" testName="Spdx2JsonDeserializer_DeserializeAnnotation_CorrectResults" computerName="runnervmymu0l" duration="00:00:00.0040631" startTime="2026-01-27T18:55:20.6781072+00:00" endTime="2026-01-27T18:55:20.6822771+00:00" testType="13cdc9d9-ddb5-4fa4-a97d-d965ccfc6d4b" outcome="Passed" testListId="8c84fa94-04c1-424b-9868-57a2d4851a1d" relativeResultsDirectory="31bac43e-2054-46d6-a40c-529842331910" />
    <UnitTestResult executionId="64771edb-9c94-4037-9c05-0b51a9fd1a68" testId="18080d71-1168-86da-9881-aba8a5c9c1d7" testName="SpdxRelationships_AddSingle_BadId" computerName="runnervmymu0l" duration="00:00:00.0012793" startTime="2026-01-27T18:55:20.6742983+00:00" endTime="2026-01-27T18:55:20.6756751+00:00" testType="13cdc9d9-ddb5-4fa4-a97d-d965ccfc6d4b" outcome="Passed" testListId="8c84fa94-04c1-424b-9868-57a2d4851a1d" relativeResultsDirectory="64771edb-9c94-4037-9c05-0b51a9fd1a68" />
    <UnitTestResult executionId="67ba97d4-ace2-4f88-adf3-cbfa90333e68" testId="199d3421-a4d0-84ce-9ef0-e785118d15e3" testName="Spdx2JsonSerializer_SerializeChecksum_CorrectResults" computerName="runnervmymu0l" duration="00:00:00.0003281" startTime="2026-01-27T18:55:20.7266630+00:00" endTime="2026-01-27T18:55:20.7270748+00:00" testType="13cdc9d9-ddb5-4fa4-a97d-d965ccfc6d4b" outcome="Passed" testListId="8c84fa94-04c1-424b-9868-57a2d4851a1d" relativeResultsDirectory="67ba97d4-ace2-4f88-adf3-cbfa90333e68" />
    <UnitTestResult executionId="a75150ab-865a-478a-8267-24cf3a9783eb" testId="1968b6dd-4d3c-8a6d-a281-3d13d30d8e9c" testName="Spdx2JsonDeserializer_DeserializeRelationships_CorrectResults" computerName="runnervmymu0l" duration="00:00:00.0006008" startTime="2026-01-27T18:55:20.7236083+00:00" endTime="2026-01-27T18:55:20.7242598+00:00" testType="13cdc9d9-ddb5-4fa4-a97d-d965ccfc6d4b" outcome="Passed" testListId="8c84fa94-04c1-424b-9868-57a2d4851a1d" relativeResultsDirectory="a75150ab-865a-478a-8267-24cf3a9783eb" />
    <UnitTestResult executionId="5447cdee-7806-440e-8ab6-38cac4a984f8" testId="1ab23d14-a536-8ffb-af2c-3cd293921b8d" testName="Spdx2JsonSerializer_SerializePackage_CorrectResults" computerName="runnervmymu0l" duration="00:00:00.0027139" startTime="2026-01-27T18:55:20.7336570+00:00" endTime="2026-01-27T18:55:20.7364502+00:00" testType="13cdc9d9-ddb5-4fa4-a97d-d965ccfc6d4b" outcome="Passed" testListId="8c84fa94-04c1-424b-9868-57a2d4851a1d" relativeResultsDirectory="5447cdee-7806-440e-8ab6-38cac4a984f8" />
    <UnitTestResult executionId="be461375-27ce-4bcc-97f2-3d5885e3537b" testId="16f9f850-579d-8831-a1c5-a5142f7feaa6" testName="SpdxExternalReference_Validate_BadType" computerName="runnervmymu0l" duration="00:00:00.0004018" startTime="2026-01-27T18:55:20.6528778+00:00" endTime="2026-01-27T18:55:20.6533342+00:00" testType="13cdc9d9-ddb5-4fa4-a97d-d965ccfc6d4b" outcome="Passed" testListId="8c84fa94-04c1-424b-9868-57a2d4851a1d" relativeResultsDirectory="be461375-27ce-4bcc-97f2-3d5885e3537b" />
    <UnitTestResult executionId="36235578-ad32-4544-8599-3c22b16181a1" testId="1d5d6d66-8718-885a-b2d1-b5d6f7f000f9" testName="SpdxPackage_Validate_BadSupplier" computerName="runnervmymu0l" duration="00:00:00.0001360" startTime="2026-01-27T18:55:20.6646122+00:00" endTime="2026-01-27T18:55:20.6648022+00:00" testType="13cdc9d9-ddb5-4fa4-a97d-d965ccfc6d4b" outcome="Passed" testListId="8c84fa94-04c1-424b-9868-57a2d4851a1d" relativeResultsDirectory="36235578-ad32-4544-8599-3c22b16181a1" />
    <UnitTestResult executionId="b915cada-f902-41af-9fb1-eebd89d5ccd8" testId="1124bff3-a90e-826d-8121-2420315f7c25" testName="SpdxPackageVerificationCode_Validate_BadAnnotator" computerName="runnervmymu0l" duration="00:00:00.0003985" startTime="2026-01-27T18:55:20.6671294+00:00" endTime="2026-01-27T18:55:20.6676046+00:00" testType="13cdc9d9-ddb5-4fa4-a97d-d965ccfc6d4b" outcome="Passed" testListId="8c84fa94-04c1-424b-9868-57a2d4851a1d" relativeResultsDirectory="b915cada-f902-41af-9fb1-eebd89d5ccd8" />
    <UnitTestResult executionId="6f3ae3cd-ba13-4436-a644-aade99d931e4" testId="1c712935-253e-824e-8bd6-9f33402d8f8a" testName="SpdxDocument_Validate_BadVersion" computerName="runnervmymu0l" duration="00:00:00.0357621" startTime="2026-01-27T18:55:20.6087636+00:00" endTime="2026-01-27T18:55:20.6445894+00:00" testType="13cdc9d9-ddb5-4fa4-a97d-d965ccfc6d4b" outcome="Passed" testListId="8c84fa94-04c1-424b-9868-57a2d4851a1d" relativeResultsDirectory="6f3ae3cd-ba13-4436-a644-aade99d931e4" />
    <UnitTestResult executionId="1e2978c8-d7c8-4d5b-9918-a61477f22c34" testId="104bbf62-8947-8078-a291-43ea2c662031" testName="SpdxPackage_Validate_Success" computerName="runnervmymu0l" duration="00:00:00.0001937" startTime="2026-01-27T18:55:20.6640237+00:00" endTime="2026-01-27T18:55:20.6642818+00:00" testType="13cdc9d9-ddb5-4fa4-a97d-d965ccfc6d4b" outcome="Passed" testListId="8c84fa94-04c1-424b-9868-57a2d4851a1d" relativeResultsDirectory="1e2978c8-d7c8-4d5b-9918-a61477f22c34" />
    <UnitTestResult executionId="e634bdce-c490-4d92-bfd9-238096adf6d7" testId="1b032ccb-1707-8c31-9d12-5a50295502c4" testName="SpdxFile_SameComparer_ComparesCorrectly" computerName="runnervmymu0l" duration="00:00:00.0007681" startTime="2026-01-27T18:55:20.6578464+00:00" endTime="2026-01-27T18:55:20.6587233+00:00" testType="13cdc9d9-ddb5-4fa4-a97d-d965ccfc6d4b" outcome="Passed" testListId="8c84fa94-04c1-424b-9868-57a2d4851a1d" relativeResultsDirectory="e634bdce-c490-4d92-bfd9-238096adf6d7" />
    <UnitTestResult executionId="a93b0bd7-d5e1-49a5-b78b-02dea3359548" testId="166385d2-933d-8dbd-bc86-756a09420b4c" testName="SpdxPackage_Validate_MissingPackageName" computerName="runnervmymu0l" duration="00:00:00.0001626" startTime="2026-01-27T18:55:20.6642462+00:00" endTime="2026-01-27T18:55:20.6644667+00:00" testType="13cdc9d9-ddb5-4fa4-a97d-d965ccfc6d4b" outcome="Passed" testListId="8c84fa94-04c1-424b-9868-57a2d4851a1d" relativeResultsDirectory="a93b0bd7-d5e1-49a5-b78b-02dea3359548" />
    <UnitTestResult executionId="e004e8e9-ac00-4a8a-80a4-5d02cf9e9a1a" testId="11eb57ee-f89b-8268-b3f9-13469d8ec03c" testName="SpdxAnnotationTypeExtensions_ToText_Valid" computerName="runnervmymu0l" duration="00:00:00.0003063" startTime="2026-01-27T18:55:20.5793575+00:00" endTime="2026-01-27T18:55:20.5797160+00:00" testType="13cdc9d9-ddb5-4fa4-a97d-d965ccfc6d4b" outcome="Passed" testListId="8c84fa94-04c1-424b-9868-57a2d4851a1d" relativeResultsDirectory="e004e8e9-ac00-4a8a-80a4-5d02cf9e9a1a" />
    <UnitTestResult executionId="455e4afc-4893-4668-9959-274c2b97d78b" testId="15d9f207-fb6b-8e8c-9a51-879a912616c9" testName="SpdxSnippet_Validate_Success" computerName="runnervmymu0l" duration="00:00:00.0001532" startTime="2026-01-27T18:55:20.6742966+00:00" endTime="2026-01-27T18:55:20.6745118+00:00" testType="13cdc9d9-ddb5-4fa4-a97d-d965ccfc6d4b" outcome="Passed" testListId="8c84fa94-04c1-424b-9868-57a2d4851a1d" relativeResultsDirectory="455e4afc-4893-4668-9959-274c2b97d78b" />
    <UnitTestResult executionId="b6dc7d66-c995-4d8c-b16c-8db06e676f4e" testId="12da8660-25b4-886c-955a-db691e3cb91d" testName="SpdxChecksum_Validate_BadValue" computerName="runnervmymu0l" duration="00:00:00.0002582" startTime="2026-01-27T18:55:20.5836738+00:00" endTime="2026-01-27T18:55:20.5839965+00:00" testType="13cdc9d9-ddb5-4fa4-a97d-d965ccfc6d4b" outcome="Passed" testListId="8c84fa94-04c1-424b-9868-57a2d4851a1d" relativeResultsDirectory="b6dc7d66-c995-4d8c-b16c-8db06e676f4e" />
    <UnitTestResult executionId="904f3e03-ec3e-41d1-9d84-414e0afea3d2" testId="146f9c9a-33d3-826a-ae0b-8ac7bc137e35" testName="SpdxExternalDocumentReference_DeepCopy_CreatesEqualButDistinctInstance" computerName="runnervmymu0l" duration="00:00:00.0006248" startTime="2026-01-27T18:55:20.6500808+00:00" endTime="2026-01-27T18:55:20.6507615+00:00" testType="13cdc9d9-ddb5-4fa4-a97d-d965ccfc6d4b" outcome="Passed" testListId="8c84fa94-04c1-424b-9868-57a2d4851a1d" relativeResultsDirectory="904f3e03-ec3e-41d1-9d84-414e0afea3d2" />
    <UnitTestResult executionId="28cd556e-6fe9-4951-b18f-2e79944b9401" testId="12cadb8c-33df-8551-9b4b-f31ee316a365" testName="Spdx2JsonSerializer_SerializeChecksums_CorrectResults" computerName="runnervmymu0l" duration="00:00:00.0005896" startTime="2026-01-27T18:55:20.7270680+00:00" endTime="2026-01-27T18:55:20.7277030+00:00" testType="13cdc9d9-ddb5-4fa4-a97d-d965ccfc6d4b" outcome="Passed" testListId="8c84fa94-04c1-424b-9868-57a2d4851a1d" relativeResultsDirectory="28cd556e-6fe9-4951-b18f-2e79944b9401" />
    <UnitTestResult executionId="59162af3-e502-444b-8d09-fedfeb387728" testId="1c01ee1c-8c0f-8a79-aff8-67e928567f85" testName="SpdxExtractedLicensingInfo_Validate_BadLicenseId" computerName="runnervmymu0l" duration="00:00:00.0003726" startTime="2026-01-27T18:55:20.6575232+00:00" endTime="2026-01-27T18:55:20.6579600+00:00" testType="13cdc9d9-ddb5-4fa4-a97d-d965ccfc6d4b" outcome="Passed" testListId="8c84fa94-04c1-424b-9868-57a2d4851a1d" relativeResultsDirectory="59162af3-e502-444b-8d09-fedfeb387728" />
    <UnitTestResult executionId="414d4c94-bc40-4732-ab8a-b7f5f79d671e" testId="166a80aa-0d79-8793-be12-5f2a1c364dbd" testName="Spdx2JsonDeserializer_DeserializeDocument_CorrectResults" computerName="runnervmymu0l" duration="00:00:00.0378420" startTime="2026-01-27T18:55:20.6840828+00:00" endTime="2026-01-27T18:55:20.7220602+00:00" testType="13cdc9d9-ddb5-4fa4-a97d-d965ccfc6d4b" outcome="Passed" testListId="8c84fa94-04c1-424b-9868-57a2d4851a1d" relativeResultsDirectory="414d4c94-bc40-4732-ab8a-b7f5f79d671e" />
    <UnitTestResult executionId="fedd8e31-0532-46e0-9a0a-842d238221aa" testId="1f8cd1b7-5d6b-8e26-aa84-014b3b7d68cb" testName="Spdx2JsonSerializer_SerializeExternalDocumentReferences_CorrectResults" computerName="runnervmymu0l" duration="00:00:00.0041388" startTime="2026-01-27T18:55:20.7293973+00:00" endTime="2026-01-27T18:55:20.7336179+00:00" testType="13cdc9d9-ddb5-4fa4-a97d-d965ccfc6d4b" outcome="Passed" testListId="8c84fa94-04c1-424b-9868-57a2d4851a1d" relativeResultsDirectory="fedd8e31-0532-46e0-9a0a-842d238221aa" />
    <UnitTestResult executionId="d455f047-d5a6-4390-861a-83925d05ff12" testId="165ae2e3-2167-83c0-925e-3a9e4850948c" testName="SpdxRelationshipTypeExtensions_FromText_Invalid" computerName="runnervmymu0l" duration="00:00:00.0002695" startTime="2026-01-27T18:55:20.6707011+00:00" endTime="2026-01-27T18:55:20.6710166+00:00" testType="13cdc9d9-ddb5-4fa4-a97d-d965ccfc6d4b" outcome="Passed" testListId="8c84fa94-04c1-424b-9868-57a2d4851a1d" relativeResultsDirectory="d455f047-d5a6-4390-861a-83925d05ff12" />
    <UnitTestResult executionId="8239b265-3aad-4297-abb6-9935fcb7afc8" testId="1ff07024-c7b4-82bc-991e-7265fb6d730b" testName="Spdx2JsonSerializer_SerializeDocument_CorrectResults" computerName="runnervmymu0l" duration="00:00:00.0014458" startTime="2026-01-27T18:55:20.7277318+00:00" endTime="2026-01-27T18:55:20.7292600+00:00" testType="13cdc9d9-ddb5-4fa4-a97d-d965ccfc6d4b" outcome="Passed" testListId="8c84fa94-04c1-424b-9868-57a2d4851a1d" relativeResultsDirectory="8239b265-3aad-4297-abb6-9935fcb7afc8" />
    <UnitTestResult executionId="8f14fd00-045e-4cb5-b550-0205a50b22ee" testId="1044c061-5a31-89ed-9d9c-75dba938948a" testName="SpdxRelationship_DeepCopy_CreatesEqualButDistinctInstance" computerName="runnervmymu0l" duration="00:00:00.0023064" startTime="2026-01-27T18:55:20.6688028+00:00" endTime="2026-01-27T18:55:20.6711850+00:00" testType="13cdc9d9-ddb5-4fa4-a97d-d965ccfc6d4b" outcome="Passed" testListId="8c84fa94-04c1-424b-9868-57a2d4851a1d" relativeResultsDirectory="8f14fd00-045e-4cb5-b550-0205a50b22ee" />
    <UnitTestResult executionId="1d0fdefd-ad23-44b8-80cb-807b5ee68988" testId="1cfaf624-e048-8c37-866a-157762dcdb21" testName="Spdx2JsonDeserializer_DeserializeSnippets_CorrectResults" computerName="runnervmymu0l" duration="00:00:00.0043512" startTime="2026-01-27T18:55:20.7242892+00:00" endTime="2026-01-27T18:55:20.7286971+00:00" testType="13cdc9d9-ddb5-4fa4-a97d-d965ccfc6d4b" outcome="Passed" testListId="8c84fa94-04c1-424b-9868-57a2d4851a1d" relativeResultsDirectory="1d0fdefd-ad23-44b8-80cb-807b5ee68988" />
    <UnitTestResult executionId="233dfd6e-b9af-48ab-be7f-3ad0215d25a2" testId="1c57075d-8c43-8a20-8e4f-9d126b0a9d40" testName="SpdxCreationInformation_Validate_BadCreated" computerName="runnervmymu0l" duration="00:00:00.0009049" startTime="2026-01-27T18:55:20.5878608+00:00" endTime="2026-01-27T18:55:20.5888152+00:00" testType="13cdc9d9-ddb5-4fa4-a97d-d965ccfc6d4b" outcome="Passed" testListId="8c84fa94-04c1-424b-9868-57a2d4851a1d" relativeResultsDirectory="233dfd6e-b9af-48ab-be7f-3ad0215d25a2" />
    <UnitTestResult executionId="f60b5c54-3945-4f72-bdea-28c22b460c98" testId="1aa0f992-74a8-841e-9f19-aa78077b968e" testName="SpdxDocument_Validate_BadRelationship" computerName="runnervmymu0l" duration="00:00:00.0002580" startTime="2026-01-27T18:55:20.6458531+00:00" endTime="2026-01-27T18:55:20.6482136+00:00" testType="13cdc9d9-ddb5-4fa4-a97d-d965ccfc6d4b" outcome="Passed" testListId="8c84fa94-04c1-424b-9868-57a2d4851a1d" relativeResultsDirectory="f60b5c54-3945-4f72-bdea-28c22b460c98" />
    <UnitTestResult executionId="7745dc3e-48d5-49bc-90b6-6fb7c3565e5c" testId="148ac0a4-c049-8e3e-a0f4-61ebfefb241c" testName="SpdxRelationships_AddSingle_Success" computerName="runnervmymu0l" duration="00:00:00.0007554" startTime="2026-01-27T18:55:20.6747108+00:00" endTime="2026-01-27T18:55:20.6755267+00:00" testType="13cdc9d9-ddb5-4fa4-a97d-d965ccfc6d4b" outcome="Passed" testListId="8c84fa94-04c1-424b-9868-57a2d4851a1d" relativeResultsDirectory="7745dc3e-48d5-49bc-90b6-6fb7c3565e5c" />
    <UnitTestResult executionId="443b1228-44cc-49aa-8a58-3990527d8295" testId="11f92a80-54b8-82aa-80f2-783cf3e5a53e" testName="SpdxChecksumAlgorithmExtensions_FromText_InvalidAlgorithm" computerName="runnervmymu0l" duration="00:00:00.0012850" startTime="2026-01-27T18:55:20.5840256+00:00" endTime="2026-01-27T18:55:20.5873993+00:00" testType="13cdc9d9-ddb5-4fa4-a97d-d965ccfc6d4b" outcome="Passed" testListId="8c84fa94-04c1-424b-9868-57a2d4851a1d" relativeResultsDirectory="443b1228-44cc-49aa-8a58-3990527d8295" />
    <UnitTestResult executionId="597efe38-7f7d-4f44-a694-77016373851c" testId="14010347-b5e6-897e-b63d-64418be183de" testName="SpdxRelationship_SameElementsComparer_ComparesCorrectly" computerName="runnervmymu0l" duration="00:00:00.0008112" startTime="2026-01-27T18:55:20.6687558+00:00" endTime="2026-01-27T18:55:20.6696179+00:00" testType="13cdc9d9-ddb5-4fa4-a97d-d965ccfc6d4b" outcome="Passed" testListId="8c84fa94-04c1-424b-9868-57a2d4851a1d" relativeResultsDirectory="597efe38-7f7d-4f44-a694-77016373851c" />
    <UnitTestResult executionId="fe1b802d-7417-42ad-bcf9-3fe89210faf9" testId="17e9314e-4603-8dad-b4ad-58fadfbcaaf4" testName="SpdxDocument_GetAllElements_Correct" computerName="runnervmymu0l" duration="00:00:00.0032777" startTime="2026-01-27T18:55:20.6479310+00:00" endTime="2026-01-27T18:55:20.6512627+00:00" testType="13cdc9d9-ddb5-4fa4-a97d-d965ccfc6d4b" outcome="Passed" testListId="8c84fa94-04c1-424b-9868-57a2d4851a1d" relativeResultsDirectory="fe1b802d-7417-42ad-bcf9-3fe89210faf9" />
    <UnitTestResult executionId="572a0c53-6f4b-4f9d-bf6c-da7d4c678e2f" testId="165e3a0c-7e19-855b-b7fb-196b6d49b20c" testName="SpdxExtractedLicensingInfo_SameComparer_ComparesCorrectly" computerName="runnervmymu0l" duration="00:00:00.0004498" startTime="2026-01-27T18:55:20.6555789+00:00" endTime="2026-01-27T18:55:20.6561458+00:00" testType="13cdc9d9-ddb5-4fa4-a97d-d965ccfc6d4b" outcome="Passed" testListId="8c84fa94-04c1-424b-9868-57a2d4851a1d" relativeResultsDirectory="572a0c53-6f4b-4f9d-bf6c-da7d4c678e2f" />
    <UnitTestResult executionId="2781ae42-6194-4a8f-8a46-5d46d7676459" testId="1acf5af5-30c5-887b-8f1c-6a1fc26e2608" testName="SpdxExternalDocumentReference_Validate_MissingDocument" computerName="runnervmymu0l" duration="00:00:00.0002667" startTime="2026-01-27T18:55:20.6512944+00:00" endTime="2026-01-27T18:55:20.6516307+00:00" testType="13cdc9d9-ddb5-4fa4-a97d-d965ccfc6d4b" outcome="Passed" testListId="8c84fa94-04c1-424b-9868-57a2d4851a1d" relativeResultsDirectory="2781ae42-6194-4a8f-8a46-5d46d7676459" />
    <UnitTestResult executionId="c381d720-4f2e-4436-966b-dc3a0bff8045" testId="15e34a12-7d13-83db-8ad2-22801449695f" testName="Spdx2JsonSerializer_SerializeSnippet_CorrectResults" computerName="runnervmymu0l" duration="00:00:00.0015136" startTime="2026-01-27T18:55:20.7369059+00:00" endTime="2026-01-27T18:55:20.7385032+00:00" testType="13cdc9d9-ddb5-4fa4-a97d-d965ccfc6d4b" outcome="Passed" testListId="8c84fa94-04c1-424b-9868-57a2d4851a1d" relativeResultsDirectory="c381d720-4f2e-4436-966b-dc3a0bff8045" />
    <UnitTestResult executionId="788d435e-a148-4234-9f1c-d0aef0294bbf" testId="1a7fa8a4-4b28-8492-8fc6-08be9f1d2bc2" testName="SpdxRelationshipTypeExtensions_ToText_Valid" computerName="runnervmymu0l" duration="00:00:00.0011461" startTime="2026-01-27T18:55:20.6710443+00:00" endTime="2026-01-27T18:55:20.6722422+00:00" testType="13cdc9d9-ddb5-4fa4-a97d-d965ccfc6d4b" outcome="Passed" testListId="8c84fa94-04c1-424b-9868-57a2d4851a1d" relativeResultsDirectory="788d435e-a148-4234-9f1c-d0aef0294bbf" />
    <UnitTestResult executionId="d7c36999-404c-407d-bc47-7e300560d63a" testId="1b26917d-62ef-811d-9abb-40627c5a096f" testName="Spdx2JsonSerializer_SerializeExtractedLicensingInfos_CorrectResults" computerName="runnervmymu0l" duration="00:00:00.0005920" startTime="2026-01-27T18:55:20.7306803+00:00" endTime="2026-01-27T18:55:20.7313244+00:00" testType="13cdc9d9-ddb5-4fa4-a97d-d965ccfc6d4b" outcome="Passed" testListId="8c84fa94-04c1-424b-9868-57a2d4851a1d" relativeResultsDirectory="d7c36999-404c-407d-bc47-7e300560d63a" />
    <UnitTestResult executionId="5839613b-d7cd-480f-bcbf-17587e1ac239" testId="1f336b57-870e-8b34-abe6-1b823b17fddd" testName="Spdx2JsonSerializer_SerializePackageVerificationCode_CorrectResults" computerName="runnervmymu0l" duration="00:00:00.0002770" startTime="2026-01-27T18:55:20.7359260+00:00" endTime="2026-01-27T18:55:20.7363014+00:00" testType="13cdc9d9-ddb5-4fa4-a97d-d965ccfc6d4b" outcome="Passed" testListId="8c84fa94-04c1-424b-9868-57a2d4851a1d" relativeResultsDirectory="5839613b-d7cd-480f-bcbf-17587e1ac239" />
    <UnitTestResult executionId="3d61683a-66af-4f26-b117-a43a3cff658b" testId="136d1cd8-a48b-85df-b64f-a4f2c5d98e96" testName="SpdxReferenceCategoryExtensions_ToText_Invalid" computerName="runnervmymu0l" duration="00:00:00.0035972" startTime="2026-01-27T18:55:20.6553777+00:00" endTime="2026-01-27T18:55:20.6590142+00:00" testType="13cdc9d9-ddb5-4fa4-a97d-d965ccfc6d4b" outcome="Passed" testListId="8c84fa94-04c1-424b-9868-57a2d4851a1d" relativeResultsDirectory="3d61683a-66af-4f26-b117-a43a3cff658b" />
    <UnitTestResult executionId="2df4a949-563e-4088-9dfe-c5a47bd499aa" testId="128d5147-8b69-8afb-a135-0f5950f3178d" testName="Spdx2JsonSerializer_SerializeExternalReference_CorrectResults" computerName="runnervmymu0l" duration="00:00:00.0003499" startTime="2026-01-27T18:55:20.7295397+00:00" endTime="2026-01-27T18:55:20.7299780+00:00" testType="13cdc9d9-ddb5-4fa4-a97d-d965ccfc6d4b" outcome="Passed" testListId="8c84fa94-04c1-424b-9868-57a2d4851a1d" relativeResultsDirectory="2df4a949-563e-4088-9dfe-c5a47bd499aa" />
    <UnitTestResult executionId="5a663bbf-5950-494e-af61-843af076abff" testId="10d6825b-2135-82f9-9a23-db042e398625" testName="Spdx2JsonSerializer_SerializeSnippets_CorrectResults" computerName="runnervmymu0l" duration="00:00:00.0009631" startTime="2026-01-27T18:55:20.7384349+00:00" endTime="2026-01-27T18:55:20.7400330+00:00" testType="13cdc9d9-ddb5-4fa4-a97d-d965ccfc6d4b" outcome="Passed" testListId="8c84fa94-04c1-424b-9868-57a2d4851a1d" relativeResultsDirectory="5a663bbf-5950-494e-af61-843af076abff" />
    <UnitTestResult executionId="dd79f1c7-f5ec-4d94-80a1-4d1a1c5c9fb5" testId="152d338c-8ebb-8ffb-80b5-aff363cc98b7" testName="SpdxDocument_Validate_BadId" computerName="runnervmymu0l" duration="00:00:00.0507738" startTime="2026-01-27T18:55:20.5937701+00:00" endTime="2026-01-27T18:55:20.6445896+00:00" testType="13cdc9d9-ddb5-4fa4-a97d-d965ccfc6d4b" outcome="Passed" testListId="8c84fa94-04c1-424b-9868-57a2d4851a1d" relativeResultsDirectory="dd79f1c7-f5ec-4d94-80a1-4d1a1c5c9fb5" />
    <UnitTestResult executionId="e4bdf393-1640-4ab8-9de6-761b3ef4dd45" testId="167f3ec2-f471-89ef-959f-06334117c4aa" testName="SpdxPackage_DeepCopy_CreatesEqualButDistinctInstance" computerName="runnervmymu0l" duration="00:00:00.0038419" startTime="2026-01-27T18:55:20.6617769+00:00" endTime="2026-01-27T18:55:20.6656761+00:00" testType="13cdc9d9-ddb5-4fa4-a97d-d965ccfc6d4b" outcome="Passed" testListId="8c84fa94-04c1-424b-9868-57a2d4851a1d" relativeResultsDirectory="e4bdf393-1640-4ab8-9de6-761b3ef4dd45" />
    <UnitTestResult executionId="3bc9fb66-f10f-42ef-81a5-83d1bd7158cd" testId="113328b8-f455-83d1-bbe9-79db595e4815" testName="SpdxDocument_GetRootPackages_CorrectPackages" computerName="runnervmymu0l" duration="00:00:00.0051049" startTime="2026-01-27T18:55:20.5885196+00:00" endTime="2026-01-27T18:55:20.5937388+00:00" testType="13cdc9d9-ddb5-4fa4-a97d-d965ccfc6d4b" outcome="Passed" testListId="8c84fa94-04c1-424b-9868-57a2d4851a1d" relativeResultsDirectory="3bc9fb66-f10f-42ef-81a5-83d1bd7158cd" />
    <UnitTestResult executionId="af373362-4349-4686-8f6a-cb3d4174cc55" testId="197cdd9e-2788-8884-b24b-7fa61dc45300" testName="SpdxExternalDocumentReference_SameComparer_ComparesCorrectly" computerName="runnervmymu0l" duration="00:00:00.0005264" startTime="2026-01-27T18:55:20.6493770+00:00" endTime="2026-01-27T18:55:20.6500423+00:00" testType="13cdc9d9-ddb5-4fa4-a97d-d965ccfc6d4b" outcome="Passed" testListId="8c84fa94-04c1-424b-9868-57a2d4851a1d" relativeResultsDirectory="af373362-4349-4686-8f6a-cb3d4174cc55" />
    <UnitTestResult executionId="937dac83-cb46-4fdc-8d32-b18f686a7923" testId="184356fa-a833-80bc-ba1d-97aff43d7efc" testName="Spdx2JsonDeserializer_DeserializeExternalDocumentReferences_CorrectResults" computerName="runnervmymu0l" duration="00:00:00.0004898" startTime="2026-01-27T18:55:20.6871816+00:00" endTime="2026-01-27T18:55:20.6877300+00:00" testType="13cdc9d9-ddb5-4fa4-a97d-d965ccfc6d4b" outcome="Passed" testListId="8c84fa94-04c1-424b-9868-57a2d4851a1d" relativeResultsDirectory="937dac83-cb46-4fdc-8d32-b18f686a7923" />
    <UnitTestResult executionId="d36ab4b7-313e-43dc-a3cc-9872574d6de4" testId="1c7f160f-36a7-87b9-9229-7458c9daf1f9" testName="SpdxDocument_Validate_NtiaIssues" computerName="runnervmymu0l" duration="00:00:00.0018184" startTime="2026-01-27T18:55:20.6459389+00:00" endTime="2026-01-27T18:55:20.6480945+00:00" testType="13cdc9d9-ddb5-4fa4-a97d-d965ccfc6d4b" outcome="Passed" testListId="8c84fa94-04c1-424b-9868-57a2d4851a1d" relativeResultsDirectory="d36ab4b7-313e-43dc-a3cc-9872574d6de4" />
    <UnitTestResult executionId="b206f5a7-bc5c-4f19-8d15-cf5f06bd3782" testId="1be102f3-39f6-8104-9f64-5ae269af140e" testName="Spdx2JsonDeserializer_DeserializeCreationInformation_CorrectResults" computerName="runnervmymu0l" duration="00:00:00.0379077" startTime="2026-01-27T18:55:20.6839819+00:00" endTime="2026-01-27T18:55:20.7219759+00:00" testType="13cdc9d9-ddb5-4fa4-a97d-d965ccfc6d4b" outcome="Passed" testListId="8c84fa94-04c1-424b-9868-57a2d4851a1d" relativeResultsDirectory="b206f5a7-bc5c-4f19-8d15-cf5f06bd3782" />
    <UnitTestResult executionId="3091de95-062f-4ced-af72-ad76fc824e0d" testId="10c023d1-6bed-822b-943e-93e894952a93" testName="SpdxAnnotation_Validate_BadDate" computerName="runnervmymu0l" duration="00:00:00.0777452" startTime="2026-01-27T18:55:20.4647766+00:00" endTime="2026-01-27T18:55:20.5429972+00:00" testType="13cdc9d9-ddb5-4fa4-a97d-d965ccfc6d4b" outcome="Passed" testListId="8c84fa94-04c1-424b-9868-57a2d4851a1d" relativeResultsDirectory="3091de95-062f-4ced-af72-ad76fc824e0d" />
    <UnitTestResult executionId="7b37785f-f768-48df-9980-7cb308c71bba" testId="16453c30-7dfb-8ee9-b91a-c3cc6eb3fe83" testName="SpdxSnippet_Enhance_AddsOrUpdatesInformationCorrectly" computerName="runnervmymu0l" duration="00:00:00.0012367" startTime="2026-01-27T18:55:20.6724400+00:00" endTime="2026-01-27T18:55:20.6737212+00:00" testType="13cdc9d9-ddb5-4fa4-a97d-d965ccfc6d4b" outcome="Passed" testListId="8c84fa94-04c1-424b-9868-57a2d4851a1d" relativeResultsDirectory="7b37785f-f768-48df-9980-7cb308c71bba" />
    <UnitTestResult executionId="45ed63f8-861c-4afb-97be-7bd889f541bb" testId="11ad0f09-8619-8967-8733-daf78290820f" testName="SpdxPackage_Validate_BadReleaseDate" computerName="runnervmymu0l" duration="00:00:00.0003282" startTime="2026-01-27T18:55:20.6648412+00:00" endTime="2026-01-27T18:55:20.6652198+00:00" testType="13cdc9d9-ddb5-4fa4-a97d-d965ccfc6d4b" outcome="Passed" testListId="8c84fa94-04c1-424b-9868-57a2d4851a1d" relativeResultsDirectory="45ed63f8-861c-4afb-97be-7bd889f541bb" />
    <UnitTestResult executionId="100a18e7-1020-4269-a864-05b6c4cd311b" testId="11022232-9db5-84c6-b4e3-33b5b5026714" testName="SpdxDocument_Validate_BadNameSpace" computerName="runnervmymu0l" duration="00:00:00.0025130" startTime="2026-01-27T18:55:20.6455741+00:00" endTime="2026-01-27T18:55:20.6481411+00:00" testType="13cdc9d9-ddb5-4fa4-a97d-d965ccfc6d4b" outcome="Passed" testListId="8c84fa94-04c1-424b-9868-57a2d4851a1d" relativeResultsDirectory="100a18e7-1020-4269-a864-05b6c4cd311b" />
    <UnitTestResult executionId="023bcc05-8931-451d-81ea-2bf2c840f9ad" testId="1a2c9657-6bc7-8761-a615-3709c798a9ad" testName="SpdxChecksumAlgorithmExtensions_ToText_InvalidAlgorithm" computerName="runnervmymu0l" duration="00:00:00.0024408" startTime="2026-01-27T18:55:20.5848320+00:00" endTime="2026-01-27T18:55:20.5873308+00:00" testType="13cdc9d9-ddb5-4fa4-a97d-d965ccfc6d4b" outcome="Passed" testListId="8c84fa94-04c1-424b-9868-57a2d4851a1d" relativeResultsDirectory="023bcc05-8931-451d-81ea-2bf2c840f9ad" />
    <UnitTestResult executionId="5cebca80-18b5-4b3c-9e9e-818d25cb2e0e" testId="19180040-98ff-864e-8ca8-083132c6ba0d" testName="Spdx2JsonSerializer_SerializeAnnotation_CorrectResults" computerName="runnervmymu0l" duration="00:00:00.0007137" startTime="2026-01-27T18:55:20.7258210+00:00" endTime="2026-01-27T18:55:20.7266340+00:00" testType="13cdc9d9-ddb5-4fa4-a97d-d965ccfc6d4b" outcome="Passed" testListId="8c84fa94-04c1-424b-9868-57a2d4851a1d" relativeResultsDirectory="5cebca80-18b5-4b3c-9e9e-818d25cb2e0e" />
    <UnitTestResult executionId="8d0366f0-66ae-430c-a026-1c21d071e560" testId="1ffb8f67-ad3d-83a3-84ff-c73781e35c45" testName="SpdxDocument_Validate_BadName" computerName="runnervmymu0l" duration="00:00:00.0500636" startTime="2026-01-27T18:55:20.5944993+00:00" endTime="2026-01-27T18:55:20.6446041+00:00" testType="13cdc9d9-ddb5-4fa4-a97d-d965ccfc6d4b" outcome="Passed" testListId="8c84fa94-04c1-424b-9868-57a2d4851a1d" relativeResultsDirectory="8d0366f0-66ae-430c-a026-1c21d071e560" />
    <UnitTestResult executionId="42d355fc-347c-4c26-b298-ed85612f7e8b" testId="183281df-c9f2-8041-9ac4-ff684bb99c55" testName="SpdxRelationship_Enhance_AddsOrUpdatesInformationCorrectly" computerName="runnervmymu0l" duration="00:00:00.0039324" startTime="2026-01-27T18:55:20.6688269+00:00" endTime="2026-01-27T18:55:20.6728212+00:00" testType="13cdc9d9-ddb5-4fa4-a97d-d965ccfc6d4b" outcome="Passed" testListId="8c84fa94-04c1-424b-9868-57a2d4851a1d" relativeResultsDirectory="42d355fc-347c-4c26-b298-ed85612f7e8b" />
    <UnitTestResult executionId="fa8de708-12af-49e6-a48a-15155e51854f" testId="1e3b4449-ad6c-8b63-84ef-f9f91b381d64" testName="SpdxCreationInformation_Validate_MissingCreators" computerName="runnervmymu0l" duration="00:00:00.0010689" startTime="2026-01-27T18:55:20.5873600+00:00" endTime="2026-01-27T18:55:20.5884896+00:00" testType="13cdc9d9-ddb5-4fa4-a97d-d965ccfc6d4b" outcome="Passed" testListId="8c84fa94-04c1-424b-9868-57a2d4851a1d" relativeResultsDirectory="fa8de708-12af-49e6-a48a-15155e51854f" />
    <UnitTestResult executionId="18ee5b8f-37cc-401e-8ac2-c43162b1fee8" testId="183c87c3-a93c-8294-af2e-8a9ff9a83e94" testName="Spdx2JsonDeserializer_DeserializeExternalDocumentReference_CorrectResults" computerName="runnervmymu0l" duration="00:00:00.0003970" startTime="2026-01-27T18:55:20.6855240+00:00" endTime="2026-01-27T18:55:20.6860165+00:00" testType="13cdc9d9-ddb5-4fa4-a97d-d965ccfc6d4b" outcome="Passed" testListId="8c84fa94-04c1-424b-9868-57a2d4851a1d" relativeResultsDirectory="18ee5b8f-37cc-401e-8ac2-c43162b1fee8" />
    <UnitTestResult executionId="f5f4c91b-691a-4b92-a2b4-6a6e2a22789b" testId="1dc4e6c7-9c88-8e68-8e74-074c10ea9003" testName="SpdxExternalReference_Enhance_AddsOrUpdatesInformationCorrectly" computerName="runnervmymu0l" duration="00:00:00.0018750" startTime="2026-01-27T18:55:20.6527714+00:00" endTime="2026-01-27T18:55:20.6547012+00:00" testType="13cdc9d9-ddb5-4fa4-a97d-d965ccfc6d4b" outcome="Passed" testListId="8c84fa94-04c1-424b-9868-57a2d4851a1d" relativeResultsDirectory="f5f4c91b-691a-4b92-a2b4-6a6e2a22789b" />
  </Results>
  <TestDefinitions>
    <UnitTest name="SpdxAnnotation_Validate_BadDate" storage="/home/runner/work/spdxmodel/spdxmodel/test/demaconsulting.spdxmodel.tests/bin/debug/net8.0/demaconsulting.spdxmodel.tests.dll" id="10c023d1-6bed-822b-943e-93e894952a93">
      <Execution id="3091de95-062f-4ced-af72-ad76fc824e0d" />
      <TestMethod codeBase="/home/runner/work/SpdxModel/SpdxModel/test/DemaConsulting.SpdxModel.Tests/bin/Debug/net8.0/DemaConsulting.SpdxModel.Tests.dll" adapterTypeName="executor://mstestadapter/v4" className="DemaConsulting.SpdxModel.Tests.SpdxAnnotationTests" name="SpdxAnnotation_Validate_BadDate" />
    </UnitTest>
    <UnitTest name="Spdx2JsonSerializer_SerializeFile_CorrectResults" storage="/home/runner/work/spdxmodel/spdxmodel/test/demaconsulting.spdxmodel.tests/bin/debug/net8.0/demaconsulting.spdxmodel.tests.dll" id="1d0142e9-2eb9-8de1-af4e-86429e6dc7c9">
      <Execution id="20ef18d8-6d8a-440a-86f2-14425f04d003" />
      <TestMethod codeBase="/home/runner/work/SpdxModel/SpdxModel/test/DemaConsulting.SpdxModel.Tests/bin/Debug/net8.0/DemaConsulting.SpdxModel.Tests.dll" adapterTypeName="executor://mstestadapter/v4" className="DemaConsulting.SpdxModel.Tests.IO.Spdx2JsonSerializeFile" name="Spdx2JsonSerializer_SerializeFile_CorrectResults" />
    </UnitTest>
    <UnitTest name="SpdxRelationships_AddMultiple_Success" storage="/home/runner/work/spdxmodel/spdxmodel/test/demaconsulting.spdxmodel.tests/bin/debug/net8.0/demaconsulting.spdxmodel.tests.dll" id="158b3777-917f-8124-93fe-439c1a663041">
      <Execution id="4f3b57db-7fd7-4349-aead-61b42f28140f" />
[...]
    <TestEntry testId="1ba70e39-44ec-8c14-841c-97e4fa1e6c51" executionId="f18f85db-36c9-472a-bbe3-ad16d3ef45a5" testListId="8c84fa94-04c1-424b-9868-57a2d4851a1d" />
    <TestEntry testId="1d04dc18-53f2-84d0-ba64-26269d410ba6" executionId="fc16a279-6bf7-427a-8c87-d17f3fbd653b" testListId="8c84fa94-04c1-424b-9868-57a2d4851a1d" />
    <TestEntry testId="1d2d2296-6491-8bf9-81fb-dba1267ab84f" executionId="49eceabd-54d3-4729-a044-037b8ece0045" testListId="8c84fa94-04c1-424b-9868-57a2d4851a1d" />
    <TestEntry testId="11a711e8-9abf-810b-8b8b-9688b4a33a96" executionId="14965273-e0b8-48c0-b64e-48ff68af9f95" testListId="8c84fa94-04c1-424b-9868-57a2d4851a1d" />
    <TestEntry testId="132e80b6-485e-8883-8934-9f32a7b40743" executionId="0db4f7ec-adb1-46b5-ae26-04bdc93134dc" testListId="8c84fa94-04c1-424b-9868-57a2d4851a1d" />
    <TestEntry testId="10dbdd06-c349-8797-a1d8-45159b85eb5b" executionId="30547fb6-624e-44ba-9175-fae52c672e62" testListId="8c84fa94-04c1-424b-9868-57a2d4851a1d" />
    <TestEntry testId="1b6785f4-34ac-88e3-a1cf-29a269f4adfa" executionId="e8c53b9c-8ede-4df7-a57b-a31c83216f34" testListId="8c84fa94-04c1-424b-9868-57a2d4851a1d" />
    <TestEntry testId="1379950e-46c8-8335-a14f-e9d9b9353f67" executionId="76e0aec4-681d-448c-a9ff-8da7dc883595" testListId="8c84fa94-04c1-424b-9868-57a2d4851a1d" />
    <TestEntry testId="14ce9e75-e911-864d-b51d-eeccda8e77b4" executionId="095fe393-e9dc-4247-9280-51660ede41dc" testListId="8c84fa94-04c1-424b-9868-57a2d4851a1d" />
    <TestEntry testId="1e4f281b-50a8-843a-8848-42c0930b7c25" executionId="185aff03-d5ee-4c97-a526-14e29178f068" testListId="8c84fa94-04c1-424b-9868-57a2d4851a1d" />
    <TestEntry testId="173cc7a4-f96d-8319-a9ef-fa83b947a03f" executionId="f08303c7-bd38-4cf4-8f3b-0107c1ea87fa" testListId="8c84fa94-04c1-424b-9868-57a2d4851a1d" />
    <TestEntry testId="1c8a9305-f557-8c98-bcc7-f6700023cb01" executionId="eee31047-0f9e-4e46-823b-1cd2b100b28c" testListId="8c84fa94-04c1-424b-9868-57a2d4851a1d" />
    <TestEntry testId="114bdd66-dfab-834e-a8a8-372ccdcd76b3" executionId="848e0cda-a898-4655-902f-e782ef2f21c6" testListId="8c84fa94-04c1-424b-9868-57a2d4851a1d" />
    <TestEntry testId="1198ddae-c928-8697-9cf9-15de0aa98451" executionId="6a7aa14f-29c1-4053-8c84-b23691407c89" testListId="8c84fa94-04c1-424b-9868-57a2d4851a1d" />
    <TestEntry testId="1ebe5ff4-64b7-8c59-904c-85d4dc402fce" executionId="2ed94f2b-6b13-45b0-8f44-4e899f706201" testListId="8c84fa94-04c1-424b-9868-57a2d4851a1d" />
    <TestEntry testId="142938c5-4e2c-88ac-8ac3-d1d6379c6f0a" executionId="5bc32cd1-f8b1-4af7-a65e-08c8b74d1de6" testListId="8c84fa94-04c1-424b-9868-57a2d4851a1d" />
    <TestEntry testId="18386e70-22e1-848b-a0aa-e7425cbd321e" executionId="1c4add53-61a5-4289-a5ff-565c2b182804" testListId="8c84fa94-04c1-424b-9868-57a2d4851a1d" />
    <TestEntry testId="1d8b23b6-cf8d-885f-acce-39004b5a4305" executionId="a140b2ab-30a1-44fe-8bda-df7888ea4139" testListId="8c84fa94-04c1-424b-9868-57a2d4851a1d" />
    <TestEntry testId="19d4dd52-ce83-89e9-b0d7-9e9b2d60311b" executionId="11697923-c250-4cb6-978a-83a4f47c6653" testListId="8c84fa94-04c1-424b-9868-57a2d4851a1d" />
    <TestEntry testId="17863307-f32e-8e90-8c2f-210877cb5e0b" executionId="64da7d8c-6af4-4f27-a053-6fd8cc76aa06" testListId="8c84fa94-04c1-424b-9868-57a2d4851a1d" />
    <TestEntry testId="1689123e-4c8f-8750-b4b4-4cb665695820" executionId="8806d4bb-5cba-4783-b7da-5771e7d5721b" testListId="8c84fa94-04c1-424b-9868-57a2d4851a1d" />
    <TestEntry testId="1d0142e9-2eb9-8de1-af4e-86429e6dc7c9" executionId="20ef18d8-6d8a-440a-86f2-14425f04d003" testListId="8c84fa94-04c1-424b-9868-57a2d4851a1d" />
    <TestEntry testId="1ac27a71-a3b1-8428-bcae-ec23351bc444" executionId="9d21a816-a7af-440e-8f79-df6b70056eae" testListId="8c84fa94-04c1-424b-9868-57a2d4851a1d" />
    <TestEntry testId="19ac30b5-ca40-83d7-bbe4-cf6cfc4b33fd" executionId="7881c35f-0c07-4c00-9b8c-97f4d4c88516" testListId="8c84fa94-04c1-424b-9868-57a2d4851a1d" />
    <TestEntry testId="1eef42e5-5d10-8bdf-832f-158b57cf79ec" executionId="9a5722d9-1510-470c-9119-d8d2b006fb2a" testListId="8c84fa94-04c1-424b-9868-57a2d4851a1d" />
    <TestEntry testId="131d4428-eeee-82f7-8b4d-f66fc6821052" executionId="66d32db6-51a9-40e6-a671-01724f618cee" testListId="8c84fa94-04c1-424b-9868-57a2d4851a1d" />
    <TestEntry testId="132ca9bd-f6db-8f4a-96d4-3473efcd1ba1" executionId="2889ade8-599a-4ee5-b962-9b8438bc29df" testListId="8c84fa94-04c1-424b-9868-57a2d4851a1d" />
    <TestEntry testId="1092f54f-4a0a-8f53-8950-bb51869ec5e4" executionId="456dd1f7-6e01-40de-88f6-a4a99e6eb045" testListId="8c84fa94-04c1-424b-9868-57a2d4851a1d" />
    <TestEntry testId="13e5031a-98be-800e-b554-59274f4dc4c4" executionId="aff6e6db-9a40-4b23-8af8-8c3a76f8765b" testListId="8c84fa94-04c1-424b-9868-57a2d4851a1d" />
    <TestEntry testId="11b82d60-e358-87fa-92d3-a97bc45e5b03" executionId="fac7d37f-dd56-47c3-a68f-0a45b886e079" testListId="8c84fa94-04c1-424b-9868-57a2d4851a1d" />
    <TestEntry testId="18eebb03-ae87-8312-b232-c85b37ad1cb6" executionId="2adb9907-b520-483a-8a48-2ac2861d42e6" testListId="8c84fa94-04c1-424b-9868-57a2d4851a1d" />
    <TestEntry testId="1703aa5e-2524-8197-b668-7b3225fa2c0d" executionId="28c3f1c8-8cbd-4e42-ae44-dfc654370ee8" testListId="8c84fa94-04c1-424b-9868-57a2d4851a1d" />
    <TestEntry testId="1a179bbd-79ba-8632-b789-b713dd933cfa" executionId="5da804c1-3d58-4cf6-a0de-b9ad98a690ab" testListId="8c84fa94-04c1-424b-9868-57a2d4851a1d" />
    <TestEntry testId="1a079fcb-8eff-86b2-a714-6b4633431050" executionId="a70de1b9-6863-427a-99ae-12c7b9c34edd" testListId="8c84fa94-04c1-424b-9868-57a2d4851a1d" />
    <TestEntry testId="1b95d6ad-74ca-816e-b18f-f13d3537c18f" executionId="c79e2d0c-ca41-492d-bb00-af4b78b1cd46" testListId="8c84fa94-04c1-424b-9868-57a2d4851a1d" />
    <TestEntry testId="10f36077-d20b-85f2-bb21-176d0c656993" executionId="7ef32007-1286-48b0-a998-9667c5389a3c" testListId="8c84fa94-04c1-424b-9868-57a2d4851a1d" />
    <TestEntry testId="1343d463-2ef5-84b7-9c50-c03edf7a4764" executionId="76deae0f-88e0-4db7-a189-5aedd46b82a3" testListId="8c84fa94-04c1-424b-9868-57a2d4851a1d" />
    <TestEntry testId="1c168fe9-08d0-8ef7-8845-bd0b07ce4b82" executionId="0c611cd9-e2e4-48ec-b6db-538e908ea6e2" testListId="8c84fa94-04c1-424b-9868-57a2d4851a1d" />
    <TestEntry testId="1a8b76bf-709b-8ea8-9fa4-d6facbb5e028" executionId="abd6711e-3e1a-499f-b05e-f26f93cc0146" testListId="8c84fa94-04c1-424b-9868-57a2d4851a1d" />
    <TestEntry testId="1aff29c2-b17a-84ab-94a4-5c4a165c06cf" executionId="ddcbfa1d-bf39-416c-ba59-d7e44cd99623" testListId="8c84fa94-04c1-424b-9868-57a2d4851a1d" />
    <TestEntry testId="16e19c81-3b7e-8184-94f9-59f35f711588" executionId="48d87094-6f9f-4438-8c64-b63d781dbf28" testListId="8c84fa94-04c1-424b-9868-57a2d4851a1d" />
    <TestEntry testId="14b38214-f203-8950-9fa4-f1af686615ef" executionId="85c18919-5516-43b5-bc54-a3a7f08bd95f" testListId="8c84fa94-04c1-424b-9868-57a2d4851a1d" />
    <TestEntry testId="1c075734-e1c8-803c-845c-96dbe005ade9" executionId="64312510-4dd6-457a-bb8e-d3e430bcdfe2" testListId="8c84fa94-04c1-424b-9868-57a2d4851a1d" />
    <TestEntry testId="14fb3699-f393-87d4-b6af-f5091b9cff80" executionId="33ebd4c5-ce36-4916-a5d2-3e48ffcc6d40" testListId="8c84fa94-04c1-424b-9868-57a2d4851a1d" />
    <TestEntry testId="10b21616-fc30-8a4c-ad2d-7d82986a9c52" executionId="ce1fe02f-7b17-4ab7-adc9-a49dab49b7a1" testListId="8c84fa94-04c1-424b-9868-57a2d4851a1d" />
    <TestEntry testId="12660957-3942-8b4e-bb83-ee3584906dc0" executionId="0ad69c50-77d8-450e-ace4-1cc9183bad35" testListId="8c84fa94-04c1-424b-9868-57a2d4851a1d" />
    <TestEntry testId="1d818753-7402-8d8e-8256-745080d4cb3b" executionId="dfebbbf1-21fc-4a8b-b767-aaae1de4e1d8" testListId="8c84fa94-04c1-424b-9868-57a2d4851a1d" />
    <TestEntry testId="1efcc640-8ee9-85ea-8e4f-31e58918e56a" executionId="487a2bae-11cb-4adb-bbd8-8dcd25a100ae" testListId="8c84fa94-04c1-424b-9868-57a2d4851a1d" />
    <TestEntry testId="1c4cb692-8a0b-8749-b059-5dcbfddb32e0" executionId="165ef865-e383-46c4-a8ef-e3c16c3b7c94" testListId="8c84fa94-04c1-424b-9868-57a2d4851a1d" />
    <TestEntry testId="1f24778d-9f77-82a3-8f08-a86c630259fa" executionId="da83265c-12f6-4d69-a1ac-f45481f2af75" testListId="8c84fa94-04c1-424b-9868-57a2d4851a1d" />
    <TestEntry testId="197c61b3-530b-815f-90fe-b1c6c007a400" executionId="0de7e22e-37cc-4bf9-af57-f701dcd13f70" testListId="8c84fa94-04c1-424b-9868-57a2d4851a1d" />
    <TestEntry testId="11fe3cf3-294b-8558-9fe0-695924a63994" executionId="53f0c23c-366d-4508-814a-a233e5dd4b0f" testListId="8c84fa94-04c1-424b-9868-57a2d4851a1d" />
    <TestEntry testId="11387f1c-8ff5-8b12-bfef-86ccabcb7ca8" executionId="ea40c2fe-1e67-4ba3-8161-0e40912abeca" testListId="8c84fa94-04c1-424b-9868-57a2d4851a1d" />
    <TestEntry testId="129d5f29-a381-80a2-8770-ce6042156e6f" executionId="df48c933-3093-4344-b9a9-d8f89e926407" testListId="8c84fa94-04c1-424b-9868-57a2d4851a1d" />
    <TestEntry testId="1462821d-ea3b-8da9-bd97-ee8321085e04" executionId="f5383824-9f1d-4e80-a7d4-af03d9c63118" testListId="8c84fa94-04c1-424b-9868-57a2d4851a1d" />
    <TestEntry testId="1e3a72d7-b077-8f04-a3f6-c8554ffb57e8" executionId="db29c8f4-6aeb-42b5-b77f-101b53311a15" testListId="8c84fa94-04c1-424b-9868-57a2d4851a1d" />
    <TestEntry testId="175d244e-1a65-847e-bc73-1f0d71fa5508" executionId="feec55b3-ba95-48ed-8ca4-f5baa1956ee8" testListId="8c84fa94-04c1-424b-9868-57a2d4851a1d" />
    <TestEntry testId="129b3c8f-8676-80cc-8878-6ab8f1942a6c" executionId="d4a7ae01-0477-4ff3-ad3d-222cc5a44cbb" testListId="8c84fa94-04c1-424b-9868-57a2d4851a1d" />
    <TestEntry testId="19c537a8-d2a8-8c8f-b311-c9898ecf62f2" executionId="19ad790a-7f7f-49cf-84fc-bc168ebe8abe" testListId="8c84fa94-04c1-424b-9868-57a2d4851a1d" />
    <TestEntry testId="1fd3c3da-3e96-8e78-8a28-048e923622c5" executionId="31bac43e-2054-46d6-a40c-529842331910" testListId="8c84fa94-04c1-424b-9868-57a2d4851a1d" />
    <TestEntry testId="18080d71-1168-86da-9881-aba8a5c9c1d7" executionId="64771edb-9c94-4037-9c05-0b51a9fd1a68" testListId="8c84fa94-04c1-424b-9868-57a2d4851a1d" />
    <TestEntry testId="199d3421-a4d0-84ce-9ef0-e785118d15e3" executionId="67ba97d4-ace2-4f88-adf3-cbfa90333e68" testListId="8c84fa94-04c1-424b-9868-57a2d4851a1d" />
    <TestEntry testId="1968b6dd-4d3c-8a6d-a281-3d13d30d8e9c" executionId="a75150ab-865a-478a-8267-24cf3a9783eb" testListId="8c84fa94-04c1-424b-9868-57a2d4851a1d" />
    <TestEntry testId="1ab23d14-a536-8ffb-af2c-3cd293921b8d" executionId="5447cdee-7806-440e-8ab6-38cac4a984f8" testListId="8c84fa94-04c1-424b-9868-57a2d4851a1d" />
    <TestEntry testId="16f9f850-579d-8831-a1c5-a5142f7feaa6" executionId="be461375-27ce-4bcc-97f2-3d5885e3537b" testListId="8c84fa94-04c1-424b-9868-57a2d4851a1d" />
    <TestEntry testId="1d5d6d66-8718-885a-b2d1-b5d6f7f000f9" executionId="36235578-ad32-4544-8599-3c22b16181a1" testListId="8c84fa94-04c1-424b-9868-57a2d4851a1d" />
    <TestEntry testId="1124bff3-a90e-826d-8121-2420315f7c25" executionId="b915cada-f902-41af-9fb1-eebd89d5ccd8" testListId="8c84fa94-04c1-424b-9868-57a2d4851a1d" />
    <TestEntry testId="1c712935-253e-824e-8bd6-9f33402d8f8a" executionId="6f3ae3cd-ba13-4436-a644-aade99d931e4" testListId="8c84fa94-04c1-424b-9868-57a2d4851a1d" />
    <TestEntry testId="104bbf62-8947-8078-a291-43ea2c662031" executionId="1e2978c8-d7c8-4d5b-9918-a61477f22c34" testListId="8c84fa94-04c1-424b-9868-57a2d4851a1d" />
    <TestEntry testId="1b032ccb-1707-8c31-9d12-5a50295502c4" executionId="e634bdce-c490-4d92-bfd9-238096adf6d7" testListId="8c84fa94-04c1-424b-9868-57a2d4851a1d" />
    <TestEntry testId="166385d2-933d-8dbd-bc86-756a09420b4c" executionId="a93b0bd7-d5e1-49a5-b78b-02dea3359548" testListId="8c84fa94-04c1-424b-9868-57a2d4851a1d" />
    <TestEntry testId="11eb57ee-f89b-8268-b3f9-13469d8ec03c" executionId="e004e8e9-ac00-4a8a-80a4-5d02cf9e9a1a" testListId="8c84fa94-04c1-424b-9868-57a2d4851a1d" />
    <TestEntry testId="15d9f207-fb6b-8e8c-9a51-879a912616c9" executionId="455e4afc-4893-4668-9959-274c2b97d78b" testListId="8c84fa94-04c1-424b-9868-57a2d4851a1d" />
    <TestEntry testId="12da8660-25b4-886c-955a-db691e3cb91d" executionId="b6dc7d66-c995-4d8c-b16c-8db06e676f4e" testListId="8c84fa94-04c1-424b-9868-57a2d4851a1d" />
    <TestEntry testId="146f9c9a-33d3-826a-ae0b-8ac7bc137e35" executionId="904f3e03-ec3e-41d1-9d84-414e0afea3d2" testListId="8c84fa94-04c1-424b-9868-57a2d4851a1d" />
    <TestEntry testId="12cadb8c-33df-8551-9b4b-f31ee316a365" executionId="28cd556e-6fe9-4951-b18f-2e79944b9401" testListId="8c84fa94-04c1-424b-9868-57a2d4851a1d" />
    <TestEntry testId="1c01ee1c-8c0f-8a79-aff8-67e928567f85" executionId="59162af3-e502-444b-8d09-fedfeb387728" testListId="8c84fa94-04c1-424b-9868-57a2d4851a1d" />
    <TestEntry testId="166a80aa-0d79-8793-be12-5f2a1c364dbd" executionId="414d4c94-bc40-4732-ab8a-b7f5f79d671e" testListId="8c84fa94-04c1-424b-9868-57a2d4851a1d" />
    <TestEntry testId="1f8cd1b7-5d6b-8e26-aa84-014b3b7d68cb" executionId="fedd8e31-0532-46e0-9a0a-842d238221aa" testListId="8c84fa94-04c1-424b-9868-57a2d4851a1d" />
    <TestEntry testId="165ae2e3-2167-83c0-925e-3a9e4850948c" executionId="d455f047-d5a6-4390-861a-83925d05ff12" testListId="8c84fa94-04c1-424b-9868-57a2d4851a1d" />
    <TestEntry testId="1ff07024-c7b4-82bc-991e-7265fb6d730b" executionId="8239b265-3aad-4297-abb6-9935fcb7afc8" testListId="8c84fa94-04c1-424b-9868-57a2d4851a1d" />
    <TestEntry testId="1044c061-5a31-89ed-9d9c-75dba938948a" executionId="8f14fd00-045e-4cb5-b550-0205a50b22ee" testListId="8c84fa94-04c1-424b-9868-57a2d4851a1d" />
    <TestEntry testId="1cfaf624-e048-8c37-866a-157762dcdb21" executionId="1d0fdefd-ad23-44b8-80cb-807b5ee68988" testListId="8c84fa94-04c1-424b-9868-57a2d4851a1d" />
    <TestEntry testId="1c57075d-8c43-8a20-8e4f-9d126b0a9d40" executionId="233dfd6e-b9af-48ab-be7f-3ad0215d25a2" testListId="8c84fa94-04c1-424b-9868-57a2d4851a1d" />
    <TestEntry testId="1aa0f992-74a8-841e-9f19-aa78077b968e" executionId="f60b5c54-3945-4f72-bdea-28c22b460c98" testListId="8c84fa94-04c1-424b-9868-57a2d4851a1d" />
    <TestEntry testId="148ac0a4-c049-8e3e-a0f4-61ebfefb241c" executionId="7745dc3e-48d5-49bc-90b6-6fb7c3565e5c" testListId="8c84fa94-04c1-424b-9868-57a2d4851a1d" />
    <TestEntry testId="11f92a80-54b8-82aa-80f2-783cf3e5a53e" executionId="443b1228-44cc-49aa-8a58-3990527d8295" testListId="8c84fa94-04c1-424b-9868-57a2d4851a1d" />
    <TestEntry testId="14010347-b5e6-897e-b63d-64418be183de" executionId="597efe38-7f7d-4f44-a694-77016373851c" testListId="8c84fa94-04c1-424b-9868-57a2d4851a1d" />
    <TestEntry testId="17e9314e-4603-8dad-b4ad-58fadfbcaaf4" executionId="fe1b802d-7417-42ad-bcf9-3fe89210faf9" testListId="8c84fa94-04c1-424b-9868-57a2d4851a1d" />
    <TestEntry testId="165e3a0c-7e19-855b-b7fb-196b6d49b20c" executionId="572a0c53-6f4b-4f9d-bf6c-da7d4c678e2f" testListId="8c84fa94-04c1-424b-9868-57a2d4851a1d" />
    <TestEntry testId="1acf5af5-30c5-887b-8f1c-6a1fc26e2608" executionId="2781ae42-6194-4a8f-8a46-5d46d7676459" testListId="8c84fa94-04c1-424b-9868-57a2d4851a1d" />
    <TestEntry testId="15e34a12-7d13-83db-8ad2-22801449695f" executionId="c381d720-4f2e-4436-966b-dc3a0bff8045" testListId="8c84fa94-04c1-424b-9868-57a2d4851a1d" />
    <TestEntry testId="1a7fa8a4-4b28-8492-8fc6-08be9f1d2bc2" executionId="788d435e-a148-4234-9f1c-d0aef0294bbf" testListId="8c84fa94-04c1-424b-9868-57a2d4851a1d" />
    <TestEntry testId="1b26917d-62ef-811d-9abb-40627c5a096f" executionId="d7c36999-404c-407d-bc47-7e300560d63a" testListId="8c84fa94-04c1-424b-9868-57a2d4851a1d" />
    <TestEntry testId="1f336b57-870e-8b34-abe6-1b823b17fddd" executionId="5839613b-d7cd-480f-bcbf-17587e1ac239" testListId="8c84fa94-04c1-424b-9868-57a2d4851a1d" />
    <TestEntry testId="136d1cd8-a48b-85df-b64f-a4f2c5d98e96" executionId="3d61683a-66af-4f26-b117-a43a3cff658b" testListId="8c84fa94-04c1-424b-9868-57a2d4851a1d" />
    <TestEntry testId="128d5147-8b69-8afb-a135-0f5950f3178d" executionId="2df4a949-563e-4088-9dfe-c5a47bd499aa" testListId="8c84fa94-04c1-424b-9868-57a2d4851a1d" />
    <TestEntry testId="10d6825b-2135-82f9-9a23-db042e398625" executionId="5a663bbf-5950-494e-af61-843af076abff" testListId="8c84fa94-04c1-424b-9868-57a2d4851a1d" />
    <TestEntry testId="152d338c-8ebb-8ffb-80b5-aff363cc98b7" executionId="dd79f1c7-f5ec-4d94-80a1-4d1a1c5c9fb5" testListId="8c84fa94-04c1-424b-9868-57a2d4851a1d" />
    <TestEntry testId="167f3ec2-f471-89ef-959f-06334117c4aa" executionId="e4bdf393-1640-4ab8-9de6-761b3ef4dd45" testListId="8c84fa94-04c1-424b-9868-57a2d4851a1d" />
    <TestEntry testId="113328b8-f455-83d1-bbe9-79db595e4815" executionId="3bc9fb66-f10f-42ef-81a5-83d1bd7158cd" testListId="8c84fa94-04c1-424b-9868-57a2d4851a1d" />
    <TestEntry testId="197cdd9e-2788-8884-b24b-7fa61dc45300" executionId="af373362-4349-4686-8f6a-cb3d4174cc55" testListId="8c84fa94-04c1-424b-9868-57a2d4851a1d" />
    <TestEntry testId="184356fa-a833-80bc-ba1d-97aff43d7efc" executionId="937dac83-cb46-4fdc-8d32-b18f686a7923" testListId="8c84fa94-04c1-424b-9868-57a2d4851a1d" />
    <TestEntry testId="1c7f160f-36a7-87b9-9229-7458c9daf1f9" executionId="d36ab4b7-313e-43dc-a3cc-9872574d6de4" testListId="8c84fa94-04c1-424b-9868-57a2d4851a1d" />
    <TestEntry testId="1be102f3-39f6-8104-9f64-5ae269af140e" executionId="b206f5a7-bc5c-4f19-8d15-cf5f06bd3782" testListId="8c84fa94-04c1-424b-9868-57a2d4851a1d" />
    <TestEntry testId="10c023d1-6bed-822b-943e-93e894952a93" executionId="3091de95-062f-4ced-af72-ad76fc824e0d" testListId="8c84fa94-04c1-424b-9868-57a2d4851a1d" />
    <TestEntry testId="16453c30-7dfb-8ee9-b91a-c3cc6eb3fe83" executionId="7b37785f-f768-48df-9980-7cb308c71bba" testListId="8c84fa94-04c1-424b-9868-57a2d4851a1d" />
    <TestEntry testId="11ad0f09-8619-8967-8733-daf78290820f" executionId="45ed63f8-861c-4afb-97be-7bd889f541bb" testListId="8c84fa94-04c1-424b-9868-57a2d4851a1d" />
    <TestEntry testId="11022232-9db5-84c6-b4e3-33b5b5026714" executionId="100a18e7-1020-4269-a864-05b6c4cd311b" testListId="8c84fa94-04c1-424b-9868-57a2d4851a1d" />
    <TestEntry testId="1a2c9657-6bc7-8761-a615-3709c798a9ad" executionId="023bcc05-8931-451d-81ea-2bf2c840f9ad" testListId="8c84fa94-04c1-424b-9868-57a2d4851a1d" />
    <TestEntry testId="19180040-98ff-864e-8ca8-083132c6ba0d" executionId="5cebca80-18b5-4b3c-9e9e-818d25cb2e0e" testListId="8c84fa94-04c1-424b-9868-57a2d4851a1d" />
    <TestEntry testId="1ffb8f67-ad3d-83a3-84ff-c73781e35c45" executionId="8d0366f0-66ae-430c-a026-1c21d071e560" testListId="8c84fa94-04c1-424b-9868-57a2d4851a1d" />
    <TestEntry testId="183281df-c9f2-8041-9ac4-ff684bb99c55" executionId="42d355fc-347c-4c26-b298-ed85612f7e8b" testListId="8c84fa94-04c1-424b-9868-57a2d4851a1d" />
    <TestEntry testId="1e3b4449-ad6c-8b63-84ef-f9f91b381d64" executionId="fa8de708-12af-49e6-a48a-15155e51854f" testListId="8c84fa94-04c1-424b-9868-57a2d4851a1d" />
    <TestEntry testId="183c87c3-a93c-8294-af2e-8a9ff9a83e94" executionId="18ee5b8f-37cc-401e-8ac2-c43162b1fee8" testListId="8c84fa94-04c1-424b-9868-57a2d4851a1d" />
    <TestEntry testId="1dc4e6c7-9c88-8e68-8e74-074c10ea9003" executionId="f5f4c91b-691a-4b92-a2b4-6a6e2a22789b" testListId="8c84fa94-04c1-424b-9868-57a2d4851a1d" />
  </TestEntries>
  <TestLists>
    <TestList name="Results Not in a List" id="8c84fa94-04c1-424b-9868-57a2d4851a1d" />
    <TestList name="All Loaded Results" id="19431567-8539-422a-85d7-44ee4e166bda" />
  </TestLists>
  <ResultSummary outcome="Completed">
    <Counters total="153" executed="153" passed="153" failed="0" error="0" timeout="0" aborted="0" inconclusive="0" passedButRunAborted="0" notRunnable="0" notExecuted="0" disconnected="0" warning="0" completed="0" inProgress="0" pending="0" />
    <Output>
      <StdOut>Test Parallelization enabled for /home/runner/work/SpdxModel/SpdxModel/test/DemaConsulting.SpdxModel.Tests/bin/Debug/net8.0/DemaConsulting.SpdxModel.Tests.dll (Workers: 4, Scope: MethodLevel)
</StdOut>
    </Output>
  </ResultSummary>
</TestRun>