<?xml version="1.0" encoding="utf-8"?>
<TestRun id="d30df5be-87dd-4a01-bf9b-1ae6b299ef5f" name="@runnervmymu0l 2026-01-27 18:55:17" xmlns="http://microsoft.com/schemas/VisualStudio/TeamTest/2010">
  <Times creation="2026-01-27T18:55:17.9278485+00:00" queuing="2026-01-27T18:55:17.9278486+00:00" start="2026-01-27T18:55:16.7161019+00:00" finish="2026-01-27T18:55:18.0397739+00:00" />
  <TestSettings name="default" id="8366abfa-13b7-46e3-9a63-d428cf9687ac">
    <Deployment runDeploymentRoot="_runnervmymu0l_2026-01-27_18_55_17" />
  </TestSettings>
  <Results>
    <UnitTestResult executionId="bde0a55d-18f3-40f4-8e9b-1b374c5c9542" testId="157d6db4-795f-80f6-989a-1c777c1e48b7" testName="Spdx2JsonDeserializer_Deserialize_ValidSpdx22JsonReturnsExpectedDocument" computerName="runnervmymu0l" duration="00:00:00.0090284" startTime="2026-01-27T18:55:17.6498576+00:00" endTime="2026-01-27T18:55:17.6589658+00:00" testType="13cdc9d9-ddb5-4fa4-a97d-d965ccfc6d4b" outcome="Passed" testListId="8c84fa94-04c1-424b-9868-57a2d4851a1d" relativeResultsDirectory="bde0a55d-18f3-40f4-8e9b-1b374c5c9542" />
    <UnitTestResult executionId="feb41d24-057f-48de-b0cc-f3215a096b84" testId="11022232-9db5-84c6-b4e3-33b5b5026714" testName="SpdxDocument_Validate_BadNameSpace" computerName="runnervmymu0l" duration="00:00:00.0010012" startTime="2026-01-27T18:55:17.6101056+00:00" endTime="2026-01-27T18:55:17.6111530+00:00" testType="13cdc9d9-ddb5-4fa4-a97d-d965ccfc6d4b" outcome="Passed" testListId="8c84fa94-04c1-424b-9868-57a2d4851a1d" relativeResultsDirectory="feb41d24-057f-48de-b0cc-f3215a096b84" />
    <UnitTestResult executionId="568082bd-f618-466b-bc5e-beedb1b1040a" testId="129b3c8f-8676-80cc-8878-6ab8f1942a6c" testName="SpdxFile_Validate_Success" computerName="runnervmymu0l" duration="00:00:00.0001408" startTime="2026-01-27T18:55:17.6275060+00:00" endTime="2026-01-27T18:55:17.6276787+00:00" testType="13cdc9d9-ddb5-4fa4-a97d-d965ccfc6d4b" outcome="Passed" testListId="8c84fa94-04c1-424b-9868-57a2d4851a1d" relativeResultsDirectory="568082bd-f618-466b-bc5e-beedb1b1040a" />
    <UnitTestResult executionId="71ad4eef-673b-4563-9035-ef18a90e1858" testId="18c99063-6ecf-86f7-9d39-0e6ae8387ca1" testName="SpdxDocument_Validate_BadDataLicense" computerName="runnervmymu0l" duration="00:00:00.0025807" startTime="2026-01-27T18:55:17.6099105+00:00" endTime="2026-01-27T18:55:17.6125315+00:00" testType="13cdc9d9-ddb5-4fa4-a97d-d965ccfc6d4b" outcome="Passed" testListId="8c84fa94-04c1-424b-9868-57a2d4851a1d" relativeResultsDirectory="71ad4eef-673b-4563-9035-ef18a90e1858" />
    <UnitTestResult executionId="8f7acd19-ce77-455e-983a-ce3ce367ee46" testId="1dc4e6c7-9c88-8e68-8e74-074c10ea9003" testName="SpdxExternalReference_Enhance_AddsOrUpdatesInformationCorrectly" computerName="runnervmymu0l" duration="00:00:00.0020092" startTime="2026-01-27T18:55:17.6184521+00:00" endTime="2026-01-27T18:55:17.6205222+00:00" testType="13cdc9d9-ddb5-4fa4-a97d-d965ccfc6d4b" outcome="Passed" testListId="8c84fa94-04c1-424b-9868-57a2d4851a1d" relativeResultsDirectory="8f7acd19-ce77-455e-983a-ce3ce367ee46" />
    <UnitTestResult executionId="29a06692-7395-4815-bfcc-b7077e92060f" testId="148ac0a4-c049-8e3e-a0f4-61ebfefb241c" testName="SpdxRelationships_AddSingle_Success" computerName="runnervmymu0l" duration="00:00:00.0005494" startTime="2026-01-27T18:55:17.6487096+00:00" endTime="2026-01-27T18:55:17.6493208+00:00" testType="13cdc9d9-ddb5-4fa4-a97d-d965ccfc6d4b" outcome="Passed" testListId="8c84fa94-04c1-424b-9868-57a2d4851a1d" relativeResultsDirectory="29a06692-7395-4815-bfcc-b7077e92060f" />
    <UnitTestResult executionId="113210ca-e9f7-4a4f-b3af-9ca44811cda9" testId="183c87c3-a93c-8294-af2e-8a9ff9a83e94" testName="Spdx2JsonDeserializer_DeserializeExternalDocumentReference_CorrectResults" computerName="runnervmymu0l" duration="00:00:00.0004598" startTime="2026-01-27T18:55:17.6589934+00:00" endTime="2026-01-27T18:55:17.6595206+00:00" testType="13cdc9d9-ddb5-4fa4-a97d-d965ccfc6d4b" outcome="Passed" testListId="8c84fa94-04c1-424b-9868-57a2d4851a1d" relativeResultsDirectory="113210ca-e9f7-4a4f-b3af-9ca44811cda9" />
    <UnitTestResult executionId="75cee9ba-1554-4232-9aea-a280bd0c7b4c" testId="1ba70e39-44ec-8c14-841c-97e4fa1e6c51" testName="SpdxExternalReference_Validate_BadLocator" computerName="runnervmymu0l" duration="00:00:00.0002678" startTime="2026-01-27T18:55:17.6195786+00:00" endTime="2026-01-27T18:55:17.6198890+00:00" testType="13cdc9d9-ddb5-4fa4-a97d-d965ccfc6d4b" outcome="Passed" testListId="8c84fa94-04c1-424b-9868-57a2d4851a1d" relativeResultsDirectory="75cee9ba-1554-4232-9aea-a280bd0c7b4c" />
    <UnitTestResult executionId="89900499-e19d-4f98-979e-ad9284b9f067" testId="128d5147-8b69-8afb-a135-0f5950f3178d" testName="Spdx2JsonSerializer_SerializeExternalReference_CorrectResults" computerName="runnervmymu0l" duration="00:00:00.0004616" startTime="2026-01-27T18:55:17.6832013+00:00" endTime="2026-01-27T18:55:17.6837506+00:00" testType="13cdc9d9-ddb5-4fa4-a97d-d965ccfc6d4b" outcome="Passed" testListId="8c84fa94-04c1-424b-9868-57a2d4851a1d" relativeResultsDirectory="89900499-e19d-4f98-979e-ad9284b9f067" />
    <UnitTestResult executionId="1768fded-524c-4d50-b414-7636d25bac8b" testId="1da7f0a8-12d3-8eb5-84b5-e79abbdd6cbe" testName="SpdxSnippet_DeepCopy_CreatesEqualButDistinctInstance" computerName="runnervmymu0l" duration="00:00:00.0004513" startTime="2026-01-27T18:55:17.6421202+00:00" endTime="2026-01-27T18:55:17.6426209+00:00" testType="13cdc9d9-ddb5-4fa4-a97d-d965ccfc6d4b" outcome="Passed" testListId="8c84fa94-04c1-424b-9868-57a2d4851a1d" relativeResultsDirectory="1768fded-524c-4d50-b414-7636d25bac8b" />
    <UnitTestResult executionId="941492e9-7aa2-49ce-b572-51e5eae2f8a6" testId="1f9919f3-0533-8f9f-b837-3ac09121288f" testName="SpdxSnippet_SameComparer_ComparesCorrectly" computerName="runnervmymu0l" duration="00:00:00.0023706" startTime="2026-01-27T18:55:17.6419607+00:00" endTime="2026-01-27T18:55:17.6444158+00:00" testType="13cdc9d9-ddb5-4fa4-a97d-d965ccfc6d4b" outcome="Passed" testListId="8c84fa94-04c1-424b-9868-57a2d4851a1d" relativeResultsDirectory="941492e9-7aa2-49ce-b572-51e5eae2f8a6" />
    <UnitTestResult executionId="ec905315-09a3-43bb-95a2-76ca9ff312d6" testId="19ac30b5-ca40-83d7-bbe4-cf6cfc4b33fd" testName="SpdxDocument_SameComparer_ComparesCorrectly" computerName="runnervmymu0l" duration="00:00:00.0210682" startTime="2026-01-27T18:55:17.5679882+00:00" endTime="2026-01-27T18:55:17.5891125+00:00" testType="13cdc9d9-ddb5-4fa4-a97d-d965ccfc6d4b" outcome="Passed" testListId="8c84fa94-04c1-424b-9868-57a2d4851a1d" relativeResultsDirectory="ec905315-09a3-43bb-95a2-76ca9ff312d6" />
    <UnitTestResult executionId="aba36eca-622d-4aa5-8fd0-0e1f22c3668d" testId="1c712935-253e-824e-8bd6-9f33402d8f8a" testName="SpdxDocument_Validate_BadVersion" computerName="runnervmymu0l" duration="00:00:00.0010124" startTime="2026-01-27T18:55:17.6099100+00:00" endTime="2026-01-27T18:55:17.6109710+00:00" testType="13cdc9d9-ddb5-4fa4-a97d-d965ccfc6d4b" outcome="Passed" testListId="8c84fa94-04c1-424b-9868-57a2d4851a1d" relativeResultsDirectory="aba36eca-622d-4aa5-8fd0-0e1f22c3668d" />
    <UnitTestResult executionId="79c34713-76b9-4440-831f-57c142b25dfa" testId="142938c5-4e2c-88ac-8ac3-d1d6379c6f0a" testName="Spdx2JsonSerializer_SerializeExtractedLicensingInfo_CorrectResults" computerName="runnervmymu0l" duration="00:00:00.0004701" startTime="2026-01-27T18:55:17.6838049+00:00" endTime="2026-01-27T18:55:17.6843466+00:00" testType="13cdc9d9-ddb5-4fa4-a97d-d965ccfc6d4b" outcome="Passed" testListId="8c84fa94-04c1-424b-9868-57a2d4851a1d" relativeResultsDirectory="79c34713-76b9-4440-831f-57c142b25dfa" />
    <UnitTestResult executionId="4ad95940-01b6-4a45-b7c3-7d84a7b71a65" testId="1a179bbd-79ba-8632-b789-b713dd933cfa" testName="SpdxExtractedLicensingInfo_Validate_BadExtractedText" computerName="runnervmymu0l" duration="00:00:00.0002418" startTime="2026-01-27T18:55:17.6238027+00:00" endTime="2026-01-27T18:55:17.6240856+00:00" testType="13cdc9d9-ddb5-4fa4-a97d-d965ccfc6d4b" outcome="Passed" testListId="8c84fa94-04c1-424b-9868-57a2d4851a1d" relativeResultsDirectory="4ad95940-01b6-4a45-b7c3-7d84a7b71a65" />
    <UnitTestResult executionId="e9851238-092a-4895-9a54-6f968a06e7b9" testId="104bbf62-8947-8078-a291-43ea2c662031" testName="SpdxPackage_Validate_Success" computerName="runnervmymu0l" duration="00:00:00.0001472" startTime="2026-01-27T18:55:17.6312574+00:00" endTime="2026-01-27T18:55:17.6314541+00:00" testType="13cdc9d9-ddb5-4fa4-a97d-d965ccfc6d4b" outcome="Passed" testListId="8c84fa94-04c1-424b-9868-57a2d4851a1d" relativeResultsDirectory="e9851238-092a-4895-9a54-6f968a06e7b9" />
    <UnitTestResult executionId="ecca542e-ba8e-4e14-9279-40a387a433ba" testId="165ae2e3-2167-83c0-925e-3a9e4850948c" testName="SpdxRelationshipTypeExtensions_FromText_Invalid" computerName="runnervmymu0l" duration="00:00:00.0002556" startTime="2026-01-27T18:55:17.6394858+00:00" endTime="2026-01-27T18:55:17.6397779+00:00" testType="13cdc9d9-ddb5-4fa4-a97d-d965ccfc6d4b" outcome="Passed" testListId="8c84fa94-04c1-424b-9868-57a2d4851a1d" relativeResultsDirectory="ecca542e-ba8e-4e14-9279-40a387a433ba" />
    <UnitTestResult executionId="cbdfce98-ad14-4620-925c-efddb54dab3c" testId="1b26917d-62ef-811d-9abb-40627c5a096f" testName="Spdx2JsonSerializer_SerializeExtractedLicensingInfos_CorrectResults" computerName="runnervmymu0l" duration="00:00:00.0005172" startTime="2026-01-27T18:55:17.6843764+00:00" endTime="2026-01-27T18:55:17.6849393+00:00" testType="13cdc9d9-ddb5-4fa4-a97d-d965ccfc6d4b" outcome="Passed" testListId="8c84fa94-04c1-424b-9868-57a2d4851a1d" relativeResultsDirectory="cbdfce98-ad14-4620-925c-efddb54dab3c" />
    <UnitTestResult executionId="823741d3-99e2-49ca-b010-d57c9558f66b" testId="12da8660-25b4-886c-955a-db691e3cb91d" testName="SpdxChecksum_Validate_BadValue" computerName="runnervmymu0l" duration="00:00:00.0002592" startTime="2026-01-27T18:55:17.5577457+00:00" endTime="2026-01-27T18:55:17.5580464+00:00" testType="13cdc9d9-ddb5-4fa4-a97d-d965ccfc6d4b" outcome="Passed" testListId="8c84fa94-04c1-424b-9868-57a2d4851a1d" relativeResultsDirectory="823741d3-99e2-49ca-b010-d57c9558f66b" />
    <UnitTestResult executionId="25e98b98-a723-4ea2-9a34-70fe4f953461" testId="1a7fa8a4-4b28-8492-8fc6-08be9f1d2bc2" testName="SpdxRelationshipTypeExtensions_ToText_Valid" computerName="runnervmymu0l" duration="00:00:00.0010148" startTime="2026-01-27T18:55:17.6397560+00:00" endTime="2026-01-27T18:55:17.6408121+00:00" testType="13cdc9d9-ddb5-4fa4-a97d-d965ccfc6d4b" outcome="Passed" testListId="8c84fa94-04c1-424b-9868-57a2d4851a1d" relativeResultsDirectory="25e98b98-a723-4ea2-9a34-70fe4f953461" />
    <UnitTestResult executionId="f434dfd1-7b51-478d-97ae-d33f099942bd" testId="1b230945-6314-8152-a041-8d853c6a2db5" testName="Spdx2JsonSerializer_SerializeRelationship_CorrectResults" computerName="runnervmymu0l" duration="00:00:00.0003637" startTime="2026-01-27T18:55:17.6883242+00:00" endTime="2026-01-27T18:55:17.6887571+00:00" testType="13cdc9d9-ddb5-4fa4-a97d-d965ccfc6d4b" outcome="Passed" testListId="8c84fa94-04c1-424b-9868-57a2d4851a1d" relativeResultsDirectory="f434dfd1-7b51-478d-97ae-d33f099942bd" />
    <UnitTestResult executionId="f1aa51c2-9b72-4951-b7b1-1d4893dac8b1" testId="17e9314e-4603-8dad-b4ad-58fadfbcaaf4" testName="SpdxDocument_GetAllElements_Correct" computerName="runnervmymu0l" duration="00:00:00.0023679" startTime="2026-01-27T18:55:17.6126011+00:00" endTime="2026-01-27T18:55:17.6150085+00:00" testType="13cdc9d9-ddb5-4fa4-a97d-d965ccfc6d4b" outcome="Passed" testListId="8c84fa94-04c1-424b-9868-57a2d4851a1d" relativeResultsDirectory="f1aa51c2-9b72-4951-b7b1-1d4893dac8b1" />
    <UnitTestResult executionId="b6cf3268-f04c-4470-b0d2-e0f062b3800f" testId="136d1cd8-a48b-85df-b64f-a4f2c5d98e96" testName="SpdxReferenceCategoryExtensions_ToText_Invalid" computerName="runnervmymu0l" duration="00:00:00.0029089" startTime="2026-01-27T18:55:17.6213074+00:00" endTime="2026-01-27T18:55:17.6312328+00:00" testType="13cdc9d9-ddb5-4fa4-a97d-d965ccfc6d4b" outcome="Passed" testListId="8c84fa94-04c1-424b-9868-57a2d4851a1d" relativeResultsDirectory="b6cf3268-f04c-4470-b0d2-e0f062b3800f" />
    <UnitTestResult executionId="73db3c8b-a64d-4312-9d87-9d057d202ced" testId="14311369-2b95-81e7-95cb-1f05f664e3db" testName="Spdx2JsonSerializer_SerializeRelationships_CorrectResults" computerName="runnervmymu0l" duration="00:00:00.0006278" startTime="2026-01-27T18:55:17.6887858+00:00" endTime="2026-01-27T18:55:17.6894557+00:00" testType="13cdc9d9-ddb5-4fa4-a97d-d965ccfc6d4b" outcome="Passed" testListId="8c84fa94-04c1-424b-9868-57a2d4851a1d" relativeResultsDirectory="73db3c8b-a64d-4312-9d87-9d057d202ced" />
    <UnitTestResult executionId="4efdaf18-b29c-4485-9894-d2ea188efbb8" testId="18b3d504-8341-85cd-a595-8541188dd6ae" testName="SpdxExternalDocumentReference_Validate_MissingId" computerName="runnervmymu0l" duration="00:00:00.0012682" startTime="2026-01-27T18:55:17.6155968+00:00" endTime="2026-01-27T18:55:17.6169126+00:00" testType="13cdc9d9-ddb5-4fa4-a97d-d965ccfc6d4b" outcome="Passed" testListId="8c84fa94-04c1-424b-9868-57a2d4851a1d" relativeResultsDirectory="4efdaf18-b29c-4485-9894-d2ea188efbb8" />
    <UnitTestResult executionId="ea6a7237-7584-4ab4-8d38-9c0e61395287" testId="1ffb8f67-ad3d-83a3-84ff-c73781e35c45" testName="SpdxDocument_Validate_BadName" computerName="runnervmymu0l" duration="00:00:00.0106456" startTime="2026-01-27T18:55:17.5993940+00:00" endTime="2026-01-27T18:55:17.6100813+00:00" testType="13cdc9d9-ddb5-4fa4-a97d-d965ccfc6d4b" outcome="Passed" testListId="8c84fa94-04c1-424b-9868-57a2d4851a1d" relativeResultsDirectory="ea6a7237-7584-4ab4-8d38-9c0e61395287" />
    <UnitTestResult executionId="1fc3d9d7-0f54-426f-91f2-fddbd1f5f8fc" testId="1092f54f-4a0a-8f53-8950-bb51869ec5e4" testName="SpdxRelationship_Validate_MissingRelatedId" computerName="runnervmymu0l" duration="00:00:00.0006268" startTime="2026-01-27T18:55:17.6390504+00:00" endTime="2026-01-27T18:55:17.6397194+00:00" testType="13cdc9d9-ddb5-4fa4-a97d-d965ccfc6d4b" outcome="Passed" testListId="8c84fa94-04c1-424b-9868-57a2d4851a1d" relativeResultsDirectory="1fc3d9d7-0f54-426f-91f2-fddbd1f5f8fc" />
    <UnitTestResult executionId="7f450183-b654-4bb1-8a1b-bcbd6e86cb8e" testId="1efcc640-8ee9-85ea-8e4f-31e58918e56a" testName="SpdxCreationInformation_Validate_BadVersion" computerName="runnervmymu0l" duration="00:00:00.0042755" startTime="2026-01-27T18:55:17.5662856+00:00" endTime="2026-01-27T18:55:17.5706028+00:00" testType="13cdc9d9-ddb5-4fa4-a97d-d965ccfc6d4b" outcome="Passed" testListId="8c84fa94-04c1-424b-9868-57a2d4851a1d" relativeResultsDirectory="7f450183-b654-4bb1-8a1b-bcbd6e86cb8e" />
    <UnitTestResult executionId="d9e9148b-9d54-49c9-81ca-a3aada45ac95" testId="1f9143d0-7f41-8cce-b2da-382cb6565211" testName="Spdx2JsonSerializer_SerializePackages_CorrectResults" computerName="runnervmymu0l" duration="00:00:00.0017637" startTime="2026-01-27T18:55:17.6875959+00:00" endTime="2026-01-27T18:55:17.6894000+00:00" testType="13cdc9d9-ddb5-4fa4-a97d-d965ccfc6d4b" outcome="Passed" testListId="8c84fa94-04c1-424b-9868-57a2d4851a1d" relativeResultsDirectory="d9e9148b-9d54-49c9-81ca-a3aada45ac95" />
    <UnitTestResult executionId="77f74354-422a-427d-9830-74b086567d02" testId="1c57075d-8c43-8a20-8e4f-9d126b0a9d40" testName="SpdxCreationInformation_Validate_BadCreated" computerName="runnervmymu0l" duration="00:00:00.0004144" startTime="2026-01-27T18:55:17.5657936+00:00" endTime="2026-01-27T18:55:17.5662622+00:00" testType="13cdc9d9-ddb5-4fa4-a97d-d965ccfc6d4b" outcome="Passed" testListId="8c84fa94-04c1-424b-9868-57a2d4851a1d" relativeResultsDirectory="77f74354-422a-427d-9830-74b086567d02" />
    <UnitTestResult executionId="8e007b86-8615-42b8-81cd-6edab846e3fc" testId="11b82d60-e358-87fa-92d3-a97bc45e5b03" testName="Spdx2JsonDeserializer_DeserializePackage_CorrectResults" computerName="runnervmymu0l" duration="00:00:00.0013007" startTime="2026-01-27T18:55:17.6759697+00:00" endTime="2026-01-27T18:55:17.6773606+00:00" testType="13cdc9d9-ddb5-4fa4-a97d-d965ccfc6d4b" outcome="Passed" testListId="8c84fa94-04c1-424b-9868-57a2d4851a1d" relativeResultsDirectory="8e007b86-8615-42b8-81cd-6edab846e3fc" />
    <UnitTestResult executionId="9073f7f9-68b1-4944-b038-9ec6d988639e" testId="1acf5af5-30c5-887b-8f1c-6a1fc26e2608" testName="SpdxExternalDocumentReference_Validate_MissingDocument" computerName="runnervmymu0l" duration="00:00:00.0003128" startTime="2026-01-27T18:55:17.6174176+00:00" endTime="2026-01-27T18:55:17.6177807+00:00" testType="13cdc9d9-ddb5-4fa4-a97d-d965ccfc6d4b" outcome="Passed" testListId="8c84fa94-04c1-424b-9868-57a2d4851a1d" relativeResultsDirectory="9073f7f9-68b1-4944-b038-9ec6d988639e" />
    <UnitTestResult executionId="4d4a1b91-b8e2-4cc4-b904-35a774f1c4a8" testId="1cfaf624-e048-8c37-866a-157762dcdb21" testName="Spdx2JsonDeserializer_DeserializeSnippets_CorrectResults" computerName="runnervmymu0l" duration="00:00:00.0011792" startTime="2026-01-27T18:55:17.6773955+00:00" endTime="2026-01-27T18:55:17.6786462+00:00" testType="13cdc9d9-ddb5-4fa4-a97d-d965ccfc6d4b" outcome="Passed" testListId="8c84fa94-04c1-424b-9868-57a2d4851a1d" relativeResultsDirectory="4d4a1b91-b8e2-4cc4-b904-35a774f1c4a8" />
    <UnitTestResult executionId="7927491f-a585-4c63-a3d1-f9e8821ebeda" testId="19c537a8-d2a8-8c8f-b311-c9898ecf62f2" testName="SpdxChecksum_DeepCopy_CreatesEqualButDistinctInstance" computerName="runnervmymu0l" duration="00:00:00.0039634" startTime="2026-01-27T18:55:17.5542060+00:00" endTime="2026-01-27T18:55:17.5582175+00:00" testType="13cdc9d9-ddb5-4fa4-a97d-d965ccfc6d4b" outcome="Passed" testListId="8c84fa94-04c1-424b-9868-57a2d4851a1d" relativeResultsDirectory="7927491f-a585-4c63-a3d1-f9e8821ebeda" />
    <UnitTestResult executionId="551c5c7d-51fc-4732-beb5-5fd6de9f824d" testId="113328b8-f455-83d1-bbe9-79db595e4815" testName="SpdxDocument_GetRootPackages_CorrectPackages" computerName="runnervmymu0l" duration="00:00:00.0069218" startTime="2026-01-27T18:55:17.5674292+00:00" endTime="2026-01-27T18:55:17.5744504+00:00" testType="13cdc9d9-ddb5-4fa4-a97d-d965ccfc6d4b" outcome="Passed" testListId="8c84fa94-04c1-424b-9868-57a2d4851a1d" relativeResultsDirectory="551c5c7d-51fc-4732-beb5-5fd6de9f824d" />
    <UnitTestResult executionId="a6a6ac44-8562-421a-8b17-bcecc8099d9f" testId="1c7f160f-36a7-87b9-9229-7458c9daf1f9" testName="SpdxDocument_Validate_NtiaIssues" computerName="runnervmymu0l" duration="00:00:00.0010617" startTime="2026-01-27T18:55:17.6125670+00:00" endTime="2026-01-27T18:55:17.6136939+00:00" testType="13cdc9d9-ddb5-4fa4-a97d-d965ccfc6d4b" outcome="Passed" testListId="8c84fa94-04c1-424b-9868-57a2d4851a1d" relativeResultsDirectory="a6a6ac44-8562-421a-8b17-bcecc8099d9f" />
    <UnitTestResult executionId="4363c271-cad8-463e-adfe-eb9f7c9f66c0" testId="12cad19f-867c-81b8-8d3a-e40f6452fc78" testName="Spdx2JsonDeserializer_DeserializeFiles_CorrectResults" computerName="runnervmymu0l" duration="00:00:00.0015005" startTime="2026-01-27T18:55:17.6745984+00:00" endTime="2026-01-27T18:55:17.6761795+00:00" testType="13cdc9d9-ddb5-4fa4-a97d-d965ccfc6d4b" outcome="Passed" testListId="8c84fa94-04c1-424b-9868-57a2d4851a1d" relativeResultsDirectory="4363c271-cad8-463e-adfe-eb9f7c9f66c0" />
    <UnitTestResult executionId="389f2b31-69ba-49ee-894c-d734991f653c" testId="16453c30-7dfb-8ee9-b91a-c3cc6eb3fe83" testName="SpdxSnippet_Enhance_AddsOrUpdatesInformationCorrectly" computerName="runnervmymu0l" duration="00:00:00.0011729" startTime="2026-01-27T18:55:17.6426475+00:00" endTime="2026-01-27T18:55:17.6438567+00:00" testType="13cdc9d9-ddb5-4fa4-a97d-d965ccfc6d4b" outcome="Passed" testListId="8c84fa94-04c1-424b-9868-57a2d4851a1d" relativeResultsDirectory="389f2b31-69ba-49ee-894c-d734991f653c" />
    <UnitTestResult executionId="ec21ee61-94bd-4d1c-a90b-6a225987ecbe" testId="19d99d11-5355-891d-9209-36a6cf9e0ef1" testName="SpdxRelationships_AddMultiple_Replace" computerName="runnervmymu0l" duration="00:00:00.0021699" startTime="2026-01-27T18:55:17.6493542+00:00" endTime="2026-01-27T18:55:17.6515742+00:00" testType="13cdc9d9-ddb5-4fa4-a97d-d965ccfc6d4b" outcome="Passed" testListId="8c84fa94-04c1-424b-9868-57a2d4851a1d" relativeResultsDirectory="ec21ee61-94bd-4d1c-a90b-6a225987ecbe" />
    <UnitTestResult executionId="07d1cc3e-6f66-4262-8f76-79a9aedc63cc" testId="114bdd66-dfab-834e-a8a8-372ccdcd76b3" testName="SpdxPackage_Validate_BadValidUntilDate" computerName="runnervmymu0l" duration="00:00:00.0001591" startTime="2026-01-27T18:55:17.6336784+00:00" endTime="2026-01-27T18:55:17.6338957+00:00" testType="13cdc9d9-ddb5-4fa4-a97d-d965ccfc6d4b" outcome="Passed" testListId="8c84fa94-04c1-424b-9868-57a2d4851a1d" relativeResultsDirectory="07d1cc3e-6f66-4262-8f76-79a9aedc63cc" />
    <UnitTestResult executionId="39a39bca-5135-4abc-bf3e-68cf3696ef88" testId="1be102f3-39f6-8104-9f64-5ae269af140e" testName="Spdx2JsonDeserializer_DeserializeCreationInformation_CorrectResults" computerName="runnervmymu0l" duration="00:00:00.0188103" startTime="2026-01-27T18:55:17.6554889+00:00" endTime="2026-01-27T18:55:17.6743904+00:00" testType="13cdc9d9-ddb5-4fa4-a97d-d965ccfc6d4b" outcome="Passed" testListId="8c84fa94-04c1-424b-9868-57a2d4851a1d" relativeResultsDirectory="39a39bca-5135-4abc-bf3e-68cf3696ef88" />
    <UnitTestResult executionId="88663503-4ccd-4f8d-a31e-da719e24053f" testId="15e34a12-7d13-83db-8ad2-22801449695f" testName="Spdx2JsonSerializer_SerializeSnippet_CorrectResults" computerName="runnervmymu0l" duration="00:00:00.0010543" startTime="2026-01-27T18:55:17.6890129+00:00" endTime="2026-01-27T18:55:17.6901422+00:00" testType="13cdc9d9-ddb5-4fa4-a97d-d965ccfc6d4b" outcome="Passed" testListId="8c84fa94-04c1-424b-9868-57a2d4851a1d" relativeResultsDirectory="88663503-4ccd-4f8d-a31e-da719e24053f" />
    <UnitTestResult executionId="79c1b6c1-9ea1-49dd-982c-fa36f0615160" testId="11ad0f09-8619-8967-8733-daf78290820f" testName="SpdxPackage_Validate_BadReleaseDate" computerName="runnervmymu0l" duration="00:00:00.0014850" startTime="2026-01-27T18:55:17.6334408+00:00" endTime="2026-01-27T18:55:17.6349775+00:00" testType="13cdc9d9-ddb5-4fa4-a97d-d965ccfc6d4b" outcome="Passed" testListId="8c84fa94-04c1-424b-9868-57a2d4851a1d" relativeResultsDirectory="79c1b6c1-9ea1-49dd-982c-fa36f0615160" />
    <UnitTestResult executionId="b83c08cd-93cc-48e5-a9e2-0774c2de64a1" testId="131d4428-eeee-82f7-8b4d-f66fc6821052" testName="SpdxCreationInformation_Enhance_AddsOrUpdatesInformationCorrectly" computerName="runnervmymu0l" duration="00:00:00.0008625" startTime="2026-01-27T18:55:17.5623330+00:00" endTime="2026-01-27T18:55:17.5632530+00:00" testType="13cdc9d9-ddb5-4fa4-a97d-d965ccfc6d4b" outcome="Passed" testListId="8c84fa94-04c1-424b-9868-57a2d4851a1d" relativeResultsDirectory="b83c08cd-93cc-48e5-a9e2-0774c2de64a1" />
    <UnitTestResult executionId="c6ebb0b7-c192-439d-8d26-673edcccbe5b" testId="173cc7a4-f96d-8319-a9ef-fa83b947a03f" testName="SpdxRelationships_AddSingle_BadRelatedElement" computerName="runnervmymu0l" duration="00:00:00.0005874" startTime="2026-01-27T18:55:17.6456159+00:00" endTime="2026-01-27T18:55:17.6462405+00:00" testType="13cdc9d9-ddb5-4fa4-a97d-d965ccfc6d4b" outcome="Passed" testListId="8c84fa94-04c1-424b-9868-57a2d4851a1d" relativeResultsDirectory="c6ebb0b7-c192-439d-8d26-673edcccbe5b" />
    <UnitTestResult executionId="8c983142-2a12-47e7-9364-706828128ea4" testId="19d4dd52-ce83-89e9-b0d7-9e9b2d60311b" testName="SpdxDocument_DeepCopy_CreatesEqualButDistinctInstance" computerName="runnervmymu0l" duration="00:00:00.0286853" startTime="2026-01-27T18:55:17.5706297+00:00" endTime="2026-01-27T18:55:17.5993686+00:00" testType="13cdc9d9-ddb5-4fa4-a97d-d965ccfc6d4b" outcome="Passed" testListId="8c84fa94-04c1-424b-9868-57a2d4851a1d" relativeResultsDirectory="8c983142-2a12-47e7-9364-706828128ea4" />
    <UnitTestResult executionId="6d1b8a72-5867-416f-890a-790b9eb5bf84" testId="184356fa-a833-80bc-ba1d-97aff43d7efc" testName="Spdx2JsonDeserializer_DeserializeExternalDocumentReferences_CorrectResults" computerName="runnervmymu0l" duration="00:00:00.0014117" startTime="2026-01-27T18:55:17.6607633+00:00" endTime="2026-01-27T18:55:17.6622295+00:00" testType="13cdc9d9-ddb5-4fa4-a97d-d965ccfc6d4b" outcome="Passed" testListId="8c84fa94-04c1-424b-9868-57a2d4851a1d" relativeResultsDirectory="6d1b8a72-5867-416f-890a-790b9eb5bf84" />
    <UnitTestResult executionId="1d1965fa-1425-4e9f-8d22-c8774b832662" testId="1fd3c3da-3e96-8e78-8a28-048e923622c5" testName="Spdx2JsonDeserializer_DeserializeAnnotation_CorrectResults" computerName="runnervmymu0l" duration="00:00:00.0009539" startTime="2026-01-27T18:55:17.6527177+00:00" endTime="2026-01-27T18:55:17.6537484+00:00" testType="13cdc9d9-ddb5-4fa4-a97d-d965ccfc6d4b" outcome="Passed" testListId="8c84fa94-04c1-424b-9868-57a2d4851a1d" relativeResultsDirectory="1d1965fa-1425-4e9f-8d22-c8774b832662" />
    <UnitTestResult executionId="cfe8db9b-c8c2-40f1-905e-d4ace3af158f" testId="1d5d6d66-8718-885a-b2d1-b5d6f7f000f9" testName="SpdxPackage_Validate_BadSupplier" computerName="runnervmymu0l" duration="00:00:00.0001515" startTime="2026-01-27T18:55:17.6332172+00:00" endTime="2026-01-27T18:55:17.6334170+00:00" testType="13cdc9d9-ddb5-4fa4-a97d-d965ccfc6d4b" outcome="Passed" testListId="8c84fa94-04c1-424b-9868-57a2d4851a1d" relativeResultsDirectory="cfe8db9b-c8c2-40f1-905e-d4ace3af158f" />
    <UnitTestResult executionId="6114142c-5bf4-445f-8401-70eb033cbe4f" testId="12b14a86-c6d7-83be-85e0-0902a78c92ef" testName="SpdxDocument_GetElement_Correct" computerName="runnervmymu0l" duration="00:00:00.0012547" startTime="2026-01-27T18:55:17.6137342+00:00" endTime="2026-01-27T18:55:17.6150259+00:00" testType="13cdc9d9-ddb5-4fa4-a97d-d965ccfc6d4b" outcome="Passed" testListId="8c84fa94-04c1-424b-9868-57a2d4851a1d" relativeResultsDirectory="6114142c-5bf4-445f-8401-70eb033cbe4f" />
    <UnitTestResult executionId="7474427d-4276-4299-b540-aac9797459fe" testId="12660957-3942-8b4e-bb83-ee3584906dc0" testName="SpdxChecksum_Enhance_AddsOrUpdatesInformationCorrectly" computerName="runnervmymu0l" duration="00:00:00.0043540" startTime="2026-01-27T18:55:17.5548206+00:00" endTime="2026-01-27T18:55:17.5592355+00:00" testType="13cdc9d9-ddb5-4fa4-a97d-d965ccfc6d4b" outcome="Passed" testListId="8c84fa94-04c1-424b-9868-57a2d4851a1d" relativeResultsDirectory="7474427d-4276-4299-b540-aac9797459fe" />
    <UnitTestResult executionId="4b7b912d-e9b9-496f-adc8-7f43724c93e6" testId="1614b4dc-bfaf-8f38-936d-1e9cd4d5c140" testName="SpdxExtractedLicensingInfo_Enhance_AddsOrUpdatesInformationCorrectly" computerName="runnervmymu0l" duration="00:00:00.0012216" startTime="2026-01-27T18:55:17.6220825+00:00" endTime="2026-01-27T18:55:17.6233512+00:00" testType="13cdc9d9-ddb5-4fa4-a97d-d965ccfc6d4b" outcome="Passed" testListId="8c84fa94-04c1-424b-9868-57a2d4851a1d" relativeResultsDirectory="4b7b912d-e9b9-496f-adc8-7f43724c93e6" />
    <UnitTestResult executionId="2e764059-4276-4177-84dd-a03a73e197be" testId="13e5031a-98be-800e-b554-59274f4dc4c4" testName="Spdx2JsonDeserializer_DeserializeChecksums_CorrectResults" computerName="runnervmymu0l" duration="00:00:00.0004302" startTime="2026-01-27T18:55:17.6549859+00:00" endTime="2026-01-27T18:55:17.6554654+00:00" testType="13cdc9d9-ddb5-4fa4-a97d-d965ccfc6d4b" outcome="Passed" testListId="8c84fa94-04c1-424b-9868-57a2d4851a1d" relativeResultsDirectory="2e764059-4276-4177-84dd-a03a73e197be" />
    <UnitTestResult executionId="2860f57b-f48b-4329-acfa-d2d29631bfcc" testId="1c075734-e1c8-803c-845c-96dbe005ade9" testName="SpdxPackage_Validate_BadBuiltDate" computerName="runnervmymu0l" duration="00:00:00.0001665" startTime="2026-01-27T18:55:17.6334444+00:00" endTime="2026-01-27T18:55:17.6336529+00:00" testType="13cdc9d9-ddb5-4fa4-a97d-d965ccfc6d4b" outcome="Passed" testListId="8c84fa94-04c1-424b-9868-57a2d4851a1d" relativeResultsDirectory="2860f57b-f48b-4329-acfa-d2d29631bfcc" />
    <UnitTestResult executionId="979937c8-6d10-46ed-bb9d-ab3395e42dcf" testId="166385d2-933d-8dbd-bc86-756a09420b4c" testName="SpdxPackage_Validate_MissingPackageName" computerName="runnervmymu0l" duration="00:00:00.0005550" startTime="2026-01-27T18:55:17.6326399+00:00" endTime="2026-01-27T18:55:17.6332425+00:00" testType="13cdc9d9-ddb5-4fa4-a97d-d965ccfc6d4b" outcome="Passed" testListId="8c84fa94-04c1-424b-9868-57a2d4851a1d" relativeResultsDirectory="979937c8-6d10-46ed-bb9d-ab3395e42dcf" />
    <UnitTestResult executionId="9587ac4a-33ad-4682-80bd-6ce80fac4db7" testId="124b87a1-28b3-8615-bf7c-0594b97dfce3" testName="SpdxRelationship_Validate_MissingRelationship" computerName="runnervmymu0l" duration="00:00:00.0002232" startTime="2026-01-27T18:55:17.6391975+00:00" endTime="2026-01-27T18:55:17.6394585+00:00" testType="13cdc9d9-ddb5-4fa4-a97d-d965ccfc6d4b" outcome="Passed" testListId="8c84fa94-04c1-424b-9868-57a2d4851a1d" relativeResultsDirectory="9587ac4a-33ad-4682-80bd-6ce80fac4db7" />
    <UnitTestResult executionId="3d5e371d-7602-47d4-8315-1965594fc2e3" testId="1ac27a71-a3b1-8428-bcae-ec23351bc444" testName="SpdxPackage_SameComparer_ComparesCorrectly" computerName="runnervmymu0l" duration="00:00:00.0004851" startTime="2026-01-27T18:55:17.6305537+00:00" endTime="2026-01-27T18:55:17.6311243+00:00" testType="13cdc9d9-ddb5-4fa4-a97d-d965ccfc6d4b" outcome="Passed" testListId="8c84fa94-04c1-424b-9868-57a2d4851a1d" relativeResultsDirectory="3d5e371d-7602-47d4-8315-1965594fc2e3" />
    <UnitTestResult executionId="7f5c9071-72c3-49ad-9e96-c507a23b5b9d" testId="1b032ccb-1707-8c31-9d12-5a50295502c4" testName="SpdxFile_SameComparer_ComparesCorrectly" computerName="runnervmymu0l" duration="00:00:00.0003679" startTime="2026-01-27T18:55:17.6241153+00:00" endTime="2026-01-27T18:55:17.6250997+00:00" testType="13cdc9d9-ddb5-4fa4-a97d-d965ccfc6d4b" outcome="Passed" testListId="8c84fa94-04c1-424b-9868-57a2d4851a1d" relativeResultsDirectory="7f5c9071-72c3-49ad-9e96-c507a23b5b9d" />
    <UnitTestResult executionId="5346189d-985b-417e-9416-90e7bce39150" testId="1f766075-d591-83be-b941-e27367fa2241" testName="SpdxPackage_Validate_InvalidPackageId" computerName="runnervmymu0l" duration="00:00:00.0001966" startTime="2026-01-27T18:55:17.6326699+00:00" endTime="2026-01-27T18:55:17.6329122+00:00" testType="13cdc9d9-ddb5-4fa4-a97d-d965ccfc6d4b" outcome="Passed" testListId="8c84fa94-04c1-424b-9868-57a2d4851a1d" relativeResultsDirectory="5346189d-985b-417e-9416-90e7bce39150" />
    <UnitTestResult executionId="3802c6b8-fc31-47c5-a030-a632e9f658ba" testId="197cdd9e-2788-8884-b24b-7fa61dc45300" testName="SpdxExternalDocumentReference_SameComparer_ComparesCorrectly" computerName="runnervmymu0l" duration="00:00:00.0011890" startTime="2026-01-27T18:55:17.6150532+00:00" endTime="2026-01-27T18:55:17.6163434+00:00" testType="13cdc9d9-ddb5-4fa4-a97d-d965ccfc6d4b" outcome="Passed" testListId="8c84fa94-04c1-424b-9868-57a2d4851a1d" relativeResultsDirectory="3802c6b8-fc31-47c5-a030-a632e9f658ba" />
    <UnitTestResult executionId="775e267d-9b3f-4384-ac53-fd691ac3b3a7" testId="16f9f850-579d-8831-a1c5-a5142f7feaa6" testName="SpdxExternalReference_Validate_BadType" computerName="runnervmymu0l" duration="00:00:00.0002474" startTime="2026-01-27T18:55:17.6192337+00:00" endTime="2026-01-27T18:55:17.6195300+00:00" testType="13cdc9d9-ddb5-4fa4-a97d-d965ccfc6d4b" outcome="Passed" testListId="8c84fa94-04c1-424b-9868-57a2d4851a1d" relativeResultsDirectory="775e267d-9b3f-4384-ac53-fd691ac3b3a7" />
    <UnitTestResult executionId="45a75f3a-4967-4d05-94c9-6dc4deaa8691" testId="11387f1c-8ff5-8b12-bfef-86ccabcb7ca8" testName="Spdx2JsonDeserializer_DeserializeExternalReferences_CorrectResults" computerName="runnervmymu0l" duration="00:00:00.0006240" startTime="2026-01-27T18:55:17.6627026+00:00" endTime="2026-01-27T18:55:17.6633685+00:00" testType="13cdc9d9-ddb5-4fa4-a97d-d965ccfc6d4b" outcome="Passed" testListId="8c84fa94-04c1-424b-9868-57a2d4851a1d" relativeResultsDirectory="45a75f3a-4967-4d05-94c9-6dc4deaa8691" />
    <UnitTestResult executionId="c35d81e6-0995-4be6-b67b-d71d68e42fa8" testId="10dbdd06-c349-8797-a1d8-45159b85eb5b" testName="SpdxReferenceCategoryExtensions_FromText_Invalid" computerName="runnervmymu0l" duration="00:00:00.0002752" startTime="2026-01-27T18:55:17.6209605+00:00" endTime="2026-01-27T18:55:17.6212838+00:00" testType="13cdc9d9-ddb5-4fa4-a97d-d965ccfc6d4b" outcome="Passed" testListId="8c84fa94-04c1-424b-9868-57a2d4851a1d" relativeResultsDirectory="c35d81e6-0995-4be6-b67b-d71d68e42fa8" />
    <UnitTestResult executionId="23cc2a51-47bf-4f4d-915c-82362871176d" testId="10c023d1-6bed-822b-943e-93e894952a93" testName="SpdxAnnotation_Validate_BadDate" computerName="runnervmymu0l" duration="00:00:00.0025921" startTime="2026-01-27T18:55:17.5075437+00:00" endTime="2026-01-27T18:55:17.5108508+00:00" testType="13cdc9d9-ddb5-4fa4-a97d-d965ccfc6d4b" outcome="Passed" testListId="8c84fa94-04c1-424b-9868-57a2d4851a1d" relativeResultsDirectory="23cc2a51-47bf-4f4d-915c-82362871176d" />
    <UnitTestResult executionId="3d58fddd-4269-4c09-aaaa-ea97fdeb097b" testId="1c01ee1c-8c0f-8a79-aff8-67e928567f85" testName="SpdxExtractedLicensingInfo_Validate_BadLicenseId" computerName="runnervmymu0l" duration="00:00:00.0003373" startTime="2026-01-27T18:55:17.6233940+00:00" endTime="2026-01-27T18:55:17.6237786+00:00" testType="13cdc9d9-ddb5-4fa4-a97d-d965ccfc6d4b" outcome="Passed" testListId="8c84fa94-04c1-424b-9868-57a2d4851a1d" relativeResultsDirectory="3d58fddd-4269-4c09-aaaa-ea97fdeb097b" />
    <UnitTestResult executionId="c54f0bc2-eb54-45a1-90b8-62dfc8d31c4e" testId="1f336b57-870e-8b34-abe6-1b823b17fddd" testName="Spdx2JsonSerializer_SerializePackageVerificationCode_CorrectResults" computerName="runnervmymu0l" duration="00:00:00.0005021" startTime="2026-01-27T18:55:17.6876901+00:00" endTime="2026-01-27T18:55:17.6882974+00:00" testType="13cdc9d9-ddb5-4fa4-a97d-d965ccfc6d4b" outcome="Passed" testListId="8c84fa94-04c1-424b-9868-57a2d4851a1d" relativeResultsDirectory="c54f0bc2-eb54-45a1-90b8-62dfc8d31c4e" />
    <UnitTestResult executionId="a1dc64cf-8f3c-4594-948a-0fcab9345b8e" testId="10f36077-d20b-85f2-bb21-176d0c656993" testName="SpdxAnnotationTypeExtensions_FromText_Invalid" computerName="runnervmymu0l" duration="00:00:00.0033727" startTime="2026-01-27T18:55:17.5113864+00:00" endTime="2026-01-27T18:55:17.5148213+00:00" testType="13cdc9d9-ddb5-4fa4-a97d-d965ccfc6d4b" outcome="Passed" testListId="8c84fa94-04c1-424b-9868-57a2d4851a1d" relativeResultsDirectory="a1dc64cf-8f3c-4594-948a-0fcab9345b8e" />
    <UnitTestResult executionId="0150e811-23a8-4ff8-ad54-1d3c9286e889" testId="1aa0f992-74a8-841e-9f19-aa78077b968e" testName="SpdxDocument_Validate_BadRelationship" computerName="runnervmymu0l" duration="00:00:00.0002742" startTime="2026-01-27T18:55:17.6112185+00:00" endTime="2026-01-27T18:55:17.6115402+00:00" testType="13cdc9d9-ddb5-4fa4-a97d-d965ccfc6d4b" outcome="Passed" testListId="8c84fa94-04c1-424b-9868-57a2d4851a1d" relativeResultsDirectory="0150e811-23a8-4ff8-ad54-1d3c9286e889" />
    <UnitTestResult executionId="87e17783-48a8-4d43-8079-f903dadd99cc" testId="167f3ec2-f471-89ef-959f-06334117c4aa" testName="SpdxPackage_DeepCopy_CreatesEqualButDistinctInstance" computerName="runnervmymu0l" duration="00:00:00.0015386" startTime="2026-01-27T18:55:17.6310429+00:00" endTime="2026-01-27T18:55:17.6326481+00:00" testType="13cdc9d9-ddb5-4fa4-a97d-d965ccfc6d4b" outcome="Passed" testListId="8c84fa94-04c1-424b-9868-57a2d4851a1d" relativeResultsDirectory="87e17783-48a8-4d43-8079-f903dadd99cc" />
    <UnitTestResult executionId="0431ec56-5244-4fcc-92db-4f4010f97f0b" testId="1c6e12ea-0341-884e-a42f-1720cf296529" testName="Spdx2JsonDeserializer_DeserializePackages_CorrectResults" computerName="runnervmymu0l" duration="00:00:00.0013338" startTime="2026-01-27T18:55:17.6759994+00:00" endTime="2026-01-27T18:55:17.6773780+00:00" testType="13cdc9d9-ddb5-4fa4-a97d-d965ccfc6d4b" outcome="Passed" testListId="8c84fa94-04c1-424b-9868-57a2d4851a1d" relativeResultsDirectory="0431ec56-5244-4fcc-92db-4f4010f97f0b" />
    <UnitTestResult executionId="55e47dea-8835-41fc-8665-935a5111b350" testId="1f8cd1b7-5d6b-8e26-aa84-014b3b7d68cb" testName="Spdx2JsonSerializer_SerializeExternalDocumentReferences_CorrectResults" computerName="runnervmymu0l" duration="00:00:00.0027346" startTime="2026-01-27T18:55:17.6828198+00:00" endTime="2026-01-27T18:55:17.6856009+00:00" testType="13cdc9d9-ddb5-4fa4-a97d-d965ccfc6d4b" outcome="Passed" testListId="8c84fa94-04c1-424b-9868-57a2d4851a1d" relativeResultsDirectory="55e47dea-8835-41fc-8665-935a5111b350" />
    <UnitTestResult executionId="3c13f5b0-d881-4c7e-9d74-eec41b795873" testId="1c13f220-5dc9-8fcd-b2a8-10e37fb972b0" testName="SpdxRelationship_SameComparer_ComparesCorrectly" computerName="runnervmymu0l" duration="00:00:00.0005313" startTime="2026-01-27T18:55:17.6362148+00:00" endTime="2026-01-27T18:55:17.6368234+00:00" testType="13cdc9d9-ddb5-4fa4-a97d-d965ccfc6d4b" outcome="Passed" testListId="8c84fa94-04c1-424b-9868-57a2d4851a1d" relativeResultsDirectory="3c13f5b0-d881-4c7e-9d74-eec41b795873" />
    <UnitTestResult executionId="be6f3a98-3086-4656-b937-39a20b3d9add" testId="1c979084-4dd0-85e5-a360-d3f90ed6c723" testName="Spdx2JsonDeserializer_DeserializePackageVerificationCode_CorrectResults" computerName="runnervmymu0l" duration="00:00:00.0003624" startTime="2026-01-27T18:55:17.6762064+00:00" endTime="2026-01-27T18:55:17.6766376+00:00" testType="13cdc9d9-ddb5-4fa4-a97d-d965ccfc6d4b" outcome="Passed" testListId="8c84fa94-04c1-424b-9868-57a2d4851a1d" relativeResultsDirectory="be6f3a98-3086-4656-b937-39a20b3d9add" />
    <UnitTestResult executionId="ffde382a-80d0-4959-9252-a9ace9677bb5" testId="18eebb03-ae87-8312-b232-c85b37ad1cb6" testName="Spdx2JsonSerializer_SerializeAnnotations_CorrectResults" computerName="runnervmymu0l" duration="00:00:00.0007804" startTime="2026-01-27T18:55:17.6789512+00:00" endTime="2026-01-27T18:55:17.6798009+00:00" testType="13cdc9d9-ddb5-4fa4-a97d-d965ccfc6d4b" outcome="Passed" testListId="8c84fa94-04c1-424b-9868-57a2d4851a1d" relativeResultsDirectory="ffde382a-80d0-4959-9252-a9ace9677bb5" />
    <UnitTestResult executionId="5b5bcfb2-0c55-4b9b-a9a4-0509bb9a277f" testId="10b21616-fc30-8a4c-ad2d-7d82986a9c52" testName="SpdxReferenceCategoryExtensions_FromText_Valid" computerName="runnervmymu0l" duration="00:00:00.0002020" startTime="2026-01-27T18:55:17.6209243+00:00" endTime="2026-01-27T18:55:17.6212047+00:00" testType="13cdc9d9-ddb5-4fa4-a97d-d965ccfc6d4b" outcome="Passed" testListId="8c84fa94-04c1-424b-9868-57a2d4851a1d" relativeResultsDirectory="5b5bcfb2-0c55-4b9b-a9a4-0509bb9a277f" />
    <UnitTestResult executionId="bf04b9a7-db4c-4934-a6da-00b54e281131" testId="1968b6dd-4d3c-8a6d-a281-3d13d30d8e9c" testName="Spdx2JsonDeserializer_DeserializeRelationships_CorrectResults" computerName="runnervmymu0l" duration="00:00:00.0006285" startTime="2026-01-27T18:55:17.6770732+00:00" endTime="2026-01-27T18:55:17.6777509+00:00" testType="13cdc9d9-ddb5-4fa4-a97d-d965ccfc6d4b" outcome="Passed" testListId="8c84fa94-04c1-424b-9868-57a2d4851a1d" relativeResultsDirectory="bf04b9a7-db4c-4934-a6da-00b54e281131" />
    <UnitTestResult executionId="48ec5365-1b2e-4002-a2bc-f35ab40901b3" testId="1a2c9657-6bc7-8761-a615-3709c798a9ad" testName="SpdxChecksumAlgorithmExtensions_ToText_InvalidAlgorithm" computerName="runnervmymu0l" duration="00:00:00.0041667" startTime="2026-01-27T18:55:17.5611310+00:00" endTime="2026-01-27T18:55:17.5653397+00:00" testType="13cdc9d9-ddb5-4fa4-a97d-d965ccfc6d4b" outcome="Passed" testListId="8c84fa94-04c1-424b-9868-57a2d4851a1d" relativeResultsDirectory="48ec5365-1b2e-4002-a2bc-f35ab40901b3" />
    <UnitTestResult executionId="2321e2e1-1a7e-470b-a81b-146ad3c08f94" testId="1c4cb692-8a0b-8749-b059-5dcbfddb32e0" testName="SpdxFileTypeExtensions_ToText_Valid" computerName="runnervmymu0l" duration="00:00:00.0003918" startTime="2026-01-27T18:55:17.6294970+00:00" endTime="2026-01-27T18:55:17.6299314+00:00" testType="13cdc9d9-ddb5-4fa4-a97d-d965ccfc6d4b" outcome="Passed" testListId="8c84fa94-04c1-424b-9868-57a2d4851a1d" relativeResultsDirectory="2321e2e1-1a7e-470b-a81b-146ad3c08f94" />
    <UnitTestResult executionId="ab7deda4-2981-4990-88d4-88f1876e7e1b" testId="1084df62-de08-830d-be33-1d22265e272a" testName="SpdxCreationInformation_DeepCopy_CreatesEqualButDistinctInstance" computerName="runnervmymu0l" duration="00:00:00.0060761" startTime="2026-01-27T18:55:17.5612469+00:00" endTime="2026-01-27T18:55:17.5674030+00:00" testType="13cdc9d9-ddb5-4fa4-a97d-d965ccfc6d4b" outcome="Passed" testListId="8c84fa94-04c1-424b-9868-57a2d4851a1d" relativeResultsDirectory="ab7deda4-2981-4990-88d4-88f1876e7e1b" />
    <UnitTestResult executionId="e65c7397-33ad-42d2-8ad5-a3c6abae4464" testId="1824c194-cf7d-89a7-955e-65b2867a434c" testName="Spdx2JsonSerializer_SerializeExternalReferences_CorrectResults" computerName="runnervmymu0l" duration="00:00:00.0008035" startTime="2026-01-27T18:55:17.6837764+00:00" endTime="2026-01-27T18:55:17.6846242+00:00" testType="13cdc9d9-ddb5-4fa4-a97d-d965ccfc6d4b" outcome="Passed" testListId="8c84fa94-04c1-424b-9868-57a2d4851a1d" relativeResultsDirectory="e65c7397-33ad-42d2-8ad5-a3c6abae4464" />
    <UnitTestResult executionId="fbeb0008-9399-460e-acb8-a598a1684edc" testId="134c8c22-c8ad-8086-b6a3-ee968aeae32e" testName="SpdxFileTypeExtensions_ToText_Invalid" computerName="runnervmymu0l" duration="00:00:00.0010220" startTime="2026-01-27T18:55:17.6299547+00:00" endTime="2026-01-27T18:55:17.6310175+00:00" testType="13cdc9d9-ddb5-4fa4-a97d-d965ccfc6d4b" outcome="Passed" testListId="8c84fa94-04c1-424b-9868-57a2d4851a1d" relativeResultsDirectory="fbeb0008-9399-460e-acb8-a598a1684edc" />
    <UnitTestResult executionId="587afde4-059d-4c45-a88f-1872dd0e963b" testId="1e3a72d7-b077-8f04-a3f6-c8554ffb57e8" testName="SpdxRelationships_AddSingle_Duplicate" computerName="runnervmymu0l" duration="00:00:00.0005075" startTime="2026-01-27T18:55:17.6476034+00:00" endTime="2026-01-27T18:55:17.6481522+00:00" testType="13cdc9d9-ddb5-4fa4-a97d-d965ccfc6d4b" outcome="Passed" testListId="8c84fa94-04c1-424b-9868-57a2d4851a1d" relativeResultsDirectory="587afde4-059d-4c45-a88f-1872dd0e963b" />
    <UnitTestResult executionId="95d17d45-a869-4224-81a0-e515d43ae043" testId="12f516fb-5d1f-8a7d-acee-fc842ac80797" testName="Spdx2JsonSerializer_Serialize_CorrectResults" computerName="runnervmymu0l" duration="00:00:00.0032111" startTime="2026-01-27T18:55:17.6805239+00:00" endTime="2026-01-27T18:55:17.6837809+00:00" testType="13cdc9d9-ddb5-4fa4-a97d-d965ccfc6d4b" outcome="Passed" testListId="8c84fa94-04c1-424b-9868-57a2d4851a1d" relativeResultsDirectory="95d17d45-a869-4224-81a0-e515d43ae043" />
    <UnitTestResult executionId="70cba9bf-6489-4081-9de3-fa948e40b93b" testId="11eb57ee-f89b-8268-b3f9-13469d8ec03c" testName="SpdxAnnotationTypeExtensions_ToText_Valid" computerName="runnervmymu0l" duration="00:00:00.0003218" startTime="2026-01-27T18:55:17.5513733+00:00" endTime="2026-01-27T18:55:17.5517606+00:00" testType="13cdc9d9-ddb5-4fa4-a97d-d965ccfc6d4b" outcome="Passed" testListId="8c84fa94-04c1-424b-9868-57a2d4851a1d" relativeResultsDirectory="70cba9bf-6489-4081-9de3-fa948e40b93b" />
    <UnitTestResult executionId="26486d4d-05a4-4d44-94a3-a7e294a13e3e" testId="1c8a9305-f557-8c98-bcc7-f6700023cb01" testName="SpdxFileTypeExtensions_FromText_Invalid" computerName="runnervmymu0l" duration="00:00:00.0002188" startTime="2026-01-27T18:55:17.6292143+00:00" endTime="2026-01-27T18:55:17.6294767+00:00" testType="13cdc9d9-ddb5-4fa4-a97d-d965ccfc6d4b" outcome="Passed" testListId="8c84fa94-04c1-424b-9868-57a2d4851a1d" relativeResultsDirectory="26486d4d-05a4-4d44-94a3-a7e294a13e3e" />
    <UnitTestResult executionId="5469360d-7ded-4977-97d1-6c248584d0ed" testId="1462821d-ea3b-8da9-bd97-ee8321085e04" testName="SpdxRelationshipTypeExtensions_ToText_Invalid" computerName="runnervmymu0l" duration="00:00:00.0012254" startTime="2026-01-27T18:55:17.6398089+00:00" endTime="2026-01-27T18:55:17.6410734+00:00" testType="13cdc9d9-ddb5-4fa4-a97d-d965ccfc6d4b" outcome="Passed" testListId="8c84fa94-04c1-424b-9868-57a2d4851a1d" relativeResultsDirectory="5469360d-7ded-4977-97d1-6c248584d0ed" />
    <UnitTestResult executionId="d942a0a2-9939-48ca-b982-d7af9636b5f3" testId="19180040-98ff-864e-8ca8-083132c6ba0d" testName="Spdx2JsonSerializer_SerializeAnnotation_CorrectResults" computerName="runnervmymu0l" duration="00:00:00.0023040" startTime="2026-01-27T18:55:17.6789221+00:00" endTime="2026-01-27T18:55:17.6813079+00:00" testType="13cdc9d9-ddb5-4fa4-a97d-d965ccfc6d4b" outcome="Passed" testListId="8c84fa94-04c1-424b-9868-57a2d4851a1d" relativeResultsDirectory="d942a0a2-9939-48ca-b982-d7af9636b5f3" />
    <UnitTestResult executionId="fb91d6e5-09ea-48d5-b2d0-9fddce5a7a90" testId="1d818753-7402-8d8e-8256-745080d4cb3b" testName="SpdxSnippet_Validate_ReportsInvalidSnippetId" computerName="runnervmymu0l" duration="00:00:00.0035378" startTime="2026-01-27T18:55:17.6438788+00:00" endTime="2026-01-27T18:55:17.6474546+00:00" testType="13cdc9d9-ddb5-4fa4-a97d-d965ccfc6d4b" outcome="Passed" testListId="8c84fa94-04c1-424b-9868-57a2d4851a1d" relativeResultsDirectory="fb91d6e5-09ea-48d5-b2d0-9fddce5a7a90" />
    <UnitTestResult executionId="7a929722-67ac-41a8-8e6b-1e0f07955e15" testId="166a80aa-0d79-8793-be12-5f2a1c364dbd" testName="Spdx2JsonDeserializer_DeserializeDocument_CorrectResults" computerName="runnervmymu0l" duration="00:00:00.0152869" startTime="2026-01-27T18:55:17.6589916+00:00" endTime="2026-01-27T18:55:17.6743529+00:00" testType="13cdc9d9-ddb5-4fa4-a97d-d965ccfc6d4b" outcome="Passed" testListId="8c84fa94-04c1-424b-9868-57a2d4851a1d" relativeResultsDirectory="7a929722-67ac-41a8-8e6b-1e0f07955e15" />
    <UnitTestResult executionId="41490307-ea89-4fd3-85c4-e99372a42378" testId="15d9f207-fb6b-8e8c-9a51-879a912616c9" testName="SpdxSnippet_Validate_Success" computerName="runnervmymu0l" duration="00:00:00.0029569" startTime="2026-01-27T18:55:17.6442318+00:00" endTime="2026-01-27T18:55:17.6472292+00:00" testType="13cdc9d9-ddb5-4fa4-a97d-d965ccfc6d4b" outcome="Passed" testListId="8c84fa94-04c1-424b-9868-57a2d4851a1d" relativeResultsDirectory="41490307-ea89-4fd3-85c4-e99372a42378" />
    <UnitTestResult executionId="c2b8f892-1454-4bd2-9098-ca1173606edf" testId="11938712-a070-8718-b31d-d0a1cfec33fb" testName="SpdxRelationshipTypeExtensions_FromText_Valid" computerName="runnervmymu0l" duration="00:00:00.0025681" startTime="2026-01-27T18:55:17.6394841+00:00" endTime="2026-01-27T18:55:17.6420957+00:00" testType="13cdc9d9-ddb5-4fa4-a97d-d965ccfc6d4b" outcome="Passed" testListId="8c84fa94-04c1-424b-9868-57a2d4851a1d" relativeResultsDirectory="c2b8f892-1454-4bd2-9098-ca1173606edf" />
    <UnitTestResult executionId="536cff3a-65d2-48c9-8af9-6b9c3570e1df" testId="1a8b76bf-709b-8ea8-9fa4-d6facbb5e028" testName="Spdx2JsonDeserializer_DeserializeAnnotations_CorrectResults" computerName="runnervmymu0l" duration="00:00:00.0008023" startTime="2026-01-27T18:55:17.6537879+00:00" endTime="2026-01-27T18:55:17.6546299+00:00" testType="13cdc9d9-ddb5-4fa4-a97d-d965ccfc6d4b" outcome="Passed" testListId="8c84fa94-04c1-424b-9868-57a2d4851a1d" relativeResultsDirectory="536cff3a-65d2-48c9-8af9-6b9c3570e1df" />
    <UnitTestResult executionId="99db3828-3891-4459-87f2-dfe6ca16597f" testId="130d876f-b201-857e-9743-819023253e74" testName="SpdxAnnotation_Enhance_AddsOrUpdatesInformationCorrectly" computerName="runnervmymu0l" duration="00:00:00.0138183" startTime="2026-01-27T18:55:17.4591409+00:00" endTime="2026-01-27T18:55:17.4998171+00:00" testType="13cdc9d9-ddb5-4fa4-a97d-d965ccfc6d4b" outcome="Passed" testListId="8c84fa94-04c1-424b-9868-57a2d4851a1d" relativeResultsDirectory="99db3828-3891-4459-87f2-dfe6ca16597f" />
    <UnitTestResult executionId="f53b2d06-a8dd-4f52-a57b-c69b21cfc39c" testId="199d3421-a4d0-84ce-9ef0-e785118d15e3" testName="Spdx2JsonSerializer_SerializeChecksum_CorrectResults" computerName="runnervmymu0l" duration="00:00:00.0006346" startTime="2026-01-27T18:55:17.6789546+00:00" endTime="2026-01-27T18:55:17.6796578+00:00" testType="13cdc9d9-ddb5-4fa4-a97d-d965ccfc6d4b" outcome="Passed" testListId="8c84fa94-04c1-424b-9868-57a2d4851a1d" relativeResultsDirectory="f53b2d06-a8dd-4f52-a57b-c69b21cfc39c" />
    <UnitTestResult executionId="46c980db-2e13-434d-b18c-15b752869f8a" testId="1044c061-5a31-89ed-9d9c-75dba938948a" testName="SpdxRelationship_DeepCopy_CreatesEqualButDistinctInstance" computerName="runnervmymu0l" duration="00:00:00.0009411" startTime="2026-01-27T18:55:17.6368487+00:00" endTime="2026-01-27T18:55:17.6378503+00:00" testType="13cdc9d9-ddb5-4fa4-a97d-d965ccfc6d4b" outcome="Passed" testListId="8c84fa94-04c1-424b-9868-57a2d4851a1d" relativeResultsDirectory="46c980db-2e13-434d-b18c-15b752869f8a" />
    <UnitTestResult executionId="52575ae6-2a67-4f00-83e0-b9e8de270f51" testId="11f92a80-54b8-82aa-80f2-783cf3e5a53e" testName="SpdxChecksumAlgorithmExtensions_FromText_InvalidAlgorithm" computerName="runnervmymu0l" duration="00:00:00.0007741" startTime="2026-01-27T18:55:17.5603998+00:00" endTime="2026-01-27T18:55:17.5612210+00:00" testType="13cdc9d9-ddb5-4fa4-a97d-d965ccfc6d4b" outcome="Passed" testListId="8c84fa94-04c1-424b-9868-57a2d4851a1d" relativeResultsDirectory="52575ae6-2a67-4f00-83e0-b9e8de270f51" />
    <UnitTestResult executionId="120dba2d-d3ec-482a-8235-8fb4d1740a65" testId="1af4906f-0ca8-865d-a78f-7dac7e88edff" testName="SpdxAnnotation_Validate_BadComment" computerName="runnervmymu0l" duration="00:00:00.0008016" startTime="2026-01-27T18:55:17.5109394+00:00" endTime="2026-01-27T18:55:17.5117963+00:00" testType="13cdc9d9-ddb5-4fa4-a97d-d965ccfc6d4b" outcome="Passed" testListId="8c84fa94-04c1-424b-9868-57a2d4851a1d" relativeResultsDirectory="120dba2d-d3ec-482a-8235-8fb4d1740a65" />
    <UnitTestResult executionId="85967ca1-b33a-4585-95c4-0356da4454da" testId="183281df-c9f2-8041-9ac4-ff684bb99c55" testName="SpdxRelationship_Enhance_AddsOrUpdatesInformationCorrectly" computerName="runnervmymu0l" duration="00:00:00.0012908" startTime="2026-01-27T18:55:17.6373824+00:00" endTime="2026-01-27T18:55:17.6387156+00:00" testType="13cdc9d9-ddb5-4fa4-a97d-d965ccfc6d4b" outcome="Passed" testListId="8c84fa94-04c1-424b-9868-57a2d4851a1d" relativeResultsDirectory="85967ca1-b33a-4585-95c4-0356da4454da" />
    <UnitTestResult executionId="f77cd850-b251-4fd3-8909-3afbb02f8335" testId="1ebe5ff4-64b7-8c59-904c-85d4dc402fce" testName="SpdxExternalReference_Validate_BadCategory" computerName="runnervmymu0l" duration="00:00:00.0004013" startTime="2026-01-27T18:55:17.6187221+00:00" endTime="2026-01-27T18:55:17.6191949+00:00" testType="13cdc9d9-ddb5-4fa4-a97d-d965ccfc6d4b" outcome="Passed" testListId="8c84fa94-04c1-424b-9868-57a2d4851a1d" relativeResultsDirectory="f77cd850-b251-4fd3-8909-3afbb02f8335" />
    <UnitTestResult executionId="f225779d-a9c7-4463-828c-45d6673fbe2e" testId="1379950e-46c8-8335-a14f-e9d9b9353f67" testName="SpdxFile_Validate_ReportsInvalidFileId" computerName="runnervmymu0l" duration="00:00:00.0003223" startTime="2026-01-27T18:55:17.6271202+00:00" endTime="2026-01-27T18:55:17.6274846+00:00" testType="13cdc9d9-ddb5-4fa4-a97d-d965ccfc6d4b" outcome="Passed" testListId="8c84fa94-04c1-424b-9868-57a2d4851a1d" relativeResultsDirectory="f225779d-a9c7-4463-828c-45d6673fbe2e" />
    <UnitTestResult executionId="76707bfd-2b45-4d8e-bc51-03320e4d6e9f" testId="1d2d2296-6491-8bf9-81fb-dba1267ab84f" testName="Spdx2JsonSerializer_SerializeCreationInformation_CorrectResults" computerName="runnervmymu0l" duration="00:00:00.0005912" startTime="2026-01-27T18:55:17.6798256+00:00" endTime="2026-01-27T18:55:17.6804999+00:00" testType="13cdc9d9-ddb5-4fa4-a97d-d965ccfc6d4b" outcome="Passed" testListId="8c84fa94-04c1-424b-9868-57a2d4851a1d" relativeResultsDirectory="76707bfd-2b45-4d8e-bc51-03320e4d6e9f" />
    <UnitTestResult executionId="56791c7c-a78e-4fa7-a9e7-98da29588bb3" testId="14ce9e75-e911-864d-b51d-eeccda8e77b4" testName="SpdxPackage_Validate_MissingDownload" computerName="runnervmymu0l" duration="00:00:00.0001851" startTime="2026-01-27T18:55:17.6329356+00:00" endTime="2026-01-27T18:55:17.6331935+00:00" testType="13cdc9d9-ddb5-4fa4-a97d-d965ccfc6d4b" outcome="Passed" testListId="8c84fa94-04c1-424b-9868-57a2d4851a1d" relativeResultsDirectory="56791c7c-a78e-4fa7-a9e7-98da29588bb3" />
    <UnitTestResult executionId="b3a26e23-9c61-4c41-859b-eb7a59ad0c2e" testId="1a079fcb-8eff-86b2-a714-6b4633431050" testName="Spdx2JsonDeserializer_DeserializeChecksum_CorrectResults" computerName="runnervmymu0l" duration="00:00:00.0002337" startTime="2026-01-27T18:55:17.6546533+00:00" endTime="2026-01-27T18:55:17.6549622+00:00" testType="13cdc9d9-ddb5-4fa4-a97d-d965ccfc6d4b" outcome="Passed" testListId="8c84fa94-04c1-424b-9868-57a2d4851a1d" relativeResultsDirectory="b3a26e23-9c61-4c41-859b-eb7a59ad0c2e" />
    <UnitTestResult executionId="8d3d2faa-ea53-427d-99cb-4a83a442b3dc" testId="11be6d26-bc93-8f30-a578-ad49d077553a" testName="SpdxFile_DeepCopy_CreatesEqualButDistinctInstance" computerName="runnervmymu0l" duration="00:00:00.0007450" startTime="2026-01-27T18:55:17.6241899+00:00" endTime="2026-01-27T18:55:17.6305202+00:00" testType="13cdc9d9-ddb5-4fa4-a97d-d965ccfc6d4b" outcome="Passed" testListId="8c84fa94-04c1-424b-9868-57a2d4851a1d" relativeResultsDirectory="8d3d2faa-ea53-427d-99cb-4a83a442b3dc" />
    <UnitTestResult executionId="6db52f4b-9932-4d3b-b0dc-1d3290c3b375" testId="1689123e-4c8f-8750-b4b4-4cb665695820" testName="SpdxPackageVerificationCode_Enhance_AddsOrUpdatesInformationCorrectly" computerName="runnervmymu0l" duration="00:00:00.0003612" startTime="2026-01-27T18:55:17.6357476+00:00" endTime="2026-01-27T18:55:17.6361889+00:00" testType="13cdc9d9-ddb5-4fa4-a97d-d965ccfc6d4b" outcome="Passed" testListId="8c84fa94-04c1-424b-9868-57a2d4851a1d" relativeResultsDirectory="6db52f4b-9932-4d3b-b0dc-1d3290c3b375" />
    <UnitTestResult executionId="06bb89e6-980c-423c-928c-0f2b2d3d450d" testId="1776d3bd-94bb-8384-b2da-6decfe60d922" testName="SpdxReferenceCategoryExtensions_ToText_Valid" computerName="runnervmymu0l" duration="00:00:00.0003342" startTime="2026-01-27T18:55:17.6212313+00:00" endTime="2026-01-27T18:55:17.6216134+00:00" testType="13cdc9d9-ddb5-4fa4-a97d-d965ccfc6d4b" outcome="Passed" testListId="8c84fa94-04c1-424b-9868-57a2d4851a1d" relativeResultsDirectory="06bb89e6-980c-423c-928c-0f2b2d3d450d" />
    <UnitTestResult executionId="aeba5f8f-5251-4700-9101-23da387645d1" testId="132e80b6-485e-8883-8934-9f32a7b40743" testName="Spdx2JsonSerializer_SerializeExternalDocumentReference_CorrectResults" computerName="runnervmymu0l" duration="00:00:00.0003574" startTime="2026-01-27T18:55:17.6823601+00:00" endTime="2026-01-27T18:55:17.6827977+00:00" testType="13cdc9d9-ddb5-4fa4-a97d-d965ccfc6d4b" outcome="Passed" testListId="8c84fa94-04c1-424b-9868-57a2d4851a1d" relativeResultsDirectory="aeba5f8f-5251-4700-9101-23da387645d1" />
    <UnitTestResult executionId="7e328fe9-d814-42e3-8507-a08958bb5aaf" testId="19745b8c-8d97-88e2-981f-09ce3dec13d4" testName="SpdxChecksum_SameComparer_ComparesCorrectly" computerName="runnervmymu0l" duration="00:00:00.0014795" startTime="2026-01-27T18:55:17.5532138+00:00" endTime="2026-01-27T18:55:17.5547950+00:00" testType="13cdc9d9-ddb5-4fa4-a97d-d965ccfc6d4b" outcome="Passed" testListId="8c84fa94-04c1-424b-9868-57a2d4851a1d" relativeResultsDirectory="7e328fe9-d814-42e3-8507-a08958bb5aaf" />
    <UnitTestResult executionId="d7475d3b-008a-4a4e-958b-a48966eada11" testId="10d6825b-2135-82f9-9a23-db042e398625" testName="Spdx2JsonSerializer_SerializeSnippets_CorrectResults" computerName="runnervmymu0l" duration="00:00:00.0012329" startTime="2026-01-27T18:55:17.6906815+00:00" endTime="2026-01-27T18:55:17.6927548+00:00" testType="13cdc9d9-ddb5-4fa4-a97d-d965ccfc6d4b" outcome="Passed" testListId="8c84fa94-04c1-424b-9868-57a2d4851a1d" relativeResultsDirectory="d7475d3b-008a-4a4e-958b-a48966eada11" />
    <UnitTestResult executionId="b024c7e0-8e4b-470e-9b3d-dc832137f84b" testId="158b3777-917f-8124-93fe-439c1a663041" testName="SpdxRelationships_AddMultiple_Success" computerName="runnervmymu0l" duration="00:00:00.0020731" startTime="2026-01-27T18:55:17.6481930+00:00" endTime="2026-01-27T18:55:17.6503322+00:00" testType="13cdc9d9-ddb5-4fa4-a97d-d965ccfc6d4b" outcome="Passed" testListId="8c84fa94-04c1-424b-9868-57a2d4851a1d" relativeResultsDirectory="b024c7e0-8e4b-470e-9b3d-dc832137f84b" />
    <UnitTestResult executionId="d934bba8-a865-465f-a15e-56e0a68a9465" testId="1198ddae-c928-8697-9cf9-15de0aa98451" testName="SpdxAnnotationTypeExtensions_ToText_Invalid" computerName="runnervmymu0l" duration="00:00:00.0045654" startTime="2026-01-27T18:55:17.5517930+00:00" endTime="2026-01-27T18:55:17.5571055+00:00" testType="13cdc9d9-ddb5-4fa4-a97d-d965ccfc6d4b" outcome="Passed" testListId="8c84fa94-04c1-424b-9868-57a2d4851a1d" relativeResultsDirectory="d934bba8-a865-465f-a15e-56e0a68a9465" />
    <UnitTestResult executionId="3327851a-5970-4477-a039-230f087ecf25" testId="1d8b23b6-cf8d-885f-acce-39004b5a4305" testName="SpdxFile_Enhance_AddsOrUpdatesInformationCorrectly" computerName="runnervmymu0l" duration="00:00:00.0019272" startTime="2026-01-27T18:55:17.6251214+00:00" endTime="2026-01-27T18:55:17.6270895+00:00" testType="13cdc9d9-ddb5-4fa4-a97d-d965ccfc6d4b" outcome="Passed" testListId="8c84fa94-04c1-424b-9868-57a2d4851a1d" relativeResultsDirectory="3327851a-5970-4477-a039-230f087ecf25" />
    <UnitTestResult executionId="4a4465bb-dbc9-493f-a4bc-3860bc4d9ff9" testId="1aff29c2-b17a-84ab-94a4-5c4a165c06cf" testName="SpdxRelationship_Validate_MissingId" computerName="runnervmymu0l" duration="00:00:00.0003964" startTime="2026-01-27T18:55:17.6390151+00:00" endTime="2026-01-27T18:55:17.6394584+00:00" testType="13cdc9d9-ddb5-4fa4-a97d-d965ccfc6d4b" outcome="Passed" testListId="8c84fa94-04c1-424b-9868-57a2d4851a1d" relativeResultsDirectory="4a4465bb-dbc9-493f-a4bc-3860bc4d9ff9" />
    <UnitTestResult executionId="3c0bd297-59ac-4665-a1bd-a8293427c048" testId="1f24778d-9f77-82a3-8f08-a86c630259fa" testName="SpdxPackage_Validate_BadOriginator" computerName="runnervmymu0l" duration="00:00:00.0001228" startTime="2026-01-27T18:55:17.6332659+00:00" endTime="2026-01-27T18:55:17.6334296+00:00" testType="13cdc9d9-ddb5-4fa4-a97d-d965ccfc6d4b" outcome="Passed" testListId="8c84fa94-04c1-424b-9868-57a2d4851a1d" relativeResultsDirectory="3c0bd297-59ac-4665-a1bd-a8293427c048" />
    <UnitTestResult executionId="3798f577-c39e-4c6a-94cd-2f188b04bd10" testId="1d4b1996-8cfb-8327-a246-c54252e4e8cf" testName="SpdxRelationships_AddMultiple_Duplicate" computerName="runnervmymu0l" duration="00:00:00.0007868" startTime="2026-01-27T18:55:17.6489983+00:00" endTime="2026-01-27T18:55:17.6498315+00:00" testType="13cdc9d9-ddb5-4fa4-a97d-d965ccfc6d4b" outcome="Passed" testListId="8c84fa94-04c1-424b-9868-57a2d4851a1d" relativeResultsDirectory="3798f577-c39e-4c6a-94cd-2f188b04bd10" />
    <UnitTestResult executionId="65a2649e-9ca0-4c02-8a71-e93ad8396c59" testId="14e5cbd7-1d1f-8e99-bc0a-ae139f367708" testName="SpdxChecksum_Validate_BadAlgorithm" computerName="runnervmymu0l" duration="00:00:00.0004865" startTime="2026-01-27T18:55:17.5571562+00:00" endTime="2026-01-27T18:55:17.5577094+00:00" testType="13cdc9d9-ddb5-4fa4-a97d-d965ccfc6d4b" outcome="Passed" testListId="8c84fa94-04c1-424b-9868-57a2d4851a1d" relativeResultsDirectory="65a2649e-9ca0-4c02-8a71-e93ad8396c59" />
    <UnitTestResult executionId="ffcb0fe6-c47b-4b25-8061-2c865897093a" testId="11a711e8-9abf-810b-8b8b-9688b4a33a96" testName="SpdxExtractedLicensingInfo_DeepCopy_CreatesEqualButDistinctInstance" computerName="runnervmymu0l" duration="00:00:00.0003660" startTime="2026-01-27T18:55:17.6216359+00:00" endTime="2026-01-27T18:55:17.6220578+00:00" testType="13cdc9d9-ddb5-4fa4-a97d-d965ccfc6d4b" outcome="Passed" testListId="8c84fa94-04c1-424b-9868-57a2d4851a1d" relativeResultsDirectory="ffcb0fe6-c47b-4b25-8061-2c865897093a" />
    <UnitTestResult executionId="8089572f-456e-43a8-b3d9-c8b72a27d211" testId="18720c26-19cf-84ec-ab7a-cb987d343755" testName="SpdxPackageVerificationCode_DeepCopy_CreatesEqualButDistinctInstance" computerName="runnervmymu0l" duration="00:00:00.0008191" startTime="2026-01-27T18:55:17.6351079+00:00" endTime="2026-01-27T18:55:17.6359736+00:00" testType="13cdc9d9-ddb5-4fa4-a97d-d965ccfc6d4b" outcome="Passed" testListId="8c84fa94-04c1-424b-9868-57a2d4851a1d" relativeResultsDirectory="8089572f-456e-43a8-b3d9-c8b72a27d211" />
    <UnitTestResult executionId="e2c315d8-b85b-4b3f-adc8-bee319c417ba" testId="132ca9bd-f6db-8f4a-96d4-3473efcd1ba1" testName="Spdx2JsonDeserializer_DeserializeSnippet_CorrectResults" computerName="runnervmymu0l" duration="00:00:00.0011857" startTime="2026-01-27T18:55:17.6773864+00:00" endTime="2026-01-27T18:55:17.6786409+00:00" testType="13cdc9d9-ddb5-4fa4-a97d-d965ccfc6d4b" outcome="Passed" testListId="8c84fa94-04c1-424b-9868-57a2d4851a1d" relativeResultsDirectory="e2c315d8-b85b-4b3f-adc8-bee319c417ba" />
    <UnitTestResult executionId="eaa87b97-4153-4dd3-9c74-56f4822c20c9" testId="197c61b3-530b-815f-90fe-b1c6c007a400" testName="SpdxChecksumAlgorithmExtensions_FromText_Valid" computerName="runnervmymu0l" duration="00:00:00.0018998" startTime="2026-01-27T18:55:17.5603605+00:00" endTime="2026-01-27T18:55:17.5623076+00:00" testType="13cdc9d9-ddb5-4fa4-a97d-d965ccfc6d4b" outcome="Passed" testListId="8c84fa94-04c1-424b-9868-57a2d4851a1d" relativeResultsDirectory="eaa87b97-4153-4dd3-9c74-56f4822c20c9" />
    <UnitTestResult executionId="f93be5b9-e809-49e7-a3b9-8ecc1dccdea6" testId="152d338c-8ebb-8ffb-80b5-aff363cc98b7" testName="SpdxDocument_Validate_BadId" computerName="runnervmymu0l" duration="00:00:00.0194935" startTime="2026-01-27T18:55:17.5903389+00:00" endTime="2026-01-27T18:55:17.6098740+00:00" testType="13cdc9d9-ddb5-4fa4-a97d-d965ccfc6d4b" outcome="Passed" testListId="8c84fa94-04c1-424b-9868-57a2d4851a1d" relativeResultsDirectory="f93be5b9-e809-49e7-a3b9-8ecc1dccdea6" />
    <UnitTestResult executionId="866e7e89-ef35-43a6-b9b4-25424936803e" testId="16e19c81-3b7e-8184-94f9-59f35f711588" testName="SpdxCreationInformation_Validate_BadCreator" computerName="runnervmymu0l" duration="00:00:00.0009801" startTime="2026-01-27T18:55:17.5669312+00:00" endTime="2026-01-27T18:55:17.5679611+00:00" testType="13cdc9d9-ddb5-4fa4-a97d-d965ccfc6d4b" outcome="Passed" testListId="8c84fa94-04c1-424b-9868-57a2d4851a1d" relativeResultsDirectory="866e7e89-ef35-43a6-b9b4-25424936803e" />
    <UnitTestResult executionId="fc7138e3-7f27-4b05-9d78-82b7c08ab399" testId="1c168fe9-08d0-8ef7-8845-bd0b07ce4b82" testName="SpdxDocument_Validate_DuplicatePackageIds" computerName="runnervmymu0l" duration="00:00:00.0003143" startTime="2026-01-27T18:55:17.6109954+00:00" endTime="2026-01-27T18:55:17.6113618+00:00" testType="13cdc9d9-ddb5-4fa4-a97d-d965ccfc6d4b" outcome="Passed" testListId="8c84fa94-04c1-424b-9868-57a2d4851a1d" relativeResultsDirectory="fc7138e3-7f27-4b05-9d78-82b7c08ab399" />
    <UnitTestResult executionId="f7fb619b-420c-41d7-8f1a-4f5185ad55ca" testId="165e3a0c-7e19-855b-b7fb-196b6d49b20c" testName="SpdxExtractedLicensingInfo_SameComparer_ComparesCorrectly" computerName="runnervmymu0l" duration="00:00:00.0004626" startTime="2026-01-27T18:55:17.6216003+00:00" endTime="2026-01-27T18:55:17.6221445+00:00" testType="13cdc9d9-ddb5-4fa4-a97d-d965ccfc6d4b" outcome="Passed" testListId="8c84fa94-04c1-424b-9868-57a2d4851a1d" relativeResultsDirectory="f7fb619b-420c-41d7-8f1a-4f5185ad55ca" />
    <UnitTestResult executionId="da5309e8-8c09-4c92-9b0d-5335cdc077ac" testId="1e3b4449-ad6c-8b63-84ef-f9f91b381d64" testName="SpdxCreationInformation_Validate_MissingCreators" computerName="runnervmymu0l" duration="00:00:00.0009673" startTime="2026-01-27T18:55:17.5632794+00:00" endTime="2026-01-27T18:55:17.5642889+00:00" testType="13cdc9d9-ddb5-4fa4-a97d-d965ccfc6d4b" outcome="Passed" testListId="8c84fa94-04c1-424b-9868-57a2d4851a1d" relativeResultsDirectory="da5309e8-8c09-4c92-9b0d-5335cdc077ac" />
    <UnitTestResult executionId="c7eeaeb2-6667-4025-866a-d08910f88ade" testId="11fe3cf3-294b-8558-9fe0-695924a63994" testName="Spdx2JsonDeserializer_DeserializeExternalReference_CorrectResults" computerName="runnervmymu0l" duration="00:00:00.0003502" startTime="2026-01-27T18:55:17.6622543+00:00" endTime="2026-01-27T18:55:17.6626782+00:00" testType="13cdc9d9-ddb5-4fa4-a97d-d965ccfc6d4b" outcome="Passed" testListId="8c84fa94-04c1-424b-9868-57a2d4851a1d" relativeResultsDirectory="c7eeaeb2-6667-4025-866a-d08910f88ade" />
    <UnitTestResult executionId="d6b3ba48-440a-42d7-8b5a-409a2b9947cc" testId="1d04dc18-53f2-84d0-ba64-26269d410ba6" testName="SpdxChecksumAlgorithmExtensions_ToText_Valid" computerName="runnervmymu0l" duration="00:00:00.0006408" startTime="2026-01-27T18:55:17.5604089+00:00" endTime="2026-01-27T18:55:17.5610947+00:00" testType="13cdc9d9-ddb5-4fa4-a97d-d965ccfc6d4b" outcome="Passed" testListId="8c84fa94-04c1-424b-9868-57a2d4851a1d" relativeResultsDirectory="d6b3ba48-440a-42d7-8b5a-409a2b9947cc" />
    <UnitTestResult executionId="1241c59c-89ab-4c1f-99f9-2aac65f3fb08" testId="1b902f72-c7f7-83f4-b77d-f61f1b0b2e1a" testName="SpdxExternalReference_DeepCopy_CreatesEqualButDistinctInstance" computerName="runnervmymu0l" duration="00:00:00.0025134" startTime="2026-01-27T18:55:17.6178137+00:00" endTime="2026-01-27T18:55:17.6203701+00:00" testType="13cdc9d9-ddb5-4fa4-a97d-d965ccfc6d4b" outcome="Passed" testListId="8c84fa94-04c1-424b-9868-57a2d4851a1d" relativeResultsDirectory="1241c59c-89ab-4c1f-99f9-2aac65f3fb08" />
    <UnitTestResult executionId="9cd8ca9a-24a4-4b52-a5e9-7edd78cc9947" testId="18080d71-1168-86da-9881-aba8a5c9c1d7" testName="SpdxRelationships_AddSingle_BadId" computerName="runnervmymu0l" duration="00:00:00.0010698" startTime="2026-01-27T18:55:17.6444413+00:00" endTime="2026-01-27T18:55:17.6455930+00:00" testType="13cdc9d9-ddb5-4fa4-a97d-d965ccfc6d4b" outcome="Passed" testListId="8c84fa94-04c1-424b-9868-57a2d4851a1d" relativeResultsDirectory="9cd8ca9a-24a4-4b52-a5e9-7edd78cc9947" />
    <UnitTestResult executionId="8373cf9d-ec74-40a8-8842-daa23383a595" testId="1d0142e9-2eb9-8de1-af4e-86429e6dc7c9" testName="Spdx2JsonSerializer_SerializeFile_CorrectResults" computerName="runnervmymu0l" duration="00:00:00.0028359" startTime="2026-01-27T18:55:17.6846519+00:00" endTime="2026-01-27T18:55:17.6875703+00:00" testType="13cdc9d9-ddb5-4fa4-a97d-d965ccfc6d4b" outcome="Passed" testListId="8c84fa94-04c1-424b-9868-57a2d4851a1d" relativeResultsDirectory="8373cf9d-ec74-40a8-8842-daa23383a595" />
    <UnitTestResult executionId="67ce5b32-d2ad-40e3-bc3a-a329e933cac4" testId="12569999-5b31-8698-b880-8d9dff69fe76" testName="Spdx2JsonSerializer_SerializeFiles_CorrectResults" computerName="runnervmymu0l" duration="00:00:00.0015746" startTime="2026-01-27T18:55:17.6860350+00:00" endTime="2026-01-27T18:55:17.6876562+00:00" testType="13cdc9d9-ddb5-4fa4-a97d-d965ccfc6d4b" outcome="Passed" testListId="8c84fa94-04c1-424b-9868-57a2d4851a1d" relativeResultsDirectory="67ce5b32-d2ad-40e3-bc3a-a329e933cac4" />
    <UnitTestResult executionId="1fc047da-af76-4bbb-9c54-1edcd0d6f52a" testId="12cadb8c-33df-8551-9b4b-f31ee316a365" testName="Spdx2JsonSerializer_SerializeChecksums_CorrectResults" computerName="runnervmymu0l" duration="00:00:00.0005669" startTime="2026-01-27T18:55:17.6796833+00:00" endTime="2026-01-27T18:55:17.6802915+00:00" testType="13cdc9d9-ddb5-4fa4-a97d-d965ccfc6d4b" outcome="Passed" testListId="8c84fa94-04c1-424b-9868-57a2d4851a1d" relativeResultsDirectory="1fc047da-af76-4bbb-9c54-1edcd0d6f52a" />
    <UnitTestResult executionId="3cd93ae3-e088-4867-a9ae-c3a913802386" testId="14010347-b5e6-897e-b63d-64418be183de" testName="SpdxRelationship_SameElementsComparer_ComparesCorrectly" computerName="runnervmymu0l" duration="00:00:00.0008138" startTime="2026-01-27T18:55:17.6364817+00:00" endTime="2026-01-27T18:55:17.6373465+00:00" testType="13cdc9d9-ddb5-4fa4-a97d-d965ccfc6d4b" outcome="Passed" testListId="8c84fa94-04c1-424b-9868-57a2d4851a1d" relativeResultsDirectory="3cd93ae3-e088-4867-a9ae-c3a913802386" />
    <UnitTestResult executionId="8a045f3d-f962-4f12-85dc-68fb4cacf51c" testId="1e4f281b-50a8-843a-8848-42c0930b7c25" testName="SpdxAnnotation_Validate_BadAnnotator" computerName="runnervmymu0l" duration="00:00:00.0025493" startTime="2026-01-27T18:55:17.5087441+00:00" endTime="2026-01-27T18:55:17.5113494+00:00" testType="13cdc9d9-ddb5-4fa4-a97d-d965ccfc6d4b" outcome="Passed" testListId="8c84fa94-04c1-424b-9868-57a2d4851a1d" relativeResultsDirectory="8a045f3d-f962-4f12-85dc-68fb4cacf51c" />
    <UnitTestResult executionId="3af669b9-979e-4541-81ab-bbe2b6c445d0" testId="1b6785f4-34ac-88e3-a1cf-29a269f4adfa" testName="Spdx2JsonDeserializer_Deserialize_ValidSpdx23JsonReturnsExpectedDocument" computerName="runnervmymu0l" duration="00:00:00.0085388" startTime="2026-01-27T18:55:17.6503587+00:00" endTime="2026-01-27T18:55:17.6589654+00:00" testType="13cdc9d9-ddb5-4fa4-a97d-d965ccfc6d4b" outcome="Passed" testListId="8c84fa94-04c1-424b-9868-57a2d4851a1d" relativeResultsDirectory="3af669b9-979e-4541-81ab-bbe2b6c445d0" />
    <UnitTestResult executionId="4443e7d9-37e6-44dc-b2d3-f2e8b3504a8b" testId="1343d463-2ef5-84b7-9c50-c03edf7a4764" testName="SpdxPackage_Enhance_AddsOrUpdatesPackagesCorrectly" computerName="runnervmymu0l" duration="00:00:00.0035415" startTime="2026-01-27T18:55:17.6311504+00:00" endTime="2026-01-27T18:55:17.6347602+00:00" testType="13cdc9d9-ddb5-4fa4-a97d-d965ccfc6d4b" outcome="Passed" testListId="8c84fa94-04c1-424b-9868-57a2d4851a1d" relativeResultsDirectory="4443e7d9-37e6-44dc-b2d3-f2e8b3504a8b" />
    <UnitTestResult executionId="873a7dc9-d024-4d3a-9424-c69219e6a992" testId="17863307-f32e-8e90-8c2f-210877cb5e0b" testName="SpdxAnnotationTypeExtensions_FromText_Valid" computerName="runnervmymu0l" duration="00:00:00.0003940" startTime="2026-01-27T18:55:17.5113788+00:00" endTime="2026-01-27T18:55:17.5118276+00:00" testType="13cdc9d9-ddb5-4fa4-a97d-d965ccfc6d4b" outcome="Passed" testListId="8c84fa94-04c1-424b-9868-57a2d4851a1d" relativeResultsDirectory="873a7dc9-d024-4d3a-9424-c69219e6a992" />
    <UnitTestResult executionId="cd60e73a-a8e1-4c79-81e3-b195c9ab1688" testId="175d244e-1a65-847e-bc73-1f0d71fa5508" testName="SpdxDocument_Validate_NoIssues" computerName="runnervmymu0l" duration="00:00:00.0353350" startTime="2026-01-27T18:55:17.5744878+00:00" endTime="2026-01-27T18:55:17.6098708+00:00" testType="13cdc9d9-ddb5-4fa4-a97d-d965ccfc6d4b" outcome="Passed" testListId="8c84fa94-04c1-424b-9868-57a2d4851a1d" relativeResultsDirectory="cd60e73a-a8e1-4c79-81e3-b195c9ab1688" />
    <UnitTestResult executionId="238a8219-5201-4f41-9113-bfdb0400b9d8" testId="146f9c9a-33d3-826a-ae0b-8ac7bc137e35" testName="SpdxExternalDocumentReference_DeepCopy_CreatesEqualButDistinctInstance" computerName="runnervmymu0l" duration="00:00:00.0004165" startTime="2026-01-27T18:55:17.6150581+00:00" endTime="2026-01-27T18:55:17.6155713+00:00" testType="13cdc9d9-ddb5-4fa4-a97d-d965ccfc6d4b" outcome="Passed" testListId="8c84fa94-04c1-424b-9868-57a2d4851a1d" relativeResultsDirectory="238a8219-5201-4f41-9113-bfdb0400b9d8" />
    <UnitTestResult executionId="5a0b1a3a-4df1-4697-bafe-51bdc1e8063e" testId="1703aa5e-2524-8197-b668-7b3225fa2c0d" testName="Spdx2JsonDeserializer_DeserializeExtractedLicensingInfo_CorrectResults" computerName="runnervmymu0l" duration="00:00:00.0111026" startTime="2026-01-27T18:55:17.6633921+00:00" endTime="2026-01-27T18:55:17.6745729+00:00" testType="13cdc9d9-ddb5-4fa4-a97d-d965ccfc6d4b" outcome="Passed" testListId="8c84fa94-04c1-424b-9868-57a2d4851a1d" relativeResultsDirectory="5a0b1a3a-4df1-4697-bafe-51bdc1e8063e" />
    <UnitTestResult executionId="b74241d6-4aed-4716-81d6-989420dbc713" testId="1cadfd1a-91cc-87b0-91e5-b37f99689944" testName="Spdx2JsonDeserializer_DeserializeFile_CorrectResults" computerName="runnervmymu0l" duration="00:00:00.0009246" startTime="2026-01-27T18:55:17.6744097+00:00" endTime="2026-01-27T18:55:17.6754142+00:00" testType="13cdc9d9-ddb5-4fa4-a97d-d965ccfc6d4b" outcome="Passed" testListId="8c84fa94-04c1-424b-9868-57a2d4851a1d" relativeResultsDirectory="b74241d6-4aed-4716-81d6-989420dbc713" />
    <UnitTestResult executionId="2cd75cfc-8897-4480-9696-570fb09c4c79" testId="1124bff3-a90e-826d-8121-2420315f7c25" testName="SpdxPackageVerificationCode_Validate_BadAnnotator" computerName="runnervmymu0l" duration="00:00:00.0004037" startTime="2026-01-27T18:55:17.6360000+00:00" endTime="2026-01-27T18:55:17.6364558+00:00" testType="13cdc9d9-ddb5-4fa4-a97d-d965ccfc6d4b" outcome="Passed" testListId="8c84fa94-04c1-424b-9868-57a2d4851a1d" relativeResultsDirectory="2cd75cfc-8897-4480-9696-570fb09c4c79" />
    <UnitTestResult executionId="11361845-7858-4096-a198-6bea2c24c11d" testId="129d5f29-a381-80a2-8770-ce6042156e6f" testName="SpdxExternalDocumentReference_Enhance_AddsOrUpdatesInformationCorrectly" computerName="runnervmymu0l" duration="00:00:00.0013884" startTime="2026-01-27T18:55:17.6151958+00:00" endTime="2026-01-27T18:55:17.6166363+00:00" testType="13cdc9d9-ddb5-4fa4-a97d-d965ccfc6d4b" outcome="Passed" testListId="8c84fa94-04c1-424b-9868-57a2d4851a1d" relativeResultsDirectory="11361845-7858-4096-a198-6bea2c24c11d" />
    <UnitTestResult executionId="5bdc060d-ebf5-4a08-b0a8-7e21beb3747a" testId="14fb3699-f393-87d4-b6af-f5091b9cff80" testName="SpdxAnnotation_Validate_BadType" computerName="runnervmymu0l" duration="00:00:00.0028484" startTime="2026-01-27T18:55:17.5084538+00:00" endTime="2026-01-27T18:55:17.5113594+00:00" testType="13cdc9d9-ddb5-4fa4-a97d-d965ccfc6d4b" outcome="Passed" testListId="8c84fa94-04c1-424b-9868-57a2d4851a1d" relativeResultsDirectory="5bdc060d-ebf5-4a08-b0a8-7e21beb3747a" />
    <UnitTestResult executionId="80cb1aaf-474d-4d8e-b297-0d7f57e2c5bf" testId="14b38214-f203-8950-9fa4-f1af686615ef" testName="SpdxAnnotation_DeepCopy_CreatesEqualButDistinctInstance" computerName="runnervmymu0l" duration="00:00:00.0146565" startTime="2026-01-27T18:55:17.4591292+00:00" endTime="2026-01-27T18:55:17.4998008+00:00" testType="13cdc9d9-ddb5-4fa4-a97d-d965ccfc6d4b" outcome="Passed" testListId="8c84fa94-04c1-424b-9868-57a2d4851a1d" relativeResultsDirectory="80cb1aaf-474d-4d8e-b297-0d7f57e2c5bf" />
    <UnitTestResult executionId="cede1779-dfb6-4c17-b950-67efa8a7a081" testId="15919b4f-c207-8e24-82e6-87b3afc475dc" testName="Spdx2JsonDeserializer_DeserializeExtractedLicensingInfos_CorrectResults" computerName="runnervmymu0l" duration="00:00:00.0005895" startTime="2026-01-27T18:55:17.6743872+00:00" endTime="2026-01-27T18:55:17.6750182+00:00" testType="13cdc9d9-ddb5-4fa4-a97d-d965ccfc6d4b" outcome="Passed" testListId="8c84fa94-04c1-424b-9868-57a2d4851a1d" relativeResultsDirectory="cede1779-dfb6-4c17-b950-67efa8a7a081" />
    <UnitTestResult executionId="2154279b-b2b2-42a4-9438-8bbbeaea3005" testId="1eef42e5-5d10-8bdf-832f-158b57cf79ec" testName="SpdxExternalReference_SameComparer_ComparesCorrectly" computerName="runnervmymu0l" duration="00:00:00.0011427" startTime="2026-01-27T18:55:17.6174544+00:00" endTime="2026-01-27T18:55:17.6186883+00:00" testType="13cdc9d9-ddb5-4fa4-a97d-d965ccfc6d4b" outcome="Passed" testListId="8c84fa94-04c1-424b-9868-57a2d4851a1d" relativeResultsDirectory="2154279b-b2b2-42a4-9438-8bbbeaea3005" />
    <UnitTestResult executionId="eb6633cc-a562-43c4-a80b-53a80ba7199b" testId="16d23f2c-69a5-8885-9982-a02534626838" testName="SpdxFileTypeExtensions_FromText_Valid" computerName="runnervmymu0l" duration="00:00:00.0007033" startTime="2026-01-27T18:55:17.6277058+00:00" endTime="2026-01-27T18:55:17.6284424+00:00" testType="13cdc9d9-ddb5-4fa4-a97d-d965ccfc6d4b" outcome="Passed" testListId="8c84fa94-04c1-424b-9868-57a2d4851a1d" relativeResultsDirectory="eb6633cc-a562-43c4-a80b-53a80ba7199b" />
    <UnitTestResult executionId="0208663d-74e6-43fb-9a6c-0b11710243c8" testId="18386e70-22e1-848b-a0aa-e7425cbd321e" testName="SpdxAnnotation_SameComparer_ComparesCorrectly" computerName="runnervmymu0l" duration="00:00:00.0131985" startTime="2026-01-27T18:55:17.4591077+00:00" endTime="2026-01-27T18:55:17.4998075+00:00" testType="13cdc9d9-ddb5-4fa4-a97d-d965ccfc6d4b" outcome="Passed" testListId="8c84fa94-04c1-424b-9868-57a2d4851a1d" relativeResultsDirectory="0208663d-74e6-43fb-9a6c-0b11710243c8" />
    <UnitTestResult executionId="20fc5487-eeb5-4607-b682-76ed16bfff9f" testId="1ab23d14-a536-8ffb-af2c-3cd293921b8d" testName="Spdx2JsonSerializer_SerializePackage_CorrectResults" computerName="runnervmymu0l" duration="00:00:00.0028401" startTime="2026-01-27T18:55:17.6860656+00:00" endTime="2026-01-27T18:55:17.6889870+00:00" testType="13cdc9d9-ddb5-4fa4-a97d-d965ccfc6d4b" outcome="Passed" testListId="8c84fa94-04c1-424b-9868-57a2d4851a1d" relativeResultsDirectory="20fc5487-eeb5-4607-b682-76ed16bfff9f" />
    <UnitTestResult executionId="831c25ab-a822-44d6-88e0-fd378285e36d" testId="1b95d6ad-74ca-816e-b18f-f13d3537c18f" testName="SpdxPackageVerificationCode_SameComparer_ComparesCorrectly" computerName="runnervmymu0l" duration="00:00:00.0032009" startTime="2026-01-27T18:55:17.6350722+00:00" endTime="2026-01-27T18:55:17.6383502+00:00" testType="13cdc9d9-ddb5-4fa4-a97d-d965ccfc6d4b" outcome="Passed" testListId="8c84fa94-04c1-424b-9868-57a2d4851a1d" relativeResultsDirectory="831c25ab-a822-44d6-88e0-fd378285e36d" />
    <UnitTestResult executionId="64a1ce82-7cec-446f-98eb-6e07753eae0d" testId="1e30e3dc-e924-8d67-bbcf-6d7d295f3854" testName="Spdx2JsonDeserializer_DeserializeRelationship_CorrectResults" computerName="runnervmymu0l" duration="00:00:00.0003077" startTime="2026-01-27T18:55:17.6766620+00:00" endTime="2026-01-27T18:55:17.6770483+00:00" testType="13cdc9d9-ddb5-4fa4-a97d-d965ccfc6d4b" outcome="Passed" testListId="8c84fa94-04c1-424b-9868-57a2d4851a1d" relativeResultsDirectory="64a1ce82-7cec-446f-98eb-6e07753eae0d" />
    <UnitTestResult executionId="e992a501-378b-459a-ab16-5543bdff022a" testId="1ff07024-c7b4-82bc-991e-7265fb6d730b" testName="Spdx2JsonSerializer_SerializeDocument_CorrectResults" computerName="runnervmymu0l" duration="00:00:00.0013797" startTime="2026-01-27T18:55:17.6803264+00:00" endTime="2026-01-27T18:55:17.6817721+00:00" testType="13cdc9d9-ddb5-4fa4-a97d-d965ccfc6d4b" outcome="Passed" testListId="8c84fa94-04c1-424b-9868-57a2d4851a1d" relativeResultsDirectory="e992a501-378b-459a-ab16-5543bdff022a" />
  </Results>
  <TestDefinitions>
    <UnitTest name="SpdxAnnotation_Validate_BadDate" storage="/home/runner/work/spdxmodel/spdxmodel/test/demaconsulting.spdxmodel.tests/bin/debug/net10.0/demaconsulting.spdxmodel.tests.dll" id="10c023d1-6bed-822b-943e-93e894952a93">
      <Execution id="23cc2a51-47bf-4f4d-915c-82362871176d" />
      <TestMethod codeBase="/home/runner/work/SpdxModel/SpdxModel/test/DemaConsulting.SpdxModel.Tests/bin/Debug/net10.0/DemaConsulting.SpdxModel.Tests.dll" adapterTypeName="executor://mstestadapter/v4" className="DemaConsulting.SpdxModel.Tests.SpdxAnnotationTests" name="SpdxAnnotation_Validate_BadDate" />
    </UnitTest>
    <UnitTest name="Spdx2JsonSerializer_SerializeFile_CorrectResults" storage="/home/runner/work/spdxmodel/spdxmodel/test/demaconsulting.spdxmodel.tests/bin/debug/net10.0/demaconsulting.spdxmodel.tests.dll" id="1d0142e9-2eb9-8de1-af4e-86429e6dc7c9">
      <Execution id="8373cf9d-ec74-40a8-8842-daa23383a595" />
      <TestMethod codeBase="/home/runner/work/SpdxModel/SpdxModel/test/DemaConsulting.SpdxModel.Tests/bin/Debug/net10.0/DemaConsulting.SpdxModel.Tests.dll" adapterTypeName="executor://mstestadapter/v4" className="DemaConsulting.SpdxModel.Tests.IO.Spdx2JsonSerializeFile" name="Spdx2JsonSerializer_SerializeFile_CorrectResults" />
    </UnitTest>
    <UnitTest name="SpdxRelationships_AddMultiple_Success" storage="/home/runner/work/spdxmodel/spdxmodel/test/demaconsulting.spdxmodel.tests/bin/debug/net10.0/demaconsulting.spdxmodel.tests.dll" id="158b3777-917f-8124-93fe-439c1a663041">
      <Execution id="b024c7e0-8e4b-470e-9b3d-dc832137f84b" />
[...]
    <TestEntry testId="16453c30-7dfb-8ee9-b91a-c3cc6eb3fe83" executionId="389f2b31-69ba-49ee-894c-d734991f653c" testListId="8c84fa94-04c1-424b-9868-57a2d4851a1d" />
    <TestEntry testId="19d99d11-5355-891d-9209-36a6cf9e0ef1" executionId="ec21ee61-94bd-4d1c-a90b-6a225987ecbe" testListId="8c84fa94-04c1-424b-9868-57a2d4851a1d" />
    <TestEntry testId="114bdd66-dfab-834e-a8a8-372ccdcd76b3" executionId="07d1cc3e-6f66-4262-8f76-79a9aedc63cc" testListId="8c84fa94-04c1-424b-9868-57a2d4851a1d" />
    <TestEntry testId="1be102f3-39f6-8104-9f64-5ae269af140e" executionId="39a39bca-5135-4abc-bf3e-68cf3696ef88" testListId="8c84fa94-04c1-424b-9868-57a2d4851a1d" />
    <TestEntry testId="15e34a12-7d13-83db-8ad2-22801449695f" executionId="88663503-4ccd-4f8d-a31e-da719e24053f" testListId="8c84fa94-04c1-424b-9868-57a2d4851a1d" />
    <TestEntry testId="11ad0f09-8619-8967-8733-daf78290820f" executionId="79c1b6c1-9ea1-49dd-982c-fa36f0615160" testListId="8c84fa94-04c1-424b-9868-57a2d4851a1d" />
    <TestEntry testId="131d4428-eeee-82f7-8b4d-f66fc6821052" executionId="b83c08cd-93cc-48e5-a9e2-0774c2de64a1" testListId="8c84fa94-04c1-424b-9868-57a2d4851a1d" />
    <TestEntry testId="173cc7a4-f96d-8319-a9ef-fa83b947a03f" executionId="c6ebb0b7-c192-439d-8d26-673edcccbe5b" testListId="8c84fa94-04c1-424b-9868-57a2d4851a1d" />
    <TestEntry testId="19d4dd52-ce83-89e9-b0d7-9e9b2d60311b" executionId="8c983142-2a12-47e7-9364-706828128ea4" testListId="8c84fa94-04c1-424b-9868-57a2d4851a1d" />
    <TestEntry testId="184356fa-a833-80bc-ba1d-97aff43d7efc" executionId="6d1b8a72-5867-416f-890a-790b9eb5bf84" testListId="8c84fa94-04c1-424b-9868-57a2d4851a1d" />
    <TestEntry testId="1fd3c3da-3e96-8e78-8a28-048e923622c5" executionId="1d1965fa-1425-4e9f-8d22-c8774b832662" testListId="8c84fa94-04c1-424b-9868-57a2d4851a1d" />
    <TestEntry testId="1d5d6d66-8718-885a-b2d1-b5d6f7f000f9" executionId="cfe8db9b-c8c2-40f1-905e-d4ace3af158f" testListId="8c84fa94-04c1-424b-9868-57a2d4851a1d" />
    <TestEntry testId="12b14a86-c6d7-83be-85e0-0902a78c92ef" executionId="6114142c-5bf4-445f-8401-70eb033cbe4f" testListId="8c84fa94-04c1-424b-9868-57a2d4851a1d" />
    <TestEntry testId="12660957-3942-8b4e-bb83-ee3584906dc0" executionId="7474427d-4276-4299-b540-aac9797459fe" testListId="8c84fa94-04c1-424b-9868-57a2d4851a1d" />
    <TestEntry testId="1614b4dc-bfaf-8f38-936d-1e9cd4d5c140" executionId="4b7b912d-e9b9-496f-adc8-7f43724c93e6" testListId="8c84fa94-04c1-424b-9868-57a2d4851a1d" />
    <TestEntry testId="13e5031a-98be-800e-b554-59274f4dc4c4" executionId="2e764059-4276-4177-84dd-a03a73e197be" testListId="8c84fa94-04c1-424b-9868-57a2d4851a1d" />
    <TestEntry testId="1c075734-e1c8-803c-845c-96dbe005ade9" executionId="2860f57b-f48b-4329-acfa-d2d29631bfcc" testListId="8c84fa94-04c1-424b-9868-57a2d4851a1d" />
    <TestEntry testId="166385d2-933d-8dbd-bc86-756a09420b4c" executionId="979937c8-6d10-46ed-bb9d-ab3395e42dcf" testListId="8c84fa94-04c1-424b-9868-57a2d4851a1d" />
    <TestEntry testId="124b87a1-28b3-8615-bf7c-0594b97dfce3" executionId="9587ac4a-33ad-4682-80bd-6ce80fac4db7" testListId="8c84fa94-04c1-424b-9868-57a2d4851a1d" />
    <TestEntry testId="1ac27a71-a3b1-8428-bcae-ec23351bc444" executionId="3d5e371d-7602-47d4-8315-1965594fc2e3" testListId="8c84fa94-04c1-424b-9868-57a2d4851a1d" />
    <TestEntry testId="1b032ccb-1707-8c31-9d12-5a50295502c4" executionId="7f5c9071-72c3-49ad-9e96-c507a23b5b9d" testListId="8c84fa94-04c1-424b-9868-57a2d4851a1d" />
    <TestEntry testId="1f766075-d591-83be-b941-e27367fa2241" executionId="5346189d-985b-417e-9416-90e7bce39150" testListId="8c84fa94-04c1-424b-9868-57a2d4851a1d" />
    <TestEntry testId="197cdd9e-2788-8884-b24b-7fa61dc45300" executionId="3802c6b8-fc31-47c5-a030-a632e9f658ba" testListId="8c84fa94-04c1-424b-9868-57a2d4851a1d" />
    <TestEntry testId="16f9f850-579d-8831-a1c5-a5142f7feaa6" executionId="775e267d-9b3f-4384-ac53-fd691ac3b3a7" testListId="8c84fa94-04c1-424b-9868-57a2d4851a1d" />
    <TestEntry testId="11387f1c-8ff5-8b12-bfef-86ccabcb7ca8" executionId="45a75f3a-4967-4d05-94c9-6dc4deaa8691" testListId="8c84fa94-04c1-424b-9868-57a2d4851a1d" />
    <TestEntry testId="10dbdd06-c349-8797-a1d8-45159b85eb5b" executionId="c35d81e6-0995-4be6-b67b-d71d68e42fa8" testListId="8c84fa94-04c1-424b-9868-57a2d4851a1d" />
    <TestEntry testId="10c023d1-6bed-822b-943e-93e894952a93" executionId="23cc2a51-47bf-4f4d-915c-82362871176d" testListId="8c84fa94-04c1-424b-9868-57a2d4851a1d" />
    <TestEntry testId="1c01ee1c-8c0f-8a79-aff8-67e928567f85" executionId="3d58fddd-4269-4c09-aaaa-ea97fdeb097b" testListId="8c84fa94-04c1-424b-9868-57a2d4851a1d" />
    <TestEntry testId="1f336b57-870e-8b34-abe6-1b823b17fddd" executionId="c54f0bc2-eb54-45a1-90b8-62dfc8d31c4e" testListId="8c84fa94-04c1-424b-9868-57a2d4851a1d" />
    <TestEntry testId="10f36077-d20b-85f2-bb21-176d0c656993" executionId="a1dc64cf-8f3c-4594-948a-0fcab9345b8e" testListId="8c84fa94-04c1-424b-9868-57a2d4851a1d" />
    <TestEntry testId="1aa0f992-74a8-841e-9f19-aa78077b968e" executionId="0150e811-23a8-4ff8-ad54-1d3c9286e889" testListId="8c84fa94-04c1-424b-9868-57a2d4851a1d" />
    <TestEntry testId="167f3ec2-f471-89ef-959f-06334117c4aa" executionId="87e17783-48a8-4d43-8079-f903dadd99cc" testListId="8c84fa94-04c1-424b-9868-57a2d4851a1d" />
    <TestEntry testId="1c6e12ea-0341-884e-a42f-1720cf296529" executionId="0431ec56-5244-4fcc-92db-4f4010f97f0b" testListId="8c84fa94-04c1-424b-9868-57a2d4851a1d" />
    <TestEntry testId="1f8cd1b7-5d6b-8e26-aa84-014b3b7d68cb" executionId="55e47dea-8835-41fc-8665-935a5111b350" testListId="8c84fa94-04c1-424b-9868-57a2d4851a1d" />
    <TestEntry testId="1c13f220-5dc9-8fcd-b2a8-10e37fb972b0" executionId="3c13f5b0-d881-4c7e-9d74-eec41b795873" testListId="8c84fa94-04c1-424b-9868-57a2d4851a1d" />
    <TestEntry testId="1c979084-4dd0-85e5-a360-d3f90ed6c723" executionId="be6f3a98-3086-4656-b937-39a20b3d9add" testListId="8c84fa94-04c1-424b-9868-57a2d4851a1d" />
    <TestEntry testId="18eebb03-ae87-8312-b232-c85b37ad1cb6" executionId="ffde382a-80d0-4959-9252-a9ace9677bb5" testListId="8c84fa94-04c1-424b-9868-57a2d4851a1d" />
    <TestEntry testId="10b21616-fc30-8a4c-ad2d-7d82986a9c52" executionId="5b5bcfb2-0c55-4b9b-a9a4-0509bb9a277f" testListId="8c84fa94-04c1-424b-9868-57a2d4851a1d" />
    <TestEntry testId="1968b6dd-4d3c-8a6d-a281-3d13d30d8e9c" executionId="bf04b9a7-db4c-4934-a6da-00b54e281131" testListId="8c84fa94-04c1-424b-9868-57a2d4851a1d" />
    <TestEntry testId="1a2c9657-6bc7-8761-a615-3709c798a9ad" executionId="48ec5365-1b2e-4002-a2bc-f35ab40901b3" testListId="8c84fa94-04c1-424b-9868-57a2d4851a1d" />
    <TestEntry testId="1c4cb692-8a0b-8749-b059-5dcbfddb32e0" executionId="2321e2e1-1a7e-470b-a81b-146ad3c08f94" testListId="8c84fa94-04c1-424b-9868-57a2d4851a1d" />
    <TestEntry testId="1084df62-de08-830d-be33-1d22265e272a" executionId="ab7deda4-2981-4990-88d4-88f1876e7e1b" testListId="8c84fa94-04c1-424b-9868-57a2d4851a1d" />
    <TestEntry testId="1824c194-cf7d-89a7-955e-65b2867a434c" executionId="e65c7397-33ad-42d2-8ad5-a3c6abae4464" testListId="8c84fa94-04c1-424b-9868-57a2d4851a1d" />
    <TestEntry testId="134c8c22-c8ad-8086-b6a3-ee968aeae32e" executionId="fbeb0008-9399-460e-acb8-a598a1684edc" testListId="8c84fa94-04c1-424b-9868-57a2d4851a1d" />
    <TestEntry testId="1e3a72d7-b077-8f04-a3f6-c8554ffb57e8" executionId="587afde4-059d-4c45-a88f-1872dd0e963b" testListId="8c84fa94-04c1-424b-9868-57a2d4851a1d" />
    <TestEntry testId="12f516fb-5d1f-8a7d-acee-fc842ac80797" executionId="95d17d45-a869-4224-81a0-e515d43ae043" testListId="8c84fa94-04c1-424b-9868-57a2d4851a1d" />
    <TestEntry testId="11eb57ee-f89b-8268-b3f9-13469d8ec03c" executionId="70cba9bf-6489-4081-9de3-fa948e40b93b" testListId="8c84fa94-04c1-424b-9868-57a2d4851a1d" />
    <TestEntry testId="1c8a9305-f557-8c98-bcc7-f6700023cb01" executionId="26486d4d-05a4-4d44-94a3-a7e294a13e3e" testListId="8c84fa94-04c1-424b-9868-57a2d4851a1d" />
    <TestEntry testId="1462821d-ea3b-8da9-bd97-ee8321085e04" executionId="5469360d-7ded-4977-97d1-6c248584d0ed" testListId="8c84fa94-04c1-424b-9868-57a2d4851a1d" />
    <TestEntry testId="19180040-98ff-864e-8ca8-083132c6ba0d" executionId="d942a0a2-9939-48ca-b982-d7af9636b5f3" testListId="8c84fa94-04c1-424b-9868-57a2d4851a1d" />
    <TestEntry testId="1d818753-7402-8d8e-8256-745080d4cb3b" executionId="fb91d6e5-09ea-48d5-b2d0-9fddce5a7a90" testListId="8c84fa94-04c1-424b-9868-57a2d4851a1d" />
    <TestEntry testId="166a80aa-0d79-8793-be12-5f2a1c364dbd" executionId="7a929722-67ac-41a8-8e6b-1e0f07955e15" testListId="8c84fa94-04c1-424b-9868-57a2d4851a1d" />
    <TestEntry testId="15d9f207-fb6b-8e8c-9a51-879a912616c9" executionId="41490307-ea89-4fd3-85c4-e99372a42378" testListId="8c84fa94-04c1-424b-9868-57a2d4851a1d" />
    <TestEntry testId="11938712-a070-8718-b31d-d0a1cfec33fb" executionId="c2b8f892-1454-4bd2-9098-ca1173606edf" testListId="8c84fa94-04c1-424b-9868-57a2d4851a1d" />
    <TestEntry testId="1a8b76bf-709b-8ea8-9fa4-d6facbb5e028" executionId="536cff3a-65d2-48c9-8af9-6b9c3570e1df" testListId="8c84fa94-04c1-424b-9868-57a2d4851a1d" />
    <TestEntry testId="130d876f-b201-857e-9743-819023253e74" executionId="99db3828-3891-4459-87f2-dfe6ca16597f" testListId="8c84fa94-04c1-424b-9868-57a2d4851a1d" />
    <TestEntry testId="199d3421-a4d0-84ce-9ef0-e785118d15e3" executionId="f53b2d06-a8dd-4f52-a57b-c69b21cfc39c" testListId="8c84fa94-04c1-424b-9868-57a2d4851a1d" />
    <TestEntry testId="1044c061-5a31-89ed-9d9c-75dba938948a" executionId="46c980db-2e13-434d-b18c-15b752869f8a" testListId="8c84fa94-04c1-424b-9868-57a2d4851a1d" />
    <TestEntry testId="11f92a80-54b8-82aa-80f2-783cf3e5a53e" executionId="52575ae6-2a67-4f00-83e0-b9e8de270f51" testListId="8c84fa94-04c1-424b-9868-57a2d4851a1d" />
    <TestEntry testId="1af4906f-0ca8-865d-a78f-7dac7e88edff" executionId="120dba2d-d3ec-482a-8235-8fb4d1740a65" testListId="8c84fa94-04c1-424b-9868-57a2d4851a1d" />
    <TestEntry testId="183281df-c9f2-8041-9ac4-ff684bb99c55" executionId="85967ca1-b33a-4585-95c4-0356da4454da" testListId="8c84fa94-04c1-424b-9868-57a2d4851a1d" />
    <TestEntry testId="1ebe5ff4-64b7-8c59-904c-85d4dc402fce" executionId="f77cd850-b251-4fd3-8909-3afbb02f8335" testListId="8c84fa94-04c1-424b-9868-57a2d4851a1d" />
    <TestEntry testId="1379950e-46c8-8335-a14f-e9d9b9353f67" executionId="f225779d-a9c7-4463-828c-45d6673fbe2e" testListId="8c84fa94-04c1-424b-9868-57a2d4851a1d" />
    <TestEntry testId="1d2d2296-6491-8bf9-81fb-dba1267ab84f" executionId="76707bfd-2b45-4d8e-bc51-03320e4d6e9f" testListId="8c84fa94-04c1-424b-9868-57a2d4851a1d" />
    <TestEntry testId="14ce9e75-e911-864d-b51d-eeccda8e77b4" executionId="56791c7c-a78e-4fa7-a9e7-98da29588bb3" testListId="8c84fa94-04c1-424b-9868-57a2d4851a1d" />
    <TestEntry testId="1a079fcb-8eff-86b2-a714-6b4633431050" executionId="b3a26e23-9c61-4c41-859b-eb7a59ad0c2e" testListId="8c84fa94-04c1-424b-9868-57a2d4851a1d" />
    <TestEntry testId="11be6d26-bc93-8f30-a578-ad49d077553a" executionId="8d3d2faa-ea53-427d-99cb-4a83a442b3dc" testListId="8c84fa94-04c1-424b-9868-57a2d4851a1d" />
    <TestEntry testId="1689123e-4c8f-8750-b4b4-4cb665695820" executionId="6db52f4b-9932-4d3b-b0dc-1d3290c3b375" testListId="8c84fa94-04c1-424b-9868-57a2d4851a1d" />
    <TestEntry testId="1776d3bd-94bb-8384-b2da-6decfe60d922" executionId="06bb89e6-980c-423c-928c-0f2b2d3d450d" testListId="8c84fa94-04c1-424b-9868-57a2d4851a1d" />
    <TestEntry testId="132e80b6-485e-8883-8934-9f32a7b40743" executionId="aeba5f8f-5251-4700-9101-23da387645d1" testListId="8c84fa94-04c1-424b-9868-57a2d4851a1d" />
    <TestEntry testId="19745b8c-8d97-88e2-981f-09ce3dec13d4" executionId="7e328fe9-d814-42e3-8507-a08958bb5aaf" testListId="8c84fa94-04c1-424b-9868-57a2d4851a1d" />
    <TestEntry testId="10d6825b-2135-82f9-9a23-db042e398625" executionId="d7475d3b-008a-4a4e-958b-a48966eada11" testListId="8c84fa94-04c1-424b-9868-57a2d4851a1d" />
    <TestEntry testId="158b3777-917f-8124-93fe-439c1a663041" executionId="b024c7e0-8e4b-470e-9b3d-dc832137f84b" testListId="8c84fa94-04c1-424b-9868-57a2d4851a1d" />
    <TestEntry testId="1198ddae-c928-8697-9cf9-15de0aa98451" executionId="d934bba8-a865-465f-a15e-56e0a68a9465" testListId="8c84fa94-04c1-424b-9868-57a2d4851a1d" />
    <TestEntry testId="1d8b23b6-cf8d-885f-acce-39004b5a4305" executionId="3327851a-5970-4477-a039-230f087ecf25" testListId="8c84fa94-04c1-424b-9868-57a2d4851a1d" />
    <TestEntry testId="1aff29c2-b17a-84ab-94a4-5c4a165c06cf" executionId="4a4465bb-dbc9-493f-a4bc-3860bc4d9ff9" testListId="8c84fa94-04c1-424b-9868-57a2d4851a1d" />
    <TestEntry testId="1f24778d-9f77-82a3-8f08-a86c630259fa" executionId="3c0bd297-59ac-4665-a1bd-a8293427c048" testListId="8c84fa94-04c1-424b-9868-57a2d4851a1d" />
    <TestEntry testId="1d4b1996-8cfb-8327-a246-c54252e4e8cf" executionId="3798f577-c39e-4c6a-94cd-2f188b04bd10" testListId="8c84fa94-04c1-424b-9868-57a2d4851a1d" />
    <TestEntry testId="14e5cbd7-1d1f-8e99-bc0a-ae139f367708" executionId="65a2649e-9ca0-4c02-8a71-e93ad8396c59" testListId="8c84fa94-04c1-424b-9868-57a2d4851a1d" />
    <TestEntry testId="11a711e8-9abf-810b-8b8b-9688b4a33a96" executionId="ffcb0fe6-c47b-4b25-8061-2c865897093a" testListId="8c84fa94-04c1-424b-9868-57a2d4851a1d" />
    <TestEntry testId="18720c26-19cf-84ec-ab7a-cb987d343755" executionId="8089572f-456e-43a8-b3d9-c8b72a27d211" testListId="8c84fa94-04c1-424b-9868-57a2d4851a1d" />
    <TestEntry testId="132ca9bd-f6db-8f4a-96d4-3473efcd1ba1" executionId="e2c315d8-b85b-4b3f-adc8-bee319c417ba" testListId="8c84fa94-04c1-424b-9868-57a2d4851a1d" />
    <TestEntry testId="197c61b3-530b-815f-90fe-b1c6c007a400" executionId="eaa87b97-4153-4dd3-9c74-56f4822c20c9" testListId="8c84fa94-04c1-424b-9868-57a2d4851a1d" />
    <TestEntry testId="152d338c-8ebb-8ffb-80b5-aff363cc98b7" executionId="f93be5b9-e809-49e7-a3b9-8ecc1dccdea6" testListId="8c84fa94-04c1-424b-9868-57a2d4851a1d" />
    <TestEntry testId="16e19c81-3b7e-8184-94f9-59f35f711588" executionId="866e7e89-ef35-43a6-b9b4-25424936803e" testListId="8c84fa94-04c1-424b-9868-57a2d4851a1d" />
    <TestEntry testId="1c168fe9-08d0-8ef7-8845-bd0b07ce4b82" executionId="fc7138e3-7f27-4b05-9d78-82b7c08ab399" testListId="8c84fa94-04c1-424b-9868-57a2d4851a1d" />
    <TestEntry testId="165e3a0c-7e19-855b-b7fb-196b6d49b20c" executionId="f7fb619b-420c-41d7-8f1a-4f5185ad55ca" testListId="8c84fa94-04c1-424b-9868-57a2d4851a1d" />
    <TestEntry testId="1e3b4449-ad6c-8b63-84ef-f9f91b381d64" executionId="da5309e8-8c09-4c92-9b0d-5335cdc077ac" testListId="8c84fa94-04c1-424b-9868-57a2d4851a1d" />
    <TestEntry testId="11fe3cf3-294b-8558-9fe0-695924a63994" executionId="c7eeaeb2-6667-4025-866a-d08910f88ade" testListId="8c84fa94-04c1-424b-9868-57a2d4851a1d" />
    <TestEntry testId="1d04dc18-53f2-84d0-ba64-26269d410ba6" executionId="d6b3ba48-440a-42d7-8b5a-409a2b9947cc" testListId="8c84fa94-04c1-424b-9868-57a2d4851a1d" />
    <TestEntry testId="1b902f72-c7f7-83f4-b77d-f61f1b0b2e1a" executionId="1241c59c-89ab-4c1f-99f9-2aac65f3fb08" testListId="8c84fa94-04c1-424b-9868-57a2d4851a1d" />
    <TestEntry testId="18080d71-1168-86da-9881-aba8a5c9c1d7" executionId="9cd8ca9a-24a4-4b52-a5e9-7edd78cc9947" testListId="8c84fa94-04c1-424b-9868-57a2d4851a1d" />
    <TestEntry testId="1d0142e9-2eb9-8de1-af4e-86429e6dc7c9" executionId="8373cf9d-ec74-40a8-8842-daa23383a595" testListId="8c84fa94-04c1-424b-9868-57a2d4851a1d" />
    <TestEntry testId="12569999-5b31-8698-b880-8d9dff69fe76" executionId="67ce5b32-d2ad-40e3-bc3a-a329e933cac4" testListId="8c84fa94-04c1-424b-9868-57a2d4851a1d" />
    <TestEntry testId="12cadb8c-33df-8551-9b4b-f31ee316a365" executionId="1fc047da-af76-4bbb-9c54-1edcd0d6f52a" testListId="8c84fa94-04c1-424b-9868-57a2d4851a1d" />
    <TestEntry testId="14010347-b5e6-897e-b63d-64418be183de" executionId="3cd93ae3-e088-4867-a9ae-c3a913802386" testListId="8c84fa94-04c1-424b-9868-57a2d4851a1d" />
    <TestEntry testId="1e4f281b-50a8-843a-8848-42c0930b7c25" executionId="8a045f3d-f962-4f12-85dc-68fb4cacf51c" testListId="8c84fa94-04c1-424b-9868-57a2d4851a1d" />
    <TestEntry testId="1b6785f4-34ac-88e3-a1cf-29a269f4adfa" executionId="3af669b9-979e-4541-81ab-bbe2b6c445d0" testListId="8c84fa94-04c1-424b-9868-57a2d4851a1d" />
    <TestEntry testId="1343d463-2ef5-84b7-9c50-c03edf7a4764" executionId="4443e7d9-37e6-44dc-b2d3-f2e8b3504a8b" testListId="8c84fa94-04c1-424b-9868-57a2d4851a1d" />
    <TestEntry testId="17863307-f32e-8e90-8c2f-210877cb5e0b" executionId="873a7dc9-d024-4d3a-9424-c69219e6a992" testListId="8c84fa94-04c1-424b-9868-57a2d4851a1d" />
    <TestEntry testId="175d244e-1a65-847e-bc73-1f0d71fa5508" executionId="cd60e73a-a8e1-4c79-81e3-b195c9ab1688" testListId="8c84fa94-04c1-424b-9868-57a2d4851a1d" />
    <TestEntry testId="146f9c9a-33d3-826a-ae0b-8ac7bc137e35" executionId="238a8219-5201-4f41-9113-bfdb0400b9d8" testListId="8c84fa94-04c1-424b-9868-57a2d4851a1d" />
    <TestEntry testId="1703aa5e-2524-8197-b668-7b3225fa2c0d" executionId="5a0b1a3a-4df1-4697-bafe-51bdc1e8063e" testListId="8c84fa94-04c1-424b-9868-57a2d4851a1d" />
    <TestEntry testId="1cadfd1a-91cc-87b0-91e5-b37f99689944" executionId="b74241d6-4aed-4716-81d6-989420dbc713" testListId="8c84fa94-04c1-424b-9868-57a2d4851a1d" />
    <TestEntry testId="1124bff3-a90e-826d-8121-2420315f7c25" executionId="2cd75cfc-8897-4480-9696-570fb09c4c79" testListId="8c84fa94-04c1-424b-9868-57a2d4851a1d" />
    <TestEntry testId="129d5f29-a381-80a2-8770-ce6042156e6f" executionId="11361845-7858-4096-a198-6bea2c24c11d" testListId="8c84fa94-04c1-424b-9868-57a2d4851a1d" />
    <TestEntry testId="14fb3699-f393-87d4-b6af-f5091b9cff80" executionId="5bdc060d-ebf5-4a08-b0a8-7e21beb3747a" testListId="8c84fa94-04c1-424b-9868-57a2d4851a1d" />
    <TestEntry testId="14b38214-f203-8950-9fa4-f1af686615ef" executionId="80cb1aaf-474d-4d8e-b297-0d7f57e2c5bf" testListId="8c84fa94-04c1-424b-9868-57a2d4851a1d" />
    <TestEntry testId="15919b4f-c207-8e24-82e6-87b3afc475dc" executionId="cede1779-dfb6-4c17-b950-67efa8a7a081" testListId="8c84fa94-04c1-424b-9868-57a2d4851a1d" />
    <TestEntry testId="1eef42e5-5d10-8bdf-832f-158b57cf79ec" executionId="2154279b-b2b2-42a4-9438-8bbbeaea3005" testListId="8c84fa94-04c1-424b-9868-57a2d4851a1d" />
    <TestEntry testId="16d23f2c-69a5-8885-9982-a02534626838" executionId="eb6633cc-a562-43c4-a80b-53a80ba7199b" testListId="8c84fa94-04c1-424b-9868-57a2d4851a1d" />
    <TestEntry testId="18386e70-22e1-848b-a0aa-e7425cbd321e" executionId="0208663d-74e6-43fb-9a6c-0b11710243c8" testListId="8c84fa94-04c1-424b-9868-57a2d4851a1d" />
    <TestEntry testId="1ab23d14-a536-8ffb-af2c-3cd293921b8d" executionId="20fc5487-eeb5-4607-b682-76ed16bfff9f" testListId="8c84fa94-04c1-424b-9868-57a2d4851a1d" />
    <TestEntry testId="1b95d6ad-74ca-816e-b18f-f13d3537c18f" executionId="831c25ab-a822-44d6-88e0-fd378285e36d" testListId="8c84fa94-04c1-424b-9868-57a2d4851a1d" />
    <TestEntry testId="1e30e3dc-e924-8d67-bbcf-6d7d295f3854" executionId="64a1ce82-7cec-446f-98eb-6e07753eae0d" testListId="8c84fa94-04c1-424b-9868-57a2d4851a1d" />
    <TestEntry testId="1ff07024-c7b4-82bc-991e-7265fb6d730b" executionId="e992a501-378b-459a-ab16-5543bdff022a" testListId="8c84fa94-04c1-424b-9868-57a2d4851a1d" />
  </TestEntries>
  <TestLists>
    <TestList name="Results Not in a List" id="8c84fa94-04c1-424b-9868-57a2d4851a1d" />
    <TestList name="All Loaded Results" id="19431567-8539-422a-85d7-44ee4e166bda" />
  </TestLists>
  <ResultSummary outcome="Completed">
    <Counters total="153" executed="153" passed="153" failed="0" error="0" timeout="0" aborted="0" inconclusive="0" passedButRunAborted="0" notRunnable="0" notExecuted="0" disconnected="0" warning="0" completed="0" inProgress="0" pending="0" />
    <Output>
      <StdOut>Test Parallelization enabled for /home/runner/work/SpdxModel/SpdxModel/test/DemaConsulting.SpdxModel.Tests/bin/Debug/net10.0/DemaConsulting.SpdxModel.Tests.dll (Workers: 4, Scope: MethodLevel)
</StdOut>
    </Output>
  </ResultSummary>
</TestRun>